running egg_info
creating ../../build/parteb/parteb.egg-info
writing ../../build/parteb/parteb.egg-info/PKG-INFO
writing dependency_links to ../../build/parteb/parteb.egg-info/dependency_links.txt
writing entry points to ../../build/parteb/parteb.egg-info/entry_points.txt
writing requirements to ../../build/parteb/parteb.egg-info/requires.txt
writing top-level names to ../../build/parteb/parteb.egg-info/top_level.txt
writing manifest file '../../build/parteb/parteb.egg-info/SOURCES.txt'
reading manifest file '../../build/parteb/parteb.egg-info/SOURCES.txt'
adding license file 'LICENSE'
writing manifest file '../../build/parteb/parteb.egg-info/SOURCES.txt'
running build
running build_py
creating /home/abril/Documents/PrincipiosRobotica/TP_final_robotica/ros_ws/build/parteb/build
creating /home/abril/Documents/PrincipiosRobotica/TP_final_robotica/ros_ws/build/parteb/build/lib
creating /home/abril/Documents/PrincipiosRobotica/TP_final_robotica/ros_ws/build/parteb/build/lib/parteb
copying parteb/map_loader.py -> /home/abril/Documents/PrincipiosRobotica/TP_final_robotica/ros_ws/build/parteb/build/lib/parteb
copying parteb/__init__.py -> /home/abril/Documents/PrincipiosRobotica/TP_final_robotica/ros_ws/build/parteb/build/lib/parteb
copying parteb/nodo_principal.py -> /home/abril/Documents/PrincipiosRobotica/TP_final_robotica/ros_ws/build/parteb/build/lib/parteb
running install
running install_lib
creating /home/abril/Documents/PrincipiosRobotica/TP_final_robotica/ros_ws/install/parteb/lib/python3.10/site-packages/parteb
copying /home/abril/Documents/PrincipiosRobotica/TP_final_robotica/ros_ws/build/parteb/build/lib/parteb/map_loader.py -> /home/abril/Documents/PrincipiosRobotica/TP_final_robotica/ros_ws/install/parteb/lib/python3.10/site-packages/parteb
copying /home/abril/Documents/PrincipiosRobotica/TP_final_robotica/ros_ws/build/parteb/build/lib/parteb/__init__.py -> /home/abril/Documents/PrincipiosRobotica/TP_final_robotica/ros_ws/install/parteb/lib/python3.10/site-packages/parteb
copying /home/abril/Documents/PrincipiosRobotica/TP_final_robotica/ros_ws/build/parteb/build/lib/parteb/nodo_principal.py -> /home/abril/Documents/PrincipiosRobotica/TP_final_robotica/ros_ws/install/parteb/lib/python3.10/site-packages/parteb
byte-compiling /home/abril/Documents/PrincipiosRobotica/TP_final_robotica/ros_ws/install/parteb/lib/python3.10/site-packages/parteb/map_loader.py to map_loader.cpython-310.pyc
byte-compiling /home/abril/Documents/PrincipiosRobotica/TP_final_robotica/ros_ws/install/parteb/lib/python3.10/site-packages/parteb/__init__.py to __init__.cpython-310.pyc
byte-compiling /home/abril/Documents/PrincipiosRobotica/TP_final_robotica/ros_ws/install/parteb/lib/python3.10/site-packages/parteb/nodo_principal.py to nodo_principal.cpython-310.pyc
running install_data
creating /home/abril/Documents/PrincipiosRobotica/TP_final_robotica/ros_ws/install/parteb/share/ament_index
creating /home/abril/Documents/PrincipiosRobotica/TP_final_robotica/ros_ws/install/parteb/share/ament_index/resource_index
creating /home/abril/Documents/PrincipiosRobotica/TP_final_robotica/ros_ws/install/parteb/share/ament_index/resource_index/packages
copying resource/parteb -> /home/abril/Documents/PrincipiosRobotica/TP_final_robotica/ros_ws/install/parteb/share/ament_index/resource_index/packages
copying package.xml -> /home/abril/Documents/PrincipiosRobotica/TP_final_robotica/ros_ws/install/parteb/share/parteb
creating /home/abril/Documents/PrincipiosRobotica/TP_final_robotica/ros_ws/install/parteb/share/parteb/launch
copying launch/parteb.launch.py -> /home/abril/Documents/PrincipiosRobotica/TP_final_robotica/ros_ws/install/parteb/share/parteb/launch
running install_egg_info
Copying ../../build/parteb/parteb.egg-info to /home/abril/Documents/PrincipiosRobotica/TP_final_robotica/ros_ws/install/parteb/lib/python3.10/site-packages/parteb-0.0.0-py3.10.egg-info
running install_scripts
Installing nodo_b script to /home/abril/Documents/PrincipiosRobotica/TP_final_robotica/ros_ws/install/parteb/lib/parteb
writing list of installed files to '/home/abril/Documents/PrincipiosRobotica/TP_final_robotica/ros_ws/build/parteb/install.log'
