[0.441s] Invoking command in '/home/abril/Documents/PrincipiosRobotica/TP_final_robotica/ros_ws/src/parteb': AMENT_PREFIX_PATH=/home/abril/Documents/PrincipiosRobotica/TP_final_robotica/ros_ws/install/algoritmos:${AMENT_PREFIX_PATH} PYTHONPATH=/home/abril/Documents/PrincipiosRobotica/TP_final_robotica/ros_ws/build/parteb/prefix_override:/usr/lib/python3/dist-packages/colcon_core/task/python/colcon_distutils_commands:/home/abril/Documents/PrincipiosRobotica/TP_final_robotica/ros_ws/install/parteb/lib/python3.10/site-packages:/home/abril/Documents/PrincipiosRobotica/TP_final_robotica/ros_ws/install/algoritmos/lib/python3.10/site-packages:${PYTHONPATH} /usr/bin/python3 -W ignore:setup.py install is deprecated -W ignore:easy_install command is deprecated setup.py egg_info --egg-base ../../build/parteb build --build-base /home/abril/Documents/PrincipiosRobotica/TP_final_robotica/ros_ws/build/parteb/build install --record /home/abril/Documents/PrincipiosRobotica/TP_final_robotica/ros_ws/build/parteb/install.log --single-version-externally-managed install_data
[0.603s] running egg_info
[0.604s] creating ../../build/parteb/parteb.egg-info
[0.604s] writing ../../build/parteb/parteb.egg-info/PKG-INFO
[0.604s] writing dependency_links to ../../build/parteb/parteb.egg-info/dependency_links.txt
[0.604s] writing entry points to ../../build/parteb/parteb.egg-info/entry_points.txt
[0.604s] writing requirements to ../../build/parteb/parteb.egg-info/requires.txt
[0.604s] writing top-level names to ../../build/parteb/parteb.egg-info/top_level.txt
[0.604s] writing manifest file '../../build/parteb/parteb.egg-info/SOURCES.txt'
[0.605s] reading manifest file '../../build/parteb/parteb.egg-info/SOURCES.txt'
[0.605s] adding license file 'LICENSE'
[0.606s] writing manifest file '../../build/parteb/parteb.egg-info/SOURCES.txt'
[0.606s] running build
[0.606s] running build_py
[0.606s] creating /home/abril/Documents/PrincipiosRobotica/TP_final_robotica/ros_ws/build/parteb/build
[0.606s] creating /home/abril/Documents/PrincipiosRobotica/TP_final_robotica/ros_ws/build/parteb/build/lib
[0.606s] creating /home/abril/Documents/PrincipiosRobotica/TP_final_robotica/ros_ws/build/parteb/build/lib/parteb
[0.606s] copying parteb/map_loader.py -> /home/abril/Documents/PrincipiosRobotica/TP_final_robotica/ros_ws/build/parteb/build/lib/parteb
[0.606s] copying parteb/__init__.py -> /home/abril/Documents/PrincipiosRobotica/TP_final_robotica/ros_ws/build/parteb/build/lib/parteb
[0.606s] copying parteb/nodo_principal.py -> /home/abril/Documents/PrincipiosRobotica/TP_final_robotica/ros_ws/build/parteb/build/lib/parteb
[0.606s] running install
[0.607s] running install_lib
[0.607s] creating /home/abril/Documents/PrincipiosRobotica/TP_final_robotica/ros_ws/install/parteb/lib/python3.10/site-packages/parteb
[0.607s] copying /home/abril/Documents/PrincipiosRobotica/TP_final_robotica/ros_ws/build/parteb/build/lib/parteb/map_loader.py -> /home/abril/Documents/PrincipiosRobotica/TP_final_robotica/ros_ws/install/parteb/lib/python3.10/site-packages/parteb
[0.607s] copying /home/abril/Documents/PrincipiosRobotica/TP_final_robotica/ros_ws/build/parteb/build/lib/parteb/__init__.py -> /home/abril/Documents/PrincipiosRobotica/TP_final_robotica/ros_ws/install/parteb/lib/python3.10/site-packages/parteb
[0.607s] copying /home/abril/Documents/PrincipiosRobotica/TP_final_robotica/ros_ws/build/parteb/build/lib/parteb/nodo_principal.py -> /home/abril/Documents/PrincipiosRobotica/TP_final_robotica/ros_ws/install/parteb/lib/python3.10/site-packages/parteb
[0.607s] byte-compiling /home/abril/Documents/PrincipiosRobotica/TP_final_robotica/ros_ws/install/parteb/lib/python3.10/site-packages/parteb/map_loader.py to map_loader.cpython-310.pyc
[0.608s] byte-compiling /home/abril/Documents/PrincipiosRobotica/TP_final_robotica/ros_ws/install/parteb/lib/python3.10/site-packages/parteb/__init__.py to __init__.cpython-310.pyc
[0.608s] byte-compiling /home/abril/Documents/PrincipiosRobotica/TP_final_robotica/ros_ws/install/parteb/lib/python3.10/site-packages/parteb/nodo_principal.py to nodo_principal.cpython-310.pyc
[0.611s] running install_data
[0.611s] creating /home/abril/Documents/PrincipiosRobotica/TP_final_robotica/ros_ws/install/parteb/share/ament_index
[0.611s] creating /home/abril/Documents/PrincipiosRobotica/TP_final_robotica/ros_ws/install/parteb/share/ament_index/resource_index
[0.611s] creating /home/abril/Documents/PrincipiosRobotica/TP_final_robotica/ros_ws/install/parteb/share/ament_index/resource_index/packages
[0.611s] copying resource/parteb -> /home/abril/Documents/PrincipiosRobotica/TP_final_robotica/ros_ws/install/parteb/share/ament_index/resource_index/packages
[0.611s] copying package.xml -> /home/abril/Documents/PrincipiosRobotica/TP_final_robotica/ros_ws/install/parteb/share/parteb
[0.611s] creating /home/abril/Documents/PrincipiosRobotica/TP_final_robotica/ros_ws/install/parteb/share/parteb/launch
[0.611s] copying launch/parteb.launch.py -> /home/abril/Documents/PrincipiosRobotica/TP_final_robotica/ros_ws/install/parteb/share/parteb/launch
[0.611s] running install_egg_info
[0.613s] Copying ../../build/parteb/parteb.egg-info to /home/abril/Documents/PrincipiosRobotica/TP_final_robotica/ros_ws/install/parteb/lib/python3.10/site-packages/parteb-0.0.0-py3.10.egg-info
[0.613s] running install_scripts
[0.627s] Installing nodo_b script to /home/abril/Documents/PrincipiosRobotica/TP_final_robotica/ros_ws/install/parteb/lib/parteb
[0.627s] writing list of installed files to '/home/abril/Documents/PrincipiosRobotica/TP_final_robotica/ros_ws/build/parteb/install.log'
[0.645s] Invoked command in '/home/abril/Documents/PrincipiosRobotica/TP_final_robotica/ros_ws/src/parteb' returned '0': AMENT_PREFIX_PATH=/home/abril/Documents/PrincipiosRobotica/TP_final_robotica/ros_ws/install/algoritmos:${AMENT_PREFIX_PATH} PYTHONPATH=/home/abril/Documents/PrincipiosRobotica/TP_final_robotica/ros_ws/build/parteb/prefix_override:/usr/lib/python3/dist-packages/colcon_core/task/python/colcon_distutils_commands:/home/abril/Documents/PrincipiosRobotica/TP_final_robotica/ros_ws/install/parteb/lib/python3.10/site-packages:/home/abril/Documents/PrincipiosRobotica/TP_final_robotica/ros_ws/install/algoritmos/lib/python3.10/site-packages:${PYTHONPATH} /usr/bin/python3 -W ignore:setup.py install is deprecated -W ignore:easy_install command is deprecated setup.py egg_info --egg-base ../../build/parteb build --build-base /home/abril/Documents/PrincipiosRobotica/TP_final_robotica/ros_ws/build/parteb/build install --record /home/abril/Documents/PrincipiosRobotica/TP_final_robotica/ros_ws/build/parteb/install.log --single-version-externally-managed install_data
