[0.448s] Invoking command in '/home/abril/Documents/PrincipiosRobotica/Prueba/TP_final_robotica/ros_ws/src/partea': AMENT_PREFIX_PATH=/home/abril/Documents/PrincipiosRobotica/Prueba/TP_final_robotica/ros_ws/install/custom_msgs:/home/abril/Documents/PrincipiosRobotica/Prueba/TP_final_robotica/ros_ws/install/algoritmos:/home/abril/Documents/PrincipiosRobotica/Prueba/TP_final_robotica/ros_ws/install/parteb:/home/abril/Documents/PrincipiosRobotica/Prueba/TP_final_robotica/ros_ws/install/partea:/home/abril/turtlebot3_ws/install/turtlebot3:/home/abril/turtlebot3_ws/install/turtlebot3_teleop:/home/abril/turtlebot3_ws/install/turtlebot3_simulations:/home/abril/turtlebot3_ws/install/turtlebot3_bringup:/home/abril/turtlebot3_ws/install/turtlebot3_node:/home/abril/turtlebot3_ws/install/turtlebot3_navigation2:/home/abril/turtlebot3_ws/install/turtlebot3_fake_node:/home/abril/turtlebot3_ws/install/turtlebot3_example:/home/abril/turtlebot3_ws/install/turtlebot3_msgs:/home/abril/turtlebot3_ws/install/turtlebot3_manipulation_gazebo:/home/abril/turtlebot3_ws/install/turtlebot3_gazebo:/home/abril/turtlebot3_ws/install/turtlebot3_description:/home/abril/turtlebot3_ws/install/turtlebot3_cartographer:/home/abril/turtlebot3_ws/install/dynamixel_sdk_examples:/home/abril/turtlebot3_ws/install/dynamixel_sdk_custom_interfaces:/home/abril/turtlebot3_ws/install/dynamixel_sdk:/opt/ros/humble LD_LIBRARY_PATH=/home/abril/Documents/PrincipiosRobotica/Prueba/TP_final_robotica/ros_ws/install/custom_msgs/lib:/home/abril/turtlebot3_ws/install/turtlebot3_msgs/lib:/home/abril/turtlebot3_ws/install/dynamixel_sdk_custom_interfaces/lib:/home/abril/turtlebot3_ws/install/dynamixel_sdk/lib:/usr/lib/x86_64-linux-gnu/gazebo-11/plugins:/opt/ros/humble/opt/rviz_ogre_vendor/lib:/opt/ros/humble/lib/x86_64-linux-gnu:/opt/ros/humble/lib:/usr/lib/x86_64-linux-gnu/gazebo-11/plugins PYTHONPATH=/home/abril/Documents/PrincipiosRobotica/Prueba/TP_final_robotica/ros_ws/build/partea/prefix_override:/usr/lib/python3/dist-packages/colcon_core/task/python/colcon_distutils_commands:/home/abril/Documents/PrincipiosRobotica/Prueba/TP_final_robotica/ros_ws/install/partea/lib/python3.10/site-packages:/home/abril/Documents/PrincipiosRobotica/Prueba/TP_final_robotica/ros_ws/install/custom_msgs/local/lib/python3.10/dist-packages:/home/abril/Documents/PrincipiosRobotica/Prueba/TP_final_robotica/ros_ws/install/algoritmos/lib/python3.10/site-packages:/home/lucas/Documents/UDESA/7cuatrimestre/Principios_de_la_Robotica_Autonoma/TPs/TP_final_robotica/ros_ws/build/parteb:/home/abril/Documents/PrincipiosRobotica/Prueba/TP_final_robotica/ros_ws/install/parteb/lib/python3.10/site-packages:/home/lucas/Documents/UDESA/7cuatrimestre/Principios_de_la_Robotica_Autonoma/TPs/TP_final_robotica/ros_ws/build/partea:/home/abril/Documents/PrincipiosRobotica/Prueba/TP_final_robotica/ros_ws/install/partea/lib/python3.10/site-packages:/home/lucas/Documents/UDESA/7cuatrimestre/Principios_de_la_Robotica_Autonoma/TPs/TP_final_robotica/ros_ws/build/algoritmos:/home/abril/turtlebot3_ws/build/turtlebot3_teleop:/home/abril/turtlebot3_ws/install/turtlebot3_teleop/lib/python3.10/site-packages:/home/abril/turtlebot3_ws/build/turtlebot3_example:/home/abril/turtlebot3_ws/install/turtlebot3_example/lib/python3.10/site-packages:/home/abril/turtlebot3_ws/install/turtlebot3_msgs/local/lib/python3.10/dist-packages:/home/abril/turtlebot3_ws/install/dynamixel_sdk_custom_interfaces/local/lib/python3.10/dist-packages:/home/abril/turtlebot3_ws/install/dynamixel_sdk/local/lib/python3.10/dist-packages:/opt/ros/humble/lib/python3.10/site-packages:/opt/ros/humble/local/lib/python3.10/dist-packages /usr/bin/python3 -W ignore:setup.py install is deprecated -W ignore:easy_install command is deprecated setup.py egg_info --egg-base ../../build/partea build --build-base /home/abril/Documents/PrincipiosRobotica/Prueba/TP_final_robotica/ros_ws/build/partea/build install --record /home/abril/Documents/PrincipiosRobotica/Prueba/TP_final_robotica/ros_ws/build/partea/install.log --single-version-externally-managed install_data
[0.595s] running egg_info
[0.595s] creating ../../build/partea/partea.egg-info
[0.596s] writing ../../build/partea/partea.egg-info/PKG-INFO
[0.596s] writing dependency_links to ../../build/partea/partea.egg-info/dependency_links.txt
[0.596s] writing entry points to ../../build/partea/partea.egg-info/entry_points.txt
[0.596s] writing requirements to ../../build/partea/partea.egg-info/requires.txt
[0.596s] writing top-level names to ../../build/partea/partea.egg-info/top_level.txt
[0.596s] writing manifest file '../../build/partea/partea.egg-info/SOURCES.txt'
[0.597s] reading manifest file '../../build/partea/partea.egg-info/SOURCES.txt'
[0.598s] adding license file 'LICENSE'
[0.598s] writing manifest file '../../build/partea/partea.egg-info/SOURCES.txt'
[0.598s] running build
[0.598s] running build_py
[0.598s] creating /home/abril/Documents/PrincipiosRobotica/Prueba/TP_final_robotica/ros_ws/build/partea/build
[0.599s] creating /home/abril/Documents/PrincipiosRobotica/Prueba/TP_final_robotica/ros_ws/build/partea/build/lib
[0.599s] creating /home/abril/Documents/PrincipiosRobotica/Prueba/TP_final_robotica/ros_ws/build/partea/build/lib/partea
[0.599s] copying partea/slam_node.py -> /home/abril/Documents/PrincipiosRobotica/Prueba/TP_final_robotica/ros_ws/build/partea/build/lib/partea
[0.599s] copying partea/__init__.py -> /home/abril/Documents/PrincipiosRobotica/Prueba/TP_final_robotica/ros_ws/build/partea/build/lib/partea
[0.599s] running install
[0.599s] running install_lib
[0.599s] creating /home/abril/Documents/PrincipiosRobotica/Prueba/TP_final_robotica/ros_ws/install/partea/lib/python3.10/site-packages/partea
[0.599s] copying /home/abril/Documents/PrincipiosRobotica/Prueba/TP_final_robotica/ros_ws/build/partea/build/lib/partea/slam_node.py -> /home/abril/Documents/PrincipiosRobotica/Prueba/TP_final_robotica/ros_ws/install/partea/lib/python3.10/site-packages/partea
[0.599s] copying /home/abril/Documents/PrincipiosRobotica/Prueba/TP_final_robotica/ros_ws/build/partea/build/lib/partea/__init__.py -> /home/abril/Documents/PrincipiosRobotica/Prueba/TP_final_robotica/ros_ws/install/partea/lib/python3.10/site-packages/partea
[0.600s] byte-compiling /home/abril/Documents/PrincipiosRobotica/Prueba/TP_final_robotica/ros_ws/install/partea/lib/python3.10/site-packages/partea/slam_node.py to slam_node.cpython-310.pyc
[0.601s]   File "/home/abril/Documents/PrincipiosRobotica/Prueba/TP_final_robotica/ros_ws/install/partea/lib/python3.10/site-packages/partea/slam_node.py", line 213
[0.602s]     ranges(ranges <= msg.range_min) = np.inf  # descartar tambien rangos invalidos por debajo del minimo
[0.602s]     ^^^^^^^^^^^^^^^^^^^^^^^^^^^^^^^
[0.602s] SyntaxError: cannot assign to function call here. Maybe you meant '==' instead of '='?
[0.602s] 
[0.602s] byte-compiling /home/abril/Documents/PrincipiosRobotica/Prueba/TP_final_robotica/ros_ws/install/partea/lib/python3.10/site-packages/partea/__init__.py to __init__.cpython-310.pyc
[0.602s] running install_data
[0.602s] creating /home/abril/Documents/PrincipiosRobotica/Prueba/TP_final_robotica/ros_ws/install/partea/share/ament_index
[0.602s] creating /home/abril/Documents/PrincipiosRobotica/Prueba/TP_final_robotica/ros_ws/install/partea/share/ament_index/resource_index
[0.602s] creating /home/abril/Documents/PrincipiosRobotica/Prueba/TP_final_robotica/ros_ws/install/partea/share/ament_index/resource_index/packages
[0.602s] copying resource/partea -> /home/abril/Documents/PrincipiosRobotica/Prueba/TP_final_robotica/ros_ws/install/partea/share/ament_index/resource_index/packages
[0.602s] copying package.xml -> /home/abril/Documents/PrincipiosRobotica/Prueba/TP_final_robotica/ros_ws/install/partea/share/partea
[0.602s] running install_egg_info
[0.603s] Copying ../../build/partea/partea.egg-info to /home/abril/Documents/PrincipiosRobotica/Prueba/TP_final_robotica/ros_ws/install/partea/lib/python3.10/site-packages/partea-0.0.0-py3.10.egg-info
[0.603s] running install_scripts
[0.619s] Installing map_saver_node script to /home/abril/Documents/PrincipiosRobotica/Prueba/TP_final_robotica/ros_ws/install/partea/lib/partea
[0.619s] Installing slam_node script to /home/abril/Documents/PrincipiosRobotica/Prueba/TP_final_robotica/ros_ws/install/partea/lib/partea
[0.619s] writing list of installed files to '/home/abril/Documents/PrincipiosRobotica/Prueba/TP_final_robotica/ros_ws/build/partea/install.log'
[0.640s] Invoked command in '/home/abril/Documents/PrincipiosRobotica/Prueba/TP_final_robotica/ros_ws/src/partea' returned '0': AMENT_PREFIX_PATH=/home/abril/Documents/PrincipiosRobotica/Prueba/TP_final_robotica/ros_ws/install/custom_msgs:/home/abril/Documents/PrincipiosRobotica/Prueba/TP_final_robotica/ros_ws/install/algoritmos:/home/abril/Documents/PrincipiosRobotica/Prueba/TP_final_robotica/ros_ws/install/parteb:/home/abril/Documents/PrincipiosRobotica/Prueba/TP_final_robotica/ros_ws/install/partea:/home/abril/turtlebot3_ws/install/turtlebot3:/home/abril/turtlebot3_ws/install/turtlebot3_teleop:/home/abril/turtlebot3_ws/install/turtlebot3_simulations:/home/abril/turtlebot3_ws/install/turtlebot3_bringup:/home/abril/turtlebot3_ws/install/turtlebot3_node:/home/abril/turtlebot3_ws/install/turtlebot3_navigation2:/home/abril/turtlebot3_ws/install/turtlebot3_fake_node:/home/abril/turtlebot3_ws/install/turtlebot3_example:/home/abril/turtlebot3_ws/install/turtlebot3_msgs:/home/abril/turtlebot3_ws/install/turtlebot3_manipulation_gazebo:/home/abril/turtlebot3_ws/install/turtlebot3_gazebo:/home/abril/turtlebot3_ws/install/turtlebot3_description:/home/abril/turtlebot3_ws/install/turtlebot3_cartographer:/home/abril/turtlebot3_ws/install/dynamixel_sdk_examples:/home/abril/turtlebot3_ws/install/dynamixel_sdk_custom_interfaces:/home/abril/turtlebot3_ws/install/dynamixel_sdk:/opt/ros/humble LD_LIBRARY_PATH=/home/abril/Documents/PrincipiosRobotica/Prueba/TP_final_robotica/ros_ws/install/custom_msgs/lib:/home/abril/turtlebot3_ws/install/turtlebot3_msgs/lib:/home/abril/turtlebot3_ws/install/dynamixel_sdk_custom_interfaces/lib:/home/abril/turtlebot3_ws/install/dynamixel_sdk/lib:/usr/lib/x86_64-linux-gnu/gazebo-11/plugins:/opt/ros/humble/opt/rviz_ogre_vendor/lib:/opt/ros/humble/lib/x86_64-linux-gnu:/opt/ros/humble/lib:/usr/lib/x86_64-linux-gnu/gazebo-11/plugins PYTHONPATH=/home/abril/Documents/PrincipiosRobotica/Prueba/TP_final_robotica/ros_ws/build/partea/prefix_override:/usr/lib/python3/dist-packages/colcon_core/task/python/colcon_distutils_commands:/home/abril/Documents/PrincipiosRobotica/Prueba/TP_final_robotica/ros_ws/install/partea/lib/python3.10/site-packages:/home/abril/Documents/PrincipiosRobotica/Prueba/TP_final_robotica/ros_ws/install/custom_msgs/local/lib/python3.10/dist-packages:/home/abril/Documents/PrincipiosRobotica/Prueba/TP_final_robotica/ros_ws/install/algoritmos/lib/python3.10/site-packages:/home/lucas/Documents/UDESA/7cuatrimestre/Principios_de_la_Robotica_Autonoma/TPs/TP_final_robotica/ros_ws/build/parteb:/home/abril/Documents/PrincipiosRobotica/Prueba/TP_final_robotica/ros_ws/install/parteb/lib/python3.10/site-packages:/home/lucas/Documents/UDESA/7cuatrimestre/Principios_de_la_Robotica_Autonoma/TPs/TP_final_robotica/ros_ws/build/partea:/home/abril/Documents/PrincipiosRobotica/Prueba/TP_final_robotica/ros_ws/install/partea/lib/python3.10/site-packages:/home/lucas/Documents/UDESA/7cuatrimestre/Principios_de_la_Robotica_Autonoma/TPs/TP_final_robotica/ros_ws/build/algoritmos:/home/abril/turtlebot3_ws/build/turtlebot3_teleop:/home/abril/turtlebot3_ws/install/turtlebot3_teleop/lib/python3.10/site-packages:/home/abril/turtlebot3_ws/build/turtlebot3_example:/home/abril/turtlebot3_ws/install/turtlebot3_example/lib/python3.10/site-packages:/home/abril/turtlebot3_ws/install/turtlebot3_msgs/local/lib/python3.10/dist-packages:/home/abril/turtlebot3_ws/install/dynamixel_sdk_custom_interfaces/local/lib/python3.10/dist-packages:/home/abril/turtlebot3_ws/install/dynamixel_sdk/local/lib/python3.10/dist-packages:/opt/ros/humble/lib/python3.10/site-packages:/opt/ros/humble/local/lib/python3.10/dist-packages /usr/bin/python3 -W ignore:setup.py install is deprecated -W ignore:easy_install command is deprecated setup.py egg_info --egg-base ../../build/partea build --build-base /home/abril/Documents/PrincipiosRobotica/Prueba/TP_final_robotica/ros_ws/build/partea/build install --record /home/abril/Documents/PrincipiosRobotica/Prueba/TP_final_robotica/ros_ws/build/partea/install.log --single-version-externally-managed install_data
