[0.074s] DEBUG:colcon:Command line arguments: ['/usr/bin/colcon', 'build']
[0.074s] DEBUG:colcon:Parsed command line arguments: Namespace(log_base=None, log_level=None, verb_name='build', build_base='build', install_base='install', merge_install=False, symlink_install=False, test_result_base=None, continue_on_error=False, executor='parallel', parallel_workers=8, event_handlers=None, ignore_user_meta=False, metas=['./colcon.meta'], base_paths=['.'], packages_ignore=None, packages_ignore_regex=None, paths=None, packages_up_to=None, packages_up_to_regex=None, packages_above=None, packages_above_and_dependencies=None, packages_above_depth=None, packages_select_by_dep=None, packages_skip_by_dep=None, packages_skip_up_to=None, packages_select_build_failed=False, packages_skip_build_finished=False, packages_select_test_failures=False, packages_skip_test_passed=False, packages_select=None, packages_skip=None, packages_select_regex=None, packages_skip_regex=None, packages_start=None, packages_end=None, allow_overriding=[], cmake_args=None, cmake_target=None, cmake_target_skip_unavailable=False, cmake_clean_cache=False, cmake_clean_first=False, cmake_force_configure=False, ament_cmake_args=None, catkin_cmake_args=None, catkin_skip_building_tests=False, mixin_files=None, mixin=None, verb_parser=<colcon_mixin.mixin.mixin_argument.MixinArgumentDecorator object at 0x7dae37d8c9a0>, verb_extension=<colcon_core.verb.build.BuildVerb object at 0x7dae37e95930>, main=<bound method BuildVerb.main of <colcon_core.verb.build.BuildVerb object at 0x7dae37e95930>>, mixin_verb=('build',))
[0.186s] Level 1:colcon.colcon_core.package_discovery:discover_packages(colcon_meta) check parameters
[0.186s] Level 1:colcon.colcon_core.package_discovery:discover_packages(recursive) check parameters
[0.186s] Level 1:colcon.colcon_core.package_discovery:discover_packages(ignore) check parameters
[0.186s] Level 1:colcon.colcon_core.package_discovery:discover_packages(path) check parameters
[0.186s] Level 1:colcon.colcon_core.package_discovery:discover_packages(colcon_meta) discover
[0.186s] Level 1:colcon.colcon_core.package_discovery:discover_packages(recursive) discover
[0.186s] INFO:colcon.colcon_core.package_discovery:Crawling recursively for packages in '/home/abril/Documents/PrincipiosRobotica/Prueba/TP_final_robotica/ros_ws'
[0.186s] Level 1:colcon.colcon_core.package_identification:_identify(.) by extensions ['ignore', 'ignore_ament_install']
[0.186s] Level 1:colcon.colcon_core.package_identification:_identify(.) by extension 'ignore'
[0.186s] Level 1:colcon.colcon_core.package_identification:_identify(.) by extension 'ignore_ament_install'
[0.186s] Level 1:colcon.colcon_core.package_identification:_identify(.) by extensions ['colcon_pkg']
[0.186s] Level 1:colcon.colcon_core.package_identification:_identify(.) by extension 'colcon_pkg'
[0.186s] Level 1:colcon.colcon_core.package_identification:_identify(.) by extensions ['colcon_meta']
[0.186s] Level 1:colcon.colcon_core.package_identification:_identify(.) by extension 'colcon_meta'
[0.186s] Level 1:colcon.colcon_core.package_identification:_identify(.) by extensions ['ros']
[0.187s] Level 1:colcon.colcon_core.package_identification:_identify(.) by extension 'ros'
[0.193s] Level 1:colcon.colcon_core.package_identification:_identify(.) by extensions ['cmake', 'python']
[0.193s] Level 1:colcon.colcon_core.package_identification:_identify(.) by extension 'cmake'
[0.193s] Level 1:colcon.colcon_core.package_identification:_identify(.) by extension 'python'
[0.193s] Level 1:colcon.colcon_core.package_identification:_identify(.) by extensions ['python_setup_py']
[0.193s] Level 1:colcon.colcon_core.package_identification:_identify(.) by extension 'python_setup_py'
[0.193s] Level 1:colcon.colcon_core.package_identification:_identify(build) by extensions ['ignore', 'ignore_ament_install']
[0.193s] Level 1:colcon.colcon_core.package_identification:_identify(build) by extension 'ignore'
[0.193s] Level 1:colcon.colcon_core.package_identification:_identify(build) ignored
[0.194s] Level 1:colcon.colcon_core.package_identification:_identify(install) by extensions ['ignore', 'ignore_ament_install']
[0.194s] Level 1:colcon.colcon_core.package_identification:_identify(install) by extension 'ignore'
[0.194s] Level 1:colcon.colcon_core.package_identification:_identify(install) ignored
[0.194s] Level 1:colcon.colcon_core.package_identification:_identify(log) by extensions ['ignore', 'ignore_ament_install']
[0.194s] Level 1:colcon.colcon_core.package_identification:_identify(log) by extension 'ignore'
[0.194s] Level 1:colcon.colcon_core.package_identification:_identify(log) ignored
[0.194s] Level 1:colcon.colcon_core.package_identification:_identify(src) by extensions ['ignore', 'ignore_ament_install']
[0.194s] Level 1:colcon.colcon_core.package_identification:_identify(src) by extension 'ignore'
[0.194s] Level 1:colcon.colcon_core.package_identification:_identify(src) by extension 'ignore_ament_install'
[0.194s] Level 1:colcon.colcon_core.package_identification:_identify(src) by extensions ['colcon_pkg']
[0.194s] Level 1:colcon.colcon_core.package_identification:_identify(src) by extension 'colcon_pkg'
[0.194s] Level 1:colcon.colcon_core.package_identification:_identify(src) by extensions ['colcon_meta']
[0.194s] Level 1:colcon.colcon_core.package_identification:_identify(src) by extension 'colcon_meta'
[0.194s] Level 1:colcon.colcon_core.package_identification:_identify(src) by extensions ['ros']
[0.194s] Level 1:colcon.colcon_core.package_identification:_identify(src) by extension 'ros'
[0.194s] Level 1:colcon.colcon_core.package_identification:_identify(src) by extensions ['cmake', 'python']
[0.194s] Level 1:colcon.colcon_core.package_identification:_identify(src) by extension 'cmake'
[0.194s] Level 1:colcon.colcon_core.package_identification:_identify(src) by extension 'python'
[0.194s] Level 1:colcon.colcon_core.package_identification:_identify(src) by extensions ['python_setup_py']
[0.194s] Level 1:colcon.colcon_core.package_identification:_identify(src) by extension 'python_setup_py'
[0.194s] Level 1:colcon.colcon_core.package_identification:_identify(src/algoritmos) by extensions ['ignore', 'ignore_ament_install']
[0.194s] Level 1:colcon.colcon_core.package_identification:_identify(src/algoritmos) by extension 'ignore'
[0.194s] Level 1:colcon.colcon_core.package_identification:_identify(src/algoritmos) by extension 'ignore_ament_install'
[0.194s] Level 1:colcon.colcon_core.package_identification:_identify(src/algoritmos) by extensions ['colcon_pkg']
[0.194s] Level 1:colcon.colcon_core.package_identification:_identify(src/algoritmos) by extension 'colcon_pkg'
[0.194s] Level 1:colcon.colcon_core.package_identification:_identify(src/algoritmos) by extensions ['colcon_meta']
[0.194s] Level 1:colcon.colcon_core.package_identification:_identify(src/algoritmos) by extension 'colcon_meta'
[0.195s] Level 1:colcon.colcon_core.package_identification:_identify(src/algoritmos) by extensions ['ros']
[0.195s] Level 1:colcon.colcon_core.package_identification:_identify(src/algoritmos) by extension 'ros'
[0.196s] DEBUG:colcon.colcon_core.package_identification:Package 'src/algoritmos' with type 'ros.ament_python' and name 'algoritmos'
[0.197s] Level 1:colcon.colcon_core.package_identification:_identify(src/custom_msgs) by extensions ['ignore', 'ignore_ament_install']
[0.197s] Level 1:colcon.colcon_core.package_identification:_identify(src/custom_msgs) by extension 'ignore'
[0.197s] Level 1:colcon.colcon_core.package_identification:_identify(src/custom_msgs) by extension 'ignore_ament_install'
[0.197s] Level 1:colcon.colcon_core.package_identification:_identify(src/custom_msgs) by extensions ['colcon_pkg']
[0.197s] Level 1:colcon.colcon_core.package_identification:_identify(src/custom_msgs) by extension 'colcon_pkg'
[0.197s] Level 1:colcon.colcon_core.package_identification:_identify(src/custom_msgs) by extensions ['colcon_meta']
[0.197s] Level 1:colcon.colcon_core.package_identification:_identify(src/custom_msgs) by extension 'colcon_meta'
[0.197s] Level 1:colcon.colcon_core.package_identification:_identify(src/custom_msgs) by extensions ['ros']
[0.197s] Level 1:colcon.colcon_core.package_identification:_identify(src/custom_msgs) by extension 'ros'
[0.197s] DEBUG:colcon.colcon_core.package_identification:Package 'src/custom_msgs' with type 'ros.ament_cmake' and name 'custom_msgs'
[0.197s] Level 1:colcon.colcon_core.package_identification:_identify(src/partea) by extensions ['ignore', 'ignore_ament_install']
[0.198s] Level 1:colcon.colcon_core.package_identification:_identify(src/partea) by extension 'ignore'
[0.198s] Level 1:colcon.colcon_core.package_identification:_identify(src/partea) by extension 'ignore_ament_install'
[0.198s] Level 1:colcon.colcon_core.package_identification:_identify(src/partea) by extensions ['colcon_pkg']
[0.198s] Level 1:colcon.colcon_core.package_identification:_identify(src/partea) by extension 'colcon_pkg'
[0.198s] Level 1:colcon.colcon_core.package_identification:_identify(src/partea) by extensions ['colcon_meta']
[0.198s] Level 1:colcon.colcon_core.package_identification:_identify(src/partea) by extension 'colcon_meta'
[0.198s] Level 1:colcon.colcon_core.package_identification:_identify(src/partea) by extensions ['ros']
[0.198s] Level 1:colcon.colcon_core.package_identification:_identify(src/partea) by extension 'ros'
[0.198s] DEBUG:colcon.colcon_core.package_identification:Package 'src/partea' with type 'ros.ament_python' and name 'partea'
[0.198s] Level 1:colcon.colcon_core.package_identification:_identify(src/parteb) by extensions ['ignore', 'ignore_ament_install']
[0.198s] Level 1:colcon.colcon_core.package_identification:_identify(src/parteb) by extension 'ignore'
[0.198s] Level 1:colcon.colcon_core.package_identification:_identify(src/parteb) by extension 'ignore_ament_install'
[0.199s] Level 1:colcon.colcon_core.package_identification:_identify(src/parteb) by extensions ['colcon_pkg']
[0.199s] Level 1:colcon.colcon_core.package_identification:_identify(src/parteb) by extension 'colcon_pkg'
[0.199s] Level 1:colcon.colcon_core.package_identification:_identify(src/parteb) by extensions ['colcon_meta']
[0.199s] Level 1:colcon.colcon_core.package_identification:_identify(src/parteb) by extension 'colcon_meta'
[0.199s] Level 1:colcon.colcon_core.package_identification:_identify(src/parteb) by extensions ['ros']
[0.199s] Level 1:colcon.colcon_core.package_identification:_identify(src/parteb) by extension 'ros'
[0.199s] DEBUG:colcon.colcon_core.package_identification:Package 'src/parteb' with type 'ros.ament_python' and name 'parteb'
[0.199s] Level 1:colcon.colcon_core.package_identification:_identify(src/partec) by extensions ['ignore', 'ignore_ament_install']
[0.199s] Level 1:colcon.colcon_core.package_identification:_identify(src/partec) by extension 'ignore'
[0.199s] Level 1:colcon.colcon_core.package_identification:_identify(src/partec) by extension 'ignore_ament_install'
[0.199s] Level 1:colcon.colcon_core.package_identification:_identify(src/partec) by extensions ['colcon_pkg']
[0.199s] Level 1:colcon.colcon_core.package_identification:_identify(src/partec) by extension 'colcon_pkg'
[0.199s] Level 1:colcon.colcon_core.package_identification:_identify(src/partec) by extensions ['colcon_meta']
[0.199s] Level 1:colcon.colcon_core.package_identification:_identify(src/partec) by extension 'colcon_meta'
[0.199s] Level 1:colcon.colcon_core.package_identification:_identify(src/partec) by extensions ['ros']
[0.199s] Level 1:colcon.colcon_core.package_identification:_identify(src/partec) by extension 'ros'
[0.200s] DEBUG:colcon.colcon_core.package_identification:Package 'src/partec' with type 'ros.ament_python' and name 'partec'
[0.200s] Level 1:colcon.colcon_core.package_identification:_identify(src/rviz) by extensions ['ignore', 'ignore_ament_install']
[0.200s] Level 1:colcon.colcon_core.package_identification:_identify(src/rviz) by extension 'ignore'
[0.200s] Level 1:colcon.colcon_core.package_identification:_identify(src/rviz) by extension 'ignore_ament_install'
[0.200s] Level 1:colcon.colcon_core.package_identification:_identify(src/rviz) by extensions ['colcon_pkg']
[0.200s] Level 1:colcon.colcon_core.package_identification:_identify(src/rviz) by extension 'colcon_pkg'
[0.200s] Level 1:colcon.colcon_core.package_identification:_identify(src/rviz) by extensions ['colcon_meta']
[0.200s] Level 1:colcon.colcon_core.package_identification:_identify(src/rviz) by extension 'colcon_meta'
[0.200s] Level 1:colcon.colcon_core.package_identification:_identify(src/rviz) by extensions ['ros']
[0.200s] Level 1:colcon.colcon_core.package_identification:_identify(src/rviz) by extension 'ros'
[0.200s] Level 1:colcon.colcon_core.package_identification:_identify(src/rviz) by extensions ['cmake', 'python']
[0.200s] Level 1:colcon.colcon_core.package_identification:_identify(src/rviz) by extension 'cmake'
[0.200s] Level 1:colcon.colcon_core.package_identification:_identify(src/rviz) by extension 'python'
[0.200s] Level 1:colcon.colcon_core.package_identification:_identify(src/rviz) by extensions ['python_setup_py']
[0.200s] Level 1:colcon.colcon_core.package_identification:_identify(src/rviz) by extension 'python_setup_py'
[0.200s] Level 1:colcon.colcon_core.package_discovery:discover_packages(recursive) using defaults
[0.200s] Level 1:colcon.colcon_core.package_discovery:discover_packages(ignore) discover
[0.200s] Level 1:colcon.colcon_core.package_discovery:discover_packages(ignore) using defaults
[0.200s] Level 1:colcon.colcon_core.package_discovery:discover_packages(path) discover
[0.200s] Level 1:colcon.colcon_core.package_discovery:discover_packages(path) using defaults
[0.224s] Level 1:colcon.colcon_core.package_discovery:discover_packages(prefix_path) check parameters
[0.224s] Level 1:colcon.colcon_core.package_discovery:discover_packages(prefix_path) discover
[0.225s] WARNING:colcon.colcon_ros.prefix_path.ament:The path '/home/abril/Documents/PrincipiosRobotica/Prueba/TP_final_robotica/ros_ws/install/parteb' in the environment variable AMENT_PREFIX_PATH doesn't exist
[0.225s] WARNING:colcon.colcon_ros.prefix_path.ament:The path '/home/abril/Documents/PrincipiosRobotica/Prueba/TP_final_robotica/ros_ws/install/partea' in the environment variable AMENT_PREFIX_PATH doesn't exist
[0.225s] WARNING:colcon.colcon_ros.prefix_path.ament:The path '/home/abril/Documents/PrincipiosRobotica/Prueba/TP_final_robotica/ros_ws/install/algoritmos' in the environment variable AMENT_PREFIX_PATH doesn't exist
[0.225s] WARNING:colcon.colcon_ros.prefix_path.catkin:The path '/home/abril/Documents/PrincipiosRobotica/Prueba/TP_final_robotica/ros_ws/install/custom_msgs' in the environment variable CMAKE_PREFIX_PATH doesn't exist
[0.225s] DEBUG:colcon.colcon_installed_package_information.package_discovery:Found 0 installed packages in /home/abril/Documents/PrincipiosRobotica/Prueba/TP_final_robotica/ros_ws/install
[0.226s] DEBUG:colcon.colcon_installed_package_information.package_discovery:Found 16 installed packages in /home/abril/turtlebot3_ws/install
[0.227s] DEBUG:colcon.colcon_installed_package_information.package_discovery:Found 365 installed packages in /opt/ros/humble
[0.228s] Level 1:colcon.colcon_core.package_discovery:discover_packages(prefix_path) using defaults
[0.258s] Level 5:colcon.colcon_core.verb:set package 'algoritmos' build argument 'cmake_args' from command line to 'None'
[0.258s] Level 5:colcon.colcon_core.verb:set package 'algoritmos' build argument 'cmake_target' from command line to 'None'
[0.258s] Level 5:colcon.colcon_core.verb:set package 'algoritmos' build argument 'cmake_target_skip_unavailable' from command line to 'False'
[0.258s] Level 5:colcon.colcon_core.verb:set package 'algoritmos' build argument 'cmake_clean_cache' from command line to 'False'
[0.258s] Level 5:colcon.colcon_core.verb:set package 'algoritmos' build argument 'cmake_clean_first' from command line to 'False'
[0.258s] Level 5:colcon.colcon_core.verb:set package 'algoritmos' build argument 'cmake_force_configure' from command line to 'False'
[0.258s] Level 5:colcon.colcon_core.verb:set package 'algoritmos' build argument 'ament_cmake_args' from command line to 'None'
[0.258s] Level 5:colcon.colcon_core.verb:set package 'algoritmos' build argument 'catkin_cmake_args' from command line to 'None'
[0.258s] Level 5:colcon.colcon_core.verb:set package 'algoritmos' build argument 'catkin_skip_building_tests' from command line to 'False'
[0.258s] DEBUG:colcon.colcon_core.verb:Building package 'algoritmos' with the following arguments: {'ament_cmake_args': None, 'build_base': '/home/abril/Documents/PrincipiosRobotica/Prueba/TP_final_robotica/ros_ws/build/algoritmos', 'catkin_cmake_args': None, 'catkin_skip_building_tests': False, 'cmake_args': None, 'cmake_clean_cache': False, 'cmake_clean_first': False, 'cmake_force_configure': False, 'cmake_target': None, 'cmake_target_skip_unavailable': False, 'install_base': '/home/abril/Documents/PrincipiosRobotica/Prueba/TP_final_robotica/ros_ws/install/algoritmos', 'merge_install': False, 'path': '/home/abril/Documents/PrincipiosRobotica/Prueba/TP_final_robotica/ros_ws/src/algoritmos', 'symlink_install': False, 'test_result_base': None}
[0.258s] Level 5:colcon.colcon_core.verb:set package 'custom_msgs' build argument 'cmake_args' from command line to 'None'
[0.258s] Level 5:colcon.colcon_core.verb:set package 'custom_msgs' build argument 'cmake_target' from command line to 'None'
[0.258s] Level 5:colcon.colcon_core.verb:set package 'custom_msgs' build argument 'cmake_target_skip_unavailable' from command line to 'False'
[0.258s] Level 5:colcon.colcon_core.verb:set package 'custom_msgs' build argument 'cmake_clean_cache' from command line to 'False'
[0.258s] Level 5:colcon.colcon_core.verb:set package 'custom_msgs' build argument 'cmake_clean_first' from command line to 'False'
[0.258s] Level 5:colcon.colcon_core.verb:set package 'custom_msgs' build argument 'cmake_force_configure' from command line to 'False'
[0.258s] Level 5:colcon.colcon_core.verb:set package 'custom_msgs' build argument 'ament_cmake_args' from command line to 'None'
[0.258s] Level 5:colcon.colcon_core.verb:set package 'custom_msgs' build argument 'catkin_cmake_args' from command line to 'None'
[0.258s] Level 5:colcon.colcon_core.verb:set package 'custom_msgs' build argument 'catkin_skip_building_tests' from command line to 'False'
[0.258s] DEBUG:colcon.colcon_core.verb:Building package 'custom_msgs' with the following arguments: {'ament_cmake_args': None, 'build_base': '/home/abril/Documents/PrincipiosRobotica/Prueba/TP_final_robotica/ros_ws/build/custom_msgs', 'catkin_cmake_args': None, 'catkin_skip_building_tests': False, 'cmake_args': None, 'cmake_clean_cache': False, 'cmake_clean_first': False, 'cmake_force_configure': False, 'cmake_target': None, 'cmake_target_skip_unavailable': False, 'install_base': '/home/abril/Documents/PrincipiosRobotica/Prueba/TP_final_robotica/ros_ws/install/custom_msgs', 'merge_install': False, 'path': '/home/abril/Documents/PrincipiosRobotica/Prueba/TP_final_robotica/ros_ws/src/custom_msgs', 'symlink_install': False, 'test_result_base': None}
[0.258s] Level 5:colcon.colcon_core.verb:set package 'partea' build argument 'cmake_args' from command line to 'None'
[0.258s] Level 5:colcon.colcon_core.verb:set package 'partea' build argument 'cmake_target' from command line to 'None'
[0.258s] Level 5:colcon.colcon_core.verb:set package 'partea' build argument 'cmake_target_skip_unavailable' from command line to 'False'
[0.258s] Level 5:colcon.colcon_core.verb:set package 'partea' build argument 'cmake_clean_cache' from command line to 'False'
[0.258s] Level 5:colcon.colcon_core.verb:set package 'partea' build argument 'cmake_clean_first' from command line to 'False'
[0.258s] Level 5:colcon.colcon_core.verb:set package 'partea' build argument 'cmake_force_configure' from command line to 'False'
[0.258s] Level 5:colcon.colcon_core.verb:set package 'partea' build argument 'ament_cmake_args' from command line to 'None'
[0.258s] Level 5:colcon.colcon_core.verb:set package 'partea' build argument 'catkin_cmake_args' from command line to 'None'
[0.258s] Level 5:colcon.colcon_core.verb:set package 'partea' build argument 'catkin_skip_building_tests' from command line to 'False'
[0.258s] DEBUG:colcon.colcon_core.verb:Building package 'partea' with the following arguments: {'ament_cmake_args': None, 'build_base': '/home/abril/Documents/PrincipiosRobotica/Prueba/TP_final_robotica/ros_ws/build/partea', 'catkin_cmake_args': None, 'catkin_skip_building_tests': False, 'cmake_args': None, 'cmake_clean_cache': False, 'cmake_clean_first': False, 'cmake_force_configure': False, 'cmake_target': None, 'cmake_target_skip_unavailable': False, 'install_base': '/home/abril/Documents/PrincipiosRobotica/Prueba/TP_final_robotica/ros_ws/install/partea', 'merge_install': False, 'path': '/home/abril/Documents/PrincipiosRobotica/Prueba/TP_final_robotica/ros_ws/src/partea', 'symlink_install': False, 'test_result_base': None}
[0.259s] Level 5:colcon.colcon_core.verb:set package 'parteb' build argument 'cmake_args' from command line to 'None'
[0.259s] Level 5:colcon.colcon_core.verb:set package 'parteb' build argument 'cmake_target' from command line to 'None'
[0.259s] Level 5:colcon.colcon_core.verb:set package 'parteb' build argument 'cmake_target_skip_unavailable' from command line to 'False'
[0.259s] Level 5:colcon.colcon_core.verb:set package 'parteb' build argument 'cmake_clean_cache' from command line to 'False'
[0.259s] Level 5:colcon.colcon_core.verb:set package 'parteb' build argument 'cmake_clean_first' from command line to 'False'
[0.259s] Level 5:colcon.colcon_core.verb:set package 'parteb' build argument 'cmake_force_configure' from command line to 'False'
[0.259s] Level 5:colcon.colcon_core.verb:set package 'parteb' build argument 'ament_cmake_args' from command line to 'None'
[0.259s] Level 5:colcon.colcon_core.verb:set package 'parteb' build argument 'catkin_cmake_args' from command line to 'None'
[0.259s] Level 5:colcon.colcon_core.verb:set package 'parteb' build argument 'catkin_skip_building_tests' from command line to 'False'
[0.259s] DEBUG:colcon.colcon_core.verb:Building package 'parteb' with the following arguments: {'ament_cmake_args': None, 'build_base': '/home/abril/Documents/PrincipiosRobotica/Prueba/TP_final_robotica/ros_ws/build/parteb', 'catkin_cmake_args': None, 'catkin_skip_building_tests': False, 'cmake_args': None, 'cmake_clean_cache': False, 'cmake_clean_first': False, 'cmake_force_configure': False, 'cmake_target': None, 'cmake_target_skip_unavailable': False, 'install_base': '/home/abril/Documents/PrincipiosRobotica/Prueba/TP_final_robotica/ros_ws/install/parteb', 'merge_install': False, 'path': '/home/abril/Documents/PrincipiosRobotica/Prueba/TP_final_robotica/ros_ws/src/parteb', 'symlink_install': False, 'test_result_base': None}
[0.259s] Level 5:colcon.colcon_core.verb:set package 'partec' build argument 'cmake_args' from command line to 'None'
[0.259s] Level 5:colcon.colcon_core.verb:set package 'partec' build argument 'cmake_target' from command line to 'None'
[0.259s] Level 5:colcon.colcon_core.verb:set package 'partec' build argument 'cmake_target_skip_unavailable' from command line to 'False'
[0.259s] Level 5:colcon.colcon_core.verb:set package 'partec' build argument 'cmake_clean_cache' from command line to 'False'
[0.259s] Level 5:colcon.colcon_core.verb:set package 'partec' build argument 'cmake_clean_first' from command line to 'False'
[0.259s] Level 5:colcon.colcon_core.verb:set package 'partec' build argument 'cmake_force_configure' from command line to 'False'
[0.259s] Level 5:colcon.colcon_core.verb:set package 'partec' build argument 'ament_cmake_args' from command line to 'None'
[0.259s] Level 5:colcon.colcon_core.verb:set package 'partec' build argument 'catkin_cmake_args' from command line to 'None'
[0.259s] Level 5:colcon.colcon_core.verb:set package 'partec' build argument 'catkin_skip_building_tests' from command line to 'False'
[0.259s] DEBUG:colcon.colcon_core.verb:Building package 'partec' with the following arguments: {'ament_cmake_args': None, 'build_base': '/home/abril/Documents/PrincipiosRobotica/Prueba/TP_final_robotica/ros_ws/build/partec', 'catkin_cmake_args': None, 'catkin_skip_building_tests': False, 'cmake_args': None, 'cmake_clean_cache': False, 'cmake_clean_first': False, 'cmake_force_configure': False, 'cmake_target': None, 'cmake_target_skip_unavailable': False, 'install_base': '/home/abril/Documents/PrincipiosRobotica/Prueba/TP_final_robotica/ros_ws/install/partec', 'merge_install': False, 'path': '/home/abril/Documents/PrincipiosRobotica/Prueba/TP_final_robotica/ros_ws/src/partec', 'symlink_install': False, 'test_result_base': None}
[0.259s] INFO:colcon.colcon_core.executor:Executing jobs using 'parallel' executor
[0.260s] DEBUG:colcon.colcon_parallel_executor.executor.parallel:run_until_complete
[0.260s] INFO:colcon.colcon_ros.task.ament_python.build:Building ROS package in '/home/abril/Documents/PrincipiosRobotica/Prueba/TP_final_robotica/ros_ws/src/algoritmos' with build type 'ament_python'
[0.260s] Level 1:colcon.colcon_core.shell:create_environment_hook('algoritmos', 'ament_prefix_path')
[0.262s] INFO:colcon.colcon_core.plugin_system:Skipping extension 'colcon_core.shell.bat': Not used on non-Windows systems
[0.262s] INFO:colcon.colcon_core.shell:Creating environment hook '/home/abril/Documents/PrincipiosRobotica/Prueba/TP_final_robotica/ros_ws/install/algoritmos/share/algoritmos/hook/ament_prefix_path.ps1'
[0.263s] INFO:colcon.colcon_core.shell:Creating environment descriptor '/home/abril/Documents/PrincipiosRobotica/Prueba/TP_final_robotica/ros_ws/install/algoritmos/share/algoritmos/hook/ament_prefix_path.dsv'
[0.263s] INFO:colcon.colcon_core.shell:Creating environment hook '/home/abril/Documents/PrincipiosRobotica/Prueba/TP_final_robotica/ros_ws/install/algoritmos/share/algoritmos/hook/ament_prefix_path.sh'
[0.264s] INFO:colcon.colcon_core.shell:Skip shell extension 'powershell' for command environment: Not usable outside of PowerShell
[0.264s] DEBUG:colcon.colcon_core.shell:Skip shell extension 'dsv' for command environment
[0.267s] INFO:colcon.colcon_ros.task.ament_cmake.build:Building ROS package in '/home/abril/Documents/PrincipiosRobotica/Prueba/TP_final_robotica/ros_ws/src/custom_msgs' with build type 'ament_cmake'
[0.267s] INFO:colcon.colcon_cmake.task.cmake.build:Building CMake package in '/home/abril/Documents/PrincipiosRobotica/Prueba/TP_final_robotica/ros_ws/src/custom_msgs'
[0.267s] INFO:colcon.colcon_core.shell:Skip shell extension 'powershell' for command environment: Not usable outside of PowerShell
[0.267s] DEBUG:colcon.colcon_core.shell:Skip shell extension 'dsv' for command environment
[0.447s] INFO:colcon.colcon_core.task.python.build:Building Python package in '/home/abril/Documents/PrincipiosRobotica/Prueba/TP_final_robotica/ros_ws/src/algoritmos'
[0.447s] INFO:colcon.colcon_core.shell:Skip shell extension 'powershell' for command environment: Not usable outside of PowerShell
[0.447s] DEBUG:colcon.colcon_core.shell:Skip shell extension 'dsv' for command environment
[0.453s] DEBUG:colcon.colcon_core.event_handler.log_command:Invoking command in '/home/abril/Documents/PrincipiosRobotica/Prueba/TP_final_robotica/ros_ws/build/custom_msgs': CMAKE_PREFIX_PATH=${CMAKE_PREFIX_PATH}:/home/abril/Documents/PrincipiosRobotica/Prueba/TP_final_robotica/ros_ws/install/parteb:/home/abril/Documents/PrincipiosRobotica/Prueba/TP_final_robotica/ros_ws/install/partea:/home/abril/Documents/PrincipiosRobotica/Prueba/TP_final_robotica/ros_ws/install/algoritmos:/home/abril/turtlebot3_ws/install/turtlebot3_teleop:/home/abril/turtlebot3_ws/install/turtlebot3_example:/opt/ros/humble /usr/bin/cmake /home/abril/Documents/PrincipiosRobotica/Prueba/TP_final_robotica/ros_ws/src/custom_msgs -DCMAKE_INSTALL_PREFIX=/home/abril/Documents/PrincipiosRobotica/Prueba/TP_final_robotica/ros_ws/install/custom_msgs
[0.698s] DEBUG:colcon.colcon_core.event_handler.log_command:Invoking command in '/home/abril/Documents/PrincipiosRobotica/Prueba/TP_final_robotica/ros_ws/src/algoritmos': PYTHONPATH=/home/abril/Documents/PrincipiosRobotica/Prueba/TP_final_robotica/ros_ws/build/algoritmos/prefix_override:/usr/lib/python3/dist-packages/colcon_core/task/python/colcon_distutils_commands:/home/abril/Documents/PrincipiosRobotica/Prueba/TP_final_robotica/ros_ws/install/algoritmos/lib/python3.10/site-packages:${PYTHONPATH} /usr/bin/python3 -W ignore:setup.py install is deprecated -W ignore:easy_install command is deprecated setup.py egg_info --egg-base ../../build/algoritmos build --build-base /home/abril/Documents/PrincipiosRobotica/Prueba/TP_final_robotica/ros_ws/build/algoritmos/build install --record /home/abril/Documents/PrincipiosRobotica/Prueba/TP_final_robotica/ros_ws/build/algoritmos/install.log --single-version-externally-managed install_data
[0.920s] DEBUG:colcon.colcon_core.event_handler.log_command:Invoked command in '/home/abril/Documents/PrincipiosRobotica/Prueba/TP_final_robotica/ros_ws/src/algoritmos' returned '0': PYTHONPATH=/home/abril/Documents/PrincipiosRobotica/Prueba/TP_final_robotica/ros_ws/build/algoritmos/prefix_override:/usr/lib/python3/dist-packages/colcon_core/task/python/colcon_distutils_commands:/home/abril/Documents/PrincipiosRobotica/Prueba/TP_final_robotica/ros_ws/install/algoritmos/lib/python3.10/site-packages:${PYTHONPATH} /usr/bin/python3 -W ignore:setup.py install is deprecated -W ignore:easy_install command is deprecated setup.py egg_info --egg-base ../../build/algoritmos build --build-base /home/abril/Documents/PrincipiosRobotica/Prueba/TP_final_robotica/ros_ws/build/algoritmos/build install --record /home/abril/Documents/PrincipiosRobotica/Prueba/TP_final_robotica/ros_ws/build/algoritmos/install.log --single-version-externally-managed install_data
[0.922s] Level 1:colcon.colcon_core.environment:checking '/home/abril/Documents/PrincipiosRobotica/Prueba/TP_final_robotica/ros_ws/install/algoritmos' for CMake module files
[0.922s] Level 1:colcon.colcon_core.environment:checking '/home/abril/Documents/PrincipiosRobotica/Prueba/TP_final_robotica/ros_ws/install/algoritmos' for CMake config files
[0.922s] Level 1:colcon.colcon_core.environment:checking '/home/abril/Documents/PrincipiosRobotica/Prueba/TP_final_robotica/ros_ws/install/algoritmos/lib'
[0.923s] Level 1:colcon.colcon_core.environment:checking '/home/abril/Documents/PrincipiosRobotica/Prueba/TP_final_robotica/ros_ws/install/algoritmos/bin'
[0.923s] Level 1:colcon.colcon_core.environment:checking '/home/abril/Documents/PrincipiosRobotica/Prueba/TP_final_robotica/ros_ws/install/algoritmos/lib/pkgconfig/algoritmos.pc'
[0.923s] Level 1:colcon.colcon_core.environment:checking '/home/abril/Documents/PrincipiosRobotica/Prueba/TP_final_robotica/ros_ws/install/algoritmos/lib/python3.10/site-packages'
[0.923s] Level 1:colcon.colcon_core.shell:create_environment_hook('algoritmos', 'pythonpath')
[0.923s] INFO:colcon.colcon_core.shell:Creating environment hook '/home/abril/Documents/PrincipiosRobotica/Prueba/TP_final_robotica/ros_ws/install/algoritmos/share/algoritmos/hook/pythonpath.ps1'
[0.923s] INFO:colcon.colcon_core.shell:Creating environment descriptor '/home/abril/Documents/PrincipiosRobotica/Prueba/TP_final_robotica/ros_ws/install/algoritmos/share/algoritmos/hook/pythonpath.dsv'
[0.923s] INFO:colcon.colcon_core.shell:Creating environment hook '/home/abril/Documents/PrincipiosRobotica/Prueba/TP_final_robotica/ros_ws/install/algoritmos/share/algoritmos/hook/pythonpath.sh'
[0.924s] Level 1:colcon.colcon_core.environment:checking '/home/abril/Documents/PrincipiosRobotica/Prueba/TP_final_robotica/ros_ws/install/algoritmos/bin'
[0.924s] Level 1:colcon.colcon_core.environment:create_environment_scripts_only(algoritmos)
[0.924s] INFO:colcon.colcon_core.shell:Creating package script '/home/abril/Documents/PrincipiosRobotica/Prueba/TP_final_robotica/ros_ws/install/algoritmos/share/algoritmos/package.ps1'
[0.925s] INFO:colcon.colcon_core.shell:Creating package descriptor '/home/abril/Documents/PrincipiosRobotica/Prueba/TP_final_robotica/ros_ws/install/algoritmos/share/algoritmos/package.dsv'
[0.925s] INFO:colcon.colcon_core.shell:Creating package script '/home/abril/Documents/PrincipiosRobotica/Prueba/TP_final_robotica/ros_ws/install/algoritmos/share/algoritmos/package.sh'
[0.925s] INFO:colcon.colcon_core.shell:Creating package script '/home/abril/Documents/PrincipiosRobotica/Prueba/TP_final_robotica/ros_ws/install/algoritmos/share/algoritmos/package.bash'
[0.926s] INFO:colcon.colcon_core.shell:Creating package script '/home/abril/Documents/PrincipiosRobotica/Prueba/TP_final_robotica/ros_ws/install/algoritmos/share/algoritmos/package.zsh'
[0.926s] Level 1:colcon.colcon_core.environment:create_file_with_runtime_dependencies(/home/abril/Documents/PrincipiosRobotica/Prueba/TP_final_robotica/ros_ws/install/algoritmos/share/colcon-core/packages/algoritmos)
[0.927s] INFO:colcon.colcon_ros.task.ament_python.build:Building ROS package in '/home/abril/Documents/PrincipiosRobotica/Prueba/TP_final_robotica/ros_ws/src/parteb' with build type 'ament_python'
[0.927s] Level 1:colcon.colcon_core.shell:create_environment_hook('parteb', 'ament_prefix_path')
[0.928s] INFO:colcon.colcon_core.shell:Creating environment hook '/home/abril/Documents/PrincipiosRobotica/Prueba/TP_final_robotica/ros_ws/install/parteb/share/parteb/hook/ament_prefix_path.ps1'
[0.928s] INFO:colcon.colcon_core.shell:Creating environment descriptor '/home/abril/Documents/PrincipiosRobotica/Prueba/TP_final_robotica/ros_ws/install/parteb/share/parteb/hook/ament_prefix_path.dsv'
[0.929s] INFO:colcon.colcon_core.shell:Creating environment hook '/home/abril/Documents/PrincipiosRobotica/Prueba/TP_final_robotica/ros_ws/install/parteb/share/parteb/hook/ament_prefix_path.sh'
[0.929s] INFO:colcon.colcon_core.shell:Skip shell extension 'powershell' for command environment: Not usable outside of PowerShell
[0.929s] DEBUG:colcon.colcon_core.shell:Skip shell extension 'dsv' for command environment
[1.126s] INFO:colcon.colcon_core.task.python.build:Building Python package in '/home/abril/Documents/PrincipiosRobotica/Prueba/TP_final_robotica/ros_ws/src/parteb'
[1.126s] INFO:colcon.colcon_core.shell:Skip shell extension 'powershell' for command environment: Not usable outside of PowerShell
[1.126s] DEBUG:colcon.colcon_core.shell:Skip shell extension 'dsv' for command environment
[1.400s] DEBUG:colcon.colcon_core.event_handler.log_command:Invoking command in '/home/abril/Documents/PrincipiosRobotica/Prueba/TP_final_robotica/ros_ws/src/parteb': AMENT_PREFIX_PATH=/home/abril/Documents/PrincipiosRobotica/Prueba/TP_final_robotica/ros_ws/install/algoritmos:/home/abril/Documents/PrincipiosRobotica/Prueba/TP_final_robotica/ros_ws/install/parteb:/home/abril/Documents/PrincipiosRobotica/Prueba/TP_final_robotica/ros_ws/install/partea:/home/abril/turtlebot3_ws/install/turtlebot3:/home/abril/turtlebot3_ws/install/turtlebot3_teleop:/home/abril/turtlebot3_ws/install/turtlebot3_simulations:/home/abril/turtlebot3_ws/install/turtlebot3_bringup:/home/abril/turtlebot3_ws/install/turtlebot3_node:/home/abril/turtlebot3_ws/install/turtlebot3_navigation2:/home/abril/turtlebot3_ws/install/turtlebot3_fake_node:/home/abril/turtlebot3_ws/install/turtlebot3_example:/home/abril/turtlebot3_ws/install/turtlebot3_msgs:/home/abril/turtlebot3_ws/install/turtlebot3_manipulation_gazebo:/home/abril/turtlebot3_ws/install/turtlebot3_gazebo:/home/abril/turtlebot3_ws/install/turtlebot3_description:/home/abril/turtlebot3_ws/install/turtlebot3_cartographer:/home/abril/turtlebot3_ws/install/dynamixel_sdk_examples:/home/abril/turtlebot3_ws/install/dynamixel_sdk_custom_interfaces:/home/abril/turtlebot3_ws/install/dynamixel_sdk:/opt/ros/humble PYTHONPATH=/home/abril/Documents/PrincipiosRobotica/Prueba/TP_final_robotica/ros_ws/build/parteb/prefix_override:/usr/lib/python3/dist-packages/colcon_core/task/python/colcon_distutils_commands:/home/abril/Documents/PrincipiosRobotica/Prueba/TP_final_robotica/ros_ws/install/parteb/lib/python3.10/site-packages:/home/abril/Documents/PrincipiosRobotica/Prueba/TP_final_robotica/ros_ws/install/algoritmos/lib/python3.10/site-packages:/home/lucas/Documents/UDESA/7cuatrimestre/Principios_de_la_Robotica_Autonoma/TPs/TP_final_robotica/ros_ws/build/parteb:/home/abril/Documents/PrincipiosRobotica/Prueba/TP_final_robotica/ros_ws/install/parteb/lib/python3.10/site-packages:/home/lucas/Documents/UDESA/7cuatrimestre/Principios_de_la_Robotica_Autonoma/TPs/TP_final_robotica/ros_ws/build/partea:/home/abril/Documents/PrincipiosRobotica/Prueba/TP_final_robotica/ros_ws/install/partea/lib/python3.10/site-packages:/home/lucas/Documents/UDESA/7cuatrimestre/Principios_de_la_Robotica_Autonoma/TPs/TP_final_robotica/ros_ws/build/algoritmos:/home/abril/turtlebot3_ws/build/turtlebot3_teleop:/home/abril/turtlebot3_ws/install/turtlebot3_teleop/lib/python3.10/site-packages:/home/abril/turtlebot3_ws/build/turtlebot3_example:/home/abril/turtlebot3_ws/install/turtlebot3_example/lib/python3.10/site-packages:/home/abril/turtlebot3_ws/install/turtlebot3_msgs/local/lib/python3.10/dist-packages:/home/abril/turtlebot3_ws/install/dynamixel_sdk_custom_interfaces/local/lib/python3.10/dist-packages:/home/abril/turtlebot3_ws/install/dynamixel_sdk/local/lib/python3.10/dist-packages:/opt/ros/humble/lib/python3.10/site-packages:/opt/ros/humble/local/lib/python3.10/dist-packages /usr/bin/python3 -W ignore:setup.py install is deprecated -W ignore:easy_install command is deprecated setup.py egg_info --egg-base ../../build/parteb build --build-base /home/abril/Documents/PrincipiosRobotica/Prueba/TP_final_robotica/ros_ws/build/parteb/build install --record /home/abril/Documents/PrincipiosRobotica/Prueba/TP_final_robotica/ros_ws/build/parteb/install.log --single-version-externally-managed install_data
[1.614s] Level 1:colcon.colcon_core.environment:checking '/home/abril/Documents/PrincipiosRobotica/Prueba/TP_final_robotica/ros_ws/install/parteb' for CMake module files
[1.614s] DEBUG:colcon.colcon_core.event_handler.log_command:Invoked command in '/home/abril/Documents/PrincipiosRobotica/Prueba/TP_final_robotica/ros_ws/src/parteb' returned '0': AMENT_PREFIX_PATH=/home/abril/Documents/PrincipiosRobotica/Prueba/TP_final_robotica/ros_ws/install/algoritmos:/home/abril/Documents/PrincipiosRobotica/Prueba/TP_final_robotica/ros_ws/install/parteb:/home/abril/Documents/PrincipiosRobotica/Prueba/TP_final_robotica/ros_ws/install/partea:/home/abril/turtlebot3_ws/install/turtlebot3:/home/abril/turtlebot3_ws/install/turtlebot3_teleop:/home/abril/turtlebot3_ws/install/turtlebot3_simulations:/home/abril/turtlebot3_ws/install/turtlebot3_bringup:/home/abril/turtlebot3_ws/install/turtlebot3_node:/home/abril/turtlebot3_ws/install/turtlebot3_navigation2:/home/abril/turtlebot3_ws/install/turtlebot3_fake_node:/home/abril/turtlebot3_ws/install/turtlebot3_example:/home/abril/turtlebot3_ws/install/turtlebot3_msgs:/home/abril/turtlebot3_ws/install/turtlebot3_manipulation_gazebo:/home/abril/turtlebot3_ws/install/turtlebot3_gazebo:/home/abril/turtlebot3_ws/install/turtlebot3_description:/home/abril/turtlebot3_ws/install/turtlebot3_cartographer:/home/abril/turtlebot3_ws/install/dynamixel_sdk_examples:/home/abril/turtlebot3_ws/install/dynamixel_sdk_custom_interfaces:/home/abril/turtlebot3_ws/install/dynamixel_sdk:/opt/ros/humble PYTHONPATH=/home/abril/Documents/PrincipiosRobotica/Prueba/TP_final_robotica/ros_ws/build/parteb/prefix_override:/usr/lib/python3/dist-packages/colcon_core/task/python/colcon_distutils_commands:/home/abril/Documents/PrincipiosRobotica/Prueba/TP_final_robotica/ros_ws/install/parteb/lib/python3.10/site-packages:/home/abril/Documents/PrincipiosRobotica/Prueba/TP_final_robotica/ros_ws/install/algoritmos/lib/python3.10/site-packages:/home/lucas/Documents/UDESA/7cuatrimestre/Principios_de_la_Robotica_Autonoma/TPs/TP_final_robotica/ros_ws/build/parteb:/home/abril/Documents/PrincipiosRobotica/Prueba/TP_final_robotica/ros_ws/install/parteb/lib/python3.10/site-packages:/home/lucas/Documents/UDESA/7cuatrimestre/Principios_de_la_Robotica_Autonoma/TPs/TP_final_robotica/ros_ws/build/partea:/home/abril/Documents/PrincipiosRobotica/Prueba/TP_final_robotica/ros_ws/install/partea/lib/python3.10/site-packages:/home/lucas/Documents/UDESA/7cuatrimestre/Principios_de_la_Robotica_Autonoma/TPs/TP_final_robotica/ros_ws/build/algoritmos:/home/abril/turtlebot3_ws/build/turtlebot3_teleop:/home/abril/turtlebot3_ws/install/turtlebot3_teleop/lib/python3.10/site-packages:/home/abril/turtlebot3_ws/build/turtlebot3_example:/home/abril/turtlebot3_ws/install/turtlebot3_example/lib/python3.10/site-packages:/home/abril/turtlebot3_ws/install/turtlebot3_msgs/local/lib/python3.10/dist-packages:/home/abril/turtlebot3_ws/install/dynamixel_sdk_custom_interfaces/local/lib/python3.10/dist-packages:/home/abril/turtlebot3_ws/install/dynamixel_sdk/local/lib/python3.10/dist-packages:/opt/ros/humble/lib/python3.10/site-packages:/opt/ros/humble/local/lib/python3.10/dist-packages /usr/bin/python3 -W ignore:setup.py install is deprecated -W ignore:easy_install command is deprecated setup.py egg_info --egg-base ../../build/parteb build --build-base /home/abril/Documents/PrincipiosRobotica/Prueba/TP_final_robotica/ros_ws/build/parteb/build install --record /home/abril/Documents/PrincipiosRobotica/Prueba/TP_final_robotica/ros_ws/build/parteb/install.log --single-version-externally-managed install_data
[1.614s] Level 1:colcon.colcon_core.environment:checking '/home/abril/Documents/PrincipiosRobotica/Prueba/TP_final_robotica/ros_ws/install/parteb' for CMake config files
[1.615s] Level 1:colcon.colcon_core.environment:checking '/home/abril/Documents/PrincipiosRobotica/Prueba/TP_final_robotica/ros_ws/install/parteb/lib'
[1.615s] Level 1:colcon.colcon_core.environment:checking '/home/abril/Documents/PrincipiosRobotica/Prueba/TP_final_robotica/ros_ws/install/parteb/bin'
[1.615s] Level 1:colcon.colcon_core.environment:checking '/home/abril/Documents/PrincipiosRobotica/Prueba/TP_final_robotica/ros_ws/install/parteb/lib/pkgconfig/parteb.pc'
[1.615s] Level 1:colcon.colcon_core.environment:checking '/home/abril/Documents/PrincipiosRobotica/Prueba/TP_final_robotica/ros_ws/install/parteb/lib/python3.10/site-packages'
[1.615s] Level 1:colcon.colcon_core.shell:create_environment_hook('parteb', 'pythonpath')
[1.616s] INFO:colcon.colcon_core.shell:Creating environment hook '/home/abril/Documents/PrincipiosRobotica/Prueba/TP_final_robotica/ros_ws/install/parteb/share/parteb/hook/pythonpath.ps1'
[1.616s] INFO:colcon.colcon_core.shell:Creating environment descriptor '/home/abril/Documents/PrincipiosRobotica/Prueba/TP_final_robotica/ros_ws/install/parteb/share/parteb/hook/pythonpath.dsv'
[1.616s] INFO:colcon.colcon_core.shell:Creating environment hook '/home/abril/Documents/PrincipiosRobotica/Prueba/TP_final_robotica/ros_ws/install/parteb/share/parteb/hook/pythonpath.sh'
[1.617s] Level 1:colcon.colcon_core.environment:checking '/home/abril/Documents/PrincipiosRobotica/Prueba/TP_final_robotica/ros_ws/install/parteb/bin'
[1.617s] Level 1:colcon.colcon_core.environment:create_environment_scripts_only(parteb)
[1.618s] INFO:colcon.colcon_core.shell:Creating package script '/home/abril/Documents/PrincipiosRobotica/Prueba/TP_final_robotica/ros_ws/install/parteb/share/parteb/package.ps1'
[1.618s] INFO:colcon.colcon_core.shell:Creating package descriptor '/home/abril/Documents/PrincipiosRobotica/Prueba/TP_final_robotica/ros_ws/install/parteb/share/parteb/package.dsv'
[1.618s] INFO:colcon.colcon_core.shell:Creating package script '/home/abril/Documents/PrincipiosRobotica/Prueba/TP_final_robotica/ros_ws/install/parteb/share/parteb/package.sh'
[1.619s] INFO:colcon.colcon_core.shell:Creating package script '/home/abril/Documents/PrincipiosRobotica/Prueba/TP_final_robotica/ros_ws/install/parteb/share/parteb/package.bash'
[1.619s] INFO:colcon.colcon_core.shell:Creating package script '/home/abril/Documents/PrincipiosRobotica/Prueba/TP_final_robotica/ros_ws/install/parteb/share/parteb/package.zsh'
[1.619s] Level 1:colcon.colcon_core.environment:create_file_with_runtime_dependencies(/home/abril/Documents/PrincipiosRobotica/Prueba/TP_final_robotica/ros_ws/install/parteb/share/colcon-core/packages/parteb)
[1.620s] INFO:colcon.colcon_ros.task.ament_python.build:Building ROS package in '/home/abril/Documents/PrincipiosRobotica/Prueba/TP_final_robotica/ros_ws/src/partec' with build type 'ament_python'
[1.620s] Level 1:colcon.colcon_core.shell:create_environment_hook('partec', 'ament_prefix_path')
[1.620s] INFO:colcon.colcon_core.shell:Creating environment hook '/home/abril/Documents/PrincipiosRobotica/Prueba/TP_final_robotica/ros_ws/install/partec/share/partec/hook/ament_prefix_path.ps1'
[1.621s] INFO:colcon.colcon_core.shell:Creating environment descriptor '/home/abril/Documents/PrincipiosRobotica/Prueba/TP_final_robotica/ros_ws/install/partec/share/partec/hook/ament_prefix_path.dsv'
[1.621s] INFO:colcon.colcon_core.shell:Creating environment hook '/home/abril/Documents/PrincipiosRobotica/Prueba/TP_final_robotica/ros_ws/install/partec/share/partec/hook/ament_prefix_path.sh'
[1.622s] INFO:colcon.colcon_core.shell:Skip shell extension 'powershell' for command environment: Not usable outside of PowerShell
[1.622s] DEBUG:colcon.colcon_core.shell:Skip shell extension 'dsv' for command environment
[1.806s] INFO:colcon.colcon_core.task.python.build:Building Python package in '/home/abril/Documents/PrincipiosRobotica/Prueba/TP_final_robotica/ros_ws/src/partec'
[1.806s] INFO:colcon.colcon_core.shell:Skip shell extension 'powershell' for command environment: Not usable outside of PowerShell
[1.806s] DEBUG:colcon.colcon_core.shell:Skip shell extension 'dsv' for command environment
[2.075s] DEBUG:colcon.colcon_core.event_handler.log_command:Invoked command in '/home/abril/Documents/PrincipiosRobotica/Prueba/TP_final_robotica/ros_ws/build/custom_msgs' returned '0': CMAKE_PREFIX_PATH=${CMAKE_PREFIX_PATH}:/home/abril/Documents/PrincipiosRobotica/Prueba/TP_final_robotica/ros_ws/install/parteb:/home/abril/Documents/PrincipiosRobotica/Prueba/TP_final_robotica/ros_ws/install/partea:/home/abril/Documents/PrincipiosRobotica/Prueba/TP_final_robotica/ros_ws/install/algoritmos:/home/abril/turtlebot3_ws/install/turtlebot3_teleop:/home/abril/turtlebot3_ws/install/turtlebot3_example:/opt/ros/humble /usr/bin/cmake /home/abril/Documents/PrincipiosRobotica/Prueba/TP_final_robotica/ros_ws/src/custom_msgs -DCMAKE_INSTALL_PREFIX=/home/abril/Documents/PrincipiosRobotica/Prueba/TP_final_robotica/ros_ws/install/custom_msgs
[2.078s] DEBUG:colcon.colcon_core.event_handler.log_command:Invoking command in '/home/abril/Documents/PrincipiosRobotica/Prueba/TP_final_robotica/ros_ws/build/custom_msgs': CMAKE_PREFIX_PATH=${CMAKE_PREFIX_PATH}:/home/abril/Documents/PrincipiosRobotica/Prueba/TP_final_robotica/ros_ws/install/parteb:/home/abril/Documents/PrincipiosRobotica/Prueba/TP_final_robotica/ros_ws/install/partea:/home/abril/Documents/PrincipiosRobotica/Prueba/TP_final_robotica/ros_ws/install/algoritmos:/home/abril/turtlebot3_ws/install/turtlebot3_teleop:/home/abril/turtlebot3_ws/install/turtlebot3_example:/opt/ros/humble /usr/bin/cmake --build /home/abril/Documents/PrincipiosRobotica/Prueba/TP_final_robotica/ros_ws/build/custom_msgs -- -j8 -l8
[2.092s] DEBUG:colcon.colcon_core.event_handler.log_command:Invoking command in '/home/abril/Documents/PrincipiosRobotica/Prueba/TP_final_robotica/ros_ws/src/partec': AMENT_PREFIX_PATH=/home/abril/Documents/PrincipiosRobotica/Prueba/TP_final_robotica/ros_ws/install/parteb:/home/abril/Documents/PrincipiosRobotica/Prueba/TP_final_robotica/ros_ws/install/algoritmos:/home/abril/Documents/PrincipiosRobotica/Prueba/TP_final_robotica/ros_ws/install/partea:/home/abril/turtlebot3_ws/install/turtlebot3:/home/abril/turtlebot3_ws/install/turtlebot3_teleop:/home/abril/turtlebot3_ws/install/turtlebot3_simulations:/home/abril/turtlebot3_ws/install/turtlebot3_bringup:/home/abril/turtlebot3_ws/install/turtlebot3_node:/home/abril/turtlebot3_ws/install/turtlebot3_navigation2:/home/abril/turtlebot3_ws/install/turtlebot3_fake_node:/home/abril/turtlebot3_ws/install/turtlebot3_example:/home/abril/turtlebot3_ws/install/turtlebot3_msgs:/home/abril/turtlebot3_ws/install/turtlebot3_manipulation_gazebo:/home/abril/turtlebot3_ws/install/turtlebot3_gazebo:/home/abril/turtlebot3_ws/install/turtlebot3_description:/home/abril/turtlebot3_ws/install/turtlebot3_cartographer:/home/abril/turtlebot3_ws/install/dynamixel_sdk_examples:/home/abril/turtlebot3_ws/install/dynamixel_sdk_custom_interfaces:/home/abril/turtlebot3_ws/install/dynamixel_sdk:/opt/ros/humble PYTHONPATH=/home/abril/Documents/PrincipiosRobotica/Prueba/TP_final_robotica/ros_ws/build/partec/prefix_override:/usr/lib/python3/dist-packages/colcon_core/task/python/colcon_distutils_commands:/home/abril/Documents/PrincipiosRobotica/Prueba/TP_final_robotica/ros_ws/install/partec/lib/python3.10/site-packages:/home/abril/Documents/PrincipiosRobotica/Prueba/TP_final_robotica/ros_ws/install/parteb/lib/python3.10/site-packages:/home/abril/Documents/PrincipiosRobotica/Prueba/TP_final_robotica/ros_ws/install/algoritmos/lib/python3.10/site-packages:/home/lucas/Documents/UDESA/7cuatrimestre/Principios_de_la_Robotica_Autonoma/TPs/TP_final_robotica/ros_ws/build/parteb:/home/lucas/Documents/UDESA/7cuatrimestre/Principios_de_la_Robotica_Autonoma/TPs/TP_final_robotica/ros_ws/build/partea:/home/abril/Documents/PrincipiosRobotica/Prueba/TP_final_robotica/ros_ws/install/partea/lib/python3.10/site-packages:/home/lucas/Documents/UDESA/7cuatrimestre/Principios_de_la_Robotica_Autonoma/TPs/TP_final_robotica/ros_ws/build/algoritmos:/home/abril/turtlebot3_ws/build/turtlebot3_teleop:/home/abril/turtlebot3_ws/install/turtlebot3_teleop/lib/python3.10/site-packages:/home/abril/turtlebot3_ws/build/turtlebot3_example:/home/abril/turtlebot3_ws/install/turtlebot3_example/lib/python3.10/site-packages:/home/abril/turtlebot3_ws/install/turtlebot3_msgs/local/lib/python3.10/dist-packages:/home/abril/turtlebot3_ws/install/dynamixel_sdk_custom_interfaces/local/lib/python3.10/dist-packages:/home/abril/turtlebot3_ws/install/dynamixel_sdk/local/lib/python3.10/dist-packages:/opt/ros/humble/lib/python3.10/site-packages:/opt/ros/humble/local/lib/python3.10/dist-packages /usr/bin/python3 -W ignore:setup.py install is deprecated -W ignore:easy_install command is deprecated setup.py egg_info --egg-base ../../build/partec build --build-base /home/abril/Documents/PrincipiosRobotica/Prueba/TP_final_robotica/ros_ws/build/partec/build install --record /home/abril/Documents/PrincipiosRobotica/Prueba/TP_final_robotica/ros_ws/build/partec/install.log --single-version-externally-managed install_data
[2.331s] Level 1:colcon.colcon_core.environment:checking '/home/abril/Documents/PrincipiosRobotica/Prueba/TP_final_robotica/ros_ws/install/partec' for CMake module files
[2.332s] DEBUG:colcon.colcon_core.event_handler.log_command:Invoked command in '/home/abril/Documents/PrincipiosRobotica/Prueba/TP_final_robotica/ros_ws/src/partec' returned '0': AMENT_PREFIX_PATH=/home/abril/Documents/PrincipiosRobotica/Prueba/TP_final_robotica/ros_ws/install/parteb:/home/abril/Documents/PrincipiosRobotica/Prueba/TP_final_robotica/ros_ws/install/algoritmos:/home/abril/Documents/PrincipiosRobotica/Prueba/TP_final_robotica/ros_ws/install/partea:/home/abril/turtlebot3_ws/install/turtlebot3:/home/abril/turtlebot3_ws/install/turtlebot3_teleop:/home/abril/turtlebot3_ws/install/turtlebot3_simulations:/home/abril/turtlebot3_ws/install/turtlebot3_bringup:/home/abril/turtlebot3_ws/install/turtlebot3_node:/home/abril/turtlebot3_ws/install/turtlebot3_navigation2:/home/abril/turtlebot3_ws/install/turtlebot3_fake_node:/home/abril/turtlebot3_ws/install/turtlebot3_example:/home/abril/turtlebot3_ws/install/turtlebot3_msgs:/home/abril/turtlebot3_ws/install/turtlebot3_manipulation_gazebo:/home/abril/turtlebot3_ws/install/turtlebot3_gazebo:/home/abril/turtlebot3_ws/install/turtlebot3_description:/home/abril/turtlebot3_ws/install/turtlebot3_cartographer:/home/abril/turtlebot3_ws/install/dynamixel_sdk_examples:/home/abril/turtlebot3_ws/install/dynamixel_sdk_custom_interfaces:/home/abril/turtlebot3_ws/install/dynamixel_sdk:/opt/ros/humble PYTHONPATH=/home/abril/Documents/PrincipiosRobotica/Prueba/TP_final_robotica/ros_ws/build/partec/prefix_override:/usr/lib/python3/dist-packages/colcon_core/task/python/colcon_distutils_commands:/home/abril/Documents/PrincipiosRobotica/Prueba/TP_final_robotica/ros_ws/install/partec/lib/python3.10/site-packages:/home/abril/Documents/PrincipiosRobotica/Prueba/TP_final_robotica/ros_ws/install/parteb/lib/python3.10/site-packages:/home/abril/Documents/PrincipiosRobotica/Prueba/TP_final_robotica/ros_ws/install/algoritmos/lib/python3.10/site-packages:/home/lucas/Documents/UDESA/7cuatrimestre/Principios_de_la_Robotica_Autonoma/TPs/TP_final_robotica/ros_ws/build/parteb:/home/lucas/Documents/UDESA/7cuatrimestre/Principios_de_la_Robotica_Autonoma/TPs/TP_final_robotica/ros_ws/build/partea:/home/abril/Documents/PrincipiosRobotica/Prueba/TP_final_robotica/ros_ws/install/partea/lib/python3.10/site-packages:/home/lucas/Documents/UDESA/7cuatrimestre/Principios_de_la_Robotica_Autonoma/TPs/TP_final_robotica/ros_ws/build/algoritmos:/home/abril/turtlebot3_ws/build/turtlebot3_teleop:/home/abril/turtlebot3_ws/install/turtlebot3_teleop/lib/python3.10/site-packages:/home/abril/turtlebot3_ws/build/turtlebot3_example:/home/abril/turtlebot3_ws/install/turtlebot3_example/lib/python3.10/site-packages:/home/abril/turtlebot3_ws/install/turtlebot3_msgs/local/lib/python3.10/dist-packages:/home/abril/turtlebot3_ws/install/dynamixel_sdk_custom_interfaces/local/lib/python3.10/dist-packages:/home/abril/turtlebot3_ws/install/dynamixel_sdk/local/lib/python3.10/dist-packages:/opt/ros/humble/lib/python3.10/site-packages:/opt/ros/humble/local/lib/python3.10/dist-packages /usr/bin/python3 -W ignore:setup.py install is deprecated -W ignore:easy_install command is deprecated setup.py egg_info --egg-base ../../build/partec build --build-base /home/abril/Documents/PrincipiosRobotica/Prueba/TP_final_robotica/ros_ws/build/partec/build install --record /home/abril/Documents/PrincipiosRobotica/Prueba/TP_final_robotica/ros_ws/build/partec/install.log --single-version-externally-managed install_data
[2.332s] Level 1:colcon.colcon_core.environment:checking '/home/abril/Documents/PrincipiosRobotica/Prueba/TP_final_robotica/ros_ws/install/partec' for CMake config files
[2.333s] Level 1:colcon.colcon_core.environment:checking '/home/abril/Documents/PrincipiosRobotica/Prueba/TP_final_robotica/ros_ws/install/partec/lib'
[2.333s] Level 1:colcon.colcon_core.environment:checking '/home/abril/Documents/PrincipiosRobotica/Prueba/TP_final_robotica/ros_ws/install/partec/bin'
[2.333s] Level 1:colcon.colcon_core.environment:checking '/home/abril/Documents/PrincipiosRobotica/Prueba/TP_final_robotica/ros_ws/install/partec/lib/pkgconfig/partec.pc'
[2.333s] Level 1:colcon.colcon_core.environment:checking '/home/abril/Documents/PrincipiosRobotica/Prueba/TP_final_robotica/ros_ws/install/partec/lib/python3.10/site-packages'
[2.333s] Level 1:colcon.colcon_core.shell:create_environment_hook('partec', 'pythonpath')
[2.333s] INFO:colcon.colcon_core.shell:Creating environment hook '/home/abril/Documents/PrincipiosRobotica/Prueba/TP_final_robotica/ros_ws/install/partec/share/partec/hook/pythonpath.ps1'
[2.334s] INFO:colcon.colcon_core.shell:Creating environment descriptor '/home/abril/Documents/PrincipiosRobotica/Prueba/TP_final_robotica/ros_ws/install/partec/share/partec/hook/pythonpath.dsv'
[2.334s] INFO:colcon.colcon_core.shell:Creating environment hook '/home/abril/Documents/PrincipiosRobotica/Prueba/TP_final_robotica/ros_ws/install/partec/share/partec/hook/pythonpath.sh'
[2.334s] Level 1:colcon.colcon_core.environment:checking '/home/abril/Documents/PrincipiosRobotica/Prueba/TP_final_robotica/ros_ws/install/partec/bin'
[2.335s] Level 1:colcon.colcon_core.environment:create_environment_scripts_only(partec)
[2.335s] INFO:colcon.colcon_core.shell:Creating package script '/home/abril/Documents/PrincipiosRobotica/Prueba/TP_final_robotica/ros_ws/install/partec/share/partec/package.ps1'
[2.335s] INFO:colcon.colcon_core.shell:Creating package descriptor '/home/abril/Documents/PrincipiosRobotica/Prueba/TP_final_robotica/ros_ws/install/partec/share/partec/package.dsv'
[2.335s] INFO:colcon.colcon_core.shell:Creating package script '/home/abril/Documents/PrincipiosRobotica/Prueba/TP_final_robotica/ros_ws/install/partec/share/partec/package.sh'
[2.336s] INFO:colcon.colcon_core.shell:Creating package script '/home/abril/Documents/PrincipiosRobotica/Prueba/TP_final_robotica/ros_ws/install/partec/share/partec/package.bash'
[2.336s] INFO:colcon.colcon_core.shell:Creating package script '/home/abril/Documents/PrincipiosRobotica/Prueba/TP_final_robotica/ros_ws/install/partec/share/partec/package.zsh'
[2.336s] Level 1:colcon.colcon_core.environment:create_file_with_runtime_dependencies(/home/abril/Documents/PrincipiosRobotica/Prueba/TP_final_robotica/ros_ws/install/partec/share/colcon-core/packages/partec)
[4.109s] DEBUG:colcon.colcon_core.event_handler.log_command:Invoked command in '/home/abril/Documents/PrincipiosRobotica/Prueba/TP_final_robotica/ros_ws/build/custom_msgs' returned '0': CMAKE_PREFIX_PATH=${CMAKE_PREFIX_PATH}:/home/abril/Documents/PrincipiosRobotica/Prueba/TP_final_robotica/ros_ws/install/parteb:/home/abril/Documents/PrincipiosRobotica/Prueba/TP_final_robotica/ros_ws/install/partea:/home/abril/Documents/PrincipiosRobotica/Prueba/TP_final_robotica/ros_ws/install/algoritmos:/home/abril/turtlebot3_ws/install/turtlebot3_teleop:/home/abril/turtlebot3_ws/install/turtlebot3_example:/opt/ros/humble /usr/bin/cmake --build /home/abril/Documents/PrincipiosRobotica/Prueba/TP_final_robotica/ros_ws/build/custom_msgs -- -j8 -l8
[4.118s] DEBUG:colcon.colcon_core.event_handler.log_command:Invoking command in '/home/abril/Documents/PrincipiosRobotica/Prueba/TP_final_robotica/ros_ws/build/custom_msgs': CMAKE_PREFIX_PATH=${CMAKE_PREFIX_PATH}:/home/abril/Documents/PrincipiosRobotica/Prueba/TP_final_robotica/ros_ws/install/parteb:/home/abril/Documents/PrincipiosRobotica/Prueba/TP_final_robotica/ros_ws/install/partea:/home/abril/Documents/PrincipiosRobotica/Prueba/TP_final_robotica/ros_ws/install/algoritmos:/home/abril/turtlebot3_ws/install/turtlebot3_teleop:/home/abril/turtlebot3_ws/install/turtlebot3_example:/opt/ros/humble /usr/bin/cmake --install /home/abril/Documents/PrincipiosRobotica/Prueba/TP_final_robotica/ros_ws/build/custom_msgs
[4.170s] Level 1:colcon.colcon_core.environment:create_environment_scripts_only(custom_msgs)
[4.170s] Level 1:colcon.colcon_core.environment:checking '/home/abril/Documents/PrincipiosRobotica/Prueba/TP_final_robotica/ros_ws/install/custom_msgs' for CMake module files
[4.170s] DEBUG:colcon.colcon_core.event_handler.log_command:Invoked command in '/home/abril/Documents/PrincipiosRobotica/Prueba/TP_final_robotica/ros_ws/build/custom_msgs' returned '0': CMAKE_PREFIX_PATH=${CMAKE_PREFIX_PATH}:/home/abril/Documents/PrincipiosRobotica/Prueba/TP_final_robotica/ros_ws/install/parteb:/home/abril/Documents/PrincipiosRobotica/Prueba/TP_final_robotica/ros_ws/install/partea:/home/abril/Documents/PrincipiosRobotica/Prueba/TP_final_robotica/ros_ws/install/algoritmos:/home/abril/turtlebot3_ws/install/turtlebot3_teleop:/home/abril/turtlebot3_ws/install/turtlebot3_example:/opt/ros/humble /usr/bin/cmake --install /home/abril/Documents/PrincipiosRobotica/Prueba/TP_final_robotica/ros_ws/build/custom_msgs
[4.171s] Level 1:colcon.colcon_core.environment:checking '/home/abril/Documents/PrincipiosRobotica/Prueba/TP_final_robotica/ros_ws/install/custom_msgs' for CMake config files
[4.171s] Level 1:colcon.colcon_core.shell:create_environment_hook('custom_msgs', 'cmake_prefix_path')
[4.171s] INFO:colcon.colcon_core.shell:Creating environment hook '/home/abril/Documents/PrincipiosRobotica/Prueba/TP_final_robotica/ros_ws/install/custom_msgs/share/custom_msgs/hook/cmake_prefix_path.ps1'
[4.172s] INFO:colcon.colcon_core.shell:Creating environment descriptor '/home/abril/Documents/PrincipiosRobotica/Prueba/TP_final_robotica/ros_ws/install/custom_msgs/share/custom_msgs/hook/cmake_prefix_path.dsv'
[4.172s] INFO:colcon.colcon_core.shell:Creating environment hook '/home/abril/Documents/PrincipiosRobotica/Prueba/TP_final_robotica/ros_ws/install/custom_msgs/share/custom_msgs/hook/cmake_prefix_path.sh'
[4.173s] Level 1:colcon.colcon_core.environment:checking '/home/abril/Documents/PrincipiosRobotica/Prueba/TP_final_robotica/ros_ws/install/custom_msgs/lib'
[4.173s] Level 1:colcon.colcon_core.shell:create_environment_hook('custom_msgs', 'ld_library_path_lib')
[4.173s] INFO:colcon.colcon_core.shell:Creating environment hook '/home/abril/Documents/PrincipiosRobotica/Prueba/TP_final_robotica/ros_ws/install/custom_msgs/share/custom_msgs/hook/ld_library_path_lib.ps1'
[4.174s] INFO:colcon.colcon_core.shell:Creating environment descriptor '/home/abril/Documents/PrincipiosRobotica/Prueba/TP_final_robotica/ros_ws/install/custom_msgs/share/custom_msgs/hook/ld_library_path_lib.dsv'
[4.174s] INFO:colcon.colcon_core.shell:Creating environment hook '/home/abril/Documents/PrincipiosRobotica/Prueba/TP_final_robotica/ros_ws/install/custom_msgs/share/custom_msgs/hook/ld_library_path_lib.sh'
[4.174s] Level 1:colcon.colcon_core.environment:checking '/home/abril/Documents/PrincipiosRobotica/Prueba/TP_final_robotica/ros_ws/install/custom_msgs/bin'
[4.174s] Level 1:colcon.colcon_core.environment:checking '/home/abril/Documents/PrincipiosRobotica/Prueba/TP_final_robotica/ros_ws/install/custom_msgs/lib/pkgconfig/custom_msgs.pc'
[4.174s] Level 1:colcon.colcon_core.environment:checking '/home/abril/Documents/PrincipiosRobotica/Prueba/TP_final_robotica/ros_ws/install/custom_msgs/lib/python3.10/site-packages'
[4.174s] Level 1:colcon.colcon_core.environment:checking '/home/abril/Documents/PrincipiosRobotica/Prueba/TP_final_robotica/ros_ws/install/custom_msgs/bin'
[4.175s] INFO:colcon.colcon_core.shell:Creating package script '/home/abril/Documents/PrincipiosRobotica/Prueba/TP_final_robotica/ros_ws/install/custom_msgs/share/custom_msgs/package.ps1'
[4.175s] INFO:colcon.colcon_core.shell:Creating package descriptor '/home/abril/Documents/PrincipiosRobotica/Prueba/TP_final_robotica/ros_ws/install/custom_msgs/share/custom_msgs/package.dsv'
[4.175s] INFO:colcon.colcon_core.shell:Creating package script '/home/abril/Documents/PrincipiosRobotica/Prueba/TP_final_robotica/ros_ws/install/custom_msgs/share/custom_msgs/package.sh'
[4.176s] INFO:colcon.colcon_core.shell:Creating package script '/home/abril/Documents/PrincipiosRobotica/Prueba/TP_final_robotica/ros_ws/install/custom_msgs/share/custom_msgs/package.bash'
[4.176s] INFO:colcon.colcon_core.shell:Creating package script '/home/abril/Documents/PrincipiosRobotica/Prueba/TP_final_robotica/ros_ws/install/custom_msgs/share/custom_msgs/package.zsh'
[4.176s] Level 1:colcon.colcon_core.environment:create_file_with_runtime_dependencies(/home/abril/Documents/PrincipiosRobotica/Prueba/TP_final_robotica/ros_ws/install/custom_msgs/share/colcon-core/packages/custom_msgs)
[4.177s] Level 1:colcon.colcon_core.environment:create_environment_scripts_only(custom_msgs)
[4.177s] Level 1:colcon.colcon_core.environment:checking '/home/abril/Documents/PrincipiosRobotica/Prueba/TP_final_robotica/ros_ws/install/custom_msgs' for CMake module files
[4.177s] Level 1:colcon.colcon_core.environment:checking '/home/abril/Documents/PrincipiosRobotica/Prueba/TP_final_robotica/ros_ws/install/custom_msgs' for CMake config files
[4.178s] Level 1:colcon.colcon_core.shell:create_environment_hook('custom_msgs', 'cmake_prefix_path')
[4.178s] INFO:colcon.colcon_core.shell:Creating environment hook '/home/abril/Documents/PrincipiosRobotica/Prueba/TP_final_robotica/ros_ws/install/custom_msgs/share/custom_msgs/hook/cmake_prefix_path.ps1'
[4.178s] INFO:colcon.colcon_core.shell:Creating environment descriptor '/home/abril/Documents/PrincipiosRobotica/Prueba/TP_final_robotica/ros_ws/install/custom_msgs/share/custom_msgs/hook/cmake_prefix_path.dsv'
[4.178s] INFO:colcon.colcon_core.shell:Creating environment hook '/home/abril/Documents/PrincipiosRobotica/Prueba/TP_final_robotica/ros_ws/install/custom_msgs/share/custom_msgs/hook/cmake_prefix_path.sh'
[4.178s] Level 1:colcon.colcon_core.environment:checking '/home/abril/Documents/PrincipiosRobotica/Prueba/TP_final_robotica/ros_ws/install/custom_msgs/lib'
[4.178s] Level 1:colcon.colcon_core.shell:create_environment_hook('custom_msgs', 'ld_library_path_lib')
[4.179s] INFO:colcon.colcon_core.shell:Creating environment hook '/home/abril/Documents/PrincipiosRobotica/Prueba/TP_final_robotica/ros_ws/install/custom_msgs/share/custom_msgs/hook/ld_library_path_lib.ps1'
[4.179s] INFO:colcon.colcon_core.shell:Creating environment descriptor '/home/abril/Documents/PrincipiosRobotica/Prueba/TP_final_robotica/ros_ws/install/custom_msgs/share/custom_msgs/hook/ld_library_path_lib.dsv'
[4.179s] INFO:colcon.colcon_core.shell:Creating environment hook '/home/abril/Documents/PrincipiosRobotica/Prueba/TP_final_robotica/ros_ws/install/custom_msgs/share/custom_msgs/hook/ld_library_path_lib.sh'
[4.179s] Level 1:colcon.colcon_core.environment:checking '/home/abril/Documents/PrincipiosRobotica/Prueba/TP_final_robotica/ros_ws/install/custom_msgs/bin'
[4.179s] Level 1:colcon.colcon_core.environment:checking '/home/abril/Documents/PrincipiosRobotica/Prueba/TP_final_robotica/ros_ws/install/custom_msgs/lib/pkgconfig/custom_msgs.pc'
[4.179s] Level 1:colcon.colcon_core.environment:checking '/home/abril/Documents/PrincipiosRobotica/Prueba/TP_final_robotica/ros_ws/install/custom_msgs/lib/python3.10/site-packages'
[4.180s] Level 1:colcon.colcon_core.environment:checking '/home/abril/Documents/PrincipiosRobotica/Prueba/TP_final_robotica/ros_ws/install/custom_msgs/bin'
[4.180s] INFO:colcon.colcon_core.shell:Creating package script '/home/abril/Documents/PrincipiosRobotica/Prueba/TP_final_robotica/ros_ws/install/custom_msgs/share/custom_msgs/package.ps1'
[4.180s] INFO:colcon.colcon_core.shell:Creating package descriptor '/home/abril/Documents/PrincipiosRobotica/Prueba/TP_final_robotica/ros_ws/install/custom_msgs/share/custom_msgs/package.dsv'
[4.180s] INFO:colcon.colcon_core.shell:Creating package script '/home/abril/Documents/PrincipiosRobotica/Prueba/TP_final_robotica/ros_ws/install/custom_msgs/share/custom_msgs/package.sh'
[4.181s] INFO:colcon.colcon_core.shell:Creating package script '/home/abril/Documents/PrincipiosRobotica/Prueba/TP_final_robotica/ros_ws/install/custom_msgs/share/custom_msgs/package.bash'
[4.181s] INFO:colcon.colcon_core.shell:Creating package script '/home/abril/Documents/PrincipiosRobotica/Prueba/TP_final_robotica/ros_ws/install/custom_msgs/share/custom_msgs/package.zsh'
[4.181s] Level 1:colcon.colcon_core.environment:create_file_with_runtime_dependencies(/home/abril/Documents/PrincipiosRobotica/Prueba/TP_final_robotica/ros_ws/install/custom_msgs/share/colcon-core/packages/custom_msgs)
[4.181s] INFO:colcon.colcon_ros.task.ament_python.build:Building ROS package in '/home/abril/Documents/PrincipiosRobotica/Prueba/TP_final_robotica/ros_ws/src/partea' with build type 'ament_python'
[4.181s] Level 1:colcon.colcon_core.shell:create_environment_hook('partea', 'ament_prefix_path')
[4.182s] INFO:colcon.colcon_core.shell:Creating environment hook '/home/abril/Documents/PrincipiosRobotica/Prueba/TP_final_robotica/ros_ws/install/partea/share/partea/hook/ament_prefix_path.ps1'
[4.182s] INFO:colcon.colcon_core.shell:Creating environment descriptor '/home/abril/Documents/PrincipiosRobotica/Prueba/TP_final_robotica/ros_ws/install/partea/share/partea/hook/ament_prefix_path.dsv'
[4.182s] INFO:colcon.colcon_core.shell:Creating environment hook '/home/abril/Documents/PrincipiosRobotica/Prueba/TP_final_robotica/ros_ws/install/partea/share/partea/hook/ament_prefix_path.sh'
[4.183s] INFO:colcon.colcon_core.shell:Skip shell extension 'powershell' for command environment: Not usable outside of PowerShell
[4.183s] DEBUG:colcon.colcon_core.shell:Skip shell extension 'dsv' for command environment
[4.380s] INFO:colcon.colcon_core.task.python.build:Building Python package in '/home/abril/Documents/PrincipiosRobotica/Prueba/TP_final_robotica/ros_ws/src/partea'
[4.380s] INFO:colcon.colcon_core.shell:Skip shell extension 'powershell' for command environment: Not usable outside of PowerShell
[4.380s] DEBUG:colcon.colcon_core.shell:Skip shell extension 'dsv' for command environment
[4.630s] DEBUG:colcon.colcon_core.event_handler.log_command:Invoking command in '/home/abril/Documents/PrincipiosRobotica/Prueba/TP_final_robotica/ros_ws/src/partea': AMENT_PREFIX_PATH=/home/abril/Documents/PrincipiosRobotica/Prueba/TP_final_robotica/ros_ws/install/custom_msgs:/home/abril/Documents/PrincipiosRobotica/Prueba/TP_final_robotica/ros_ws/install/algoritmos:/home/abril/Documents/PrincipiosRobotica/Prueba/TP_final_robotica/ros_ws/install/parteb:/home/abril/Documents/PrincipiosRobotica/Prueba/TP_final_robotica/ros_ws/install/partea:/home/abril/turtlebot3_ws/install/turtlebot3:/home/abril/turtlebot3_ws/install/turtlebot3_teleop:/home/abril/turtlebot3_ws/install/turtlebot3_simulations:/home/abril/turtlebot3_ws/install/turtlebot3_bringup:/home/abril/turtlebot3_ws/install/turtlebot3_node:/home/abril/turtlebot3_ws/install/turtlebot3_navigation2:/home/abril/turtlebot3_ws/install/turtlebot3_fake_node:/home/abril/turtlebot3_ws/install/turtlebot3_example:/home/abril/turtlebot3_ws/install/turtlebot3_msgs:/home/abril/turtlebot3_ws/install/turtlebot3_manipulation_gazebo:/home/abril/turtlebot3_ws/install/turtlebot3_gazebo:/home/abril/turtlebot3_ws/install/turtlebot3_description:/home/abril/turtlebot3_ws/install/turtlebot3_cartographer:/home/abril/turtlebot3_ws/install/dynamixel_sdk_examples:/home/abril/turtlebot3_ws/install/dynamixel_sdk_custom_interfaces:/home/abril/turtlebot3_ws/install/dynamixel_sdk:/opt/ros/humble LD_LIBRARY_PATH=/home/abril/Documents/PrincipiosRobotica/Prueba/TP_final_robotica/ros_ws/install/custom_msgs/lib:/home/abril/turtlebot3_ws/install/turtlebot3_msgs/lib:/home/abril/turtlebot3_ws/install/dynamixel_sdk_custom_interfaces/lib:/home/abril/turtlebot3_ws/install/dynamixel_sdk/lib:/usr/lib/x86_64-linux-gnu/gazebo-11/plugins:/opt/ros/humble/opt/rviz_ogre_vendor/lib:/opt/ros/humble/lib/x86_64-linux-gnu:/opt/ros/humble/lib:/usr/lib/x86_64-linux-gnu/gazebo-11/plugins PYTHONPATH=/home/abril/Documents/PrincipiosRobotica/Prueba/TP_final_robotica/ros_ws/build/partea/prefix_override:/usr/lib/python3/dist-packages/colcon_core/task/python/colcon_distutils_commands:/home/abril/Documents/PrincipiosRobotica/Prueba/TP_final_robotica/ros_ws/install/partea/lib/python3.10/site-packages:/home/abril/Documents/PrincipiosRobotica/Prueba/TP_final_robotica/ros_ws/install/custom_msgs/local/lib/python3.10/dist-packages:/home/abril/Documents/PrincipiosRobotica/Prueba/TP_final_robotica/ros_ws/install/algoritmos/lib/python3.10/site-packages:/home/lucas/Documents/UDESA/7cuatrimestre/Principios_de_la_Robotica_Autonoma/TPs/TP_final_robotica/ros_ws/build/parteb:/home/abril/Documents/PrincipiosRobotica/Prueba/TP_final_robotica/ros_ws/install/parteb/lib/python3.10/site-packages:/home/lucas/Documents/UDESA/7cuatrimestre/Principios_de_la_Robotica_Autonoma/TPs/TP_final_robotica/ros_ws/build/partea:/home/abril/Documents/PrincipiosRobotica/Prueba/TP_final_robotica/ros_ws/install/partea/lib/python3.10/site-packages:/home/lucas/Documents/UDESA/7cuatrimestre/Principios_de_la_Robotica_Autonoma/TPs/TP_final_robotica/ros_ws/build/algoritmos:/home/abril/turtlebot3_ws/build/turtlebot3_teleop:/home/abril/turtlebot3_ws/install/turtlebot3_teleop/lib/python3.10/site-packages:/home/abril/turtlebot3_ws/build/turtlebot3_example:/home/abril/turtlebot3_ws/install/turtlebot3_example/lib/python3.10/site-packages:/home/abril/turtlebot3_ws/install/turtlebot3_msgs/local/lib/python3.10/dist-packages:/home/abril/turtlebot3_ws/install/dynamixel_sdk_custom_interfaces/local/lib/python3.10/dist-packages:/home/abril/turtlebot3_ws/install/dynamixel_sdk/local/lib/python3.10/dist-packages:/opt/ros/humble/lib/python3.10/site-packages:/opt/ros/humble/local/lib/python3.10/dist-packages /usr/bin/python3 -W ignore:setup.py install is deprecated -W ignore:easy_install command is deprecated setup.py egg_info --egg-base ../../build/partea build --build-base /home/abril/Documents/PrincipiosRobotica/Prueba/TP_final_robotica/ros_ws/build/partea/build install --record /home/abril/Documents/PrincipiosRobotica/Prueba/TP_final_robotica/ros_ws/build/partea/install.log --single-version-externally-managed install_data
[4.821s] Level 1:colcon.colcon_core.environment:checking '/home/abril/Documents/PrincipiosRobotica/Prueba/TP_final_robotica/ros_ws/install/partea' for CMake module files
[4.822s] DEBUG:colcon.colcon_core.event_handler.log_command:Invoked command in '/home/abril/Documents/PrincipiosRobotica/Prueba/TP_final_robotica/ros_ws/src/partea' returned '0': AMENT_PREFIX_PATH=/home/abril/Documents/PrincipiosRobotica/Prueba/TP_final_robotica/ros_ws/install/custom_msgs:/home/abril/Documents/PrincipiosRobotica/Prueba/TP_final_robotica/ros_ws/install/algoritmos:/home/abril/Documents/PrincipiosRobotica/Prueba/TP_final_robotica/ros_ws/install/parteb:/home/abril/Documents/PrincipiosRobotica/Prueba/TP_final_robotica/ros_ws/install/partea:/home/abril/turtlebot3_ws/install/turtlebot3:/home/abril/turtlebot3_ws/install/turtlebot3_teleop:/home/abril/turtlebot3_ws/install/turtlebot3_simulations:/home/abril/turtlebot3_ws/install/turtlebot3_bringup:/home/abril/turtlebot3_ws/install/turtlebot3_node:/home/abril/turtlebot3_ws/install/turtlebot3_navigation2:/home/abril/turtlebot3_ws/install/turtlebot3_fake_node:/home/abril/turtlebot3_ws/install/turtlebot3_example:/home/abril/turtlebot3_ws/install/turtlebot3_msgs:/home/abril/turtlebot3_ws/install/turtlebot3_manipulation_gazebo:/home/abril/turtlebot3_ws/install/turtlebot3_gazebo:/home/abril/turtlebot3_ws/install/turtlebot3_description:/home/abril/turtlebot3_ws/install/turtlebot3_cartographer:/home/abril/turtlebot3_ws/install/dynamixel_sdk_examples:/home/abril/turtlebot3_ws/install/dynamixel_sdk_custom_interfaces:/home/abril/turtlebot3_ws/install/dynamixel_sdk:/opt/ros/humble LD_LIBRARY_PATH=/home/abril/Documents/PrincipiosRobotica/Prueba/TP_final_robotica/ros_ws/install/custom_msgs/lib:/home/abril/turtlebot3_ws/install/turtlebot3_msgs/lib:/home/abril/turtlebot3_ws/install/dynamixel_sdk_custom_interfaces/lib:/home/abril/turtlebot3_ws/install/dynamixel_sdk/lib:/usr/lib/x86_64-linux-gnu/gazebo-11/plugins:/opt/ros/humble/opt/rviz_ogre_vendor/lib:/opt/ros/humble/lib/x86_64-linux-gnu:/opt/ros/humble/lib:/usr/lib/x86_64-linux-gnu/gazebo-11/plugins PYTHONPATH=/home/abril/Documents/PrincipiosRobotica/Prueba/TP_final_robotica/ros_ws/build/partea/prefix_override:/usr/lib/python3/dist-packages/colcon_core/task/python/colcon_distutils_commands:/home/abril/Documents/PrincipiosRobotica/Prueba/TP_final_robotica/ros_ws/install/partea/lib/python3.10/site-packages:/home/abril/Documents/PrincipiosRobotica/Prueba/TP_final_robotica/ros_ws/install/custom_msgs/local/lib/python3.10/dist-packages:/home/abril/Documents/PrincipiosRobotica/Prueba/TP_final_robotica/ros_ws/install/algoritmos/lib/python3.10/site-packages:/home/lucas/Documents/UDESA/7cuatrimestre/Principios_de_la_Robotica_Autonoma/TPs/TP_final_robotica/ros_ws/build/parteb:/home/abril/Documents/PrincipiosRobotica/Prueba/TP_final_robotica/ros_ws/install/parteb/lib/python3.10/site-packages:/home/lucas/Documents/UDESA/7cuatrimestre/Principios_de_la_Robotica_Autonoma/TPs/TP_final_robotica/ros_ws/build/partea:/home/abril/Documents/PrincipiosRobotica/Prueba/TP_final_robotica/ros_ws/install/partea/lib/python3.10/site-packages:/home/lucas/Documents/UDESA/7cuatrimestre/Principios_de_la_Robotica_Autonoma/TPs/TP_final_robotica/ros_ws/build/algoritmos:/home/abril/turtlebot3_ws/build/turtlebot3_teleop:/home/abril/turtlebot3_ws/install/turtlebot3_teleop/lib/python3.10/site-packages:/home/abril/turtlebot3_ws/build/turtlebot3_example:/home/abril/turtlebot3_ws/install/turtlebot3_example/lib/python3.10/site-packages:/home/abril/turtlebot3_ws/install/turtlebot3_msgs/local/lib/python3.10/dist-packages:/home/abril/turtlebot3_ws/install/dynamixel_sdk_custom_interfaces/local/lib/python3.10/dist-packages:/home/abril/turtlebot3_ws/install/dynamixel_sdk/local/lib/python3.10/dist-packages:/opt/ros/humble/lib/python3.10/site-packages:/opt/ros/humble/local/lib/python3.10/dist-packages /usr/bin/python3 -W ignore:setup.py install is deprecated -W ignore:easy_install command is deprecated setup.py egg_info --egg-base ../../build/partea build --build-base /home/abril/Documents/PrincipiosRobotica/Prueba/TP_final_robotica/ros_ws/build/partea/build install --record /home/abril/Documents/PrincipiosRobotica/Prueba/TP_final_robotica/ros_ws/build/partea/install.log --single-version-externally-managed install_data
[4.822s] Level 1:colcon.colcon_core.environment:checking '/home/abril/Documents/PrincipiosRobotica/Prueba/TP_final_robotica/ros_ws/install/partea' for CMake config files
[4.822s] Level 1:colcon.colcon_core.environment:checking '/home/abril/Documents/PrincipiosRobotica/Prueba/TP_final_robotica/ros_ws/install/partea/lib'
[4.822s] Level 1:colcon.colcon_core.environment:checking '/home/abril/Documents/PrincipiosRobotica/Prueba/TP_final_robotica/ros_ws/install/partea/bin'
[4.822s] Level 1:colcon.colcon_core.environment:checking '/home/abril/Documents/PrincipiosRobotica/Prueba/TP_final_robotica/ros_ws/install/partea/lib/pkgconfig/partea.pc'
[4.823s] Level 1:colcon.colcon_core.environment:checking '/home/abril/Documents/PrincipiosRobotica/Prueba/TP_final_robotica/ros_ws/install/partea/lib/python3.10/site-packages'
[4.823s] Level 1:colcon.colcon_core.shell:create_environment_hook('partea', 'pythonpath')
[4.823s] INFO:colcon.colcon_core.shell:Creating environment hook '/home/abril/Documents/PrincipiosRobotica/Prueba/TP_final_robotica/ros_ws/install/partea/share/partea/hook/pythonpath.ps1'
[4.824s] INFO:colcon.colcon_core.shell:Creating environment descriptor '/home/abril/Documents/PrincipiosRobotica/Prueba/TP_final_robotica/ros_ws/install/partea/share/partea/hook/pythonpath.dsv'
[4.824s] INFO:colcon.colcon_core.shell:Creating environment hook '/home/abril/Documents/PrincipiosRobotica/Prueba/TP_final_robotica/ros_ws/install/partea/share/partea/hook/pythonpath.sh'
[4.825s] Level 1:colcon.colcon_core.environment:checking '/home/abril/Documents/PrincipiosRobotica/Prueba/TP_final_robotica/ros_ws/install/partea/bin'
[4.825s] Level 1:colcon.colcon_core.environment:create_environment_scripts_only(partea)
[4.825s] INFO:colcon.colcon_core.shell:Creating package script '/home/abril/Documents/PrincipiosRobotica/Prueba/TP_final_robotica/ros_ws/install/partea/share/partea/package.ps1'
[4.825s] INFO:colcon.colcon_core.shell:Creating package descriptor '/home/abril/Documents/PrincipiosRobotica/Prueba/TP_final_robotica/ros_ws/install/partea/share/partea/package.dsv'
[4.826s] INFO:colcon.colcon_core.shell:Creating package script '/home/abril/Documents/PrincipiosRobotica/Prueba/TP_final_robotica/ros_ws/install/partea/share/partea/package.sh'
[4.826s] INFO:colcon.colcon_core.shell:Creating package script '/home/abril/Documents/PrincipiosRobotica/Prueba/TP_final_robotica/ros_ws/install/partea/share/partea/package.bash'
[4.826s] INFO:colcon.colcon_core.shell:Creating package script '/home/abril/Documents/PrincipiosRobotica/Prueba/TP_final_robotica/ros_ws/install/partea/share/partea/package.zsh'
[4.826s] Level 1:colcon.colcon_core.environment:create_file_with_runtime_dependencies(/home/abril/Documents/PrincipiosRobotica/Prueba/TP_final_robotica/ros_ws/install/partea/share/colcon-core/packages/partea)
[4.827s] DEBUG:colcon.colcon_parallel_executor.executor.parallel:closing loop
[4.827s] DEBUG:colcon.colcon_parallel_executor.executor.parallel:loop closed
[4.827s] DEBUG:colcon.colcon_parallel_executor.executor.parallel:run_until_complete finished with '0'
[4.827s] DEBUG:colcon.colcon_core.event_reactor:joining thread
[4.831s] INFO:colcon.colcon_core.plugin_system:Skipping extension 'colcon_notification.desktop_notification.terminal_notifier': Not used on non-Darwin systems
[4.831s] INFO:colcon.colcon_core.plugin_system:Skipping extension 'colcon_notification.desktop_notification.win32': Not used on non-Windows systems
[4.831s] INFO:colcon.colcon_notification.desktop_notification:Sending desktop notification using 'notify2'
[4.839s] DEBUG:colcon.colcon_core.event_reactor:joined thread
[4.839s] INFO:colcon.colcon_core.shell:Creating prefix script '/home/abril/Documents/PrincipiosRobotica/Prueba/TP_final_robotica/ros_ws/install/local_setup.ps1'
[4.840s] INFO:colcon.colcon_core.shell:Creating prefix util module '/home/abril/Documents/PrincipiosRobotica/Prueba/TP_final_robotica/ros_ws/install/_local_setup_util_ps1.py'
[4.841s] INFO:colcon.colcon_core.shell:Creating prefix chain script '/home/abril/Documents/PrincipiosRobotica/Prueba/TP_final_robotica/ros_ws/install/setup.ps1'
[4.843s] INFO:colcon.colcon_core.shell:Creating prefix script '/home/abril/Documents/PrincipiosRobotica/Prueba/TP_final_robotica/ros_ws/install/local_setup.sh'
[4.844s] INFO:colcon.colcon_core.shell:Creating prefix util module '/home/abril/Documents/PrincipiosRobotica/Prueba/TP_final_robotica/ros_ws/install/_local_setup_util_sh.py'
[4.844s] INFO:colcon.colcon_core.shell:Creating prefix chain script '/home/abril/Documents/PrincipiosRobotica/Prueba/TP_final_robotica/ros_ws/install/setup.sh'
[4.845s] INFO:colcon.colcon_core.shell:Creating prefix script '/home/abril/Documents/PrincipiosRobotica/Prueba/TP_final_robotica/ros_ws/install/local_setup.bash'
[4.846s] INFO:colcon.colcon_core.shell:Creating prefix chain script '/home/abril/Documents/PrincipiosRobotica/Prueba/TP_final_robotica/ros_ws/install/setup.bash'
[4.847s] INFO:colcon.colcon_core.shell:Creating prefix script '/home/abril/Documents/PrincipiosRobotica/Prueba/TP_final_robotica/ros_ws/install/local_setup.zsh'
[4.847s] INFO:colcon.colcon_core.shell:Creating prefix chain script '/home/abril/Documents/PrincipiosRobotica/Prueba/TP_final_robotica/ros_ws/install/setup.zsh'
