[0.437s] Invoking command in '/home/abril/Documents/PrincipiosRobotica/Prueba/TP_final_robotica/ros_ws/src/algoritmos': PYTHONPATH=/home/abril/Documents/PrincipiosRobotica/Prueba/TP_final_robotica/ros_ws/build/algoritmos/prefix_override:/usr/lib/python3/dist-packages/colcon_core/task/python/colcon_distutils_commands:/home/abril/Documents/PrincipiosRobotica/Prueba/TP_final_robotica/ros_ws/install/algoritmos/lib/python3.10/site-packages:${PYTHONPATH} /usr/bin/python3 -W ignore:setup.py install is deprecated -W ignore:easy_install command is deprecated setup.py egg_info --egg-base ../../build/algoritmos build --build-base /home/abril/Documents/PrincipiosRobotica/Prueba/TP_final_robotica/ros_ws/build/algoritmos/build install --record /home/abril/Documents/PrincipiosRobotica/Prueba/TP_final_robotica/ros_ws/build/algoritmos/install.log --single-version-externally-managed install_data
[0.607s] running egg_info
[0.608s] creating ../../build/algoritmos/algoritmos.egg-info
[0.608s] writing ../../build/algoritmos/algoritmos.egg-info/PKG-INFO
[0.608s] writing dependency_links to ../../build/algoritmos/algoritmos.egg-info/dependency_links.txt
[0.608s] writing top-level names to ../../build/algoritmos/algoritmos.egg-info/top_level.txt
[0.608s] writing manifest file '../../build/algoritmos/algoritmos.egg-info/SOURCES.txt'
[0.610s] reading manifest file '../../build/algoritmos/algoritmos.egg-info/SOURCES.txt'
[0.610s] writing manifest file '../../build/algoritmos/algoritmos.egg-info/SOURCES.txt'
[0.610s] running build
[0.610s] running build_py
[0.610s] creating /home/abril/Documents/PrincipiosRobotica/Prueba/TP_final_robotica/ros_ws/build/algoritmos/build
[0.611s] creating /home/abril/Documents/PrincipiosRobotica/Prueba/TP_final_robotica/ros_ws/build/algoritmos/build/lib
[0.611s] creating /home/abril/Documents/PrincipiosRobotica/Prueba/TP_final_robotica/ros_ws/build/algoritmos/build/lib/algoritmos
[0.611s] copying algoritmos/likelihood_field.py -> /home/abril/Documents/PrincipiosRobotica/Prueba/TP_final_robotica/ros_ws/build/algoritmos/build/lib/algoritmos
[0.611s] copying algoritmos/path_following.py -> /home/abril/Documents/PrincipiosRobotica/Prueba/TP_final_robotica/ros_ws/build/algoritmos/build/lib/algoritmos
[0.611s] copying algoritmos/likelihood_field_B.py -> /home/abril/Documents/PrincipiosRobotica/Prueba/TP_final_robotica/ros_ws/build/algoritmos/build/lib/algoritmos
[0.611s] copying algoritmos/path_planning.py -> /home/abril/Documents/PrincipiosRobotica/Prueba/TP_final_robotica/ros_ws/build/algoritmos/build/lib/algoritmos
[0.611s] copying algoritmos/scan_matching.py -> /home/abril/Documents/PrincipiosRobotica/Prueba/TP_final_robotica/ros_ws/build/algoritmos/build/lib/algoritmos
[0.611s] copying algoritmos/__init__.py -> /home/abril/Documents/PrincipiosRobotica/Prueba/TP_final_robotica/ros_ws/build/algoritmos/build/lib/algoritmos
[0.611s] copying algoritmos/particle_filter.py -> /home/abril/Documents/PrincipiosRobotica/Prueba/TP_final_robotica/ros_ws/build/algoritmos/build/lib/algoritmos
[0.611s] copying algoritmos/occupancy_grid.py -> /home/abril/Documents/PrincipiosRobotica/Prueba/TP_final_robotica/ros_ws/build/algoritmos/build/lib/algoritmos
[0.611s] copying algoritmos/motion_model.py -> /home/abril/Documents/PrincipiosRobotica/Prueba/TP_final_robotica/ros_ws/build/algoritmos/build/lib/algoritmos
[0.611s] running install
[0.611s] running install_lib
[0.612s] creating /home/abril/Documents/PrincipiosRobotica/Prueba/TP_final_robotica/ros_ws/install/algoritmos/lib/python3.10/site-packages/algoritmos
[0.612s] copying /home/abril/Documents/PrincipiosRobotica/Prueba/TP_final_robotica/ros_ws/build/algoritmos/build/lib/algoritmos/likelihood_field.py -> /home/abril/Documents/PrincipiosRobotica/Prueba/TP_final_robotica/ros_ws/install/algoritmos/lib/python3.10/site-packages/algoritmos
[0.612s] copying /home/abril/Documents/PrincipiosRobotica/Prueba/TP_final_robotica/ros_ws/build/algoritmos/build/lib/algoritmos/path_following.py -> /home/abril/Documents/PrincipiosRobotica/Prueba/TP_final_robotica/ros_ws/install/algoritmos/lib/python3.10/site-packages/algoritmos
[0.612s] copying /home/abril/Documents/PrincipiosRobotica/Prueba/TP_final_robotica/ros_ws/build/algoritmos/build/lib/algoritmos/likelihood_field_B.py -> /home/abril/Documents/PrincipiosRobotica/Prueba/TP_final_robotica/ros_ws/install/algoritmos/lib/python3.10/site-packages/algoritmos
[0.612s] copying /home/abril/Documents/PrincipiosRobotica/Prueba/TP_final_robotica/ros_ws/build/algoritmos/build/lib/algoritmos/path_planning.py -> /home/abril/Documents/PrincipiosRobotica/Prueba/TP_final_robotica/ros_ws/install/algoritmos/lib/python3.10/site-packages/algoritmos
[0.612s] copying /home/abril/Documents/PrincipiosRobotica/Prueba/TP_final_robotica/ros_ws/build/algoritmos/build/lib/algoritmos/scan_matching.py -> /home/abril/Documents/PrincipiosRobotica/Prueba/TP_final_robotica/ros_ws/install/algoritmos/lib/python3.10/site-packages/algoritmos
[0.612s] copying /home/abril/Documents/PrincipiosRobotica/Prueba/TP_final_robotica/ros_ws/build/algoritmos/build/lib/algoritmos/__init__.py -> /home/abril/Documents/PrincipiosRobotica/Prueba/TP_final_robotica/ros_ws/install/algoritmos/lib/python3.10/site-packages/algoritmos
[0.612s] copying /home/abril/Documents/PrincipiosRobotica/Prueba/TP_final_robotica/ros_ws/build/algoritmos/build/lib/algoritmos/particle_filter.py -> /home/abril/Documents/PrincipiosRobotica/Prueba/TP_final_robotica/ros_ws/install/algoritmos/lib/python3.10/site-packages/algoritmos
[0.612s] copying /home/abril/Documents/PrincipiosRobotica/Prueba/TP_final_robotica/ros_ws/build/algoritmos/build/lib/algoritmos/occupancy_grid.py -> /home/abril/Documents/PrincipiosRobotica/Prueba/TP_final_robotica/ros_ws/install/algoritmos/lib/python3.10/site-packages/algoritmos
[0.612s] copying /home/abril/Documents/PrincipiosRobotica/Prueba/TP_final_robotica/ros_ws/build/algoritmos/build/lib/algoritmos/motion_model.py -> /home/abril/Documents/PrincipiosRobotica/Prueba/TP_final_robotica/ros_ws/install/algoritmos/lib/python3.10/site-packages/algoritmos
[0.613s] byte-compiling /home/abril/Documents/PrincipiosRobotica/Prueba/TP_final_robotica/ros_ws/install/algoritmos/lib/python3.10/site-packages/algoritmos/likelihood_field.py to likelihood_field.cpython-310.pyc
[0.613s] byte-compiling /home/abril/Documents/PrincipiosRobotica/Prueba/TP_final_robotica/ros_ws/install/algoritmos/lib/python3.10/site-packages/algoritmos/path_following.py to path_following.cpython-310.pyc
[0.613s] byte-compiling /home/abril/Documents/PrincipiosRobotica/Prueba/TP_final_robotica/ros_ws/install/algoritmos/lib/python3.10/site-packages/algoritmos/likelihood_field_B.py to likelihood_field_B.cpython-310.pyc
[0.614s] byte-compiling /home/abril/Documents/PrincipiosRobotica/Prueba/TP_final_robotica/ros_ws/install/algoritmos/lib/python3.10/site-packages/algoritmos/path_planning.py to path_planning.cpython-310.pyc
[0.614s] byte-compiling /home/abril/Documents/PrincipiosRobotica/Prueba/TP_final_robotica/ros_ws/install/algoritmos/lib/python3.10/site-packages/algoritmos/scan_matching.py to scan_matching.cpython-310.pyc
[0.615s] byte-compiling /home/abril/Documents/PrincipiosRobotica/Prueba/TP_final_robotica/ros_ws/install/algoritmos/lib/python3.10/site-packages/algoritmos/__init__.py to __init__.cpython-310.pyc
[0.615s] byte-compiling /home/abril/Documents/PrincipiosRobotica/Prueba/TP_final_robotica/ros_ws/install/algoritmos/lib/python3.10/site-packages/algoritmos/particle_filter.py to particle_filter.cpython-310.pyc
[0.615s] byte-compiling /home/abril/Documents/PrincipiosRobotica/Prueba/TP_final_robotica/ros_ws/install/algoritmos/lib/python3.10/site-packages/algoritmos/occupancy_grid.py to occupancy_grid.cpython-310.pyc
[0.616s] byte-compiling /home/abril/Documents/PrincipiosRobotica/Prueba/TP_final_robotica/ros_ws/install/algoritmos/lib/python3.10/site-packages/algoritmos/motion_model.py to motion_model.cpython-310.pyc
[0.617s] running install_data
[0.617s] copying package.xml -> /home/abril/Documents/PrincipiosRobotica/Prueba/TP_final_robotica/ros_ws/install/algoritmos/share/algoritmos
[0.617s] creating /home/abril/Documents/PrincipiosRobotica/Prueba/TP_final_robotica/ros_ws/install/algoritmos/share/ament_index
[0.617s] creating /home/abril/Documents/PrincipiosRobotica/Prueba/TP_final_robotica/ros_ws/install/algoritmos/share/ament_index/resource_index
[0.617s] creating /home/abril/Documents/PrincipiosRobotica/Prueba/TP_final_robotica/ros_ws/install/algoritmos/share/ament_index/resource_index/packages
[0.617s] copying resource/algoritmos -> /home/abril/Documents/PrincipiosRobotica/Prueba/TP_final_robotica/ros_ws/install/algoritmos/share/ament_index/resource_index/packages
[0.617s] running install_egg_info
[0.619s] Copying ../../build/algoritmos/algoritmos.egg-info to /home/abril/Documents/PrincipiosRobotica/Prueba/TP_final_robotica/ros_ws/install/algoritmos/lib/python3.10/site-packages/algoritmos-0.0.1-py3.10.egg-info
[0.620s] running install_scripts
[0.636s] writing list of installed files to '/home/abril/Documents/PrincipiosRobotica/Prueba/TP_final_robotica/ros_ws/build/algoritmos/install.log'
[0.660s] Invoked command in '/home/abril/Documents/PrincipiosRobotica/Prueba/TP_final_robotica/ros_ws/src/algoritmos' returned '0': PYTHONPATH=/home/abril/Documents/PrincipiosRobotica/Prueba/TP_final_robotica/ros_ws/build/algoritmos/prefix_override:/usr/lib/python3/dist-packages/colcon_core/task/python/colcon_distutils_commands:/home/abril/Documents/PrincipiosRobotica/Prueba/TP_final_robotica/ros_ws/install/algoritmos/lib/python3.10/site-packages:${PYTHONPATH} /usr/bin/python3 -W ignore:setup.py install is deprecated -W ignore:easy_install command is deprecated setup.py egg_info --egg-base ../../build/algoritmos build --build-base /home/abril/Documents/PrincipiosRobotica/Prueba/TP_final_robotica/ros_ws/build/algoritmos/build install --record /home/abril/Documents/PrincipiosRobotica/Prueba/TP_final_robotica/ros_ws/build/algoritmos/install.log --single-version-externally-managed install_data
