[0.100s] DEBUG:colcon:Command line arguments: ['/usr/bin/colcon', 'build']
[0.100s] DEBUG:colcon:Parsed command line arguments: Namespace(log_base=None, log_level=None, verb_name='build', build_base='build', install_base='install', merge_install=False, symlink_install=False, test_result_base=None, continue_on_error=False, executor='parallel', parallel_workers=8, event_handlers=None, ignore_user_meta=False, metas=['./colcon.meta'], base_paths=['.'], packages_ignore=None, packages_ignore_regex=None, paths=None, packages_up_to=None, packages_up_to_regex=None, packages_above=None, packages_above_and_dependencies=None, packages_above_depth=None, packages_select_by_dep=None, packages_skip_by_dep=None, packages_skip_up_to=None, packages_select_build_failed=False, packages_skip_build_finished=False, packages_select_test_failures=False, packages_skip_test_passed=False, packages_select=None, packages_skip=None, packages_select_regex=None, packages_skip_regex=None, packages_start=None, packages_end=None, allow_overriding=[], cmake_args=None, cmake_target=None, cmake_target_skip_unavailable=False, cmake_clean_cache=False, cmake_clean_first=False, cmake_force_configure=False, ament_cmake_args=None, catkin_cmake_args=None, catkin_skip_building_tests=False, mixin_files=None, mixin=None, verb_parser=<colcon_mixin.mixin.mixin_argument.MixinArgumentDecorator object at 0x75c05014f640>, verb_extension=<colcon_core.verb.build.BuildVerb object at 0x75c05029c580>, main=<bound method BuildVerb.main of <colcon_core.verb.build.BuildVerb object at 0x75c05029c580>>, mixin_verb=('build',))
[0.301s] Level 1:colcon.colcon_core.package_discovery:discover_packages(colcon_meta) check parameters
[0.301s] Level 1:colcon.colcon_core.package_discovery:discover_packages(recursive) check parameters
[0.301s] Level 1:colcon.colcon_core.package_discovery:discover_packages(ignore) check parameters
[0.301s] Level 1:colcon.colcon_core.package_discovery:discover_packages(path) check parameters
[0.301s] Level 1:colcon.colcon_core.package_discovery:discover_packages(colcon_meta) discover
[0.301s] Level 1:colcon.colcon_core.package_discovery:discover_packages(recursive) discover
[0.301s] INFO:colcon.colcon_core.package_discovery:Crawling recursively for packages in '/home/abril/Documents/PrincipiosRobotica/TP_final_robotica/ros_ws'
[0.301s] Level 1:colcon.colcon_core.package_identification:_identify(.) by extensions ['ignore', 'ignore_ament_install']
[0.301s] Level 1:colcon.colcon_core.package_identification:_identify(.) by extension 'ignore'
[0.301s] Level 1:colcon.colcon_core.package_identification:_identify(.) by extension 'ignore_ament_install'
[0.301s] Level 1:colcon.colcon_core.package_identification:_identify(.) by extensions ['colcon_pkg']
[0.301s] Level 1:colcon.colcon_core.package_identification:_identify(.) by extension 'colcon_pkg'
[0.301s] Level 1:colcon.colcon_core.package_identification:_identify(.) by extensions ['colcon_meta']
[0.301s] Level 1:colcon.colcon_core.package_identification:_identify(.) by extension 'colcon_meta'
[0.301s] Level 1:colcon.colcon_core.package_identification:_identify(.) by extensions ['ros']
[0.301s] Level 1:colcon.colcon_core.package_identification:_identify(.) by extension 'ros'
[0.308s] Level 1:colcon.colcon_core.package_identification:_identify(.) by extensions ['cmake', 'python']
[0.308s] Level 1:colcon.colcon_core.package_identification:_identify(.) by extension 'cmake'
[0.308s] Level 1:colcon.colcon_core.package_identification:_identify(.) by extension 'python'
[0.308s] Level 1:colcon.colcon_core.package_identification:_identify(.) by extensions ['python_setup_py']
[0.308s] Level 1:colcon.colcon_core.package_identification:_identify(.) by extension 'python_setup_py'
[0.308s] Level 1:colcon.colcon_core.package_identification:_identify(build) by extensions ['ignore', 'ignore_ament_install']
[0.308s] Level 1:colcon.colcon_core.package_identification:_identify(build) by extension 'ignore'
[0.308s] Level 1:colcon.colcon_core.package_identification:_identify(build) ignored
[0.308s] Level 1:colcon.colcon_core.package_identification:_identify(install) by extensions ['ignore', 'ignore_ament_install']
[0.308s] Level 1:colcon.colcon_core.package_identification:_identify(install) by extension 'ignore'
[0.308s] Level 1:colcon.colcon_core.package_identification:_identify(install) ignored
[0.308s] Level 1:colcon.colcon_core.package_identification:_identify(log) by extensions ['ignore', 'ignore_ament_install']
[0.308s] Level 1:colcon.colcon_core.package_identification:_identify(log) by extension 'ignore'
[0.308s] Level 1:colcon.colcon_core.package_identification:_identify(log) ignored
[0.309s] Level 1:colcon.colcon_core.package_identification:_identify(src) by extensions ['ignore', 'ignore_ament_install']
[0.309s] Level 1:colcon.colcon_core.package_identification:_identify(src) by extension 'ignore'
[0.309s] Level 1:colcon.colcon_core.package_identification:_identify(src) by extension 'ignore_ament_install'
[0.309s] Level 1:colcon.colcon_core.package_identification:_identify(src) by extensions ['colcon_pkg']
[0.309s] Level 1:colcon.colcon_core.package_identification:_identify(src) by extension 'colcon_pkg'
[0.309s] Level 1:colcon.colcon_core.package_identification:_identify(src) by extensions ['colcon_meta']
[0.309s] Level 1:colcon.colcon_core.package_identification:_identify(src) by extension 'colcon_meta'
[0.309s] Level 1:colcon.colcon_core.package_identification:_identify(src) by extensions ['ros']
[0.309s] Level 1:colcon.colcon_core.package_identification:_identify(src) by extension 'ros'
[0.309s] Level 1:colcon.colcon_core.package_identification:_identify(src) by extensions ['cmake', 'python']
[0.309s] Level 1:colcon.colcon_core.package_identification:_identify(src) by extension 'cmake'
[0.309s] Level 1:colcon.colcon_core.package_identification:_identify(src) by extension 'python'
[0.309s] Level 1:colcon.colcon_core.package_identification:_identify(src) by extensions ['python_setup_py']
[0.309s] Level 1:colcon.colcon_core.package_identification:_identify(src) by extension 'python_setup_py'
[0.309s] Level 1:colcon.colcon_core.package_identification:_identify(src/algoritmos) by extensions ['ignore', 'ignore_ament_install']
[0.309s] Level 1:colcon.colcon_core.package_identification:_identify(src/algoritmos) by extension 'ignore'
[0.309s] Level 1:colcon.colcon_core.package_identification:_identify(src/algoritmos) by extension 'ignore_ament_install'
[0.309s] Level 1:colcon.colcon_core.package_identification:_identify(src/algoritmos) by extensions ['colcon_pkg']
[0.309s] Level 1:colcon.colcon_core.package_identification:_identify(src/algoritmos) by extension 'colcon_pkg'
[0.309s] Level 1:colcon.colcon_core.package_identification:_identify(src/algoritmos) by extensions ['colcon_meta']
[0.309s] Level 1:colcon.colcon_core.package_identification:_identify(src/algoritmos) by extension 'colcon_meta'
[0.309s] Level 1:colcon.colcon_core.package_identification:_identify(src/algoritmos) by extensions ['ros']
[0.309s] Level 1:colcon.colcon_core.package_identification:_identify(src/algoritmos) by extension 'ros'
[0.311s] DEBUG:colcon.colcon_core.package_identification:Package 'src/algoritmos' with type 'ros.ament_python' and name 'algoritmos'
[0.311s] Level 1:colcon.colcon_core.package_identification:_identify(src/custom_msgs) by extensions ['ignore', 'ignore_ament_install']
[0.311s] Level 1:colcon.colcon_core.package_identification:_identify(src/custom_msgs) by extension 'ignore'
[0.311s] Level 1:colcon.colcon_core.package_identification:_identify(src/custom_msgs) by extension 'ignore_ament_install'
[0.311s] Level 1:colcon.colcon_core.package_identification:_identify(src/custom_msgs) by extensions ['colcon_pkg']
[0.311s] Level 1:colcon.colcon_core.package_identification:_identify(src/custom_msgs) by extension 'colcon_pkg'
[0.311s] Level 1:colcon.colcon_core.package_identification:_identify(src/custom_msgs) by extensions ['colcon_meta']
[0.311s] Level 1:colcon.colcon_core.package_identification:_identify(src/custom_msgs) by extension 'colcon_meta'
[0.311s] Level 1:colcon.colcon_core.package_identification:_identify(src/custom_msgs) by extensions ['ros']
[0.311s] Level 1:colcon.colcon_core.package_identification:_identify(src/custom_msgs) by extension 'ros'
[0.312s] DEBUG:colcon.colcon_core.package_identification:Package 'src/custom_msgs' with type 'ros.ament_cmake' and name 'custom_msgs'
[0.312s] Level 1:colcon.colcon_core.package_identification:_identify(src/partea) by extensions ['ignore', 'ignore_ament_install']
[0.312s] Level 1:colcon.colcon_core.package_identification:_identify(src/partea) by extension 'ignore'
[0.312s] Level 1:colcon.colcon_core.package_identification:_identify(src/partea) by extension 'ignore_ament_install'
[0.312s] Level 1:colcon.colcon_core.package_identification:_identify(src/partea) by extensions ['colcon_pkg']
[0.312s] Level 1:colcon.colcon_core.package_identification:_identify(src/partea) by extension 'colcon_pkg'
[0.312s] Level 1:colcon.colcon_core.package_identification:_identify(src/partea) by extensions ['colcon_meta']
[0.312s] Level 1:colcon.colcon_core.package_identification:_identify(src/partea) by extension 'colcon_meta'
[0.312s] Level 1:colcon.colcon_core.package_identification:_identify(src/partea) by extensions ['ros']
[0.312s] Level 1:colcon.colcon_core.package_identification:_identify(src/partea) by extension 'ros'
[0.313s] DEBUG:colcon.colcon_core.package_identification:Package 'src/partea' with type 'ros.ament_python' and name 'partea'
[0.313s] Level 1:colcon.colcon_core.package_identification:_identify(src/parteb) by extensions ['ignore', 'ignore_ament_install']
[0.313s] Level 1:colcon.colcon_core.package_identification:_identify(src/parteb) by extension 'ignore'
[0.313s] Level 1:colcon.colcon_core.package_identification:_identify(src/parteb) by extension 'ignore_ament_install'
[0.313s] Level 1:colcon.colcon_core.package_identification:_identify(src/parteb) by extensions ['colcon_pkg']
[0.313s] Level 1:colcon.colcon_core.package_identification:_identify(src/parteb) by extension 'colcon_pkg'
[0.313s] Level 1:colcon.colcon_core.package_identification:_identify(src/parteb) by extensions ['colcon_meta']
[0.313s] Level 1:colcon.colcon_core.package_identification:_identify(src/parteb) by extension 'colcon_meta'
[0.313s] Level 1:colcon.colcon_core.package_identification:_identify(src/parteb) by extensions ['ros']
[0.313s] Level 1:colcon.colcon_core.package_identification:_identify(src/parteb) by extension 'ros'
[0.314s] DEBUG:colcon.colcon_core.package_identification:Package 'src/parteb' with type 'ros.ament_python' and name 'parteb'
[0.314s] Level 1:colcon.colcon_core.package_identification:_identify(src/partec) by extensions ['ignore', 'ignore_ament_install']
[0.314s] Level 1:colcon.colcon_core.package_identification:_identify(src/partec) by extension 'ignore'
[0.314s] Level 1:colcon.colcon_core.package_identification:_identify(src/partec) by extension 'ignore_ament_install'
[0.314s] Level 1:colcon.colcon_core.package_identification:_identify(src/partec) by extensions ['colcon_pkg']
[0.314s] Level 1:colcon.colcon_core.package_identification:_identify(src/partec) by extension 'colcon_pkg'
[0.314s] Level 1:colcon.colcon_core.package_identification:_identify(src/partec) by extensions ['colcon_meta']
[0.314s] Level 1:colcon.colcon_core.package_identification:_identify(src/partec) by extension 'colcon_meta'
[0.314s] Level 1:colcon.colcon_core.package_identification:_identify(src/partec) by extensions ['ros']
[0.314s] Level 1:colcon.colcon_core.package_identification:_identify(src/partec) by extension 'ros'
[0.315s] DEBUG:colcon.colcon_core.package_identification:Package 'src/partec' with type 'ros.ament_python' and name 'partec'
[0.315s] Level 1:colcon.colcon_core.package_identification:_identify(src/rviz) by extensions ['ignore', 'ignore_ament_install']
[0.315s] Level 1:colcon.colcon_core.package_identification:_identify(src/rviz) by extension 'ignore'
[0.315s] Level 1:colcon.colcon_core.package_identification:_identify(src/rviz) by extension 'ignore_ament_install'
[0.315s] Level 1:colcon.colcon_core.package_identification:_identify(src/rviz) by extensions ['colcon_pkg']
[0.315s] Level 1:colcon.colcon_core.package_identification:_identify(src/rviz) by extension 'colcon_pkg'
[0.315s] Level 1:colcon.colcon_core.package_identification:_identify(src/rviz) by extensions ['colcon_meta']
[0.315s] Level 1:colcon.colcon_core.package_identification:_identify(src/rviz) by extension 'colcon_meta'
[0.315s] Level 1:colcon.colcon_core.package_identification:_identify(src/rviz) by extensions ['ros']
[0.315s] Level 1:colcon.colcon_core.package_identification:_identify(src/rviz) by extension 'ros'
[0.315s] Level 1:colcon.colcon_core.package_identification:_identify(src/rviz) by extensions ['cmake', 'python']
[0.315s] Level 1:colcon.colcon_core.package_identification:_identify(src/rviz) by extension 'cmake'
[0.315s] Level 1:colcon.colcon_core.package_identification:_identify(src/rviz) by extension 'python'
[0.315s] Level 1:colcon.colcon_core.package_identification:_identify(src/rviz) by extensions ['python_setup_py']
[0.315s] Level 1:colcon.colcon_core.package_identification:_identify(src/rviz) by extension 'python_setup_py'
[0.315s] Level 1:colcon.colcon_core.package_discovery:discover_packages(recursive) using defaults
[0.315s] Level 1:colcon.colcon_core.package_discovery:discover_packages(ignore) discover
[0.315s] Level 1:colcon.colcon_core.package_discovery:discover_packages(ignore) using defaults
[0.315s] Level 1:colcon.colcon_core.package_discovery:discover_packages(path) discover
[0.315s] Level 1:colcon.colcon_core.package_discovery:discover_packages(path) using defaults
[0.341s] Level 1:colcon.colcon_core.package_discovery:discover_packages(prefix_path) check parameters
[0.341s] Level 1:colcon.colcon_core.package_discovery:discover_packages(prefix_path) discover
[0.346s] DEBUG:colcon.colcon_installed_package_information.package_discovery:Found 16 installed packages in /home/abril/turtlebot3_ws/install
[0.347s] DEBUG:colcon.colcon_installed_package_information.package_discovery:Found 365 installed packages in /opt/ros/humble
[0.348s] Level 1:colcon.colcon_core.package_discovery:discover_packages(prefix_path) using defaults
[0.380s] Level 5:colcon.colcon_core.verb:set package 'algoritmos' build argument 'cmake_args' from command line to 'None'
[0.380s] Level 5:colcon.colcon_core.verb:set package 'algoritmos' build argument 'cmake_target' from command line to 'None'
[0.380s] Level 5:colcon.colcon_core.verb:set package 'algoritmos' build argument 'cmake_target_skip_unavailable' from command line to 'False'
[0.380s] Level 5:colcon.colcon_core.verb:set package 'algoritmos' build argument 'cmake_clean_cache' from command line to 'False'
[0.380s] Level 5:colcon.colcon_core.verb:set package 'algoritmos' build argument 'cmake_clean_first' from command line to 'False'
[0.380s] Level 5:colcon.colcon_core.verb:set package 'algoritmos' build argument 'cmake_force_configure' from command line to 'False'
[0.380s] Level 5:colcon.colcon_core.verb:set package 'algoritmos' build argument 'ament_cmake_args' from command line to 'None'
[0.380s] Level 5:colcon.colcon_core.verb:set package 'algoritmos' build argument 'catkin_cmake_args' from command line to 'None'
[0.380s] Level 5:colcon.colcon_core.verb:set package 'algoritmos' build argument 'catkin_skip_building_tests' from command line to 'False'
[0.380s] DEBUG:colcon.colcon_core.verb:Building package 'algoritmos' with the following arguments: {'ament_cmake_args': None, 'build_base': '/home/abril/Documents/PrincipiosRobotica/TP_final_robotica/ros_ws/build/algoritmos', 'catkin_cmake_args': None, 'catkin_skip_building_tests': False, 'cmake_args': None, 'cmake_clean_cache': False, 'cmake_clean_first': False, 'cmake_force_configure': False, 'cmake_target': None, 'cmake_target_skip_unavailable': False, 'install_base': '/home/abril/Documents/PrincipiosRobotica/TP_final_robotica/ros_ws/install/algoritmos', 'merge_install': False, 'path': '/home/abril/Documents/PrincipiosRobotica/TP_final_robotica/ros_ws/src/algoritmos', 'symlink_install': False, 'test_result_base': None}
[0.380s] Level 5:colcon.colcon_core.verb:set package 'custom_msgs' build argument 'cmake_args' from command line to 'None'
[0.380s] Level 5:colcon.colcon_core.verb:set package 'custom_msgs' build argument 'cmake_target' from command line to 'None'
[0.380s] Level 5:colcon.colcon_core.verb:set package 'custom_msgs' build argument 'cmake_target_skip_unavailable' from command line to 'False'
[0.380s] Level 5:colcon.colcon_core.verb:set package 'custom_msgs' build argument 'cmake_clean_cache' from command line to 'False'
[0.380s] Level 5:colcon.colcon_core.verb:set package 'custom_msgs' build argument 'cmake_clean_first' from command line to 'False'
[0.380s] Level 5:colcon.colcon_core.verb:set package 'custom_msgs' build argument 'cmake_force_configure' from command line to 'False'
[0.380s] Level 5:colcon.colcon_core.verb:set package 'custom_msgs' build argument 'ament_cmake_args' from command line to 'None'
[0.380s] Level 5:colcon.colcon_core.verb:set package 'custom_msgs' build argument 'catkin_cmake_args' from command line to 'None'
[0.380s] Level 5:colcon.colcon_core.verb:set package 'custom_msgs' build argument 'catkin_skip_building_tests' from command line to 'False'
[0.380s] DEBUG:colcon.colcon_core.verb:Building package 'custom_msgs' with the following arguments: {'ament_cmake_args': None, 'build_base': '/home/abril/Documents/PrincipiosRobotica/TP_final_robotica/ros_ws/build/custom_msgs', 'catkin_cmake_args': None, 'catkin_skip_building_tests': False, 'cmake_args': None, 'cmake_clean_cache': False, 'cmake_clean_first': False, 'cmake_force_configure': False, 'cmake_target': None, 'cmake_target_skip_unavailable': False, 'install_base': '/home/abril/Documents/PrincipiosRobotica/TP_final_robotica/ros_ws/install/custom_msgs', 'merge_install': False, 'path': '/home/abril/Documents/PrincipiosRobotica/TP_final_robotica/ros_ws/src/custom_msgs', 'symlink_install': False, 'test_result_base': None}
[0.381s] Level 5:colcon.colcon_core.verb:set package 'partea' build argument 'cmake_args' from command line to 'None'
[0.381s] Level 5:colcon.colcon_core.verb:set package 'partea' build argument 'cmake_target' from command line to 'None'
[0.381s] Level 5:colcon.colcon_core.verb:set package 'partea' build argument 'cmake_target_skip_unavailable' from command line to 'False'
[0.381s] Level 5:colcon.colcon_core.verb:set package 'partea' build argument 'cmake_clean_cache' from command line to 'False'
[0.381s] Level 5:colcon.colcon_core.verb:set package 'partea' build argument 'cmake_clean_first' from command line to 'False'
[0.381s] Level 5:colcon.colcon_core.verb:set package 'partea' build argument 'cmake_force_configure' from command line to 'False'
[0.381s] Level 5:colcon.colcon_core.verb:set package 'partea' build argument 'ament_cmake_args' from command line to 'None'
[0.381s] Level 5:colcon.colcon_core.verb:set package 'partea' build argument 'catkin_cmake_args' from command line to 'None'
[0.381s] Level 5:colcon.colcon_core.verb:set package 'partea' build argument 'catkin_skip_building_tests' from command line to 'False'
[0.381s] DEBUG:colcon.colcon_core.verb:Building package 'partea' with the following arguments: {'ament_cmake_args': None, 'build_base': '/home/abril/Documents/PrincipiosRobotica/TP_final_robotica/ros_ws/build/partea', 'catkin_cmake_args': None, 'catkin_skip_building_tests': False, 'cmake_args': None, 'cmake_clean_cache': False, 'cmake_clean_first': False, 'cmake_force_configure': False, 'cmake_target': None, 'cmake_target_skip_unavailable': False, 'install_base': '/home/abril/Documents/PrincipiosRobotica/TP_final_robotica/ros_ws/install/partea', 'merge_install': False, 'path': '/home/abril/Documents/PrincipiosRobotica/TP_final_robotica/ros_ws/src/partea', 'symlink_install': False, 'test_result_base': None}
[0.381s] Level 5:colcon.colcon_core.verb:set package 'parteb' build argument 'cmake_args' from command line to 'None'
[0.381s] Level 5:colcon.colcon_core.verb:set package 'parteb' build argument 'cmake_target' from command line to 'None'
[0.381s] Level 5:colcon.colcon_core.verb:set package 'parteb' build argument 'cmake_target_skip_unavailable' from command line to 'False'
[0.381s] Level 5:colcon.colcon_core.verb:set package 'parteb' build argument 'cmake_clean_cache' from command line to 'False'
[0.381s] Level 5:colcon.colcon_core.verb:set package 'parteb' build argument 'cmake_clean_first' from command line to 'False'
[0.381s] Level 5:colcon.colcon_core.verb:set package 'parteb' build argument 'cmake_force_configure' from command line to 'False'
[0.381s] Level 5:colcon.colcon_core.verb:set package 'parteb' build argument 'ament_cmake_args' from command line to 'None'
[0.381s] Level 5:colcon.colcon_core.verb:set package 'parteb' build argument 'catkin_cmake_args' from command line to 'None'
[0.381s] Level 5:colcon.colcon_core.verb:set package 'parteb' build argument 'catkin_skip_building_tests' from command line to 'False'
[0.381s] DEBUG:colcon.colcon_core.verb:Building package 'parteb' with the following arguments: {'ament_cmake_args': None, 'build_base': '/home/abril/Documents/PrincipiosRobotica/TP_final_robotica/ros_ws/build/parteb', 'catkin_cmake_args': None, 'catkin_skip_building_tests': False, 'cmake_args': None, 'cmake_clean_cache': False, 'cmake_clean_first': False, 'cmake_force_configure': False, 'cmake_target': None, 'cmake_target_skip_unavailable': False, 'install_base': '/home/abril/Documents/PrincipiosRobotica/TP_final_robotica/ros_ws/install/parteb', 'merge_install': False, 'path': '/home/abril/Documents/PrincipiosRobotica/TP_final_robotica/ros_ws/src/parteb', 'symlink_install': False, 'test_result_base': None}
[0.381s] Level 5:colcon.colcon_core.verb:set package 'partec' build argument 'cmake_args' from command line to 'None'
[0.381s] Level 5:colcon.colcon_core.verb:set package 'partec' build argument 'cmake_target' from command line to 'None'
[0.381s] Level 5:colcon.colcon_core.verb:set package 'partec' build argument 'cmake_target_skip_unavailable' from command line to 'False'
[0.381s] Level 5:colcon.colcon_core.verb:set package 'partec' build argument 'cmake_clean_cache' from command line to 'False'
[0.381s] Level 5:colcon.colcon_core.verb:set package 'partec' build argument 'cmake_clean_first' from command line to 'False'
[0.381s] Level 5:colcon.colcon_core.verb:set package 'partec' build argument 'cmake_force_configure' from command line to 'False'
[0.381s] Level 5:colcon.colcon_core.verb:set package 'partec' build argument 'ament_cmake_args' from command line to 'None'
[0.381s] Level 5:colcon.colcon_core.verb:set package 'partec' build argument 'catkin_cmake_args' from command line to 'None'
[0.381s] Level 5:colcon.colcon_core.verb:set package 'partec' build argument 'catkin_skip_building_tests' from command line to 'False'
[0.381s] DEBUG:colcon.colcon_core.verb:Building package 'partec' with the following arguments: {'ament_cmake_args': None, 'build_base': '/home/abril/Documents/PrincipiosRobotica/TP_final_robotica/ros_ws/build/partec', 'catkin_cmake_args': None, 'catkin_skip_building_tests': False, 'cmake_args': None, 'cmake_clean_cache': False, 'cmake_clean_first': False, 'cmake_force_configure': False, 'cmake_target': None, 'cmake_target_skip_unavailable': False, 'install_base': '/home/abril/Documents/PrincipiosRobotica/TP_final_robotica/ros_ws/install/partec', 'merge_install': False, 'path': '/home/abril/Documents/PrincipiosRobotica/TP_final_robotica/ros_ws/src/partec', 'symlink_install': False, 'test_result_base': None}
[0.381s] INFO:colcon.colcon_core.executor:Executing jobs using 'parallel' executor
[0.382s] DEBUG:colcon.colcon_parallel_executor.executor.parallel:run_until_complete
[0.382s] INFO:colcon.colcon_ros.task.ament_python.build:Building ROS package in '/home/abril/Documents/PrincipiosRobotica/TP_final_robotica/ros_ws/src/algoritmos' with build type 'ament_python'
[0.383s] Level 1:colcon.colcon_core.shell:create_environment_hook('algoritmos', 'ament_prefix_path')
[0.385s] INFO:colcon.colcon_core.plugin_system:Skipping extension 'colcon_core.shell.bat': Not used on non-Windows systems
[0.385s] INFO:colcon.colcon_core.shell:Creating environment hook '/home/abril/Documents/PrincipiosRobotica/TP_final_robotica/ros_ws/install/algoritmos/share/algoritmos/hook/ament_prefix_path.ps1'
[0.386s] INFO:colcon.colcon_core.shell:Creating environment descriptor '/home/abril/Documents/PrincipiosRobotica/TP_final_robotica/ros_ws/install/algoritmos/share/algoritmos/hook/ament_prefix_path.dsv'
[0.386s] INFO:colcon.colcon_core.shell:Creating environment hook '/home/abril/Documents/PrincipiosRobotica/TP_final_robotica/ros_ws/install/algoritmos/share/algoritmos/hook/ament_prefix_path.sh'
[0.387s] INFO:colcon.colcon_core.shell:Skip shell extension 'powershell' for command environment: Not usable outside of PowerShell
[0.387s] DEBUG:colcon.colcon_core.shell:Skip shell extension 'dsv' for command environment
[0.390s] INFO:colcon.colcon_ros.task.ament_cmake.build:Building ROS package in '/home/abril/Documents/PrincipiosRobotica/TP_final_robotica/ros_ws/src/custom_msgs' with build type 'ament_cmake'
[0.390s] INFO:colcon.colcon_cmake.task.cmake.build:Building CMake package in '/home/abril/Documents/PrincipiosRobotica/TP_final_robotica/ros_ws/src/custom_msgs'
[0.390s] INFO:colcon.colcon_core.shell:Skip shell extension 'powershell' for command environment: Not usable outside of PowerShell
[0.390s] DEBUG:colcon.colcon_core.shell:Skip shell extension 'dsv' for command environment
[0.559s] INFO:colcon.colcon_core.task.python.build:Building Python package in '/home/abril/Documents/PrincipiosRobotica/TP_final_robotica/ros_ws/src/algoritmos'
[0.560s] INFO:colcon.colcon_core.shell:Skip shell extension 'powershell' for command environment: Not usable outside of PowerShell
[0.560s] DEBUG:colcon.colcon_core.shell:Skip shell extension 'dsv' for command environment
[0.565s] DEBUG:colcon.colcon_core.event_handler.log_command:Invoking command in '/home/abril/Documents/PrincipiosRobotica/TP_final_robotica/ros_ws/build/custom_msgs': CMAKE_PREFIX_PATH=${CMAKE_PREFIX_PATH}:/home/abril/turtlebot3_ws/install/turtlebot3_teleop:/home/abril/turtlebot3_ws/install/turtlebot3_example:/opt/ros/humble /usr/bin/cmake --build /home/abril/Documents/PrincipiosRobotica/TP_final_robotica/ros_ws/build/custom_msgs -- -j8 -l8
[0.856s] DEBUG:colcon.colcon_core.event_handler.log_command:Invoked command in '/home/abril/Documents/PrincipiosRobotica/TP_final_robotica/ros_ws/build/custom_msgs' returned '0': CMAKE_PREFIX_PATH=${CMAKE_PREFIX_PATH}:/home/abril/turtlebot3_ws/install/turtlebot3_teleop:/home/abril/turtlebot3_ws/install/turtlebot3_example:/opt/ros/humble /usr/bin/cmake --build /home/abril/Documents/PrincipiosRobotica/TP_final_robotica/ros_ws/build/custom_msgs -- -j8 -l8
[0.866s] DEBUG:colcon.colcon_core.event_handler.log_command:Invoking command in '/home/abril/Documents/PrincipiosRobotica/TP_final_robotica/ros_ws/build/custom_msgs': CMAKE_PREFIX_PATH=${CMAKE_PREFIX_PATH}:/home/abril/turtlebot3_ws/install/turtlebot3_teleop:/home/abril/turtlebot3_ws/install/turtlebot3_example:/opt/ros/humble /usr/bin/cmake --install /home/abril/Documents/PrincipiosRobotica/TP_final_robotica/ros_ws/build/custom_msgs
[0.887s] DEBUG:colcon.colcon_core.event_handler.log_command:Invoking command in '/home/abril/Documents/PrincipiosRobotica/TP_final_robotica/ros_ws/src/algoritmos': PYTHONPATH=/home/abril/Documents/PrincipiosRobotica/TP_final_robotica/ros_ws/build/algoritmos/prefix_override:/usr/lib/python3/dist-packages/colcon_core/task/python/colcon_distutils_commands:/home/abril/Documents/PrincipiosRobotica/TP_final_robotica/ros_ws/install/algoritmos/lib/python3.10/site-packages:${PYTHONPATH} /usr/bin/python3 -W ignore:setup.py install is deprecated -W ignore:easy_install command is deprecated setup.py egg_info --egg-base ../../build/algoritmos build --build-base /home/abril/Documents/PrincipiosRobotica/TP_final_robotica/ros_ws/build/algoritmos/build install --record /home/abril/Documents/PrincipiosRobotica/TP_final_robotica/ros_ws/build/algoritmos/install.log --single-version-externally-managed install_data
[0.918s] Level 1:colcon.colcon_core.environment:create_environment_scripts_only(custom_msgs)
[0.919s] DEBUG:colcon.colcon_core.event_handler.log_command:Invoked command in '/home/abril/Documents/PrincipiosRobotica/TP_final_robotica/ros_ws/build/custom_msgs' returned '0': CMAKE_PREFIX_PATH=${CMAKE_PREFIX_PATH}:/home/abril/turtlebot3_ws/install/turtlebot3_teleop:/home/abril/turtlebot3_ws/install/turtlebot3_example:/opt/ros/humble /usr/bin/cmake --install /home/abril/Documents/PrincipiosRobotica/TP_final_robotica/ros_ws/build/custom_msgs
[0.921s] Level 1:colcon.colcon_core.environment:checking '/home/abril/Documents/PrincipiosRobotica/TP_final_robotica/ros_ws/install/custom_msgs' for CMake module files
[0.922s] Level 1:colcon.colcon_core.environment:checking '/home/abril/Documents/PrincipiosRobotica/TP_final_robotica/ros_ws/install/custom_msgs' for CMake config files
[0.923s] Level 1:colcon.colcon_core.shell:create_environment_hook('custom_msgs', 'cmake_prefix_path')
[0.923s] INFO:colcon.colcon_core.shell:Creating environment hook '/home/abril/Documents/PrincipiosRobotica/TP_final_robotica/ros_ws/install/custom_msgs/share/custom_msgs/hook/cmake_prefix_path.ps1'
[0.924s] INFO:colcon.colcon_core.shell:Creating environment descriptor '/home/abril/Documents/PrincipiosRobotica/TP_final_robotica/ros_ws/install/custom_msgs/share/custom_msgs/hook/cmake_prefix_path.dsv'
[0.924s] INFO:colcon.colcon_core.shell:Creating environment hook '/home/abril/Documents/PrincipiosRobotica/TP_final_robotica/ros_ws/install/custom_msgs/share/custom_msgs/hook/cmake_prefix_path.sh'
[0.924s] Level 1:colcon.colcon_core.environment:checking '/home/abril/Documents/PrincipiosRobotica/TP_final_robotica/ros_ws/install/custom_msgs/lib'
[0.924s] Level 1:colcon.colcon_core.shell:create_environment_hook('custom_msgs', 'ld_library_path_lib')
[0.925s] INFO:colcon.colcon_core.shell:Creating environment hook '/home/abril/Documents/PrincipiosRobotica/TP_final_robotica/ros_ws/install/custom_msgs/share/custom_msgs/hook/ld_library_path_lib.ps1'
[0.925s] INFO:colcon.colcon_core.shell:Creating environment descriptor '/home/abril/Documents/PrincipiosRobotica/TP_final_robotica/ros_ws/install/custom_msgs/share/custom_msgs/hook/ld_library_path_lib.dsv'
[0.925s] INFO:colcon.colcon_core.shell:Creating environment hook '/home/abril/Documents/PrincipiosRobotica/TP_final_robotica/ros_ws/install/custom_msgs/share/custom_msgs/hook/ld_library_path_lib.sh'
[0.925s] Level 1:colcon.colcon_core.environment:checking '/home/abril/Documents/PrincipiosRobotica/TP_final_robotica/ros_ws/install/custom_msgs/bin'
[0.925s] Level 1:colcon.colcon_core.environment:checking '/home/abril/Documents/PrincipiosRobotica/TP_final_robotica/ros_ws/install/custom_msgs/lib/pkgconfig/custom_msgs.pc'
[0.926s] Level 1:colcon.colcon_core.environment:checking '/home/abril/Documents/PrincipiosRobotica/TP_final_robotica/ros_ws/install/custom_msgs/lib/python3.10/site-packages'
[0.926s] Level 1:colcon.colcon_core.environment:checking '/home/abril/Documents/PrincipiosRobotica/TP_final_robotica/ros_ws/install/custom_msgs/bin'
[0.926s] INFO:colcon.colcon_core.shell:Creating package script '/home/abril/Documents/PrincipiosRobotica/TP_final_robotica/ros_ws/install/custom_msgs/share/custom_msgs/package.ps1'
[0.926s] INFO:colcon.colcon_core.shell:Creating package descriptor '/home/abril/Documents/PrincipiosRobotica/TP_final_robotica/ros_ws/install/custom_msgs/share/custom_msgs/package.dsv'
[0.927s] INFO:colcon.colcon_core.shell:Creating package script '/home/abril/Documents/PrincipiosRobotica/TP_final_robotica/ros_ws/install/custom_msgs/share/custom_msgs/package.sh'
[0.927s] INFO:colcon.colcon_core.shell:Creating package script '/home/abril/Documents/PrincipiosRobotica/TP_final_robotica/ros_ws/install/custom_msgs/share/custom_msgs/package.bash'
[0.928s] INFO:colcon.colcon_core.shell:Creating package script '/home/abril/Documents/PrincipiosRobotica/TP_final_robotica/ros_ws/install/custom_msgs/share/custom_msgs/package.zsh'
[0.928s] Level 1:colcon.colcon_core.environment:create_file_with_runtime_dependencies(/home/abril/Documents/PrincipiosRobotica/TP_final_robotica/ros_ws/install/custom_msgs/share/colcon-core/packages/custom_msgs)
[0.929s] Level 1:colcon.colcon_core.environment:create_environment_scripts_only(custom_msgs)
[0.929s] Level 1:colcon.colcon_core.environment:checking '/home/abril/Documents/PrincipiosRobotica/TP_final_robotica/ros_ws/install/custom_msgs' for CMake module files
[0.929s] Level 1:colcon.colcon_core.environment:checking '/home/abril/Documents/PrincipiosRobotica/TP_final_robotica/ros_ws/install/custom_msgs' for CMake config files
[0.930s] Level 1:colcon.colcon_core.shell:create_environment_hook('custom_msgs', 'cmake_prefix_path')
[0.930s] INFO:colcon.colcon_core.shell:Creating environment hook '/home/abril/Documents/PrincipiosRobotica/TP_final_robotica/ros_ws/install/custom_msgs/share/custom_msgs/hook/cmake_prefix_path.ps1'
[0.930s] INFO:colcon.colcon_core.shell:Creating environment descriptor '/home/abril/Documents/PrincipiosRobotica/TP_final_robotica/ros_ws/install/custom_msgs/share/custom_msgs/hook/cmake_prefix_path.dsv'
[0.930s] INFO:colcon.colcon_core.shell:Creating environment hook '/home/abril/Documents/PrincipiosRobotica/TP_final_robotica/ros_ws/install/custom_msgs/share/custom_msgs/hook/cmake_prefix_path.sh'
[0.931s] Level 1:colcon.colcon_core.environment:checking '/home/abril/Documents/PrincipiosRobotica/TP_final_robotica/ros_ws/install/custom_msgs/lib'
[0.931s] Level 1:colcon.colcon_core.shell:create_environment_hook('custom_msgs', 'ld_library_path_lib')
[0.931s] INFO:colcon.colcon_core.shell:Creating environment hook '/home/abril/Documents/PrincipiosRobotica/TP_final_robotica/ros_ws/install/custom_msgs/share/custom_msgs/hook/ld_library_path_lib.ps1'
[0.931s] INFO:colcon.colcon_core.shell:Creating environment descriptor '/home/abril/Documents/PrincipiosRobotica/TP_final_robotica/ros_ws/install/custom_msgs/share/custom_msgs/hook/ld_library_path_lib.dsv'
[0.931s] INFO:colcon.colcon_core.shell:Creating environment hook '/home/abril/Documents/PrincipiosRobotica/TP_final_robotica/ros_ws/install/custom_msgs/share/custom_msgs/hook/ld_library_path_lib.sh'
[0.931s] Level 1:colcon.colcon_core.environment:checking '/home/abril/Documents/PrincipiosRobotica/TP_final_robotica/ros_ws/install/custom_msgs/bin'
[0.931s] Level 1:colcon.colcon_core.environment:checking '/home/abril/Documents/PrincipiosRobotica/TP_final_robotica/ros_ws/install/custom_msgs/lib/pkgconfig/custom_msgs.pc'
[0.932s] Level 1:colcon.colcon_core.environment:checking '/home/abril/Documents/PrincipiosRobotica/TP_final_robotica/ros_ws/install/custom_msgs/lib/python3.10/site-packages'
[0.932s] Level 1:colcon.colcon_core.environment:checking '/home/abril/Documents/PrincipiosRobotica/TP_final_robotica/ros_ws/install/custom_msgs/bin'
[0.932s] INFO:colcon.colcon_core.shell:Creating package script '/home/abril/Documents/PrincipiosRobotica/TP_final_robotica/ros_ws/install/custom_msgs/share/custom_msgs/package.ps1'
[0.932s] INFO:colcon.colcon_core.shell:Creating package descriptor '/home/abril/Documents/PrincipiosRobotica/TP_final_robotica/ros_ws/install/custom_msgs/share/custom_msgs/package.dsv'
[0.933s] INFO:colcon.colcon_core.shell:Creating package script '/home/abril/Documents/PrincipiosRobotica/TP_final_robotica/ros_ws/install/custom_msgs/share/custom_msgs/package.sh'
[0.933s] INFO:colcon.colcon_core.shell:Creating package script '/home/abril/Documents/PrincipiosRobotica/TP_final_robotica/ros_ws/install/custom_msgs/share/custom_msgs/package.bash'
[0.933s] INFO:colcon.colcon_core.shell:Creating package script '/home/abril/Documents/PrincipiosRobotica/TP_final_robotica/ros_ws/install/custom_msgs/share/custom_msgs/package.zsh'
[0.933s] Level 1:colcon.colcon_core.environment:create_file_with_runtime_dependencies(/home/abril/Documents/PrincipiosRobotica/TP_final_robotica/ros_ws/install/custom_msgs/share/colcon-core/packages/custom_msgs)
[1.075s] Level 1:colcon.colcon_core.environment:checking '/home/abril/Documents/PrincipiosRobotica/TP_final_robotica/ros_ws/install/algoritmos' for CMake module files
[1.076s] DEBUG:colcon.colcon_core.event_handler.log_command:Invoked command in '/home/abril/Documents/PrincipiosRobotica/TP_final_robotica/ros_ws/src/algoritmos' returned '0': PYTHONPATH=/home/abril/Documents/PrincipiosRobotica/TP_final_robotica/ros_ws/build/algoritmos/prefix_override:/usr/lib/python3/dist-packages/colcon_core/task/python/colcon_distutils_commands:/home/abril/Documents/PrincipiosRobotica/TP_final_robotica/ros_ws/install/algoritmos/lib/python3.10/site-packages:${PYTHONPATH} /usr/bin/python3 -W ignore:setup.py install is deprecated -W ignore:easy_install command is deprecated setup.py egg_info --egg-base ../../build/algoritmos build --build-base /home/abril/Documents/PrincipiosRobotica/TP_final_robotica/ros_ws/build/algoritmos/build install --record /home/abril/Documents/PrincipiosRobotica/TP_final_robotica/ros_ws/build/algoritmos/install.log --single-version-externally-managed install_data
[1.076s] Level 1:colcon.colcon_core.environment:checking '/home/abril/Documents/PrincipiosRobotica/TP_final_robotica/ros_ws/install/algoritmos' for CMake config files
[1.077s] Level 1:colcon.colcon_core.environment:checking '/home/abril/Documents/PrincipiosRobotica/TP_final_robotica/ros_ws/install/algoritmos/lib'
[1.077s] Level 1:colcon.colcon_core.environment:checking '/home/abril/Documents/PrincipiosRobotica/TP_final_robotica/ros_ws/install/algoritmos/bin'
[1.077s] Level 1:colcon.colcon_core.environment:checking '/home/abril/Documents/PrincipiosRobotica/TP_final_robotica/ros_ws/install/algoritmos/lib/pkgconfig/algoritmos.pc'
[1.077s] Level 1:colcon.colcon_core.environment:checking '/home/abril/Documents/PrincipiosRobotica/TP_final_robotica/ros_ws/install/algoritmos/lib/python3.10/site-packages'
[1.077s] Level 1:colcon.colcon_core.shell:create_environment_hook('algoritmos', 'pythonpath')
[1.077s] INFO:colcon.colcon_core.shell:Creating environment hook '/home/abril/Documents/PrincipiosRobotica/TP_final_robotica/ros_ws/install/algoritmos/share/algoritmos/hook/pythonpath.ps1'
[1.078s] INFO:colcon.colcon_core.shell:Creating environment descriptor '/home/abril/Documents/PrincipiosRobotica/TP_final_robotica/ros_ws/install/algoritmos/share/algoritmos/hook/pythonpath.dsv'
[1.078s] INFO:colcon.colcon_core.shell:Creating environment hook '/home/abril/Documents/PrincipiosRobotica/TP_final_robotica/ros_ws/install/algoritmos/share/algoritmos/hook/pythonpath.sh'
[1.078s] Level 1:colcon.colcon_core.environment:checking '/home/abril/Documents/PrincipiosRobotica/TP_final_robotica/ros_ws/install/algoritmos/bin'
[1.078s] Level 1:colcon.colcon_core.environment:create_environment_scripts_only(algoritmos)
[1.079s] INFO:colcon.colcon_core.shell:Creating package script '/home/abril/Documents/PrincipiosRobotica/TP_final_robotica/ros_ws/install/algoritmos/share/algoritmos/package.ps1'
[1.079s] INFO:colcon.colcon_core.shell:Creating package descriptor '/home/abril/Documents/PrincipiosRobotica/TP_final_robotica/ros_ws/install/algoritmos/share/algoritmos/package.dsv'
[1.079s] INFO:colcon.colcon_core.shell:Creating package script '/home/abril/Documents/PrincipiosRobotica/TP_final_robotica/ros_ws/install/algoritmos/share/algoritmos/package.sh'
[1.079s] INFO:colcon.colcon_core.shell:Creating package script '/home/abril/Documents/PrincipiosRobotica/TP_final_robotica/ros_ws/install/algoritmos/share/algoritmos/package.bash'
[1.080s] INFO:colcon.colcon_core.shell:Creating package script '/home/abril/Documents/PrincipiosRobotica/TP_final_robotica/ros_ws/install/algoritmos/share/algoritmos/package.zsh'
[1.080s] Level 1:colcon.colcon_core.environment:create_file_with_runtime_dependencies(/home/abril/Documents/PrincipiosRobotica/TP_final_robotica/ros_ws/install/algoritmos/share/colcon-core/packages/algoritmos)
[1.080s] INFO:colcon.colcon_ros.task.ament_python.build:Building ROS package in '/home/abril/Documents/PrincipiosRobotica/TP_final_robotica/ros_ws/src/parteb' with build type 'ament_python'
[1.080s] Level 1:colcon.colcon_core.shell:create_environment_hook('parteb', 'ament_prefix_path')
[1.080s] INFO:colcon.colcon_core.shell:Creating environment hook '/home/abril/Documents/PrincipiosRobotica/TP_final_robotica/ros_ws/install/parteb/share/parteb/hook/ament_prefix_path.ps1'
[1.081s] INFO:colcon.colcon_core.shell:Creating environment descriptor '/home/abril/Documents/PrincipiosRobotica/TP_final_robotica/ros_ws/install/parteb/share/parteb/hook/ament_prefix_path.dsv'
[1.081s] INFO:colcon.colcon_core.shell:Creating environment hook '/home/abril/Documents/PrincipiosRobotica/TP_final_robotica/ros_ws/install/parteb/share/parteb/hook/ament_prefix_path.sh'
[1.081s] INFO:colcon.colcon_core.shell:Skip shell extension 'powershell' for command environment: Not usable outside of PowerShell
[1.081s] DEBUG:colcon.colcon_core.shell:Skip shell extension 'dsv' for command environment
[1.084s] INFO:colcon.colcon_ros.task.ament_python.build:Building ROS package in '/home/abril/Documents/PrincipiosRobotica/TP_final_robotica/ros_ws/src/partea' with build type 'ament_python'
[1.084s] Level 1:colcon.colcon_core.shell:create_environment_hook('partea', 'ament_prefix_path')
[1.084s] INFO:colcon.colcon_core.shell:Creating environment hook '/home/abril/Documents/PrincipiosRobotica/TP_final_robotica/ros_ws/install/partea/share/partea/hook/ament_prefix_path.ps1'
[1.085s] INFO:colcon.colcon_core.shell:Creating environment descriptor '/home/abril/Documents/PrincipiosRobotica/TP_final_robotica/ros_ws/install/partea/share/partea/hook/ament_prefix_path.dsv'
[1.085s] INFO:colcon.colcon_core.shell:Creating environment hook '/home/abril/Documents/PrincipiosRobotica/TP_final_robotica/ros_ws/install/partea/share/partea/hook/ament_prefix_path.sh'
[1.085s] INFO:colcon.colcon_core.shell:Skip shell extension 'powershell' for command environment: Not usable outside of PowerShell
[1.085s] DEBUG:colcon.colcon_core.shell:Skip shell extension 'dsv' for command environment
[1.258s] INFO:colcon.colcon_core.task.python.build:Building Python package in '/home/abril/Documents/PrincipiosRobotica/TP_final_robotica/ros_ws/src/parteb'
[1.259s] INFO:colcon.colcon_core.shell:Skip shell extension 'powershell' for command environment: Not usable outside of PowerShell
[1.259s] DEBUG:colcon.colcon_core.shell:Skip shell extension 'dsv' for command environment
[1.432s] INFO:colcon.colcon_core.task.python.build:Building Python package in '/home/abril/Documents/PrincipiosRobotica/TP_final_robotica/ros_ws/src/partea'
[1.432s] INFO:colcon.colcon_core.shell:Skip shell extension 'powershell' for command environment: Not usable outside of PowerShell
[1.432s] DEBUG:colcon.colcon_core.shell:Skip shell extension 'dsv' for command environment
[1.672s] DEBUG:colcon.colcon_core.event_handler.log_command:Invoking command in '/home/abril/Documents/PrincipiosRobotica/TP_final_robotica/ros_ws/src/parteb': AMENT_PREFIX_PATH=/home/abril/Documents/PrincipiosRobotica/TP_final_robotica/ros_ws/install/algoritmos:${AMENT_PREFIX_PATH} PYTHONPATH=/home/abril/Documents/PrincipiosRobotica/TP_final_robotica/ros_ws/build/parteb/prefix_override:/usr/lib/python3/dist-packages/colcon_core/task/python/colcon_distutils_commands:/home/abril/Documents/PrincipiosRobotica/TP_final_robotica/ros_ws/install/parteb/lib/python3.10/site-packages:/home/abril/Documents/PrincipiosRobotica/TP_final_robotica/ros_ws/install/algoritmos/lib/python3.10/site-packages:${PYTHONPATH} /usr/bin/python3 -W ignore:setup.py install is deprecated -W ignore:easy_install command is deprecated setup.py egg_info --egg-base ../../build/parteb build --build-base /home/abril/Documents/PrincipiosRobotica/TP_final_robotica/ros_ws/build/parteb/build install --record /home/abril/Documents/PrincipiosRobotica/TP_final_robotica/ros_ws/build/parteb/install.log --single-version-externally-managed install_data
[1.676s] DEBUG:colcon.colcon_core.event_handler.log_command:Invoking command in '/home/abril/Documents/PrincipiosRobotica/TP_final_robotica/ros_ws/src/partea': AMENT_PREFIX_PATH=/home/abril/Documents/PrincipiosRobotica/TP_final_robotica/ros_ws/install/custom_msgs:/home/abril/Documents/PrincipiosRobotica/TP_final_robotica/ros_ws/install/algoritmos:${AMENT_PREFIX_PATH} CMAKE_PREFIX_PATH=/home/abril/Documents/PrincipiosRobotica/TP_final_robotica/ros_ws/install/custom_msgs:${CMAKE_PREFIX_PATH} LD_LIBRARY_PATH=/home/abril/Documents/PrincipiosRobotica/TP_final_robotica/ros_ws/install/custom_msgs/lib:/home/abril/turtlebot3_ws/install/turtlebot3_msgs/lib:/home/abril/turtlebot3_ws/install/dynamixel_sdk_custom_interfaces/lib:/home/abril/turtlebot3_ws/install/dynamixel_sdk/lib:/usr/lib/x86_64-linux-gnu/gazebo-11/plugins:/opt/ros/humble/opt/rviz_ogre_vendor/lib:/opt/ros/humble/lib/x86_64-linux-gnu:/opt/ros/humble/lib:/usr/lib/x86_64-linux-gnu/gazebo-11/plugins PYTHONPATH=/home/abril/Documents/PrincipiosRobotica/TP_final_robotica/ros_ws/build/partea/prefix_override:/usr/lib/python3/dist-packages/colcon_core/task/python/colcon_distutils_commands:/home/abril/Documents/PrincipiosRobotica/TP_final_robotica/ros_ws/install/partea/lib/python3.10/site-packages:/home/abril/Documents/PrincipiosRobotica/TP_final_robotica/ros_ws/install/custom_msgs/local/lib/python3.10/dist-packages:/home/abril/Documents/PrincipiosRobotica/TP_final_robotica/ros_ws/install/algoritmos/lib/python3.10/site-packages:${PYTHONPATH} /usr/bin/python3 -W ignore:setup.py install is deprecated -W ignore:easy_install command is deprecated setup.py egg_info --egg-base ../../build/partea build --build-base /home/abril/Documents/PrincipiosRobotica/TP_final_robotica/ros_ws/build/partea/build install --record /home/abril/Documents/PrincipiosRobotica/TP_final_robotica/ros_ws/build/partea/install.log --single-version-externally-managed install_data
[1.869s] Level 1:colcon.colcon_core.environment:checking '/home/abril/Documents/PrincipiosRobotica/TP_final_robotica/ros_ws/install/parteb' for CMake module files
[1.870s] DEBUG:colcon.colcon_core.event_handler.log_command:Invoked command in '/home/abril/Documents/PrincipiosRobotica/TP_final_robotica/ros_ws/src/parteb' returned '0': AMENT_PREFIX_PATH=/home/abril/Documents/PrincipiosRobotica/TP_final_robotica/ros_ws/install/algoritmos:${AMENT_PREFIX_PATH} PYTHONPATH=/home/abril/Documents/PrincipiosRobotica/TP_final_robotica/ros_ws/build/parteb/prefix_override:/usr/lib/python3/dist-packages/colcon_core/task/python/colcon_distutils_commands:/home/abril/Documents/PrincipiosRobotica/TP_final_robotica/ros_ws/install/parteb/lib/python3.10/site-packages:/home/abril/Documents/PrincipiosRobotica/TP_final_robotica/ros_ws/install/algoritmos/lib/python3.10/site-packages:${PYTHONPATH} /usr/bin/python3 -W ignore:setup.py install is deprecated -W ignore:easy_install command is deprecated setup.py egg_info --egg-base ../../build/parteb build --build-base /home/abril/Documents/PrincipiosRobotica/TP_final_robotica/ros_ws/build/parteb/build install --record /home/abril/Documents/PrincipiosRobotica/TP_final_robotica/ros_ws/build/parteb/install.log --single-version-externally-managed install_data
[1.870s] Level 1:colcon.colcon_core.environment:checking '/home/abril/Documents/PrincipiosRobotica/TP_final_robotica/ros_ws/install/parteb' for CMake config files
[1.871s] Level 1:colcon.colcon_core.environment:checking '/home/abril/Documents/PrincipiosRobotica/TP_final_robotica/ros_ws/install/parteb/lib'
[1.871s] Level 1:colcon.colcon_core.environment:checking '/home/abril/Documents/PrincipiosRobotica/TP_final_robotica/ros_ws/install/parteb/bin'
[1.871s] Level 1:colcon.colcon_core.environment:checking '/home/abril/Documents/PrincipiosRobotica/TP_final_robotica/ros_ws/install/parteb/lib/pkgconfig/parteb.pc'
[1.871s] Level 1:colcon.colcon_core.environment:checking '/home/abril/Documents/PrincipiosRobotica/TP_final_robotica/ros_ws/install/parteb/lib/python3.10/site-packages'
[1.871s] Level 1:colcon.colcon_core.shell:create_environment_hook('parteb', 'pythonpath')
[1.872s] INFO:colcon.colcon_core.shell:Creating environment hook '/home/abril/Documents/PrincipiosRobotica/TP_final_robotica/ros_ws/install/parteb/share/parteb/hook/pythonpath.ps1'
[1.872s] INFO:colcon.colcon_core.shell:Creating environment descriptor '/home/abril/Documents/PrincipiosRobotica/TP_final_robotica/ros_ws/install/parteb/share/parteb/hook/pythonpath.dsv'
[1.872s] INFO:colcon.colcon_core.shell:Creating environment hook '/home/abril/Documents/PrincipiosRobotica/TP_final_robotica/ros_ws/install/parteb/share/parteb/hook/pythonpath.sh'
[1.873s] Level 1:colcon.colcon_core.environment:checking '/home/abril/Documents/PrincipiosRobotica/TP_final_robotica/ros_ws/install/parteb/bin'
[1.873s] Level 1:colcon.colcon_core.environment:create_environment_scripts_only(parteb)
[1.873s] INFO:colcon.colcon_core.shell:Creating package script '/home/abril/Documents/PrincipiosRobotica/TP_final_robotica/ros_ws/install/parteb/share/parteb/package.ps1'
[1.873s] INFO:colcon.colcon_core.shell:Creating package descriptor '/home/abril/Documents/PrincipiosRobotica/TP_final_robotica/ros_ws/install/parteb/share/parteb/package.dsv'
[1.874s] INFO:colcon.colcon_core.shell:Creating package script '/home/abril/Documents/PrincipiosRobotica/TP_final_robotica/ros_ws/install/parteb/share/parteb/package.sh'
[1.874s] INFO:colcon.colcon_core.shell:Creating package script '/home/abril/Documents/PrincipiosRobotica/TP_final_robotica/ros_ws/install/parteb/share/parteb/package.bash'
[1.874s] INFO:colcon.colcon_core.shell:Creating package script '/home/abril/Documents/PrincipiosRobotica/TP_final_robotica/ros_ws/install/parteb/share/parteb/package.zsh'
[1.874s] Level 1:colcon.colcon_core.environment:create_file_with_runtime_dependencies(/home/abril/Documents/PrincipiosRobotica/TP_final_robotica/ros_ws/install/parteb/share/colcon-core/packages/parteb)
[1.875s] INFO:colcon.colcon_ros.task.ament_python.build:Building ROS package in '/home/abril/Documents/PrincipiosRobotica/TP_final_robotica/ros_ws/src/partec' with build type 'ament_python'
[1.875s] Level 1:colcon.colcon_core.shell:create_environment_hook('partec', 'ament_prefix_path')
[1.875s] INFO:colcon.colcon_core.shell:Creating environment hook '/home/abril/Documents/PrincipiosRobotica/TP_final_robotica/ros_ws/install/partec/share/partec/hook/ament_prefix_path.ps1'
[1.876s] INFO:colcon.colcon_core.shell:Creating environment descriptor '/home/abril/Documents/PrincipiosRobotica/TP_final_robotica/ros_ws/install/partec/share/partec/hook/ament_prefix_path.dsv'
[1.876s] INFO:colcon.colcon_core.shell:Creating environment hook '/home/abril/Documents/PrincipiosRobotica/TP_final_robotica/ros_ws/install/partec/share/partec/hook/ament_prefix_path.sh'
[1.876s] INFO:colcon.colcon_core.shell:Skip shell extension 'powershell' for command environment: Not usable outside of PowerShell
[1.876s] DEBUG:colcon.colcon_core.shell:Skip shell extension 'dsv' for command environment
[1.880s] Level 1:colcon.colcon_core.environment:checking '/home/abril/Documents/PrincipiosRobotica/TP_final_robotica/ros_ws/install/partea' for CMake module files
[1.880s] DEBUG:colcon.colcon_core.event_handler.log_command:Invoked command in '/home/abril/Documents/PrincipiosRobotica/TP_final_robotica/ros_ws/src/partea' returned '0': AMENT_PREFIX_PATH=/home/abril/Documents/PrincipiosRobotica/TP_final_robotica/ros_ws/install/custom_msgs:/home/abril/Documents/PrincipiosRobotica/TP_final_robotica/ros_ws/install/algoritmos:${AMENT_PREFIX_PATH} CMAKE_PREFIX_PATH=/home/abril/Documents/PrincipiosRobotica/TP_final_robotica/ros_ws/install/custom_msgs:${CMAKE_PREFIX_PATH} LD_LIBRARY_PATH=/home/abril/Documents/PrincipiosRobotica/TP_final_robotica/ros_ws/install/custom_msgs/lib:/home/abril/turtlebot3_ws/install/turtlebot3_msgs/lib:/home/abril/turtlebot3_ws/install/dynamixel_sdk_custom_interfaces/lib:/home/abril/turtlebot3_ws/install/dynamixel_sdk/lib:/usr/lib/x86_64-linux-gnu/gazebo-11/plugins:/opt/ros/humble/opt/rviz_ogre_vendor/lib:/opt/ros/humble/lib/x86_64-linux-gnu:/opt/ros/humble/lib:/usr/lib/x86_64-linux-gnu/gazebo-11/plugins PYTHONPATH=/home/abril/Documents/PrincipiosRobotica/TP_final_robotica/ros_ws/build/partea/prefix_override:/usr/lib/python3/dist-packages/colcon_core/task/python/colcon_distutils_commands:/home/abril/Documents/PrincipiosRobotica/TP_final_robotica/ros_ws/install/partea/lib/python3.10/site-packages:/home/abril/Documents/PrincipiosRobotica/TP_final_robotica/ros_ws/install/custom_msgs/local/lib/python3.10/dist-packages:/home/abril/Documents/PrincipiosRobotica/TP_final_robotica/ros_ws/install/algoritmos/lib/python3.10/site-packages:${PYTHONPATH} /usr/bin/python3 -W ignore:setup.py install is deprecated -W ignore:easy_install command is deprecated setup.py egg_info --egg-base ../../build/partea build --build-base /home/abril/Documents/PrincipiosRobotica/TP_final_robotica/ros_ws/build/partea/build install --record /home/abril/Documents/PrincipiosRobotica/TP_final_robotica/ros_ws/build/partea/install.log --single-version-externally-managed install_data
[1.880s] Level 1:colcon.colcon_core.environment:checking '/home/abril/Documents/PrincipiosRobotica/TP_final_robotica/ros_ws/install/partea' for CMake config files
[1.881s] Level 1:colcon.colcon_core.environment:checking '/home/abril/Documents/PrincipiosRobotica/TP_final_robotica/ros_ws/install/partea/lib'
[1.881s] Level 1:colcon.colcon_core.environment:checking '/home/abril/Documents/PrincipiosRobotica/TP_final_robotica/ros_ws/install/partea/bin'
[1.881s] Level 1:colcon.colcon_core.environment:checking '/home/abril/Documents/PrincipiosRobotica/TP_final_robotica/ros_ws/install/partea/lib/pkgconfig/partea.pc'
[1.881s] Level 1:colcon.colcon_core.environment:checking '/home/abril/Documents/PrincipiosRobotica/TP_final_robotica/ros_ws/install/partea/lib/python3.10/site-packages'
[1.881s] Level 1:colcon.colcon_core.shell:create_environment_hook('partea', 'pythonpath')
[1.882s] INFO:colcon.colcon_core.shell:Creating environment hook '/home/abril/Documents/PrincipiosRobotica/TP_final_robotica/ros_ws/install/partea/share/partea/hook/pythonpath.ps1'
[1.882s] INFO:colcon.colcon_core.shell:Creating environment descriptor '/home/abril/Documents/PrincipiosRobotica/TP_final_robotica/ros_ws/install/partea/share/partea/hook/pythonpath.dsv'
[1.882s] INFO:colcon.colcon_core.shell:Creating environment hook '/home/abril/Documents/PrincipiosRobotica/TP_final_robotica/ros_ws/install/partea/share/partea/hook/pythonpath.sh'
[1.883s] Level 1:colcon.colcon_core.environment:checking '/home/abril/Documents/PrincipiosRobotica/TP_final_robotica/ros_ws/install/partea/bin'
[1.883s] Level 1:colcon.colcon_core.environment:create_environment_scripts_only(partea)
[1.883s] INFO:colcon.colcon_core.shell:Creating package script '/home/abril/Documents/PrincipiosRobotica/TP_final_robotica/ros_ws/install/partea/share/partea/package.ps1'
[1.883s] INFO:colcon.colcon_core.shell:Creating package descriptor '/home/abril/Documents/PrincipiosRobotica/TP_final_robotica/ros_ws/install/partea/share/partea/package.dsv'
[1.883s] INFO:colcon.colcon_core.shell:Creating package script '/home/abril/Documents/PrincipiosRobotica/TP_final_robotica/ros_ws/install/partea/share/partea/package.sh'
[1.884s] INFO:colcon.colcon_core.shell:Creating package script '/home/abril/Documents/PrincipiosRobotica/TP_final_robotica/ros_ws/install/partea/share/partea/package.bash'
[1.884s] INFO:colcon.colcon_core.shell:Creating package script '/home/abril/Documents/PrincipiosRobotica/TP_final_robotica/ros_ws/install/partea/share/partea/package.zsh'
[1.884s] Level 1:colcon.colcon_core.environment:create_file_with_runtime_dependencies(/home/abril/Documents/PrincipiosRobotica/TP_final_robotica/ros_ws/install/partea/share/colcon-core/packages/partea)
[2.076s] INFO:colcon.colcon_core.task.python.build:Building Python package in '/home/abril/Documents/PrincipiosRobotica/TP_final_robotica/ros_ws/src/partec'
[2.076s] INFO:colcon.colcon_core.shell:Skip shell extension 'powershell' for command environment: Not usable outside of PowerShell
[2.076s] DEBUG:colcon.colcon_core.shell:Skip shell extension 'dsv' for command environment
[2.300s] DEBUG:colcon.colcon_core.event_handler.log_command:Invoking command in '/home/abril/Documents/PrincipiosRobotica/TP_final_robotica/ros_ws/src/partec': AMENT_PREFIX_PATH=/home/abril/Documents/PrincipiosRobotica/TP_final_robotica/ros_ws/install/parteb:/home/abril/Documents/PrincipiosRobotica/TP_final_robotica/ros_ws/install/algoritmos:${AMENT_PREFIX_PATH} PYTHONPATH=/home/abril/Documents/PrincipiosRobotica/TP_final_robotica/ros_ws/build/partec/prefix_override:/usr/lib/python3/dist-packages/colcon_core/task/python/colcon_distutils_commands:/home/abril/Documents/PrincipiosRobotica/TP_final_robotica/ros_ws/install/partec/lib/python3.10/site-packages:/home/abril/Documents/PrincipiosRobotica/TP_final_robotica/ros_ws/install/parteb/lib/python3.10/site-packages:/home/abril/Documents/PrincipiosRobotica/TP_final_robotica/ros_ws/install/algoritmos/lib/python3.10/site-packages:${PYTHONPATH} /usr/bin/python3 -W ignore:setup.py install is deprecated -W ignore:easy_install command is deprecated setup.py egg_info --egg-base ../../build/partec build --build-base /home/abril/Documents/PrincipiosRobotica/TP_final_robotica/ros_ws/build/partec/build install --record /home/abril/Documents/PrincipiosRobotica/TP_final_robotica/ros_ws/build/partec/install.log --single-version-externally-managed install_data
[2.490s] Level 1:colcon.colcon_core.environment:checking '/home/abril/Documents/PrincipiosRobotica/TP_final_robotica/ros_ws/install/partec' for CMake module files
[2.490s] DEBUG:colcon.colcon_core.event_handler.log_command:Invoked command in '/home/abril/Documents/PrincipiosRobotica/TP_final_robotica/ros_ws/src/partec' returned '0': AMENT_PREFIX_PATH=/home/abril/Documents/PrincipiosRobotica/TP_final_robotica/ros_ws/install/parteb:/home/abril/Documents/PrincipiosRobotica/TP_final_robotica/ros_ws/install/algoritmos:${AMENT_PREFIX_PATH} PYTHONPATH=/home/abril/Documents/PrincipiosRobotica/TP_final_robotica/ros_ws/build/partec/prefix_override:/usr/lib/python3/dist-packages/colcon_core/task/python/colcon_distutils_commands:/home/abril/Documents/PrincipiosRobotica/TP_final_robotica/ros_ws/install/partec/lib/python3.10/site-packages:/home/abril/Documents/PrincipiosRobotica/TP_final_robotica/ros_ws/install/parteb/lib/python3.10/site-packages:/home/abril/Documents/PrincipiosRobotica/TP_final_robotica/ros_ws/install/algoritmos/lib/python3.10/site-packages:${PYTHONPATH} /usr/bin/python3 -W ignore:setup.py install is deprecated -W ignore:easy_install command is deprecated setup.py egg_info --egg-base ../../build/partec build --build-base /home/abril/Documents/PrincipiosRobotica/TP_final_robotica/ros_ws/build/partec/build install --record /home/abril/Documents/PrincipiosRobotica/TP_final_robotica/ros_ws/build/partec/install.log --single-version-externally-managed install_data
[2.491s] Level 1:colcon.colcon_core.environment:checking '/home/abril/Documents/PrincipiosRobotica/TP_final_robotica/ros_ws/install/partec' for CMake config files
[2.492s] Level 1:colcon.colcon_core.environment:checking '/home/abril/Documents/PrincipiosRobotica/TP_final_robotica/ros_ws/install/partec/lib'
[2.492s] Level 1:colcon.colcon_core.environment:checking '/home/abril/Documents/PrincipiosRobotica/TP_final_robotica/ros_ws/install/partec/bin'
[2.492s] Level 1:colcon.colcon_core.environment:checking '/home/abril/Documents/PrincipiosRobotica/TP_final_robotica/ros_ws/install/partec/lib/pkgconfig/partec.pc'
[2.492s] Level 1:colcon.colcon_core.environment:checking '/home/abril/Documents/PrincipiosRobotica/TP_final_robotica/ros_ws/install/partec/lib/python3.10/site-packages'
[2.492s] Level 1:colcon.colcon_core.shell:create_environment_hook('partec', 'pythonpath')
[2.492s] INFO:colcon.colcon_core.shell:Creating environment hook '/home/abril/Documents/PrincipiosRobotica/TP_final_robotica/ros_ws/install/partec/share/partec/hook/pythonpath.ps1'
[2.493s] INFO:colcon.colcon_core.shell:Creating environment descriptor '/home/abril/Documents/PrincipiosRobotica/TP_final_robotica/ros_ws/install/partec/share/partec/hook/pythonpath.dsv'
[2.493s] INFO:colcon.colcon_core.shell:Creating environment hook '/home/abril/Documents/PrincipiosRobotica/TP_final_robotica/ros_ws/install/partec/share/partec/hook/pythonpath.sh'
[2.493s] Level 1:colcon.colcon_core.environment:checking '/home/abril/Documents/PrincipiosRobotica/TP_final_robotica/ros_ws/install/partec/bin'
[2.493s] Level 1:colcon.colcon_core.environment:create_environment_scripts_only(partec)
[2.494s] INFO:colcon.colcon_core.shell:Creating package script '/home/abril/Documents/PrincipiosRobotica/TP_final_robotica/ros_ws/install/partec/share/partec/package.ps1'
[2.494s] INFO:colcon.colcon_core.shell:Creating package descriptor '/home/abril/Documents/PrincipiosRobotica/TP_final_robotica/ros_ws/install/partec/share/partec/package.dsv'
[2.494s] INFO:colcon.colcon_core.shell:Creating package script '/home/abril/Documents/PrincipiosRobotica/TP_final_robotica/ros_ws/install/partec/share/partec/package.sh'
[2.495s] INFO:colcon.colcon_core.shell:Creating package script '/home/abril/Documents/PrincipiosRobotica/TP_final_robotica/ros_ws/install/partec/share/partec/package.bash'
[2.495s] INFO:colcon.colcon_core.shell:Creating package script '/home/abril/Documents/PrincipiosRobotica/TP_final_robotica/ros_ws/install/partec/share/partec/package.zsh'
[2.495s] Level 1:colcon.colcon_core.environment:create_file_with_runtime_dependencies(/home/abril/Documents/PrincipiosRobotica/TP_final_robotica/ros_ws/install/partec/share/colcon-core/packages/partec)
[2.495s] DEBUG:colcon.colcon_parallel_executor.executor.parallel:closing loop
[2.495s] DEBUG:colcon.colcon_parallel_executor.executor.parallel:loop closed
[2.495s] DEBUG:colcon.colcon_parallel_executor.executor.parallel:run_until_complete finished with '0'
[2.495s] DEBUG:colcon.colcon_core.event_reactor:joining thread
[2.503s] INFO:colcon.colcon_core.plugin_system:Skipping extension 'colcon_notification.desktop_notification.terminal_notifier': Not used on non-Darwin systems
[2.503s] INFO:colcon.colcon_core.plugin_system:Skipping extension 'colcon_notification.desktop_notification.win32': Not used on non-Windows systems
[2.503s] INFO:colcon.colcon_notification.desktop_notification:Sending desktop notification using 'notify2'
[2.511s] DEBUG:colcon.colcon_core.event_reactor:joined thread
[2.512s] INFO:colcon.colcon_core.shell:Creating prefix script '/home/abril/Documents/PrincipiosRobotica/TP_final_robotica/ros_ws/install/local_setup.ps1'
[2.513s] INFO:colcon.colcon_core.shell:Creating prefix util module '/home/abril/Documents/PrincipiosRobotica/TP_final_robotica/ros_ws/install/_local_setup_util_ps1.py'
[2.514s] INFO:colcon.colcon_core.shell:Creating prefix chain script '/home/abril/Documents/PrincipiosRobotica/TP_final_robotica/ros_ws/install/setup.ps1'
[2.515s] INFO:colcon.colcon_core.shell:Creating prefix script '/home/abril/Documents/PrincipiosRobotica/TP_final_robotica/ros_ws/install/local_setup.sh'
[2.515s] INFO:colcon.colcon_core.shell:Creating prefix util module '/home/abril/Documents/PrincipiosRobotica/TP_final_robotica/ros_ws/install/_local_setup_util_sh.py'
[2.516s] INFO:colcon.colcon_core.shell:Creating prefix chain script '/home/abril/Documents/PrincipiosRobotica/TP_final_robotica/ros_ws/install/setup.sh'
[2.517s] INFO:colcon.colcon_core.shell:Creating prefix script '/home/abril/Documents/PrincipiosRobotica/TP_final_robotica/ros_ws/install/local_setup.bash'
[2.517s] INFO:colcon.colcon_core.shell:Creating prefix chain script '/home/abril/Documents/PrincipiosRobotica/TP_final_robotica/ros_ws/install/setup.bash'
[2.518s] INFO:colcon.colcon_core.shell:Creating prefix script '/home/abril/Documents/PrincipiosRobotica/TP_final_robotica/ros_ws/install/local_setup.zsh'
[2.519s] INFO:colcon.colcon_core.shell:Creating prefix chain script '/home/abril/Documents/PrincipiosRobotica/TP_final_robotica/ros_ws/install/setup.zsh'
