[0.276s] DEBUG:colcon:Command line arguments: ['/usr/bin/colcon', 'build']
[0.276s] DEBUG:colcon:Parsed command line arguments: Namespace(log_base=None, log_level=None, verb_name='build', build_base='build', install_base='install', merge_install=False, symlink_install=False, test_result_base=None, continue_on_error=False, executor='parallel', parallel_workers=8, event_handlers=None, ignore_user_meta=False, metas=['./colcon.meta'], base_paths=['.'], packages_ignore=None, packages_ignore_regex=None, paths=None, packages_up_to=None, packages_up_to_regex=None, packages_above=None, packages_above_and_dependencies=None, packages_above_depth=None, packages_select_by_dep=None, packages_skip_by_dep=None, packages_skip_up_to=None, packages_select_build_failed=False, packages_skip_build_finished=False, packages_select_test_failures=False, packages_skip_test_passed=False, packages_select=None, packages_skip=None, packages_select_regex=None, packages_skip_regex=None, packages_start=None, packages_end=None, allow_overriding=[], cmake_args=None, cmake_target=None, cmake_target_skip_unavailable=False, cmake_clean_cache=False, cmake_clean_first=False, cmake_force_configure=False, ament_cmake_args=None, catkin_cmake_args=None, catkin_skip_building_tests=False, mixin_files=None, mixin=None, verb_parser=<colcon_mixin.mixin.mixin_argument.MixinArgumentDecorator object at 0x70eaeeb37610>, verb_extension=<colcon_core.verb.build.BuildVerb object at 0x70eaeeca4550>, main=<bound method BuildVerb.main of <colcon_core.verb.build.BuildVerb object at 0x70eaeeca4550>>, mixin_verb=('build',))
[0.547s] Level 1:colcon.colcon_core.package_discovery:discover_packages(colcon_meta) check parameters
[0.547s] Level 1:colcon.colcon_core.package_discovery:discover_packages(recursive) check parameters
[0.548s] Level 1:colcon.colcon_core.package_discovery:discover_packages(ignore) check parameters
[0.548s] Level 1:colcon.colcon_core.package_discovery:discover_packages(path) check parameters
[0.548s] Level 1:colcon.colcon_core.package_discovery:discover_packages(colcon_meta) discover
[0.548s] Level 1:colcon.colcon_core.package_discovery:discover_packages(recursive) discover
[0.548s] INFO:colcon.colcon_core.package_discovery:Crawling recursively for packages in '/home/abril/Documents/PrincipiosRobotica/TP_final_robotica/ros_ws'
[0.548s] Level 1:colcon.colcon_core.package_identification:_identify(.) by extensions ['ignore', 'ignore_ament_install']
[0.548s] Level 1:colcon.colcon_core.package_identification:_identify(.) by extension 'ignore'
[0.548s] Level 1:colcon.colcon_core.package_identification:_identify(.) by extension 'ignore_ament_install'
[0.548s] Level 1:colcon.colcon_core.package_identification:_identify(.) by extensions ['colcon_pkg']
[0.548s] Level 1:colcon.colcon_core.package_identification:_identify(.) by extension 'colcon_pkg'
[0.548s] Level 1:colcon.colcon_core.package_identification:_identify(.) by extensions ['colcon_meta']
[0.548s] Level 1:colcon.colcon_core.package_identification:_identify(.) by extension 'colcon_meta'
[0.548s] Level 1:colcon.colcon_core.package_identification:_identify(.) by extensions ['ros']
[0.548s] Level 1:colcon.colcon_core.package_identification:_identify(.) by extension 'ros'
[0.561s] Level 1:colcon.colcon_core.package_identification:_identify(.) by extensions ['cmake', 'python']
[0.561s] Level 1:colcon.colcon_core.package_identification:_identify(.) by extension 'cmake'
[0.561s] Level 1:colcon.colcon_core.package_identification:_identify(.) by extension 'python'
[0.561s] Level 1:colcon.colcon_core.package_identification:_identify(.) by extensions ['python_setup_py']
[0.561s] Level 1:colcon.colcon_core.package_identification:_identify(.) by extension 'python_setup_py'
[0.561s] Level 1:colcon.colcon_core.package_identification:_identify(build) by extensions ['ignore', 'ignore_ament_install']
[0.561s] Level 1:colcon.colcon_core.package_identification:_identify(build) by extension 'ignore'
[0.561s] Level 1:colcon.colcon_core.package_identification:_identify(build) ignored
[0.561s] Level 1:colcon.colcon_core.package_identification:_identify(install) by extensions ['ignore', 'ignore_ament_install']
[0.561s] Level 1:colcon.colcon_core.package_identification:_identify(install) by extension 'ignore'
[0.561s] Level 1:colcon.colcon_core.package_identification:_identify(install) ignored
[0.561s] Level 1:colcon.colcon_core.package_identification:_identify(log) by extensions ['ignore', 'ignore_ament_install']
[0.561s] Level 1:colcon.colcon_core.package_identification:_identify(log) by extension 'ignore'
[0.561s] Level 1:colcon.colcon_core.package_identification:_identify(log) ignored
[0.562s] Level 1:colcon.colcon_core.package_identification:_identify(src) by extensions ['ignore', 'ignore_ament_install']
[0.562s] Level 1:colcon.colcon_core.package_identification:_identify(src) by extension 'ignore'
[0.562s] Level 1:colcon.colcon_core.package_identification:_identify(src) by extension 'ignore_ament_install'
[0.562s] Level 1:colcon.colcon_core.package_identification:_identify(src) by extensions ['colcon_pkg']
[0.562s] Level 1:colcon.colcon_core.package_identification:_identify(src) by extension 'colcon_pkg'
[0.562s] Level 1:colcon.colcon_core.package_identification:_identify(src) by extensions ['colcon_meta']
[0.563s] Level 1:colcon.colcon_core.package_identification:_identify(src) by extension 'colcon_meta'
[0.563s] Level 1:colcon.colcon_core.package_identification:_identify(src) by extensions ['ros']
[0.563s] Level 1:colcon.colcon_core.package_identification:_identify(src) by extension 'ros'
[0.563s] Level 1:colcon.colcon_core.package_identification:_identify(src) by extensions ['cmake', 'python']
[0.563s] Level 1:colcon.colcon_core.package_identification:_identify(src) by extension 'cmake'
[0.563s] Level 1:colcon.colcon_core.package_identification:_identify(src) by extension 'python'
[0.563s] Level 1:colcon.colcon_core.package_identification:_identify(src) by extensions ['python_setup_py']
[0.563s] Level 1:colcon.colcon_core.package_identification:_identify(src) by extension 'python_setup_py'
[0.563s] Level 1:colcon.colcon_core.package_identification:_identify(src/algoritmos) by extensions ['ignore', 'ignore_ament_install']
[0.563s] Level 1:colcon.colcon_core.package_identification:_identify(src/algoritmos) by extension 'ignore'
[0.563s] Level 1:colcon.colcon_core.package_identification:_identify(src/algoritmos) by extension 'ignore_ament_install'
[0.563s] Level 1:colcon.colcon_core.package_identification:_identify(src/algoritmos) by extensions ['colcon_pkg']
[0.563s] Level 1:colcon.colcon_core.package_identification:_identify(src/algoritmos) by extension 'colcon_pkg'
[0.563s] Level 1:colcon.colcon_core.package_identification:_identify(src/algoritmos) by extensions ['colcon_meta']
[0.563s] Level 1:colcon.colcon_core.package_identification:_identify(src/algoritmos) by extension 'colcon_meta'
[0.563s] Level 1:colcon.colcon_core.package_identification:_identify(src/algoritmos) by extensions ['ros']
[0.563s] Level 1:colcon.colcon_core.package_identification:_identify(src/algoritmos) by extension 'ros'
[0.566s] DEBUG:colcon.colcon_core.package_identification:Package 'src/algoritmos' with type 'ros.ament_python' and name 'algoritmos'
[0.567s] Level 1:colcon.colcon_core.package_identification:_identify(src/custom_msgs) by extensions ['ignore', 'ignore_ament_install']
[0.567s] Level 1:colcon.colcon_core.package_identification:_identify(src/custom_msgs) by extension 'ignore'
[0.567s] Level 1:colcon.colcon_core.package_identification:_identify(src/custom_msgs) by extension 'ignore_ament_install'
[0.567s] Level 1:colcon.colcon_core.package_identification:_identify(src/custom_msgs) by extensions ['colcon_pkg']
[0.567s] Level 1:colcon.colcon_core.package_identification:_identify(src/custom_msgs) by extension 'colcon_pkg'
[0.567s] Level 1:colcon.colcon_core.package_identification:_identify(src/custom_msgs) by extensions ['colcon_meta']
[0.567s] Level 1:colcon.colcon_core.package_identification:_identify(src/custom_msgs) by extension 'colcon_meta'
[0.567s] Level 1:colcon.colcon_core.package_identification:_identify(src/custom_msgs) by extensions ['ros']
[0.567s] Level 1:colcon.colcon_core.package_identification:_identify(src/custom_msgs) by extension 'ros'
[0.568s] DEBUG:colcon.colcon_core.package_identification:Package 'src/custom_msgs' with type 'ros.ament_cmake' and name 'custom_msgs'
[0.568s] Level 1:colcon.colcon_core.package_identification:_identify(src/partea) by extensions ['ignore', 'ignore_ament_install']
[0.568s] Level 1:colcon.colcon_core.package_identification:_identify(src/partea) by extension 'ignore'
[0.568s] Level 1:colcon.colcon_core.package_identification:_identify(src/partea) by extension 'ignore_ament_install'
[0.568s] Level 1:colcon.colcon_core.package_identification:_identify(src/partea) by extensions ['colcon_pkg']
[0.568s] Level 1:colcon.colcon_core.package_identification:_identify(src/partea) by extension 'colcon_pkg'
[0.568s] Level 1:colcon.colcon_core.package_identification:_identify(src/partea) by extensions ['colcon_meta']
[0.568s] Level 1:colcon.colcon_core.package_identification:_identify(src/partea) by extension 'colcon_meta'
[0.569s] Level 1:colcon.colcon_core.package_identification:_identify(src/partea) by extensions ['ros']
[0.569s] Level 1:colcon.colcon_core.package_identification:_identify(src/partea) by extension 'ros'
[0.570s] DEBUG:colcon.colcon_core.package_identification:Package 'src/partea' with type 'ros.ament_python' and name 'partea'
[0.570s] Level 1:colcon.colcon_core.package_identification:_identify(src/parteb) by extensions ['ignore', 'ignore_ament_install']
[0.570s] Level 1:colcon.colcon_core.package_identification:_identify(src/parteb) by extension 'ignore'
[0.570s] Level 1:colcon.colcon_core.package_identification:_identify(src/parteb) by extension 'ignore_ament_install'
[0.570s] Level 1:colcon.colcon_core.package_identification:_identify(src/parteb) by extensions ['colcon_pkg']
[0.570s] Level 1:colcon.colcon_core.package_identification:_identify(src/parteb) by extension 'colcon_pkg'
[0.570s] Level 1:colcon.colcon_core.package_identification:_identify(src/parteb) by extensions ['colcon_meta']
[0.570s] Level 1:colcon.colcon_core.package_identification:_identify(src/parteb) by extension 'colcon_meta'
[0.570s] Level 1:colcon.colcon_core.package_identification:_identify(src/parteb) by extensions ['ros']
[0.570s] Level 1:colcon.colcon_core.package_identification:_identify(src/parteb) by extension 'ros'
[0.571s] DEBUG:colcon.colcon_core.package_identification:Package 'src/parteb' with type 'ros.ament_python' and name 'parteb'
[0.571s] Level 1:colcon.colcon_core.package_identification:_identify(src/partec) by extensions ['ignore', 'ignore_ament_install']
[0.571s] Level 1:colcon.colcon_core.package_identification:_identify(src/partec) by extension 'ignore'
[0.571s] Level 1:colcon.colcon_core.package_identification:_identify(src/partec) by extension 'ignore_ament_install'
[0.571s] Level 1:colcon.colcon_core.package_identification:_identify(src/partec) by extensions ['colcon_pkg']
[0.571s] Level 1:colcon.colcon_core.package_identification:_identify(src/partec) by extension 'colcon_pkg'
[0.571s] Level 1:colcon.colcon_core.package_identification:_identify(src/partec) by extensions ['colcon_meta']
[0.572s] Level 1:colcon.colcon_core.package_identification:_identify(src/partec) by extension 'colcon_meta'
[0.572s] Level 1:colcon.colcon_core.package_identification:_identify(src/partec) by extensions ['ros']
[0.572s] Level 1:colcon.colcon_core.package_identification:_identify(src/partec) by extension 'ros'
[0.573s] DEBUG:colcon.colcon_core.package_identification:Package 'src/partec' with type 'ros.ament_python' and name 'partec'
[0.573s] Level 1:colcon.colcon_core.package_identification:_identify(src/rviz) by extensions ['ignore', 'ignore_ament_install']
[0.573s] Level 1:colcon.colcon_core.package_identification:_identify(src/rviz) by extension 'ignore'
[0.573s] Level 1:colcon.colcon_core.package_identification:_identify(src/rviz) by extension 'ignore_ament_install'
[0.573s] Level 1:colcon.colcon_core.package_identification:_identify(src/rviz) by extensions ['colcon_pkg']
[0.573s] Level 1:colcon.colcon_core.package_identification:_identify(src/rviz) by extension 'colcon_pkg'
[0.573s] Level 1:colcon.colcon_core.package_identification:_identify(src/rviz) by extensions ['colcon_meta']
[0.573s] Level 1:colcon.colcon_core.package_identification:_identify(src/rviz) by extension 'colcon_meta'
[0.573s] Level 1:colcon.colcon_core.package_identification:_identify(src/rviz) by extensions ['ros']
[0.573s] Level 1:colcon.colcon_core.package_identification:_identify(src/rviz) by extension 'ros'
[0.573s] Level 1:colcon.colcon_core.package_identification:_identify(src/rviz) by extensions ['cmake', 'python']
[0.573s] Level 1:colcon.colcon_core.package_identification:_identify(src/rviz) by extension 'cmake'
[0.574s] Level 1:colcon.colcon_core.package_identification:_identify(src/rviz) by extension 'python'
[0.574s] Level 1:colcon.colcon_core.package_identification:_identify(src/rviz) by extensions ['python_setup_py']
[0.574s] Level 1:colcon.colcon_core.package_identification:_identify(src/rviz) by extension 'python_setup_py'
[0.574s] Level 1:colcon.colcon_core.package_discovery:discover_packages(recursive) using defaults
[0.574s] Level 1:colcon.colcon_core.package_discovery:discover_packages(ignore) discover
[0.574s] Level 1:colcon.colcon_core.package_discovery:discover_packages(ignore) using defaults
[0.574s] Level 1:colcon.colcon_core.package_discovery:discover_packages(path) discover
[0.574s] Level 1:colcon.colcon_core.package_discovery:discover_packages(path) using defaults
[0.615s] Level 1:colcon.colcon_core.package_discovery:discover_packages(prefix_path) check parameters
[0.615s] Level 1:colcon.colcon_core.package_discovery:discover_packages(prefix_path) discover
[0.618s] DEBUG:colcon.colcon_installed_package_information.package_discovery:Found 16 installed packages in /home/abril/turtlebot3_ws/install
[0.620s] DEBUG:colcon.colcon_installed_package_information.package_discovery:Found 365 installed packages in /opt/ros/humble
[0.622s] Level 1:colcon.colcon_core.package_discovery:discover_packages(prefix_path) using defaults
[0.684s] Level 5:colcon.colcon_core.verb:set package 'algoritmos' build argument 'cmake_args' from command line to 'None'
[0.684s] Level 5:colcon.colcon_core.verb:set package 'algoritmos' build argument 'cmake_target' from command line to 'None'
[0.685s] Level 5:colcon.colcon_core.verb:set package 'algoritmos' build argument 'cmake_target_skip_unavailable' from command line to 'False'
[0.685s] Level 5:colcon.colcon_core.verb:set package 'algoritmos' build argument 'cmake_clean_cache' from command line to 'False'
[0.685s] Level 5:colcon.colcon_core.verb:set package 'algoritmos' build argument 'cmake_clean_first' from command line to 'False'
[0.685s] Level 5:colcon.colcon_core.verb:set package 'algoritmos' build argument 'cmake_force_configure' from command line to 'False'
[0.685s] Level 5:colcon.colcon_core.verb:set package 'algoritmos' build argument 'ament_cmake_args' from command line to 'None'
[0.685s] Level 5:colcon.colcon_core.verb:set package 'algoritmos' build argument 'catkin_cmake_args' from command line to 'None'
[0.685s] Level 5:colcon.colcon_core.verb:set package 'algoritmos' build argument 'catkin_skip_building_tests' from command line to 'False'
[0.685s] DEBUG:colcon.colcon_core.verb:Building package 'algoritmos' with the following arguments: {'ament_cmake_args': None, 'build_base': '/home/abril/Documents/PrincipiosRobotica/TP_final_robotica/ros_ws/build/algoritmos', 'catkin_cmake_args': None, 'catkin_skip_building_tests': False, 'cmake_args': None, 'cmake_clean_cache': False, 'cmake_clean_first': False, 'cmake_force_configure': False, 'cmake_target': None, 'cmake_target_skip_unavailable': False, 'install_base': '/home/abril/Documents/PrincipiosRobotica/TP_final_robotica/ros_ws/install/algoritmos', 'merge_install': False, 'path': '/home/abril/Documents/PrincipiosRobotica/TP_final_robotica/ros_ws/src/algoritmos', 'symlink_install': False, 'test_result_base': None}
[0.685s] Level 5:colcon.colcon_core.verb:set package 'custom_msgs' build argument 'cmake_args' from command line to 'None'
[0.685s] Level 5:colcon.colcon_core.verb:set package 'custom_msgs' build argument 'cmake_target' from command line to 'None'
[0.685s] Level 5:colcon.colcon_core.verb:set package 'custom_msgs' build argument 'cmake_target_skip_unavailable' from command line to 'False'
[0.685s] Level 5:colcon.colcon_core.verb:set package 'custom_msgs' build argument 'cmake_clean_cache' from command line to 'False'
[0.685s] Level 5:colcon.colcon_core.verb:set package 'custom_msgs' build argument 'cmake_clean_first' from command line to 'False'
[0.685s] Level 5:colcon.colcon_core.verb:set package 'custom_msgs' build argument 'cmake_force_configure' from command line to 'False'
[0.685s] Level 5:colcon.colcon_core.verb:set package 'custom_msgs' build argument 'ament_cmake_args' from command line to 'None'
[0.685s] Level 5:colcon.colcon_core.verb:set package 'custom_msgs' build argument 'catkin_cmake_args' from command line to 'None'
[0.685s] Level 5:colcon.colcon_core.verb:set package 'custom_msgs' build argument 'catkin_skip_building_tests' from command line to 'False'
[0.685s] DEBUG:colcon.colcon_core.verb:Building package 'custom_msgs' with the following arguments: {'ament_cmake_args': None, 'build_base': '/home/abril/Documents/PrincipiosRobotica/TP_final_robotica/ros_ws/build/custom_msgs', 'catkin_cmake_args': None, 'catkin_skip_building_tests': False, 'cmake_args': None, 'cmake_clean_cache': False, 'cmake_clean_first': False, 'cmake_force_configure': False, 'cmake_target': None, 'cmake_target_skip_unavailable': False, 'install_base': '/home/abril/Documents/PrincipiosRobotica/TP_final_robotica/ros_ws/install/custom_msgs', 'merge_install': False, 'path': '/home/abril/Documents/PrincipiosRobotica/TP_final_robotica/ros_ws/src/custom_msgs', 'symlink_install': False, 'test_result_base': None}
[0.686s] Level 5:colcon.colcon_core.verb:set package 'partea' build argument 'cmake_args' from command line to 'None'
[0.686s] Level 5:colcon.colcon_core.verb:set package 'partea' build argument 'cmake_target' from command line to 'None'
[0.686s] Level 5:colcon.colcon_core.verb:set package 'partea' build argument 'cmake_target_skip_unavailable' from command line to 'False'
[0.686s] Level 5:colcon.colcon_core.verb:set package 'partea' build argument 'cmake_clean_cache' from command line to 'False'
[0.686s] Level 5:colcon.colcon_core.verb:set package 'partea' build argument 'cmake_clean_first' from command line to 'False'
[0.686s] Level 5:colcon.colcon_core.verb:set package 'partea' build argument 'cmake_force_configure' from command line to 'False'
[0.686s] Level 5:colcon.colcon_core.verb:set package 'partea' build argument 'ament_cmake_args' from command line to 'None'
[0.686s] Level 5:colcon.colcon_core.verb:set package 'partea' build argument 'catkin_cmake_args' from command line to 'None'
[0.686s] Level 5:colcon.colcon_core.verb:set package 'partea' build argument 'catkin_skip_building_tests' from command line to 'False'
[0.686s] DEBUG:colcon.colcon_core.verb:Building package 'partea' with the following arguments: {'ament_cmake_args': None, 'build_base': '/home/abril/Documents/PrincipiosRobotica/TP_final_robotica/ros_ws/build/partea', 'catkin_cmake_args': None, 'catkin_skip_building_tests': False, 'cmake_args': None, 'cmake_clean_cache': False, 'cmake_clean_first': False, 'cmake_force_configure': False, 'cmake_target': None, 'cmake_target_skip_unavailable': False, 'install_base': '/home/abril/Documents/PrincipiosRobotica/TP_final_robotica/ros_ws/install/partea', 'merge_install': False, 'path': '/home/abril/Documents/PrincipiosRobotica/TP_final_robotica/ros_ws/src/partea', 'symlink_install': False, 'test_result_base': None}
[0.686s] Level 5:colcon.colcon_core.verb:set package 'parteb' build argument 'cmake_args' from command line to 'None'
[0.686s] Level 5:colcon.colcon_core.verb:set package 'parteb' build argument 'cmake_target' from command line to 'None'
[0.686s] Level 5:colcon.colcon_core.verb:set package 'parteb' build argument 'cmake_target_skip_unavailable' from command line to 'False'
[0.686s] Level 5:colcon.colcon_core.verb:set package 'parteb' build argument 'cmake_clean_cache' from command line to 'False'
[0.686s] Level 5:colcon.colcon_core.verb:set package 'parteb' build argument 'cmake_clean_first' from command line to 'False'
[0.686s] Level 5:colcon.colcon_core.verb:set package 'parteb' build argument 'cmake_force_configure' from command line to 'False'
[0.686s] Level 5:colcon.colcon_core.verb:set package 'parteb' build argument 'ament_cmake_args' from command line to 'None'
[0.686s] Level 5:colcon.colcon_core.verb:set package 'parteb' build argument 'catkin_cmake_args' from command line to 'None'
[0.686s] Level 5:colcon.colcon_core.verb:set package 'parteb' build argument 'catkin_skip_building_tests' from command line to 'False'
[0.686s] DEBUG:colcon.colcon_core.verb:Building package 'parteb' with the following arguments: {'ament_cmake_args': None, 'build_base': '/home/abril/Documents/PrincipiosRobotica/TP_final_robotica/ros_ws/build/parteb', 'catkin_cmake_args': None, 'catkin_skip_building_tests': False, 'cmake_args': None, 'cmake_clean_cache': False, 'cmake_clean_first': False, 'cmake_force_configure': False, 'cmake_target': None, 'cmake_target_skip_unavailable': False, 'install_base': '/home/abril/Documents/PrincipiosRobotica/TP_final_robotica/ros_ws/install/parteb', 'merge_install': False, 'path': '/home/abril/Documents/PrincipiosRobotica/TP_final_robotica/ros_ws/src/parteb', 'symlink_install': False, 'test_result_base': None}
[0.687s] Level 5:colcon.colcon_core.verb:set package 'partec' build argument 'cmake_args' from command line to 'None'
[0.687s] Level 5:colcon.colcon_core.verb:set package 'partec' build argument 'cmake_target' from command line to 'None'
[0.687s] Level 5:colcon.colcon_core.verb:set package 'partec' build argument 'cmake_target_skip_unavailable' from command line to 'False'
[0.687s] Level 5:colcon.colcon_core.verb:set package 'partec' build argument 'cmake_clean_cache' from command line to 'False'
[0.687s] Level 5:colcon.colcon_core.verb:set package 'partec' build argument 'cmake_clean_first' from command line to 'False'
[0.687s] Level 5:colcon.colcon_core.verb:set package 'partec' build argument 'cmake_force_configure' from command line to 'False'
[0.687s] Level 5:colcon.colcon_core.verb:set package 'partec' build argument 'ament_cmake_args' from command line to 'None'
[0.687s] Level 5:colcon.colcon_core.verb:set package 'partec' build argument 'catkin_cmake_args' from command line to 'None'
[0.687s] Level 5:colcon.colcon_core.verb:set package 'partec' build argument 'catkin_skip_building_tests' from command line to 'False'
[0.687s] DEBUG:colcon.colcon_core.verb:Building package 'partec' with the following arguments: {'ament_cmake_args': None, 'build_base': '/home/abril/Documents/PrincipiosRobotica/TP_final_robotica/ros_ws/build/partec', 'catkin_cmake_args': None, 'catkin_skip_building_tests': False, 'cmake_args': None, 'cmake_clean_cache': False, 'cmake_clean_first': False, 'cmake_force_configure': False, 'cmake_target': None, 'cmake_target_skip_unavailable': False, 'install_base': '/home/abril/Documents/PrincipiosRobotica/TP_final_robotica/ros_ws/install/partec', 'merge_install': False, 'path': '/home/abril/Documents/PrincipiosRobotica/TP_final_robotica/ros_ws/src/partec', 'symlink_install': False, 'test_result_base': None}
[0.687s] INFO:colcon.colcon_core.executor:Executing jobs using 'parallel' executor
[0.688s] DEBUG:colcon.colcon_parallel_executor.executor.parallel:run_until_complete
[0.689s] INFO:colcon.colcon_ros.task.ament_python.build:Building ROS package in '/home/abril/Documents/PrincipiosRobotica/TP_final_robotica/ros_ws/src/algoritmos' with build type 'ament_python'
[0.689s] Level 1:colcon.colcon_core.shell:create_environment_hook('algoritmos', 'ament_prefix_path')
[0.693s] INFO:colcon.colcon_core.plugin_system:Skipping extension 'colcon_core.shell.bat': Not used on non-Windows systems
[0.694s] INFO:colcon.colcon_core.shell:Creating environment hook '/home/abril/Documents/PrincipiosRobotica/TP_final_robotica/ros_ws/install/algoritmos/share/algoritmos/hook/ament_prefix_path.ps1'
[0.696s] INFO:colcon.colcon_core.shell:Creating environment descriptor '/home/abril/Documents/PrincipiosRobotica/TP_final_robotica/ros_ws/install/algoritmos/share/algoritmos/hook/ament_prefix_path.dsv'
[0.696s] INFO:colcon.colcon_core.shell:Creating environment hook '/home/abril/Documents/PrincipiosRobotica/TP_final_robotica/ros_ws/install/algoritmos/share/algoritmos/hook/ament_prefix_path.sh'
[0.697s] INFO:colcon.colcon_core.shell:Skip shell extension 'powershell' for command environment: Not usable outside of PowerShell
[0.697s] DEBUG:colcon.colcon_core.shell:Skip shell extension 'dsv' for command environment
[0.702s] INFO:colcon.colcon_ros.task.ament_cmake.build:Building ROS package in '/home/abril/Documents/PrincipiosRobotica/TP_final_robotica/ros_ws/src/custom_msgs' with build type 'ament_cmake'
[0.702s] INFO:colcon.colcon_cmake.task.cmake.build:Building CMake package in '/home/abril/Documents/PrincipiosRobotica/TP_final_robotica/ros_ws/src/custom_msgs'
[0.703s] INFO:colcon.colcon_core.shell:Skip shell extension 'powershell' for command environment: Not usable outside of PowerShell
[0.703s] DEBUG:colcon.colcon_core.shell:Skip shell extension 'dsv' for command environment
[0.989s] INFO:colcon.colcon_core.task.python.build:Building Python package in '/home/abril/Documents/PrincipiosRobotica/TP_final_robotica/ros_ws/src/algoritmos'
[0.989s] INFO:colcon.colcon_core.shell:Skip shell extension 'powershell' for command environment: Not usable outside of PowerShell
[0.989s] DEBUG:colcon.colcon_core.shell:Skip shell extension 'dsv' for command environment
[0.998s] DEBUG:colcon.colcon_core.event_handler.log_command:Invoking command in '/home/abril/Documents/PrincipiosRobotica/TP_final_robotica/ros_ws/build/custom_msgs': CMAKE_PREFIX_PATH=${CMAKE_PREFIX_PATH}:/home/abril/turtlebot3_ws/install/turtlebot3_teleop:/home/abril/turtlebot3_ws/install/turtlebot3_example:/opt/ros/humble /usr/bin/cmake --build /home/abril/Documents/PrincipiosRobotica/TP_final_robotica/ros_ws/build/custom_msgs -- -j8 -l8
[1.622s] DEBUG:colcon.colcon_core.event_handler.log_command:Invoked command in '/home/abril/Documents/PrincipiosRobotica/TP_final_robotica/ros_ws/build/custom_msgs' returned '0': CMAKE_PREFIX_PATH=${CMAKE_PREFIX_PATH}:/home/abril/turtlebot3_ws/install/turtlebot3_teleop:/home/abril/turtlebot3_ws/install/turtlebot3_example:/opt/ros/humble /usr/bin/cmake --build /home/abril/Documents/PrincipiosRobotica/TP_final_robotica/ros_ws/build/custom_msgs -- -j8 -l8
[1.637s] DEBUG:colcon.colcon_core.event_handler.log_command:Invoking command in '/home/abril/Documents/PrincipiosRobotica/TP_final_robotica/ros_ws/build/custom_msgs': CMAKE_PREFIX_PATH=${CMAKE_PREFIX_PATH}:/home/abril/turtlebot3_ws/install/turtlebot3_teleop:/home/abril/turtlebot3_ws/install/turtlebot3_example:/opt/ros/humble /usr/bin/cmake --install /home/abril/Documents/PrincipiosRobotica/TP_final_robotica/ros_ws/build/custom_msgs
[1.660s] DEBUG:colcon.colcon_core.event_handler.log_command:Invoking command in '/home/abril/Documents/PrincipiosRobotica/TP_final_robotica/ros_ws/src/algoritmos': PYTHONPATH=/home/abril/Documents/PrincipiosRobotica/TP_final_robotica/ros_ws/build/algoritmos/prefix_override:/usr/lib/python3/dist-packages/colcon_core/task/python/colcon_distutils_commands:/home/abril/Documents/PrincipiosRobotica/TP_final_robotica/ros_ws/install/algoritmos/lib/python3.10/site-packages:${PYTHONPATH} /usr/bin/python3 -W ignore:setup.py install is deprecated -W ignore:easy_install command is deprecated setup.py egg_info --egg-base ../../build/algoritmos build --build-base /home/abril/Documents/PrincipiosRobotica/TP_final_robotica/ros_ws/build/algoritmos/build install --record /home/abril/Documents/PrincipiosRobotica/TP_final_robotica/ros_ws/build/algoritmos/install.log --single-version-externally-managed install_data
[1.721s] Level 1:colcon.colcon_core.environment:create_environment_scripts_only(custom_msgs)
[1.722s] DEBUG:colcon.colcon_core.event_handler.log_command:Invoked command in '/home/abril/Documents/PrincipiosRobotica/TP_final_robotica/ros_ws/build/custom_msgs' returned '0': CMAKE_PREFIX_PATH=${CMAKE_PREFIX_PATH}:/home/abril/turtlebot3_ws/install/turtlebot3_teleop:/home/abril/turtlebot3_ws/install/turtlebot3_example:/opt/ros/humble /usr/bin/cmake --install /home/abril/Documents/PrincipiosRobotica/TP_final_robotica/ros_ws/build/custom_msgs
[1.729s] Level 1:colcon.colcon_core.environment:checking '/home/abril/Documents/PrincipiosRobotica/TP_final_robotica/ros_ws/install/custom_msgs' for CMake module files
[1.730s] Level 1:colcon.colcon_core.environment:checking '/home/abril/Documents/PrincipiosRobotica/TP_final_robotica/ros_ws/install/custom_msgs' for CMake config files
[1.731s] Level 1:colcon.colcon_core.shell:create_environment_hook('custom_msgs', 'cmake_prefix_path')
[1.731s] INFO:colcon.colcon_core.shell:Creating environment hook '/home/abril/Documents/PrincipiosRobotica/TP_final_robotica/ros_ws/install/custom_msgs/share/custom_msgs/hook/cmake_prefix_path.ps1'
[1.732s] INFO:colcon.colcon_core.shell:Creating environment descriptor '/home/abril/Documents/PrincipiosRobotica/TP_final_robotica/ros_ws/install/custom_msgs/share/custom_msgs/hook/cmake_prefix_path.dsv'
[1.733s] INFO:colcon.colcon_core.shell:Creating environment hook '/home/abril/Documents/PrincipiosRobotica/TP_final_robotica/ros_ws/install/custom_msgs/share/custom_msgs/hook/cmake_prefix_path.sh'
[1.734s] Level 1:colcon.colcon_core.environment:checking '/home/abril/Documents/PrincipiosRobotica/TP_final_robotica/ros_ws/install/custom_msgs/lib'
[1.734s] Level 1:colcon.colcon_core.shell:create_environment_hook('custom_msgs', 'ld_library_path_lib')
[1.734s] INFO:colcon.colcon_core.shell:Creating environment hook '/home/abril/Documents/PrincipiosRobotica/TP_final_robotica/ros_ws/install/custom_msgs/share/custom_msgs/hook/ld_library_path_lib.ps1'
[1.735s] INFO:colcon.colcon_core.shell:Creating environment descriptor '/home/abril/Documents/PrincipiosRobotica/TP_final_robotica/ros_ws/install/custom_msgs/share/custom_msgs/hook/ld_library_path_lib.dsv'
[1.735s] INFO:colcon.colcon_core.shell:Creating environment hook '/home/abril/Documents/PrincipiosRobotica/TP_final_robotica/ros_ws/install/custom_msgs/share/custom_msgs/hook/ld_library_path_lib.sh'
[1.736s] Level 1:colcon.colcon_core.environment:checking '/home/abril/Documents/PrincipiosRobotica/TP_final_robotica/ros_ws/install/custom_msgs/bin'
[1.736s] Level 1:colcon.colcon_core.environment:checking '/home/abril/Documents/PrincipiosRobotica/TP_final_robotica/ros_ws/install/custom_msgs/lib/pkgconfig/custom_msgs.pc'
[1.737s] Level 1:colcon.colcon_core.environment:checking '/home/abril/Documents/PrincipiosRobotica/TP_final_robotica/ros_ws/install/custom_msgs/lib/python3.10/site-packages'
[1.737s] Level 1:colcon.colcon_core.environment:checking '/home/abril/Documents/PrincipiosRobotica/TP_final_robotica/ros_ws/install/custom_msgs/bin'
[1.738s] INFO:colcon.colcon_core.shell:Creating package script '/home/abril/Documents/PrincipiosRobotica/TP_final_robotica/ros_ws/install/custom_msgs/share/custom_msgs/package.ps1'
[1.739s] INFO:colcon.colcon_core.shell:Creating package descriptor '/home/abril/Documents/PrincipiosRobotica/TP_final_robotica/ros_ws/install/custom_msgs/share/custom_msgs/package.dsv'
[1.740s] INFO:colcon.colcon_core.shell:Creating package script '/home/abril/Documents/PrincipiosRobotica/TP_final_robotica/ros_ws/install/custom_msgs/share/custom_msgs/package.sh'
[1.741s] INFO:colcon.colcon_core.shell:Creating package script '/home/abril/Documents/PrincipiosRobotica/TP_final_robotica/ros_ws/install/custom_msgs/share/custom_msgs/package.bash'
[1.742s] INFO:colcon.colcon_core.shell:Creating package script '/home/abril/Documents/PrincipiosRobotica/TP_final_robotica/ros_ws/install/custom_msgs/share/custom_msgs/package.zsh'
[1.743s] Level 1:colcon.colcon_core.environment:create_file_with_runtime_dependencies(/home/abril/Documents/PrincipiosRobotica/TP_final_robotica/ros_ws/install/custom_msgs/share/colcon-core/packages/custom_msgs)
[1.745s] Level 1:colcon.colcon_core.environment:create_environment_scripts_only(custom_msgs)
[1.745s] Level 1:colcon.colcon_core.environment:checking '/home/abril/Documents/PrincipiosRobotica/TP_final_robotica/ros_ws/install/custom_msgs' for CMake module files
[1.746s] Level 1:colcon.colcon_core.environment:checking '/home/abril/Documents/PrincipiosRobotica/TP_final_robotica/ros_ws/install/custom_msgs' for CMake config files
[1.746s] Level 1:colcon.colcon_core.shell:create_environment_hook('custom_msgs', 'cmake_prefix_path')
[1.746s] INFO:colcon.colcon_core.shell:Creating environment hook '/home/abril/Documents/PrincipiosRobotica/TP_final_robotica/ros_ws/install/custom_msgs/share/custom_msgs/hook/cmake_prefix_path.ps1'
[1.747s] INFO:colcon.colcon_core.shell:Creating environment descriptor '/home/abril/Documents/PrincipiosRobotica/TP_final_robotica/ros_ws/install/custom_msgs/share/custom_msgs/hook/cmake_prefix_path.dsv'
[1.747s] INFO:colcon.colcon_core.shell:Creating environment hook '/home/abril/Documents/PrincipiosRobotica/TP_final_robotica/ros_ws/install/custom_msgs/share/custom_msgs/hook/cmake_prefix_path.sh'
[1.748s] Level 1:colcon.colcon_core.environment:checking '/home/abril/Documents/PrincipiosRobotica/TP_final_robotica/ros_ws/install/custom_msgs/lib'
[1.748s] Level 1:colcon.colcon_core.shell:create_environment_hook('custom_msgs', 'ld_library_path_lib')
[1.748s] INFO:colcon.colcon_core.shell:Creating environment hook '/home/abril/Documents/PrincipiosRobotica/TP_final_robotica/ros_ws/install/custom_msgs/share/custom_msgs/hook/ld_library_path_lib.ps1'
[1.749s] INFO:colcon.colcon_core.shell:Creating environment descriptor '/home/abril/Documents/PrincipiosRobotica/TP_final_robotica/ros_ws/install/custom_msgs/share/custom_msgs/hook/ld_library_path_lib.dsv'
[1.749s] INFO:colcon.colcon_core.shell:Creating environment hook '/home/abril/Documents/PrincipiosRobotica/TP_final_robotica/ros_ws/install/custom_msgs/share/custom_msgs/hook/ld_library_path_lib.sh'
[1.750s] Level 1:colcon.colcon_core.environment:checking '/home/abril/Documents/PrincipiosRobotica/TP_final_robotica/ros_ws/install/custom_msgs/bin'
[1.750s] Level 1:colcon.colcon_core.environment:checking '/home/abril/Documents/PrincipiosRobotica/TP_final_robotica/ros_ws/install/custom_msgs/lib/pkgconfig/custom_msgs.pc'
[1.751s] Level 1:colcon.colcon_core.environment:checking '/home/abril/Documents/PrincipiosRobotica/TP_final_robotica/ros_ws/install/custom_msgs/lib/python3.10/site-packages'
[1.751s] Level 1:colcon.colcon_core.environment:checking '/home/abril/Documents/PrincipiosRobotica/TP_final_robotica/ros_ws/install/custom_msgs/bin'
[1.752s] INFO:colcon.colcon_core.shell:Creating package script '/home/abril/Documents/PrincipiosRobotica/TP_final_robotica/ros_ws/install/custom_msgs/share/custom_msgs/package.ps1'
[1.752s] INFO:colcon.colcon_core.shell:Creating package descriptor '/home/abril/Documents/PrincipiosRobotica/TP_final_robotica/ros_ws/install/custom_msgs/share/custom_msgs/package.dsv'
[1.753s] INFO:colcon.colcon_core.shell:Creating package script '/home/abril/Documents/PrincipiosRobotica/TP_final_robotica/ros_ws/install/custom_msgs/share/custom_msgs/package.sh'
[1.754s] INFO:colcon.colcon_core.shell:Creating package script '/home/abril/Documents/PrincipiosRobotica/TP_final_robotica/ros_ws/install/custom_msgs/share/custom_msgs/package.bash'
[1.754s] INFO:colcon.colcon_core.shell:Creating package script '/home/abril/Documents/PrincipiosRobotica/TP_final_robotica/ros_ws/install/custom_msgs/share/custom_msgs/package.zsh'
[1.755s] Level 1:colcon.colcon_core.environment:create_file_with_runtime_dependencies(/home/abril/Documents/PrincipiosRobotica/TP_final_robotica/ros_ws/install/custom_msgs/share/colcon-core/packages/custom_msgs)
[1.998s] Level 1:colcon.colcon_core.environment:checking '/home/abril/Documents/PrincipiosRobotica/TP_final_robotica/ros_ws/install/algoritmos' for CMake module files
[1.998s] DEBUG:colcon.colcon_core.event_handler.log_command:Invoked command in '/home/abril/Documents/PrincipiosRobotica/TP_final_robotica/ros_ws/src/algoritmos' returned '0': PYTHONPATH=/home/abril/Documents/PrincipiosRobotica/TP_final_robotica/ros_ws/build/algoritmos/prefix_override:/usr/lib/python3/dist-packages/colcon_core/task/python/colcon_distutils_commands:/home/abril/Documents/PrincipiosRobotica/TP_final_robotica/ros_ws/install/algoritmos/lib/python3.10/site-packages:${PYTHONPATH} /usr/bin/python3 -W ignore:setup.py install is deprecated -W ignore:easy_install command is deprecated setup.py egg_info --egg-base ../../build/algoritmos build --build-base /home/abril/Documents/PrincipiosRobotica/TP_final_robotica/ros_ws/build/algoritmos/build install --record /home/abril/Documents/PrincipiosRobotica/TP_final_robotica/ros_ws/build/algoritmos/install.log --single-version-externally-managed install_data
[1.999s] Level 1:colcon.colcon_core.environment:checking '/home/abril/Documents/PrincipiosRobotica/TP_final_robotica/ros_ws/install/algoritmos' for CMake config files
[2.000s] Level 1:colcon.colcon_core.environment:checking '/home/abril/Documents/PrincipiosRobotica/TP_final_robotica/ros_ws/install/algoritmos/lib'
[2.000s] Level 1:colcon.colcon_core.environment:checking '/home/abril/Documents/PrincipiosRobotica/TP_final_robotica/ros_ws/install/algoritmos/bin'
[2.000s] Level 1:colcon.colcon_core.environment:checking '/home/abril/Documents/PrincipiosRobotica/TP_final_robotica/ros_ws/install/algoritmos/lib/pkgconfig/algoritmos.pc'
[2.000s] Level 1:colcon.colcon_core.environment:checking '/home/abril/Documents/PrincipiosRobotica/TP_final_robotica/ros_ws/install/algoritmos/lib/python3.10/site-packages'
[2.000s] Level 1:colcon.colcon_core.shell:create_environment_hook('algoritmos', 'pythonpath')
[2.000s] INFO:colcon.colcon_core.shell:Creating environment hook '/home/abril/Documents/PrincipiosRobotica/TP_final_robotica/ros_ws/install/algoritmos/share/algoritmos/hook/pythonpath.ps1'
[2.001s] INFO:colcon.colcon_core.shell:Creating environment descriptor '/home/abril/Documents/PrincipiosRobotica/TP_final_robotica/ros_ws/install/algoritmos/share/algoritmos/hook/pythonpath.dsv'
[2.001s] INFO:colcon.colcon_core.shell:Creating environment hook '/home/abril/Documents/PrincipiosRobotica/TP_final_robotica/ros_ws/install/algoritmos/share/algoritmos/hook/pythonpath.sh'
[2.002s] Level 1:colcon.colcon_core.environment:checking '/home/abril/Documents/PrincipiosRobotica/TP_final_robotica/ros_ws/install/algoritmos/bin'
[2.002s] Level 1:colcon.colcon_core.environment:create_environment_scripts_only(algoritmos)
[2.003s] INFO:colcon.colcon_core.shell:Creating package script '/home/abril/Documents/PrincipiosRobotica/TP_final_robotica/ros_ws/install/algoritmos/share/algoritmos/package.ps1'
[2.003s] INFO:colcon.colcon_core.shell:Creating package descriptor '/home/abril/Documents/PrincipiosRobotica/TP_final_robotica/ros_ws/install/algoritmos/share/algoritmos/package.dsv'
[2.004s] INFO:colcon.colcon_core.shell:Creating package script '/home/abril/Documents/PrincipiosRobotica/TP_final_robotica/ros_ws/install/algoritmos/share/algoritmos/package.sh'
[2.004s] INFO:colcon.colcon_core.shell:Creating package script '/home/abril/Documents/PrincipiosRobotica/TP_final_robotica/ros_ws/install/algoritmos/share/algoritmos/package.bash'
[2.004s] INFO:colcon.colcon_core.shell:Creating package script '/home/abril/Documents/PrincipiosRobotica/TP_final_robotica/ros_ws/install/algoritmos/share/algoritmos/package.zsh'
[2.005s] Level 1:colcon.colcon_core.environment:create_file_with_runtime_dependencies(/home/abril/Documents/PrincipiosRobotica/TP_final_robotica/ros_ws/install/algoritmos/share/colcon-core/packages/algoritmos)
[2.005s] INFO:colcon.colcon_ros.task.ament_python.build:Building ROS package in '/home/abril/Documents/PrincipiosRobotica/TP_final_robotica/ros_ws/src/parteb' with build type 'ament_python'
[2.005s] Level 1:colcon.colcon_core.shell:create_environment_hook('parteb', 'ament_prefix_path')
[2.006s] INFO:colcon.colcon_core.shell:Creating environment hook '/home/abril/Documents/PrincipiosRobotica/TP_final_robotica/ros_ws/install/parteb/share/parteb/hook/ament_prefix_path.ps1'
[2.007s] INFO:colcon.colcon_core.shell:Creating environment descriptor '/home/abril/Documents/PrincipiosRobotica/TP_final_robotica/ros_ws/install/parteb/share/parteb/hook/ament_prefix_path.dsv'
[2.007s] INFO:colcon.colcon_core.shell:Creating environment hook '/home/abril/Documents/PrincipiosRobotica/TP_final_robotica/ros_ws/install/parteb/share/parteb/hook/ament_prefix_path.sh'
[2.008s] INFO:colcon.colcon_core.shell:Skip shell extension 'powershell' for command environment: Not usable outside of PowerShell
[2.008s] DEBUG:colcon.colcon_core.shell:Skip shell extension 'dsv' for command environment
[2.013s] INFO:colcon.colcon_ros.task.ament_python.build:Building ROS package in '/home/abril/Documents/PrincipiosRobotica/TP_final_robotica/ros_ws/src/partea' with build type 'ament_python'
[2.013s] Level 1:colcon.colcon_core.shell:create_environment_hook('partea', 'ament_prefix_path')
[2.013s] INFO:colcon.colcon_core.shell:Creating environment hook '/home/abril/Documents/PrincipiosRobotica/TP_final_robotica/ros_ws/install/partea/share/partea/hook/ament_prefix_path.ps1'
[2.014s] INFO:colcon.colcon_core.shell:Creating environment descriptor '/home/abril/Documents/PrincipiosRobotica/TP_final_robotica/ros_ws/install/partea/share/partea/hook/ament_prefix_path.dsv'
[2.015s] INFO:colcon.colcon_core.shell:Creating environment hook '/home/abril/Documents/PrincipiosRobotica/TP_final_robotica/ros_ws/install/partea/share/partea/hook/ament_prefix_path.sh'
[2.015s] INFO:colcon.colcon_core.shell:Skip shell extension 'powershell' for command environment: Not usable outside of PowerShell
[2.015s] DEBUG:colcon.colcon_core.shell:Skip shell extension 'dsv' for command environment
[2.330s] INFO:colcon.colcon_core.task.python.build:Building Python package in '/home/abril/Documents/PrincipiosRobotica/TP_final_robotica/ros_ws/src/parteb'
[2.331s] INFO:colcon.colcon_core.shell:Skip shell extension 'powershell' for command environment: Not usable outside of PowerShell
[2.331s] DEBUG:colcon.colcon_core.shell:Skip shell extension 'dsv' for command environment
[2.603s] INFO:colcon.colcon_core.task.python.build:Building Python package in '/home/abril/Documents/PrincipiosRobotica/TP_final_robotica/ros_ws/src/partea'
[2.603s] INFO:colcon.colcon_core.shell:Skip shell extension 'powershell' for command environment: Not usable outside of PowerShell
[2.604s] DEBUG:colcon.colcon_core.shell:Skip shell extension 'dsv' for command environment
[3.070s] DEBUG:colcon.colcon_core.event_handler.log_command:Invoking command in '/home/abril/Documents/PrincipiosRobotica/TP_final_robotica/ros_ws/src/parteb': AMENT_PREFIX_PATH=/home/abril/Documents/PrincipiosRobotica/TP_final_robotica/ros_ws/install/algoritmos:${AMENT_PREFIX_PATH} PYTHONPATH=/home/abril/Documents/PrincipiosRobotica/TP_final_robotica/ros_ws/build/parteb/prefix_override:/usr/lib/python3/dist-packages/colcon_core/task/python/colcon_distutils_commands:/home/abril/Documents/PrincipiosRobotica/TP_final_robotica/ros_ws/install/parteb/lib/python3.10/site-packages:/home/abril/Documents/PrincipiosRobotica/TP_final_robotica/ros_ws/install/algoritmos/lib/python3.10/site-packages:${PYTHONPATH} /usr/bin/python3 -W ignore:setup.py install is deprecated -W ignore:easy_install command is deprecated setup.py egg_info --egg-base ../../build/parteb build --build-base /home/abril/Documents/PrincipiosRobotica/TP_final_robotica/ros_ws/build/parteb/build install --record /home/abril/Documents/PrincipiosRobotica/TP_final_robotica/ros_ws/build/parteb/install.log --single-version-externally-managed install_data
[3.077s] DEBUG:colcon.colcon_core.event_handler.log_command:Invoking command in '/home/abril/Documents/PrincipiosRobotica/TP_final_robotica/ros_ws/src/partea': AMENT_PREFIX_PATH=/home/abril/Documents/PrincipiosRobotica/TP_final_robotica/ros_ws/install/custom_msgs:/home/abril/Documents/PrincipiosRobotica/TP_final_robotica/ros_ws/install/algoritmos:${AMENT_PREFIX_PATH} CMAKE_PREFIX_PATH=/home/abril/Documents/PrincipiosRobotica/TP_final_robotica/ros_ws/install/custom_msgs:${CMAKE_PREFIX_PATH} LD_LIBRARY_PATH=/home/abril/Documents/PrincipiosRobotica/TP_final_robotica/ros_ws/install/custom_msgs/lib:/home/abril/turtlebot3_ws/install/turtlebot3_msgs/lib:/home/abril/turtlebot3_ws/install/dynamixel_sdk_custom_interfaces/lib:/home/abril/turtlebot3_ws/install/dynamixel_sdk/lib:/usr/lib/x86_64-linux-gnu/gazebo-11/plugins:/opt/ros/humble/opt/rviz_ogre_vendor/lib:/opt/ros/humble/lib/x86_64-linux-gnu:/opt/ros/humble/lib:/usr/lib/x86_64-linux-gnu/gazebo-11/plugins PYTHONPATH=/home/abril/Documents/PrincipiosRobotica/TP_final_robotica/ros_ws/build/partea/prefix_override:/usr/lib/python3/dist-packages/colcon_core/task/python/colcon_distutils_commands:/home/abril/Documents/PrincipiosRobotica/TP_final_robotica/ros_ws/install/partea/lib/python3.10/site-packages:/home/abril/Documents/PrincipiosRobotica/TP_final_robotica/ros_ws/install/custom_msgs/local/lib/python3.10/dist-packages:/home/abril/Documents/PrincipiosRobotica/TP_final_robotica/ros_ws/install/algoritmos/lib/python3.10/site-packages:${PYTHONPATH} /usr/bin/python3 -W ignore:setup.py install is deprecated -W ignore:easy_install command is deprecated setup.py egg_info --egg-base ../../build/partea build --build-base /home/abril/Documents/PrincipiosRobotica/TP_final_robotica/ros_ws/build/partea/build install --record /home/abril/Documents/PrincipiosRobotica/TP_final_robotica/ros_ws/build/partea/install.log --single-version-externally-managed install_data
[3.462s] Level 1:colcon.colcon_core.environment:checking '/home/abril/Documents/PrincipiosRobotica/TP_final_robotica/ros_ws/install/partea' for CMake module files
[3.463s] DEBUG:colcon.colcon_core.event_handler.log_command:Invoked command in '/home/abril/Documents/PrincipiosRobotica/TP_final_robotica/ros_ws/src/partea' returned '0': AMENT_PREFIX_PATH=/home/abril/Documents/PrincipiosRobotica/TP_final_robotica/ros_ws/install/custom_msgs:/home/abril/Documents/PrincipiosRobotica/TP_final_robotica/ros_ws/install/algoritmos:${AMENT_PREFIX_PATH} CMAKE_PREFIX_PATH=/home/abril/Documents/PrincipiosRobotica/TP_final_robotica/ros_ws/install/custom_msgs:${CMAKE_PREFIX_PATH} LD_LIBRARY_PATH=/home/abril/Documents/PrincipiosRobotica/TP_final_robotica/ros_ws/install/custom_msgs/lib:/home/abril/turtlebot3_ws/install/turtlebot3_msgs/lib:/home/abril/turtlebot3_ws/install/dynamixel_sdk_custom_interfaces/lib:/home/abril/turtlebot3_ws/install/dynamixel_sdk/lib:/usr/lib/x86_64-linux-gnu/gazebo-11/plugins:/opt/ros/humble/opt/rviz_ogre_vendor/lib:/opt/ros/humble/lib/x86_64-linux-gnu:/opt/ros/humble/lib:/usr/lib/x86_64-linux-gnu/gazebo-11/plugins PYTHONPATH=/home/abril/Documents/PrincipiosRobotica/TP_final_robotica/ros_ws/build/partea/prefix_override:/usr/lib/python3/dist-packages/colcon_core/task/python/colcon_distutils_commands:/home/abril/Documents/PrincipiosRobotica/TP_final_robotica/ros_ws/install/partea/lib/python3.10/site-packages:/home/abril/Documents/PrincipiosRobotica/TP_final_robotica/ros_ws/install/custom_msgs/local/lib/python3.10/dist-packages:/home/abril/Documents/PrincipiosRobotica/TP_final_robotica/ros_ws/install/algoritmos/lib/python3.10/site-packages:${PYTHONPATH} /usr/bin/python3 -W ignore:setup.py install is deprecated -W ignore:easy_install command is deprecated setup.py egg_info --egg-base ../../build/partea build --build-base /home/abril/Documents/PrincipiosRobotica/TP_final_robotica/ros_ws/build/partea/build install --record /home/abril/Documents/PrincipiosRobotica/TP_final_robotica/ros_ws/build/partea/install.log --single-version-externally-managed install_data
[3.463s] Level 1:colcon.colcon_core.environment:checking '/home/abril/Documents/PrincipiosRobotica/TP_final_robotica/ros_ws/install/partea' for CMake config files
[3.464s] Level 1:colcon.colcon_core.environment:checking '/home/abril/Documents/PrincipiosRobotica/TP_final_robotica/ros_ws/install/partea/lib'
[3.464s] Level 1:colcon.colcon_core.environment:checking '/home/abril/Documents/PrincipiosRobotica/TP_final_robotica/ros_ws/install/partea/bin'
[3.464s] Level 1:colcon.colcon_core.environment:checking '/home/abril/Documents/PrincipiosRobotica/TP_final_robotica/ros_ws/install/partea/lib/pkgconfig/partea.pc'
[3.464s] Level 1:colcon.colcon_core.environment:checking '/home/abril/Documents/PrincipiosRobotica/TP_final_robotica/ros_ws/install/partea/lib/python3.10/site-packages'
[3.465s] Level 1:colcon.colcon_core.shell:create_environment_hook('partea', 'pythonpath')
[3.465s] INFO:colcon.colcon_core.shell:Creating environment hook '/home/abril/Documents/PrincipiosRobotica/TP_final_robotica/ros_ws/install/partea/share/partea/hook/pythonpath.ps1'
[3.465s] INFO:colcon.colcon_core.shell:Creating environment descriptor '/home/abril/Documents/PrincipiosRobotica/TP_final_robotica/ros_ws/install/partea/share/partea/hook/pythonpath.dsv'
[3.466s] INFO:colcon.colcon_core.shell:Creating environment hook '/home/abril/Documents/PrincipiosRobotica/TP_final_robotica/ros_ws/install/partea/share/partea/hook/pythonpath.sh'
[3.467s] Level 1:colcon.colcon_core.environment:checking '/home/abril/Documents/PrincipiosRobotica/TP_final_robotica/ros_ws/install/partea/bin'
[3.467s] Level 1:colcon.colcon_core.environment:create_environment_scripts_only(partea)
[3.467s] INFO:colcon.colcon_core.shell:Creating package script '/home/abril/Documents/PrincipiosRobotica/TP_final_robotica/ros_ws/install/partea/share/partea/package.ps1'
[3.468s] INFO:colcon.colcon_core.shell:Creating package descriptor '/home/abril/Documents/PrincipiosRobotica/TP_final_robotica/ros_ws/install/partea/share/partea/package.dsv'
[3.468s] INFO:colcon.colcon_core.shell:Creating package script '/home/abril/Documents/PrincipiosRobotica/TP_final_robotica/ros_ws/install/partea/share/partea/package.sh'
[3.469s] INFO:colcon.colcon_core.shell:Creating package script '/home/abril/Documents/PrincipiosRobotica/TP_final_robotica/ros_ws/install/partea/share/partea/package.bash'
[3.469s] INFO:colcon.colcon_core.shell:Creating package script '/home/abril/Documents/PrincipiosRobotica/TP_final_robotica/ros_ws/install/partea/share/partea/package.zsh'
[3.469s] Level 1:colcon.colcon_core.environment:create_file_with_runtime_dependencies(/home/abril/Documents/PrincipiosRobotica/TP_final_robotica/ros_ws/install/partea/share/colcon-core/packages/partea)
[3.471s] Level 1:colcon.colcon_core.environment:checking '/home/abril/Documents/PrincipiosRobotica/TP_final_robotica/ros_ws/install/parteb' for CMake module files
[3.472s] DEBUG:colcon.colcon_core.event_handler.log_command:Invoked command in '/home/abril/Documents/PrincipiosRobotica/TP_final_robotica/ros_ws/src/parteb' returned '0': AMENT_PREFIX_PATH=/home/abril/Documents/PrincipiosRobotica/TP_final_robotica/ros_ws/install/algoritmos:${AMENT_PREFIX_PATH} PYTHONPATH=/home/abril/Documents/PrincipiosRobotica/TP_final_robotica/ros_ws/build/parteb/prefix_override:/usr/lib/python3/dist-packages/colcon_core/task/python/colcon_distutils_commands:/home/abril/Documents/PrincipiosRobotica/TP_final_robotica/ros_ws/install/parteb/lib/python3.10/site-packages:/home/abril/Documents/PrincipiosRobotica/TP_final_robotica/ros_ws/install/algoritmos/lib/python3.10/site-packages:${PYTHONPATH} /usr/bin/python3 -W ignore:setup.py install is deprecated -W ignore:easy_install command is deprecated setup.py egg_info --egg-base ../../build/parteb build --build-base /home/abril/Documents/PrincipiosRobotica/TP_final_robotica/ros_ws/build/parteb/build install --record /home/abril/Documents/PrincipiosRobotica/TP_final_robotica/ros_ws/build/parteb/install.log --single-version-externally-managed install_data
[3.472s] Level 1:colcon.colcon_core.environment:checking '/home/abril/Documents/PrincipiosRobotica/TP_final_robotica/ros_ws/install/parteb' for CMake config files
[3.473s] Level 1:colcon.colcon_core.environment:checking '/home/abril/Documents/PrincipiosRobotica/TP_final_robotica/ros_ws/install/parteb/lib'
[3.473s] Level 1:colcon.colcon_core.environment:checking '/home/abril/Documents/PrincipiosRobotica/TP_final_robotica/ros_ws/install/parteb/bin'
[3.473s] Level 1:colcon.colcon_core.environment:checking '/home/abril/Documents/PrincipiosRobotica/TP_final_robotica/ros_ws/install/parteb/lib/pkgconfig/parteb.pc'
[3.474s] Level 1:colcon.colcon_core.environment:checking '/home/abril/Documents/PrincipiosRobotica/TP_final_robotica/ros_ws/install/parteb/lib/python3.10/site-packages'
[3.474s] Level 1:colcon.colcon_core.shell:create_environment_hook('parteb', 'pythonpath')
[3.474s] INFO:colcon.colcon_core.shell:Creating environment hook '/home/abril/Documents/PrincipiosRobotica/TP_final_robotica/ros_ws/install/parteb/share/parteb/hook/pythonpath.ps1'
[3.474s] INFO:colcon.colcon_core.shell:Creating environment descriptor '/home/abril/Documents/PrincipiosRobotica/TP_final_robotica/ros_ws/install/parteb/share/parteb/hook/pythonpath.dsv'
[3.475s] INFO:colcon.colcon_core.shell:Creating environment hook '/home/abril/Documents/PrincipiosRobotica/TP_final_robotica/ros_ws/install/parteb/share/parteb/hook/pythonpath.sh'
[3.476s] Level 1:colcon.colcon_core.environment:checking '/home/abril/Documents/PrincipiosRobotica/TP_final_robotica/ros_ws/install/parteb/bin'
[3.476s] Level 1:colcon.colcon_core.environment:create_environment_scripts_only(parteb)
[3.476s] INFO:colcon.colcon_core.shell:Creating package script '/home/abril/Documents/PrincipiosRobotica/TP_final_robotica/ros_ws/install/parteb/share/parteb/package.ps1'
[3.477s] INFO:colcon.colcon_core.shell:Creating package descriptor '/home/abril/Documents/PrincipiosRobotica/TP_final_robotica/ros_ws/install/parteb/share/parteb/package.dsv'
[3.477s] INFO:colcon.colcon_core.shell:Creating package script '/home/abril/Documents/PrincipiosRobotica/TP_final_robotica/ros_ws/install/parteb/share/parteb/package.sh'
[3.477s] INFO:colcon.colcon_core.shell:Creating package script '/home/abril/Documents/PrincipiosRobotica/TP_final_robotica/ros_ws/install/parteb/share/parteb/package.bash'
[3.478s] INFO:colcon.colcon_core.shell:Creating package script '/home/abril/Documents/PrincipiosRobotica/TP_final_robotica/ros_ws/install/parteb/share/parteb/package.zsh'
[3.478s] Level 1:colcon.colcon_core.environment:create_file_with_runtime_dependencies(/home/abril/Documents/PrincipiosRobotica/TP_final_robotica/ros_ws/install/parteb/share/colcon-core/packages/parteb)
[3.478s] INFO:colcon.colcon_ros.task.ament_python.build:Building ROS package in '/home/abril/Documents/PrincipiosRobotica/TP_final_robotica/ros_ws/src/partec' with build type 'ament_python'
[3.479s] Level 1:colcon.colcon_core.shell:create_environment_hook('partec', 'ament_prefix_path')
[3.479s] INFO:colcon.colcon_core.shell:Creating environment hook '/home/abril/Documents/PrincipiosRobotica/TP_final_robotica/ros_ws/install/partec/share/partec/hook/ament_prefix_path.ps1'
[3.480s] INFO:colcon.colcon_core.shell:Creating environment descriptor '/home/abril/Documents/PrincipiosRobotica/TP_final_robotica/ros_ws/install/partec/share/partec/hook/ament_prefix_path.dsv'
[3.480s] INFO:colcon.colcon_core.shell:Creating environment hook '/home/abril/Documents/PrincipiosRobotica/TP_final_robotica/ros_ws/install/partec/share/partec/hook/ament_prefix_path.sh'
[3.481s] INFO:colcon.colcon_core.shell:Skip shell extension 'powershell' for command environment: Not usable outside of PowerShell
[3.481s] DEBUG:colcon.colcon_core.shell:Skip shell extension 'dsv' for command environment
[3.770s] INFO:colcon.colcon_core.task.python.build:Building Python package in '/home/abril/Documents/PrincipiosRobotica/TP_final_robotica/ros_ws/src/partec'
[3.771s] INFO:colcon.colcon_core.shell:Skip shell extension 'powershell' for command environment: Not usable outside of PowerShell
[3.771s] DEBUG:colcon.colcon_core.shell:Skip shell extension 'dsv' for command environment
[4.225s] DEBUG:colcon.colcon_core.event_handler.log_command:Invoking command in '/home/abril/Documents/PrincipiosRobotica/TP_final_robotica/ros_ws/src/partec': AMENT_PREFIX_PATH=/home/abril/Documents/PrincipiosRobotica/TP_final_robotica/ros_ws/install/parteb:/home/abril/Documents/PrincipiosRobotica/TP_final_robotica/ros_ws/install/algoritmos:${AMENT_PREFIX_PATH} PYTHONPATH=/home/abril/Documents/PrincipiosRobotica/TP_final_robotica/ros_ws/build/partec/prefix_override:/usr/lib/python3/dist-packages/colcon_core/task/python/colcon_distutils_commands:/home/abril/Documents/PrincipiosRobotica/TP_final_robotica/ros_ws/install/partec/lib/python3.10/site-packages:/home/abril/Documents/PrincipiosRobotica/TP_final_robotica/ros_ws/install/parteb/lib/python3.10/site-packages:/home/abril/Documents/PrincipiosRobotica/TP_final_robotica/ros_ws/install/algoritmos/lib/python3.10/site-packages:${PYTHONPATH} /usr/bin/python3 -W ignore:setup.py install is deprecated -W ignore:easy_install command is deprecated setup.py egg_info --egg-base ../../build/partec build --build-base /home/abril/Documents/PrincipiosRobotica/TP_final_robotica/ros_ws/build/partec/build install --record /home/abril/Documents/PrincipiosRobotica/TP_final_robotica/ros_ws/build/partec/install.log --single-version-externally-managed install_data
[4.493s] Level 1:colcon.colcon_core.environment:checking '/home/abril/Documents/PrincipiosRobotica/TP_final_robotica/ros_ws/install/partec' for CMake module files
[4.494s] DEBUG:colcon.colcon_core.event_handler.log_command:Invoked command in '/home/abril/Documents/PrincipiosRobotica/TP_final_robotica/ros_ws/src/partec' returned '0': AMENT_PREFIX_PATH=/home/abril/Documents/PrincipiosRobotica/TP_final_robotica/ros_ws/install/parteb:/home/abril/Documents/PrincipiosRobotica/TP_final_robotica/ros_ws/install/algoritmos:${AMENT_PREFIX_PATH} PYTHONPATH=/home/abril/Documents/PrincipiosRobotica/TP_final_robotica/ros_ws/build/partec/prefix_override:/usr/lib/python3/dist-packages/colcon_core/task/python/colcon_distutils_commands:/home/abril/Documents/PrincipiosRobotica/TP_final_robotica/ros_ws/install/partec/lib/python3.10/site-packages:/home/abril/Documents/PrincipiosRobotica/TP_final_robotica/ros_ws/install/parteb/lib/python3.10/site-packages:/home/abril/Documents/PrincipiosRobotica/TP_final_robotica/ros_ws/install/algoritmos/lib/python3.10/site-packages:${PYTHONPATH} /usr/bin/python3 -W ignore:setup.py install is deprecated -W ignore:easy_install command is deprecated setup.py egg_info --egg-base ../../build/partec build --build-base /home/abril/Documents/PrincipiosRobotica/TP_final_robotica/ros_ws/build/partec/build install --record /home/abril/Documents/PrincipiosRobotica/TP_final_robotica/ros_ws/build/partec/install.log --single-version-externally-managed install_data
[4.494s] Level 1:colcon.colcon_core.environment:checking '/home/abril/Documents/PrincipiosRobotica/TP_final_robotica/ros_ws/install/partec' for CMake config files
[4.495s] Level 1:colcon.colcon_core.environment:checking '/home/abril/Documents/PrincipiosRobotica/TP_final_robotica/ros_ws/install/partec/lib'
[4.495s] Level 1:colcon.colcon_core.environment:checking '/home/abril/Documents/PrincipiosRobotica/TP_final_robotica/ros_ws/install/partec/bin'
[4.495s] Level 1:colcon.colcon_core.environment:checking '/home/abril/Documents/PrincipiosRobotica/TP_final_robotica/ros_ws/install/partec/lib/pkgconfig/partec.pc'
[4.496s] Level 1:colcon.colcon_core.environment:checking '/home/abril/Documents/PrincipiosRobotica/TP_final_robotica/ros_ws/install/partec/lib/python3.10/site-packages'
[4.496s] Level 1:colcon.colcon_core.shell:create_environment_hook('partec', 'pythonpath')
[4.496s] INFO:colcon.colcon_core.shell:Creating environment hook '/home/abril/Documents/PrincipiosRobotica/TP_final_robotica/ros_ws/install/partec/share/partec/hook/pythonpath.ps1'
[4.496s] INFO:colcon.colcon_core.shell:Creating environment descriptor '/home/abril/Documents/PrincipiosRobotica/TP_final_robotica/ros_ws/install/partec/share/partec/hook/pythonpath.dsv'
[4.497s] INFO:colcon.colcon_core.shell:Creating environment hook '/home/abril/Documents/PrincipiosRobotica/TP_final_robotica/ros_ws/install/partec/share/partec/hook/pythonpath.sh'
[4.497s] Level 1:colcon.colcon_core.environment:checking '/home/abril/Documents/PrincipiosRobotica/TP_final_robotica/ros_ws/install/partec/bin'
[4.497s] Level 1:colcon.colcon_core.environment:create_environment_scripts_only(partec)
[4.498s] INFO:colcon.colcon_core.shell:Creating package script '/home/abril/Documents/PrincipiosRobotica/TP_final_robotica/ros_ws/install/partec/share/partec/package.ps1'
[4.498s] INFO:colcon.colcon_core.shell:Creating package descriptor '/home/abril/Documents/PrincipiosRobotica/TP_final_robotica/ros_ws/install/partec/share/partec/package.dsv'
[4.499s] INFO:colcon.colcon_core.shell:Creating package script '/home/abril/Documents/PrincipiosRobotica/TP_final_robotica/ros_ws/install/partec/share/partec/package.sh'
[4.499s] INFO:colcon.colcon_core.shell:Creating package script '/home/abril/Documents/PrincipiosRobotica/TP_final_robotica/ros_ws/install/partec/share/partec/package.bash'
[4.500s] INFO:colcon.colcon_core.shell:Creating package script '/home/abril/Documents/PrincipiosRobotica/TP_final_robotica/ros_ws/install/partec/share/partec/package.zsh'
[4.500s] Level 1:colcon.colcon_core.environment:create_file_with_runtime_dependencies(/home/abril/Documents/PrincipiosRobotica/TP_final_robotica/ros_ws/install/partec/share/colcon-core/packages/partec)
[4.500s] DEBUG:colcon.colcon_parallel_executor.executor.parallel:closing loop
[4.501s] DEBUG:colcon.colcon_parallel_executor.executor.parallel:loop closed
[4.501s] DEBUG:colcon.colcon_parallel_executor.executor.parallel:run_until_complete finished with '0'
[4.501s] DEBUG:colcon.colcon_core.event_reactor:joining thread
[4.507s] INFO:colcon.colcon_core.plugin_system:Skipping extension 'colcon_notification.desktop_notification.terminal_notifier': Not used on non-Darwin systems
[4.508s] INFO:colcon.colcon_core.plugin_system:Skipping extension 'colcon_notification.desktop_notification.win32': Not used on non-Windows systems
[4.508s] INFO:colcon.colcon_notification.desktop_notification:Sending desktop notification using 'notify2'
[4.516s] DEBUG:colcon.colcon_core.event_reactor:joined thread
[4.516s] INFO:colcon.colcon_core.shell:Creating prefix script '/home/abril/Documents/PrincipiosRobotica/TP_final_robotica/ros_ws/install/local_setup.ps1'
[4.518s] INFO:colcon.colcon_core.shell:Creating prefix util module '/home/abril/Documents/PrincipiosRobotica/TP_final_robotica/ros_ws/install/_local_setup_util_ps1.py'
[4.519s] INFO:colcon.colcon_core.shell:Creating prefix chain script '/home/abril/Documents/PrincipiosRobotica/TP_final_robotica/ros_ws/install/setup.ps1'
[4.521s] INFO:colcon.colcon_core.shell:Creating prefix script '/home/abril/Documents/PrincipiosRobotica/TP_final_robotica/ros_ws/install/local_setup.sh'
[4.522s] INFO:colcon.colcon_core.shell:Creating prefix util module '/home/abril/Documents/PrincipiosRobotica/TP_final_robotica/ros_ws/install/_local_setup_util_sh.py'
[4.523s] INFO:colcon.colcon_core.shell:Creating prefix chain script '/home/abril/Documents/PrincipiosRobotica/TP_final_robotica/ros_ws/install/setup.sh'
[4.525s] INFO:colcon.colcon_core.shell:Creating prefix script '/home/abril/Documents/PrincipiosRobotica/TP_final_robotica/ros_ws/install/local_setup.bash'
[4.525s] INFO:colcon.colcon_core.shell:Creating prefix chain script '/home/abril/Documents/PrincipiosRobotica/TP_final_robotica/ros_ws/install/setup.bash'
[4.527s] INFO:colcon.colcon_core.shell:Creating prefix script '/home/abril/Documents/PrincipiosRobotica/TP_final_robotica/ros_ws/install/local_setup.zsh'
[4.527s] INFO:colcon.colcon_core.shell:Creating prefix chain script '/home/abril/Documents/PrincipiosRobotica/TP_final_robotica/ros_ws/install/setup.zsh'
