[0.676s] Invoking command in '/home/abril/Documents/PrincipiosRobotica/TP_final_robotica/ros_ws/src/partec': PYTHONPATH=/home/abril/Documents/PrincipiosRobotica/TP_final_robotica/ros_ws/build/partec/prefix_override:/usr/lib/python3/dist-packages/colcon_core/task/python/colcon_distutils_commands:/home/abril/Documents/PrincipiosRobotica/TP_final_robotica/ros_ws/install/partec/lib/python3.10/site-packages:${PYTHONPATH} /usr/bin/python3 -W ignore:setup.py install is deprecated -W ignore:easy_install command is deprecated setup.py egg_info --egg-base ../../build/partec build --build-base /home/abril/Documents/PrincipiosRobotica/TP_final_robotica/ros_ws/build/partec/build install --record /home/abril/Documents/PrincipiosRobotica/TP_final_robotica/ros_ws/build/partec/install.log --single-version-externally-managed install_data
[0.912s] running egg_info
[0.912s] writing ../../build/partec/partec.egg-info/PKG-INFO
[0.913s] writing dependency_links to ../../build/partec/partec.egg-info/dependency_links.txt
[0.913s] writing entry points to ../../build/partec/partec.egg-info/entry_points.txt
[0.913s] writing requirements to ../../build/partec/partec.egg-info/requires.txt
[0.913s] writing top-level names to ../../build/partec/partec.egg-info/top_level.txt
[0.915s] reading manifest file '../../build/partec/partec.egg-info/SOURCES.txt'
[0.916s] writing manifest file '../../build/partec/partec.egg-info/SOURCES.txt'
[0.916s] running build
[0.916s] running build_py
[0.916s] running install
[0.917s] running install_lib
[0.918s] running install_data
[0.918s] running install_egg_info
[0.921s] removing '/home/abril/Documents/PrincipiosRobotica/TP_final_robotica/ros_ws/install/partec/lib/python3.10/site-packages/partec-0.0.0-py3.10.egg-info' (and everything under it)
[0.921s] Copying ../../build/partec/partec.egg-info to /home/abril/Documents/PrincipiosRobotica/TP_final_robotica/ros_ws/install/partec/lib/python3.10/site-packages/partec-0.0.0-py3.10.egg-info
[0.921s] running install_scripts
[0.944s] Installing cerebro script to /home/abril/Documents/PrincipiosRobotica/TP_final_robotica/ros_ws/install/partec/lib/partec
[0.944s] Installing vision script to /home/abril/Documents/PrincipiosRobotica/TP_final_robotica/ros_ws/install/partec/lib/partec
[0.945s] writing list of installed files to '/home/abril/Documents/PrincipiosRobotica/TP_final_robotica/ros_ws/build/partec/install.log'
[0.998s] Invoked command in '/home/abril/Documents/PrincipiosRobotica/TP_final_robotica/ros_ws/src/partec' returned '0': PYTHONPATH=/home/abril/Documents/PrincipiosRobotica/TP_final_robotica/ros_ws/build/partec/prefix_override:/usr/lib/python3/dist-packages/colcon_core/task/python/colcon_distutils_commands:/home/abril/Documents/PrincipiosRobotica/TP_final_robotica/ros_ws/install/partec/lib/python3.10/site-packages:${PYTHONPATH} /usr/bin/python3 -W ignore:setup.py install is deprecated -W ignore:easy_install command is deprecated setup.py egg_info --egg-base ../../build/partec build --build-base /home/abril/Documents/PrincipiosRobotica/TP_final_robotica/ros_ws/build/partec/build install --record /home/abril/Documents/PrincipiosRobotica/TP_final_robotica/ros_ws/build/partec/install.log --single-version-externally-managed install_data
