[0.093s] DEBUG:colcon:Command line arguments: ['/usr/bin/colcon', 'build', '--packages-select', 'parteb']
[0.093s] DEBUG:colcon:Parsed command line arguments: Namespace(log_base=None, log_level=None, verb_name='build', build_base='build', install_base='install', merge_install=False, symlink_install=False, test_result_base=None, continue_on_error=False, executor='parallel', parallel_workers=8, event_handlers=None, ignore_user_meta=False, metas=['./colcon.meta'], base_paths=['.'], packages_ignore=None, packages_ignore_regex=None, paths=None, packages_up_to=None, packages_up_to_regex=None, packages_above=None, packages_above_and_dependencies=None, packages_above_depth=None, packages_select_by_dep=None, packages_skip_by_dep=None, packages_skip_up_to=None, packages_select_build_failed=False, packages_skip_build_finished=False, packages_select_test_failures=False, packages_skip_test_passed=False, packages_select=['parteb'], packages_skip=None, packages_select_regex=None, packages_skip_regex=None, packages_start=None, packages_end=None, allow_overriding=[], cmake_args=None, cmake_target=None, cmake_target_skip_unavailable=False, cmake_clean_cache=False, cmake_clean_first=False, cmake_force_configure=False, ament_cmake_args=None, catkin_cmake_args=None, catkin_skip_building_tests=False, mixin_files=None, mixin=None, verb_parser=<colcon_mixin.mixin.mixin_argument.MixinArgumentDecorator object at 0x73d76e647640>, verb_extension=<colcon_core.verb.build.BuildVerb object at 0x73d76e794580>, main=<bound method BuildVerb.main of <colcon_core.verb.build.BuildVerb object at 0x73d76e794580>>, mixin_verb=('build',))
[0.227s] Level 1:colcon.colcon_core.package_discovery:discover_packages(colcon_meta) check parameters
[0.227s] Level 1:colcon.colcon_core.package_discovery:discover_packages(recursive) check parameters
[0.227s] Level 1:colcon.colcon_core.package_discovery:discover_packages(ignore) check parameters
[0.227s] Level 1:colcon.colcon_core.package_discovery:discover_packages(path) check parameters
[0.227s] Level 1:colcon.colcon_core.package_discovery:discover_packages(colcon_meta) discover
[0.227s] Level 1:colcon.colcon_core.package_discovery:discover_packages(recursive) discover
[0.227s] INFO:colcon.colcon_core.package_discovery:Crawling recursively for packages in '/home/abril/Documents/PrincipiosRobotica/TP_final_robotica/ros_ws'
[0.227s] Level 1:colcon.colcon_core.package_identification:_identify(.) by extensions ['ignore', 'ignore_ament_install']
[0.227s] Level 1:colcon.colcon_core.package_identification:_identify(.) by extension 'ignore'
[0.227s] Level 1:colcon.colcon_core.package_identification:_identify(.) by extension 'ignore_ament_install'
[0.227s] Level 1:colcon.colcon_core.package_identification:_identify(.) by extensions ['colcon_pkg']
[0.227s] Level 1:colcon.colcon_core.package_identification:_identify(.) by extension 'colcon_pkg'
[0.227s] Level 1:colcon.colcon_core.package_identification:_identify(.) by extensions ['colcon_meta']
[0.227s] Level 1:colcon.colcon_core.package_identification:_identify(.) by extension 'colcon_meta'
[0.227s] Level 1:colcon.colcon_core.package_identification:_identify(.) by extensions ['ros']
[0.227s] Level 1:colcon.colcon_core.package_identification:_identify(.) by extension 'ros'
[0.236s] Level 1:colcon.colcon_core.package_identification:_identify(.) by extensions ['cmake', 'python']
[0.236s] Level 1:colcon.colcon_core.package_identification:_identify(.) by extension 'cmake'
[0.236s] Level 1:colcon.colcon_core.package_identification:_identify(.) by extension 'python'
[0.236s] Level 1:colcon.colcon_core.package_identification:_identify(.) by extensions ['python_setup_py']
[0.236s] Level 1:colcon.colcon_core.package_identification:_identify(.) by extension 'python_setup_py'
[0.236s] Level 1:colcon.colcon_core.package_identification:_identify(build) by extensions ['ignore', 'ignore_ament_install']
[0.236s] Level 1:colcon.colcon_core.package_identification:_identify(build) by extension 'ignore'
[0.236s] Level 1:colcon.colcon_core.package_identification:_identify(build) ignored
[0.236s] Level 1:colcon.colcon_core.package_identification:_identify(install) by extensions ['ignore', 'ignore_ament_install']
[0.236s] Level 1:colcon.colcon_core.package_identification:_identify(install) by extension 'ignore'
[0.236s] Level 1:colcon.colcon_core.package_identification:_identify(install) ignored
[0.236s] Level 1:colcon.colcon_core.package_identification:_identify(log) by extensions ['ignore', 'ignore_ament_install']
[0.236s] Level 1:colcon.colcon_core.package_identification:_identify(log) by extension 'ignore'
[0.236s] Level 1:colcon.colcon_core.package_identification:_identify(log) ignored
[0.236s] Level 1:colcon.colcon_core.package_identification:_identify(src) by extensions ['ignore', 'ignore_ament_install']
[0.236s] Level 1:colcon.colcon_core.package_identification:_identify(src) by extension 'ignore'
[0.236s] Level 1:colcon.colcon_core.package_identification:_identify(src) by extension 'ignore_ament_install'
[0.236s] Level 1:colcon.colcon_core.package_identification:_identify(src) by extensions ['colcon_pkg']
[0.236s] Level 1:colcon.colcon_core.package_identification:_identify(src) by extension 'colcon_pkg'
[0.237s] Level 1:colcon.colcon_core.package_identification:_identify(src) by extensions ['colcon_meta']
[0.237s] Level 1:colcon.colcon_core.package_identification:_identify(src) by extension 'colcon_meta'
[0.237s] Level 1:colcon.colcon_core.package_identification:_identify(src) by extensions ['ros']
[0.237s] Level 1:colcon.colcon_core.package_identification:_identify(src) by extension 'ros'
[0.237s] Level 1:colcon.colcon_core.package_identification:_identify(src) by extensions ['cmake', 'python']
[0.237s] Level 1:colcon.colcon_core.package_identification:_identify(src) by extension 'cmake'
[0.237s] Level 1:colcon.colcon_core.package_identification:_identify(src) by extension 'python'
[0.237s] Level 1:colcon.colcon_core.package_identification:_identify(src) by extensions ['python_setup_py']
[0.237s] Level 1:colcon.colcon_core.package_identification:_identify(src) by extension 'python_setup_py'
[0.237s] Level 1:colcon.colcon_core.package_identification:_identify(src/algoritmos) by extensions ['ignore', 'ignore_ament_install']
[0.237s] Level 1:colcon.colcon_core.package_identification:_identify(src/algoritmos) by extension 'ignore'
[0.237s] Level 1:colcon.colcon_core.package_identification:_identify(src/algoritmos) by extension 'ignore_ament_install'
[0.237s] Level 1:colcon.colcon_core.package_identification:_identify(src/algoritmos) by extensions ['colcon_pkg']
[0.237s] Level 1:colcon.colcon_core.package_identification:_identify(src/algoritmos) by extension 'colcon_pkg'
[0.237s] Level 1:colcon.colcon_core.package_identification:_identify(src/algoritmos) by extensions ['colcon_meta']
[0.237s] Level 1:colcon.colcon_core.package_identification:_identify(src/algoritmos) by extension 'colcon_meta'
[0.237s] Level 1:colcon.colcon_core.package_identification:_identify(src/algoritmos) by extensions ['ros']
[0.237s] Level 1:colcon.colcon_core.package_identification:_identify(src/algoritmos) by extension 'ros'
[0.239s] DEBUG:colcon.colcon_core.package_identification:Package 'src/algoritmos' with type 'ros.ament_python' and name 'algoritmos'
[0.240s] Level 1:colcon.colcon_core.package_identification:_identify(src/custom_msgs) by extensions ['ignore', 'ignore_ament_install']
[0.240s] Level 1:colcon.colcon_core.package_identification:_identify(src/custom_msgs) by extension 'ignore'
[0.240s] Level 1:colcon.colcon_core.package_identification:_identify(src/custom_msgs) by extension 'ignore_ament_install'
[0.240s] Level 1:colcon.colcon_core.package_identification:_identify(src/custom_msgs) by extensions ['colcon_pkg']
[0.240s] Level 1:colcon.colcon_core.package_identification:_identify(src/custom_msgs) by extension 'colcon_pkg'
[0.240s] Level 1:colcon.colcon_core.package_identification:_identify(src/custom_msgs) by extensions ['colcon_meta']
[0.240s] Level 1:colcon.colcon_core.package_identification:_identify(src/custom_msgs) by extension 'colcon_meta'
[0.240s] Level 1:colcon.colcon_core.package_identification:_identify(src/custom_msgs) by extensions ['ros']
[0.240s] Level 1:colcon.colcon_core.package_identification:_identify(src/custom_msgs) by extension 'ros'
[0.240s] DEBUG:colcon.colcon_core.package_identification:Package 'src/custom_msgs' with type 'ros.ament_cmake' and name 'custom_msgs'
[0.241s] Level 1:colcon.colcon_core.package_identification:_identify(src/partea) by extensions ['ignore', 'ignore_ament_install']
[0.241s] Level 1:colcon.colcon_core.package_identification:_identify(src/partea) by extension 'ignore'
[0.241s] Level 1:colcon.colcon_core.package_identification:_identify(src/partea) by extension 'ignore_ament_install'
[0.241s] Level 1:colcon.colcon_core.package_identification:_identify(src/partea) by extensions ['colcon_pkg']
[0.241s] Level 1:colcon.colcon_core.package_identification:_identify(src/partea) by extension 'colcon_pkg'
[0.241s] Level 1:colcon.colcon_core.package_identification:_identify(src/partea) by extensions ['colcon_meta']
[0.241s] Level 1:colcon.colcon_core.package_identification:_identify(src/partea) by extension 'colcon_meta'
[0.241s] Level 1:colcon.colcon_core.package_identification:_identify(src/partea) by extensions ['ros']
[0.241s] Level 1:colcon.colcon_core.package_identification:_identify(src/partea) by extension 'ros'
[0.242s] DEBUG:colcon.colcon_core.package_identification:Package 'src/partea' with type 'ros.ament_python' and name 'partea'
[0.242s] Level 1:colcon.colcon_core.package_identification:_identify(src/parteb) by extensions ['ignore', 'ignore_ament_install']
[0.242s] Level 1:colcon.colcon_core.package_identification:_identify(src/parteb) by extension 'ignore'
[0.242s] Level 1:colcon.colcon_core.package_identification:_identify(src/parteb) by extension 'ignore_ament_install'
[0.242s] Level 1:colcon.colcon_core.package_identification:_identify(src/parteb) by extensions ['colcon_pkg']
[0.242s] Level 1:colcon.colcon_core.package_identification:_identify(src/parteb) by extension 'colcon_pkg'
[0.242s] Level 1:colcon.colcon_core.package_identification:_identify(src/parteb) by extensions ['colcon_meta']
[0.242s] Level 1:colcon.colcon_core.package_identification:_identify(src/parteb) by extension 'colcon_meta'
[0.242s] Level 1:colcon.colcon_core.package_identification:_identify(src/parteb) by extensions ['ros']
[0.242s] Level 1:colcon.colcon_core.package_identification:_identify(src/parteb) by extension 'ros'
[0.242s] DEBUG:colcon.colcon_core.package_identification:Package 'src/parteb' with type 'ros.ament_python' and name 'parteb'
[0.243s] Level 1:colcon.colcon_core.package_identification:_identify(src/partec) by extensions ['ignore', 'ignore_ament_install']
[0.243s] Level 1:colcon.colcon_core.package_identification:_identify(src/partec) by extension 'ignore'
[0.243s] Level 1:colcon.colcon_core.package_identification:_identify(src/partec) by extension 'ignore_ament_install'
[0.243s] Level 1:colcon.colcon_core.package_identification:_identify(src/partec) by extensions ['colcon_pkg']
[0.243s] Level 1:colcon.colcon_core.package_identification:_identify(src/partec) by extension 'colcon_pkg'
[0.243s] Level 1:colcon.colcon_core.package_identification:_identify(src/partec) by extensions ['colcon_meta']
[0.243s] Level 1:colcon.colcon_core.package_identification:_identify(src/partec) by extension 'colcon_meta'
[0.243s] Level 1:colcon.colcon_core.package_identification:_identify(src/partec) by extensions ['ros']
[0.243s] Level 1:colcon.colcon_core.package_identification:_identify(src/partec) by extension 'ros'
[0.243s] DEBUG:colcon.colcon_core.package_identification:Package 'src/partec' with type 'ros.ament_python' and name 'partec'
[0.243s] Level 1:colcon.colcon_core.package_identification:_identify(src/rviz) by extensions ['ignore', 'ignore_ament_install']
[0.243s] Level 1:colcon.colcon_core.package_identification:_identify(src/rviz) by extension 'ignore'
[0.243s] Level 1:colcon.colcon_core.package_identification:_identify(src/rviz) by extension 'ignore_ament_install'
[0.243s] Level 1:colcon.colcon_core.package_identification:_identify(src/rviz) by extensions ['colcon_pkg']
[0.243s] Level 1:colcon.colcon_core.package_identification:_identify(src/rviz) by extension 'colcon_pkg'
[0.243s] Level 1:colcon.colcon_core.package_identification:_identify(src/rviz) by extensions ['colcon_meta']
[0.243s] Level 1:colcon.colcon_core.package_identification:_identify(src/rviz) by extension 'colcon_meta'
[0.244s] Level 1:colcon.colcon_core.package_identification:_identify(src/rviz) by extensions ['ros']
[0.244s] Level 1:colcon.colcon_core.package_identification:_identify(src/rviz) by extension 'ros'
[0.244s] Level 1:colcon.colcon_core.package_identification:_identify(src/rviz) by extensions ['cmake', 'python']
[0.244s] Level 1:colcon.colcon_core.package_identification:_identify(src/rviz) by extension 'cmake'
[0.244s] Level 1:colcon.colcon_core.package_identification:_identify(src/rviz) by extension 'python'
[0.244s] Level 1:colcon.colcon_core.package_identification:_identify(src/rviz) by extensions ['python_setup_py']
[0.244s] Level 1:colcon.colcon_core.package_identification:_identify(src/rviz) by extension 'python_setup_py'
[0.244s] Level 1:colcon.colcon_core.package_discovery:discover_packages(recursive) using defaults
[0.244s] Level 1:colcon.colcon_core.package_discovery:discover_packages(ignore) discover
[0.244s] Level 1:colcon.colcon_core.package_discovery:discover_packages(ignore) using defaults
[0.244s] Level 1:colcon.colcon_core.package_discovery:discover_packages(path) discover
[0.244s] Level 1:colcon.colcon_core.package_discovery:discover_packages(path) using defaults
[0.270s] INFO:colcon.colcon_core.package_selection:Skipping not selected package 'algoritmos' in 'src/algoritmos'
[0.270s] INFO:colcon.colcon_core.package_selection:Skipping not selected package 'custom_msgs' in 'src/custom_msgs'
[0.270s] INFO:colcon.colcon_core.package_selection:Skipping not selected package 'partec' in 'src/partec'
[0.270s] INFO:colcon.colcon_core.package_selection:Skipping not selected package 'partea' in 'src/partea'
[0.270s] Level 1:colcon.colcon_core.package_discovery:discover_packages(prefix_path) check parameters
[0.271s] Level 1:colcon.colcon_core.package_discovery:discover_packages(prefix_path) discover
[0.272s] DEBUG:colcon.colcon_installed_package_information.package_discovery:Found 16 installed packages in /home/abril/turtlebot3_ws/install
[0.274s] DEBUG:colcon.colcon_installed_package_information.package_discovery:Found 365 installed packages in /opt/ros/humble
[0.276s] Level 1:colcon.colcon_core.package_discovery:discover_packages(prefix_path) using defaults
[0.311s] Level 5:colcon.colcon_core.verb:set package 'parteb' build argument 'cmake_args' from command line to 'None'
[0.311s] Level 5:colcon.colcon_core.verb:set package 'parteb' build argument 'cmake_target' from command line to 'None'
[0.311s] Level 5:colcon.colcon_core.verb:set package 'parteb' build argument 'cmake_target_skip_unavailable' from command line to 'False'
[0.311s] Level 5:colcon.colcon_core.verb:set package 'parteb' build argument 'cmake_clean_cache' from command line to 'False'
[0.311s] Level 5:colcon.colcon_core.verb:set package 'parteb' build argument 'cmake_clean_first' from command line to 'False'
[0.311s] Level 5:colcon.colcon_core.verb:set package 'parteb' build argument 'cmake_force_configure' from command line to 'False'
[0.311s] Level 5:colcon.colcon_core.verb:set package 'parteb' build argument 'ament_cmake_args' from command line to 'None'
[0.311s] Level 5:colcon.colcon_core.verb:set package 'parteb' build argument 'catkin_cmake_args' from command line to 'None'
[0.311s] Level 5:colcon.colcon_core.verb:set package 'parteb' build argument 'catkin_skip_building_tests' from command line to 'False'
[0.311s] DEBUG:colcon.colcon_core.verb:Building package 'parteb' with the following arguments: {'ament_cmake_args': None, 'build_base': '/home/abril/Documents/PrincipiosRobotica/TP_final_robotica/ros_ws/build/parteb', 'catkin_cmake_args': None, 'catkin_skip_building_tests': False, 'cmake_args': None, 'cmake_clean_cache': False, 'cmake_clean_first': False, 'cmake_force_configure': False, 'cmake_target': None, 'cmake_target_skip_unavailable': False, 'install_base': '/home/abril/Documents/PrincipiosRobotica/TP_final_robotica/ros_ws/install/parteb', 'merge_install': False, 'path': '/home/abril/Documents/PrincipiosRobotica/TP_final_robotica/ros_ws/src/parteb', 'symlink_install': False, 'test_result_base': None}
[0.311s] INFO:colcon.colcon_core.executor:Executing jobs using 'parallel' executor
[0.312s] DEBUG:colcon.colcon_parallel_executor.executor.parallel:run_until_complete
[0.312s] INFO:colcon.colcon_ros.task.ament_python.build:Building ROS package in '/home/abril/Documents/PrincipiosRobotica/TP_final_robotica/ros_ws/src/parteb' with build type 'ament_python'
[0.312s] Level 1:colcon.colcon_core.shell:create_environment_hook('parteb', 'ament_prefix_path')
[0.314s] INFO:colcon.colcon_core.plugin_system:Skipping extension 'colcon_core.shell.bat': Not used on non-Windows systems
[0.314s] INFO:colcon.colcon_core.shell:Creating environment hook '/home/abril/Documents/PrincipiosRobotica/TP_final_robotica/ros_ws/install/parteb/share/parteb/hook/ament_prefix_path.ps1'
[0.315s] INFO:colcon.colcon_core.shell:Creating environment descriptor '/home/abril/Documents/PrincipiosRobotica/TP_final_robotica/ros_ws/install/parteb/share/parteb/hook/ament_prefix_path.dsv'
[0.315s] INFO:colcon.colcon_core.shell:Creating environment hook '/home/abril/Documents/PrincipiosRobotica/TP_final_robotica/ros_ws/install/parteb/share/parteb/hook/ament_prefix_path.sh'
[0.316s] INFO:colcon.colcon_core.shell:Skip shell extension 'powershell' for command environment: Not usable outside of PowerShell
[0.316s] DEBUG:colcon.colcon_core.shell:Skip shell extension 'dsv' for command environment
[0.554s] INFO:colcon.colcon_core.task.python.build:Building Python package in '/home/abril/Documents/PrincipiosRobotica/TP_final_robotica/ros_ws/src/parteb'
[0.554s] INFO:colcon.colcon_core.shell:Skip shell extension 'powershell' for command environment: Not usable outside of PowerShell
[0.555s] DEBUG:colcon.colcon_core.shell:Skip shell extension 'dsv' for command environment
[0.971s] DEBUG:colcon.colcon_core.event_handler.log_command:Invoking command in '/home/abril/Documents/PrincipiosRobotica/TP_final_robotica/ros_ws/src/parteb': AMENT_PREFIX_PATH=/home/abril/Documents/PrincipiosRobotica/TP_final_robotica/ros_ws/install/algoritmos:${AMENT_PREFIX_PATH} PYTHONPATH=/home/abril/Documents/PrincipiosRobotica/TP_final_robotica/ros_ws/build/parteb/prefix_override:/usr/lib/python3/dist-packages/colcon_core/task/python/colcon_distutils_commands:/home/abril/Documents/PrincipiosRobotica/TP_final_robotica/ros_ws/install/parteb/lib/python3.10/site-packages:/home/abril/Documents/PrincipiosRobotica/TP_final_robotica/ros_ws/install/algoritmos/lib/python3.10/site-packages:${PYTHONPATH} /usr/bin/python3 -W ignore:setup.py install is deprecated -W ignore:easy_install command is deprecated setup.py egg_info --egg-base ../../build/parteb build --build-base /home/abril/Documents/PrincipiosRobotica/TP_final_robotica/ros_ws/build/parteb/build install --record /home/abril/Documents/PrincipiosRobotica/TP_final_robotica/ros_ws/build/parteb/install.log --single-version-externally-managed install_data
[1.242s] DEBUG:colcon.colcon_core.event_handler.log_command:Invoked command in '/home/abril/Documents/PrincipiosRobotica/TP_final_robotica/ros_ws/src/parteb' returned '0': AMENT_PREFIX_PATH=/home/abril/Documents/PrincipiosRobotica/TP_final_robotica/ros_ws/install/algoritmos:${AMENT_PREFIX_PATH} PYTHONPATH=/home/abril/Documents/PrincipiosRobotica/TP_final_robotica/ros_ws/build/parteb/prefix_override:/usr/lib/python3/dist-packages/colcon_core/task/python/colcon_distutils_commands:/home/abril/Documents/PrincipiosRobotica/TP_final_robotica/ros_ws/install/parteb/lib/python3.10/site-packages:/home/abril/Documents/PrincipiosRobotica/TP_final_robotica/ros_ws/install/algoritmos/lib/python3.10/site-packages:${PYTHONPATH} /usr/bin/python3 -W ignore:setup.py install is deprecated -W ignore:easy_install command is deprecated setup.py egg_info --egg-base ../../build/parteb build --build-base /home/abril/Documents/PrincipiosRobotica/TP_final_robotica/ros_ws/build/parteb/build install --record /home/abril/Documents/PrincipiosRobotica/TP_final_robotica/ros_ws/build/parteb/install.log --single-version-externally-managed install_data
[1.245s] Level 1:colcon.colcon_core.environment:checking '/home/abril/Documents/PrincipiosRobotica/TP_final_robotica/ros_ws/install/parteb' for CMake module files
[1.246s] Level 1:colcon.colcon_core.environment:checking '/home/abril/Documents/PrincipiosRobotica/TP_final_robotica/ros_ws/install/parteb' for CMake config files
[1.246s] Level 1:colcon.colcon_core.environment:checking '/home/abril/Documents/PrincipiosRobotica/TP_final_robotica/ros_ws/install/parteb/lib'
[1.246s] Level 1:colcon.colcon_core.environment:checking '/home/abril/Documents/PrincipiosRobotica/TP_final_robotica/ros_ws/install/parteb/bin'
[1.246s] Level 1:colcon.colcon_core.environment:checking '/home/abril/Documents/PrincipiosRobotica/TP_final_robotica/ros_ws/install/parteb/lib/pkgconfig/parteb.pc'
[1.246s] Level 1:colcon.colcon_core.environment:checking '/home/abril/Documents/PrincipiosRobotica/TP_final_robotica/ros_ws/install/parteb/lib/python3.10/site-packages'
[1.247s] Level 1:colcon.colcon_core.shell:create_environment_hook('parteb', 'pythonpath')
[1.247s] INFO:colcon.colcon_core.shell:Creating environment hook '/home/abril/Documents/PrincipiosRobotica/TP_final_robotica/ros_ws/install/parteb/share/parteb/hook/pythonpath.ps1'
[1.247s] INFO:colcon.colcon_core.shell:Creating environment descriptor '/home/abril/Documents/PrincipiosRobotica/TP_final_robotica/ros_ws/install/parteb/share/parteb/hook/pythonpath.dsv'
[1.247s] INFO:colcon.colcon_core.shell:Creating environment hook '/home/abril/Documents/PrincipiosRobotica/TP_final_robotica/ros_ws/install/parteb/share/parteb/hook/pythonpath.sh'
[1.248s] Level 1:colcon.colcon_core.environment:checking '/home/abril/Documents/PrincipiosRobotica/TP_final_robotica/ros_ws/install/parteb/bin'
[1.248s] Level 1:colcon.colcon_core.environment:create_environment_scripts_only(parteb)
[1.248s] INFO:colcon.colcon_core.shell:Creating package script '/home/abril/Documents/PrincipiosRobotica/TP_final_robotica/ros_ws/install/parteb/share/parteb/package.ps1'
[1.249s] INFO:colcon.colcon_core.shell:Creating package descriptor '/home/abril/Documents/PrincipiosRobotica/TP_final_robotica/ros_ws/install/parteb/share/parteb/package.dsv'
[1.249s] INFO:colcon.colcon_core.shell:Creating package script '/home/abril/Documents/PrincipiosRobotica/TP_final_robotica/ros_ws/install/parteb/share/parteb/package.sh'
[1.250s] INFO:colcon.colcon_core.shell:Creating package script '/home/abril/Documents/PrincipiosRobotica/TP_final_robotica/ros_ws/install/parteb/share/parteb/package.bash'
[1.251s] INFO:colcon.colcon_core.shell:Creating package script '/home/abril/Documents/PrincipiosRobotica/TP_final_robotica/ros_ws/install/parteb/share/parteb/package.zsh'
[1.251s] Level 1:colcon.colcon_core.environment:create_file_with_runtime_dependencies(/home/abril/Documents/PrincipiosRobotica/TP_final_robotica/ros_ws/install/parteb/share/colcon-core/packages/parteb)
[1.252s] DEBUG:colcon.colcon_parallel_executor.executor.parallel:closing loop
[1.252s] DEBUG:colcon.colcon_parallel_executor.executor.parallel:loop closed
[1.252s] DEBUG:colcon.colcon_parallel_executor.executor.parallel:run_until_complete finished with '0'
[1.252s] DEBUG:colcon.colcon_core.event_reactor:joining thread
[1.257s] INFO:colcon.colcon_core.plugin_system:Skipping extension 'colcon_notification.desktop_notification.terminal_notifier': Not used on non-Darwin systems
[1.257s] INFO:colcon.colcon_core.plugin_system:Skipping extension 'colcon_notification.desktop_notification.win32': Not used on non-Windows systems
[1.257s] INFO:colcon.colcon_notification.desktop_notification:Sending desktop notification using 'notify2'
[1.267s] DEBUG:colcon.colcon_core.event_reactor:joined thread
[1.267s] INFO:colcon.colcon_core.shell:Creating prefix script '/home/abril/Documents/PrincipiosRobotica/TP_final_robotica/ros_ws/install/local_setup.ps1'
[1.269s] INFO:colcon.colcon_core.shell:Creating prefix util module '/home/abril/Documents/PrincipiosRobotica/TP_final_robotica/ros_ws/install/_local_setup_util_ps1.py'
[1.271s] INFO:colcon.colcon_core.shell:Creating prefix chain script '/home/abril/Documents/PrincipiosRobotica/TP_final_robotica/ros_ws/install/setup.ps1'
[1.273s] INFO:colcon.colcon_core.shell:Creating prefix script '/home/abril/Documents/PrincipiosRobotica/TP_final_robotica/ros_ws/install/local_setup.sh'
[1.274s] INFO:colcon.colcon_core.shell:Creating prefix util module '/home/abril/Documents/PrincipiosRobotica/TP_final_robotica/ros_ws/install/_local_setup_util_sh.py'
[1.274s] INFO:colcon.colcon_core.shell:Creating prefix chain script '/home/abril/Documents/PrincipiosRobotica/TP_final_robotica/ros_ws/install/setup.sh'
[1.276s] INFO:colcon.colcon_core.shell:Creating prefix script '/home/abril/Documents/PrincipiosRobotica/TP_final_robotica/ros_ws/install/local_setup.bash'
[1.276s] INFO:colcon.colcon_core.shell:Creating prefix chain script '/home/abril/Documents/PrincipiosRobotica/TP_final_robotica/ros_ws/install/setup.bash'
[1.277s] INFO:colcon.colcon_core.shell:Creating prefix script '/home/abril/Documents/PrincipiosRobotica/TP_final_robotica/ros_ws/install/local_setup.zsh'
[1.278s] INFO:colcon.colcon_core.shell:Creating prefix chain script '/home/abril/Documents/PrincipiosRobotica/TP_final_robotica/ros_ws/install/setup.zsh'
