[0.405s] Invoking command in '/home/abril/Documents/PrincipiosRobotica/TP_final_robotica/ros_ws/src/partea': AMENT_PREFIX_PATH=/home/abril/Documents/PrincipiosRobotica/TP_final_robotica/ros_ws/install/custom_msgs:/home/abril/Documents/PrincipiosRobotica/TP_final_robotica/ros_ws/install/algoritmos:${AMENT_PREFIX_PATH} CMAKE_PREFIX_PATH=/home/abril/Documents/PrincipiosRobotica/TP_final_robotica/ros_ws/install/custom_msgs:${CMAKE_PREFIX_PATH} LD_LIBRARY_PATH=/home/abril/Documents/PrincipiosRobotica/TP_final_robotica/ros_ws/install/custom_msgs/lib:/home/abril/turtlebot3_ws/install/turtlebot3_msgs/lib:/home/abril/turtlebot3_ws/install/dynamixel_sdk_custom_interfaces/lib:/home/abril/turtlebot3_ws/install/dynamixel_sdk/lib:/usr/lib/x86_64-linux-gnu/gazebo-11/plugins:/opt/ros/humble/opt/rviz_ogre_vendor/lib:/opt/ros/humble/lib/x86_64-linux-gnu:/opt/ros/humble/lib:/usr/lib/x86_64-linux-gnu/gazebo-11/plugins PYTHONPATH=/home/abril/Documents/PrincipiosRobotica/TP_final_robotica/ros_ws/build/partea/prefix_override:/usr/lib/python3/dist-packages/colcon_core/task/python/colcon_distutils_commands:/home/abril/Documents/PrincipiosRobotica/TP_final_robotica/ros_ws/install/partea/lib/python3.10/site-packages:/home/abril/Documents/PrincipiosRobotica/TP_final_robotica/ros_ws/install/custom_msgs/local/lib/python3.10/dist-packages:/home/abril/Documents/PrincipiosRobotica/TP_final_robotica/ros_ws/install/algoritmos/lib/python3.10/site-packages:${PYTHONPATH} /usr/bin/python3 -W ignore:setup.py install is deprecated -W ignore:easy_install command is deprecated setup.py egg_info --egg-base ../../build/partea build --build-base /home/abril/Documents/PrincipiosRobotica/TP_final_robotica/ros_ws/build/partea/build install --record /home/abril/Documents/PrincipiosRobotica/TP_final_robotica/ros_ws/build/partea/install.log --single-version-externally-managed install_data
[0.565s] running egg_info
[0.565s] creating ../../build/partea/partea.egg-info
[0.565s] writing ../../build/partea/partea.egg-info/PKG-INFO
[0.565s] writing dependency_links to ../../build/partea/partea.egg-info/dependency_links.txt
[0.565s] writing entry points to ../../build/partea/partea.egg-info/entry_points.txt
[0.566s] writing requirements to ../../build/partea/partea.egg-info/requires.txt
[0.566s] writing top-level names to ../../build/partea/partea.egg-info/top_level.txt
[0.566s] writing manifest file '../../build/partea/partea.egg-info/SOURCES.txt'
[0.567s] reading manifest file '../../build/partea/partea.egg-info/SOURCES.txt'
[0.567s] adding license file 'LICENSE'
[0.567s] writing manifest file '../../build/partea/partea.egg-info/SOURCES.txt'
[0.568s] running build
[0.568s] running build_py
[0.568s] creating /home/abril/Documents/PrincipiosRobotica/TP_final_robotica/ros_ws/build/partea/build
[0.568s] creating /home/abril/Documents/PrincipiosRobotica/TP_final_robotica/ros_ws/build/partea/build/lib
[0.568s] creating /home/abril/Documents/PrincipiosRobotica/TP_final_robotica/ros_ws/build/partea/build/lib/partea
[0.568s] copying partea/slam_node.py -> /home/abril/Documents/PrincipiosRobotica/TP_final_robotica/ros_ws/build/partea/build/lib/partea
[0.568s] copying partea/__init__.py -> /home/abril/Documents/PrincipiosRobotica/TP_final_robotica/ros_ws/build/partea/build/lib/partea
[0.568s] running install
[0.568s] running install_lib
[0.569s] creating /home/abril/Documents/PrincipiosRobotica/TP_final_robotica/ros_ws/install/partea/lib/python3.10/site-packages/partea
[0.569s] copying /home/abril/Documents/PrincipiosRobotica/TP_final_robotica/ros_ws/build/partea/build/lib/partea/slam_node.py -> /home/abril/Documents/PrincipiosRobotica/TP_final_robotica/ros_ws/install/partea/lib/python3.10/site-packages/partea
[0.569s] copying /home/abril/Documents/PrincipiosRobotica/TP_final_robotica/ros_ws/build/partea/build/lib/partea/__init__.py -> /home/abril/Documents/PrincipiosRobotica/TP_final_robotica/ros_ws/install/partea/lib/python3.10/site-packages/partea
[0.570s] byte-compiling /home/abril/Documents/PrincipiosRobotica/TP_final_robotica/ros_ws/install/partea/lib/python3.10/site-packages/partea/slam_node.py to slam_node.cpython-310.pyc
[0.572s] byte-compiling /home/abril/Documents/PrincipiosRobotica/TP_final_robotica/ros_ws/install/partea/lib/python3.10/site-packages/partea/__init__.py to __init__.cpython-310.pyc
[0.572s] running install_data
[0.572s] creating /home/abril/Documents/PrincipiosRobotica/TP_final_robotica/ros_ws/install/partea/share/ament_index
[0.572s] creating /home/abril/Documents/PrincipiosRobotica/TP_final_robotica/ros_ws/install/partea/share/ament_index/resource_index
[0.572s] creating /home/abril/Documents/PrincipiosRobotica/TP_final_robotica/ros_ws/install/partea/share/ament_index/resource_index/packages
[0.572s] copying resource/partea -> /home/abril/Documents/PrincipiosRobotica/TP_final_robotica/ros_ws/install/partea/share/ament_index/resource_index/packages
[0.572s] copying package.xml -> /home/abril/Documents/PrincipiosRobotica/TP_final_robotica/ros_ws/install/partea/share/partea
[0.572s] running install_egg_info
[0.573s] Copying ../../build/partea/partea.egg-info to /home/abril/Documents/PrincipiosRobotica/TP_final_robotica/ros_ws/install/partea/lib/python3.10/site-packages/partea-0.0.0-py3.10.egg-info
[0.574s] running install_scripts
[0.589s] Installing map_saver_node script to /home/abril/Documents/PrincipiosRobotica/TP_final_robotica/ros_ws/install/partea/lib/partea
[0.589s] Installing slam_node script to /home/abril/Documents/PrincipiosRobotica/TP_final_robotica/ros_ws/install/partea/lib/partea
[0.589s] writing list of installed files to '/home/abril/Documents/PrincipiosRobotica/TP_final_robotica/ros_ws/build/partea/install.log'
[0.608s] Invoked command in '/home/abril/Documents/PrincipiosRobotica/TP_final_robotica/ros_ws/src/partea' returned '0': AMENT_PREFIX_PATH=/home/abril/Documents/PrincipiosRobotica/TP_final_robotica/ros_ws/install/custom_msgs:/home/abril/Documents/PrincipiosRobotica/TP_final_robotica/ros_ws/install/algoritmos:${AMENT_PREFIX_PATH} CMAKE_PREFIX_PATH=/home/abril/Documents/PrincipiosRobotica/TP_final_robotica/ros_ws/install/custom_msgs:${CMAKE_PREFIX_PATH} LD_LIBRARY_PATH=/home/abril/Documents/PrincipiosRobotica/TP_final_robotica/ros_ws/install/custom_msgs/lib:/home/abril/turtlebot3_ws/install/turtlebot3_msgs/lib:/home/abril/turtlebot3_ws/install/dynamixel_sdk_custom_interfaces/lib:/home/abril/turtlebot3_ws/install/dynamixel_sdk/lib:/usr/lib/x86_64-linux-gnu/gazebo-11/plugins:/opt/ros/humble/opt/rviz_ogre_vendor/lib:/opt/ros/humble/lib/x86_64-linux-gnu:/opt/ros/humble/lib:/usr/lib/x86_64-linux-gnu/gazebo-11/plugins PYTHONPATH=/home/abril/Documents/PrincipiosRobotica/TP_final_robotica/ros_ws/build/partea/prefix_override:/usr/lib/python3/dist-packages/colcon_core/task/python/colcon_distutils_commands:/home/abril/Documents/PrincipiosRobotica/TP_final_robotica/ros_ws/install/partea/lib/python3.10/site-packages:/home/abril/Documents/PrincipiosRobotica/TP_final_robotica/ros_ws/install/custom_msgs/local/lib/python3.10/dist-packages:/home/abril/Documents/PrincipiosRobotica/TP_final_robotica/ros_ws/install/algoritmos/lib/python3.10/site-packages:${PYTHONPATH} /usr/bin/python3 -W ignore:setup.py install is deprecated -W ignore:easy_install command is deprecated setup.py egg_info --egg-base ../../build/partea build --build-base /home/abril/Documents/PrincipiosRobotica/TP_final_robotica/ros_ws/build/partea/build install --record /home/abril/Documents/PrincipiosRobotica/TP_final_robotica/ros_ws/build/partea/install.log --single-version-externally-managed install_data
