[0.579s] Invoking command in '/home/abril/Documents/PrincipiosRobotica/TP_final_robotica/ros_ws/src/partea': AMENT_PREFIX_PATH=/home/abril/Documents/PrincipiosRobotica/TP_final_robotica/ros_ws/install/custom_msgs:/home/abril/Documents/PrincipiosRobotica/TP_final_robotica/ros_ws/install/algoritmos:${AMENT_PREFIX_PATH} CMAKE_PREFIX_PATH=/home/abril/Documents/PrincipiosRobotica/TP_final_robotica/ros_ws/install/custom_msgs:${CMAKE_PREFIX_PATH} LD_LIBRARY_PATH=/home/abril/Documents/PrincipiosRobotica/TP_final_robotica/ros_ws/install/custom_msgs/lib:/home/abril/turtlebot3_ws/install/turtlebot3_msgs/lib:/home/abril/turtlebot3_ws/install/dynamixel_sdk_custom_interfaces/lib:/home/abril/turtlebot3_ws/install/dynamixel_sdk/lib:/usr/lib/x86_64-linux-gnu/gazebo-11/plugins:/opt/ros/humble/opt/rviz_ogre_vendor/lib:/opt/ros/humble/lib/x86_64-linux-gnu:/opt/ros/humble/lib:/usr/lib/x86_64-linux-gnu/gazebo-11/plugins PYTHONPATH=/home/abril/Documents/PrincipiosRobotica/TP_final_robotica/ros_ws/build/partea/prefix_override:/usr/lib/python3/dist-packages/colcon_core/task/python/colcon_distutils_commands:/home/abril/Documents/PrincipiosRobotica/TP_final_robotica/ros_ws/install/partea/lib/python3.10/site-packages:/home/abril/Documents/PrincipiosRobotica/TP_final_robotica/ros_ws/install/custom_msgs/local/lib/python3.10/dist-packages:/home/abril/Documents/PrincipiosRobotica/TP_final_robotica/ros_ws/install/algoritmos/lib/python3.10/site-packages:${PYTHONPATH} /usr/bin/python3 -W ignore:setup.py install is deprecated -W ignore:easy_install command is deprecated setup.py egg_info --egg-base ../../build/partea build --build-base /home/abril/Documents/PrincipiosRobotica/TP_final_robotica/ros_ws/build/partea/build install --record /home/abril/Documents/PrincipiosRobotica/TP_final_robotica/ros_ws/build/partea/install.log --single-version-externally-managed install_data
[0.724s] running egg_info
[0.725s] writing ../../build/partea/partea.egg-info/PKG-INFO
[0.725s] writing dependency_links to ../../build/partea/partea.egg-info/dependency_links.txt
[0.725s] writing entry points to ../../build/partea/partea.egg-info/entry_points.txt
[0.725s] writing requirements to ../../build/partea/partea.egg-info/requires.txt
[0.725s] writing top-level names to ../../build/partea/partea.egg-info/top_level.txt
[0.726s] reading manifest file '../../build/partea/partea.egg-info/SOURCES.txt'
[0.726s] adding license file 'LICENSE'
[0.727s] writing manifest file '../../build/partea/partea.egg-info/SOURCES.txt'
[0.727s] running build
[0.727s] running build_py
[0.727s] running install
[0.728s] running install_lib
[0.728s] running install_data
[0.728s] running install_egg_info
[0.730s] removing '/home/abril/Documents/PrincipiosRobotica/TP_final_robotica/ros_ws/install/partea/lib/python3.10/site-packages/partea-0.0.0-py3.10.egg-info' (and everything under it)
[0.730s] Copying ../../build/partea/partea.egg-info to /home/abril/Documents/PrincipiosRobotica/TP_final_robotica/ros_ws/install/partea/lib/python3.10/site-packages/partea-0.0.0-py3.10.egg-info
[0.731s] running install_scripts
[0.745s] Installing map_saver_node script to /home/abril/Documents/PrincipiosRobotica/TP_final_robotica/ros_ws/install/partea/lib/partea
[0.745s] Installing slam_node script to /home/abril/Documents/PrincipiosRobotica/TP_final_robotica/ros_ws/install/partea/lib/partea
[0.745s] writing list of installed files to '/home/abril/Documents/PrincipiosRobotica/TP_final_robotica/ros_ws/build/partea/install.log'
[0.780s] Invoked command in '/home/abril/Documents/PrincipiosRobotica/TP_final_robotica/ros_ws/src/partea' returned '0': AMENT_PREFIX_PATH=/home/abril/Documents/PrincipiosRobotica/TP_final_robotica/ros_ws/install/custom_msgs:/home/abril/Documents/PrincipiosRobotica/TP_final_robotica/ros_ws/install/algoritmos:${AMENT_PREFIX_PATH} CMAKE_PREFIX_PATH=/home/abril/Documents/PrincipiosRobotica/TP_final_robotica/ros_ws/install/custom_msgs:${CMAKE_PREFIX_PATH} LD_LIBRARY_PATH=/home/abril/Documents/PrincipiosRobotica/TP_final_robotica/ros_ws/install/custom_msgs/lib:/home/abril/turtlebot3_ws/install/turtlebot3_msgs/lib:/home/abril/turtlebot3_ws/install/dynamixel_sdk_custom_interfaces/lib:/home/abril/turtlebot3_ws/install/dynamixel_sdk/lib:/usr/lib/x86_64-linux-gnu/gazebo-11/plugins:/opt/ros/humble/opt/rviz_ogre_vendor/lib:/opt/ros/humble/lib/x86_64-linux-gnu:/opt/ros/humble/lib:/usr/lib/x86_64-linux-gnu/gazebo-11/plugins PYTHONPATH=/home/abril/Documents/PrincipiosRobotica/TP_final_robotica/ros_ws/build/partea/prefix_override:/usr/lib/python3/dist-packages/colcon_core/task/python/colcon_distutils_commands:/home/abril/Documents/PrincipiosRobotica/TP_final_robotica/ros_ws/install/partea/lib/python3.10/site-packages:/home/abril/Documents/PrincipiosRobotica/TP_final_robotica/ros_ws/install/custom_msgs/local/lib/python3.10/dist-packages:/home/abril/Documents/PrincipiosRobotica/TP_final_robotica/ros_ws/install/algoritmos/lib/python3.10/site-packages:${PYTHONPATH} /usr/bin/python3 -W ignore:setup.py install is deprecated -W ignore:easy_install command is deprecated setup.py egg_info --egg-base ../../build/partea build --build-base /home/abril/Documents/PrincipiosRobotica/TP_final_robotica/ros_ws/build/partea/build install --record /home/abril/Documents/PrincipiosRobotica/TP_final_robotica/ros_ws/build/partea/install.log --single-version-externally-managed install_data
