[0.494s] Invoking command in '/home/abril/Documents/PrincipiosRobotica/TP_final_robotica/ros_ws/src/partec': PYTHONPATH=/home/abril/Documents/PrincipiosRobotica/TP_final_robotica/ros_ws/build/partec/prefix_override:/usr/lib/python3/dist-packages/colcon_core/task/python/colcon_distutils_commands:/home/abril/Documents/PrincipiosRobotica/TP_final_robotica/ros_ws/install/partec/lib/python3.10/site-packages:${PYTHONPATH} /usr/bin/python3 -W ignore:setup.py install is deprecated -W ignore:easy_install command is deprecated setup.py egg_info --egg-base ../../build/partec build --build-base /home/abril/Documents/PrincipiosRobotica/TP_final_robotica/ros_ws/build/partec/build install --record /home/abril/Documents/PrincipiosRobotica/TP_final_robotica/ros_ws/build/partec/install.log --single-version-externally-managed install_data
[0.656s] running egg_info
[0.656s] writing ../../build/partec/partec.egg-info/PKG-INFO
[0.656s] writing dependency_links to ../../build/partec/partec.egg-info/dependency_links.txt
[0.656s] writing entry points to ../../build/partec/partec.egg-info/entry_points.txt
[0.656s] writing requirements to ../../build/partec/partec.egg-info/requires.txt
[0.657s] writing top-level names to ../../build/partec/partec.egg-info/top_level.txt
[0.658s] reading manifest file '../../build/partec/partec.egg-info/SOURCES.txt'
[0.658s] writing manifest file '../../build/partec/partec.egg-info/SOURCES.txt'
[0.659s] running build
[0.659s] running build_py
[0.659s] copying partec/vision_node.py -> /home/abril/Documents/PrincipiosRobotica/TP_final_robotica/ros_ws/build/partec/build/lib/partec
[0.659s] running install
[0.659s] running install_lib
[0.660s] copying /home/abril/Documents/PrincipiosRobotica/TP_final_robotica/ros_ws/build/partec/build/lib/partec/vision_node.py -> /home/abril/Documents/PrincipiosRobotica/TP_final_robotica/ros_ws/install/partec/lib/python3.10/site-packages/partec
[0.660s] byte-compiling /home/abril/Documents/PrincipiosRobotica/TP_final_robotica/ros_ws/install/partec/lib/python3.10/site-packages/partec/vision_node.py to vision_node.cpython-310.pyc
[0.661s] running install_data
[0.661s] running install_egg_info
[0.662s] removing '/home/abril/Documents/PrincipiosRobotica/TP_final_robotica/ros_ws/install/partec/lib/python3.10/site-packages/partec-0.0.0-py3.10.egg-info' (and everything under it)
[0.662s] Copying ../../build/partec/partec.egg-info to /home/abril/Documents/PrincipiosRobotica/TP_final_robotica/ros_ws/install/partec/lib/python3.10/site-packages/partec-0.0.0-py3.10.egg-info
[0.663s] running install_scripts
[0.676s] Installing vision script to /home/abril/Documents/PrincipiosRobotica/TP_final_robotica/ros_ws/install/partec/lib/partec
[0.676s] writing list of installed files to '/home/abril/Documents/PrincipiosRobotica/TP_final_robotica/ros_ws/build/partec/install.log'
[0.693s] Invoked command in '/home/abril/Documents/PrincipiosRobotica/TP_final_robotica/ros_ws/src/partec' returned '0': PYTHONPATH=/home/abril/Documents/PrincipiosRobotica/TP_final_robotica/ros_ws/build/partec/prefix_override:/usr/lib/python3/dist-packages/colcon_core/task/python/colcon_distutils_commands:/home/abril/Documents/PrincipiosRobotica/TP_final_robotica/ros_ws/install/partec/lib/python3.10/site-packages:${PYTHONPATH} /usr/bin/python3 -W ignore:setup.py install is deprecated -W ignore:easy_install command is deprecated setup.py egg_info --egg-base ../../build/partec build --build-base /home/abril/Documents/PrincipiosRobotica/TP_final_robotica/ros_ws/build/partec/build install --record /home/abril/Documents/PrincipiosRobotica/TP_final_robotica/ros_ws/build/partec/install.log --single-version-externally-managed install_data
