/home/abril/Documents/PrincipiosRobotica/Prueba/TP_final_robotica/ros_ws/install/algoritmos/lib/python3.10/site-packages/algoritmos/likelihood_field.py
/home/abril/Documents/PrincipiosRobotica/Prueba/TP_final_robotica/ros_ws/install/algoritmos/lib/python3.10/site-packages/algoritmos/path_following.py
/home/abril/Documents/PrincipiosRobotica/Prueba/TP_final_robotica/ros_ws/install/algoritmos/lib/python3.10/site-packages/algoritmos/likelihood_field_B.py
/home/abril/Documents/PrincipiosRobotica/Prueba/TP_final_robotica/ros_ws/install/algoritmos/lib/python3.10/site-packages/algoritmos/path_planning.py
/home/abril/Documents/PrincipiosRobotica/Prueba/TP_final_robotica/ros_ws/install/algoritmos/lib/python3.10/site-packages/algoritmos/scan_matching.py
/home/abril/Documents/PrincipiosRobotica/Prueba/TP_final_robotica/ros_ws/install/algoritmos/lib/python3.10/site-packages/algoritmos/__init__.py
/home/abril/Documents/PrincipiosRobotica/Prueba/TP_final_robotica/ros_ws/install/algoritmos/lib/python3.10/site-packages/algoritmos/particle_filter.py
/home/abril/Documents/PrincipiosRobotica/Prueba/TP_final_robotica/ros_ws/install/algoritmos/lib/python3.10/site-packages/algoritmos/occupancy_grid.py
/home/abril/Documents/PrincipiosRobotica/Prueba/TP_final_robotica/ros_ws/install/algoritmos/lib/python3.10/site-packages/algoritmos/motion_model.py
/home/abril/Documents/PrincipiosRobotica/Prueba/TP_final_robotica/ros_ws/install/algoritmos/lib/python3.10/site-packages/algoritmos/__pycache__/likelihood_field.cpython-310.pyc
/home/abril/Documents/PrincipiosRobotica/Prueba/TP_final_robotica/ros_ws/install/algoritmos/lib/python3.10/site-packages/algoritmos/__pycache__/path_following.cpython-310.pyc
/home/abril/Documents/PrincipiosRobotica/Prueba/TP_final_robotica/ros_ws/install/algoritmos/lib/python3.10/site-packages/algoritmos/__pycache__/likelihood_field_B.cpython-310.pyc
/home/abril/Documents/PrincipiosRobotica/Prueba/TP_final_robotica/ros_ws/install/algoritmos/lib/python3.10/site-packages/algoritmos/__pycache__/path_planning.cpython-310.pyc
/home/abril/Documents/PrincipiosRobotica/Prueba/TP_final_robotica/ros_ws/install/algoritmos/lib/python3.10/site-packages/algoritmos/__pycache__/scan_matching.cpython-310.pyc
/home/abril/Documents/PrincipiosRobotica/Prueba/TP_final_robotica/ros_ws/install/algoritmos/lib/python3.10/site-packages/algoritmos/__pycache__/__init__.cpython-310.pyc
/home/abril/Documents/PrincipiosRobotica/Prueba/TP_final_robotica/ros_ws/install/algoritmos/lib/python3.10/site-packages/algoritmos/__pycache__/particle_filter.cpython-310.pyc
/home/abril/Documents/PrincipiosRobotica/Prueba/TP_final_robotica/ros_ws/install/algoritmos/lib/python3.10/site-packages/algoritmos/__pycache__/occupancy_grid.cpython-310.pyc
/home/abril/Documents/PrincipiosRobotica/Prueba/TP_final_robotica/ros_ws/install/algoritmos/lib/python3.10/site-packages/algoritmos/__pycache__/motion_model.cpython-310.pyc
/home/abril/Documents/PrincipiosRobotica/Prueba/TP_final_robotica/ros_ws/install/algoritmos/share/algoritmos/package.xml
/home/abril/Documents/PrincipiosRobotica/Prueba/TP_final_robotica/ros_ws/install/algoritmos/share/ament_index/resource_index/packages/algoritmos
/home/abril/Documents/PrincipiosRobotica/Prueba/TP_final_robotica/ros_ws/install/algoritmos/lib/python3.10/site-packages/algoritmos-0.0.1-py3.10.egg-info/dependency_links.txt
/home/abril/Documents/PrincipiosRobotica/Prueba/TP_final_robotica/ros_ws/install/algoritmos/lib/python3.10/site-packages/algoritmos-0.0.1-py3.10.egg-info/top_level.txt
/home/abril/Documents/PrincipiosRobotica/Prueba/TP_final_robotica/ros_ws/install/algoritmos/lib/python3.10/site-packages/algoritmos-0.0.1-py3.10.egg-info/SOURCES.txt
/home/abril/Documents/PrincipiosRobotica/Prueba/TP_final_robotica/ros_ws/install/algoritmos/lib/python3.10/site-packages/algoritmos-0.0.1-py3.10.egg-info/PKG-INFO
