[0.471s] Invoking command in '/home/abril/Documents/PrincipiosRobotica/Prueba/TP_final_robotica/ros_ws/src/partec': AMENT_PREFIX_PATH=/home/abril/Documents/PrincipiosRobotica/Prueba/TP_final_robotica/ros_ws/install/parteb:/home/abril/Documents/PrincipiosRobotica/Prueba/TP_final_robotica/ros_ws/install/algoritmos:/home/abril/Documents/PrincipiosRobotica/Prueba/TP_final_robotica/ros_ws/install/partea:/home/abril/turtlebot3_ws/install/turtlebot3:/home/abril/turtlebot3_ws/install/turtlebot3_teleop:/home/abril/turtlebot3_ws/install/turtlebot3_simulations:/home/abril/turtlebot3_ws/install/turtlebot3_bringup:/home/abril/turtlebot3_ws/install/turtlebot3_node:/home/abril/turtlebot3_ws/install/turtlebot3_navigation2:/home/abril/turtlebot3_ws/install/turtlebot3_fake_node:/home/abril/turtlebot3_ws/install/turtlebot3_example:/home/abril/turtlebot3_ws/install/turtlebot3_msgs:/home/abril/turtlebot3_ws/install/turtlebot3_manipulation_gazebo:/home/abril/turtlebot3_ws/install/turtlebot3_gazebo:/home/abril/turtlebot3_ws/install/turtlebot3_description:/home/abril/turtlebot3_ws/install/turtlebot3_cartographer:/home/abril/turtlebot3_ws/install/dynamixel_sdk_examples:/home/abril/turtlebot3_ws/install/dynamixel_sdk_custom_interfaces:/home/abril/turtlebot3_ws/install/dynamixel_sdk:/opt/ros/humble PYTHONPATH=/home/abril/Documents/PrincipiosRobotica/Prueba/TP_final_robotica/ros_ws/build/partec/prefix_override:/usr/lib/python3/dist-packages/colcon_core/task/python/colcon_distutils_commands:/home/abril/Documents/PrincipiosRobotica/Prueba/TP_final_robotica/ros_ws/install/partec/lib/python3.10/site-packages:/home/abril/Documents/PrincipiosRobotica/Prueba/TP_final_robotica/ros_ws/install/parteb/lib/python3.10/site-packages:/home/abril/Documents/PrincipiosRobotica/Prueba/TP_final_robotica/ros_ws/install/algoritmos/lib/python3.10/site-packages:/home/lucas/Documents/UDESA/7cuatrimestre/Principios_de_la_Robotica_Autonoma/TPs/TP_final_robotica/ros_ws/build/parteb:/home/lucas/Documents/UDESA/7cuatrimestre/Principios_de_la_Robotica_Autonoma/TPs/TP_final_robotica/ros_ws/build/partea:/home/abril/Documents/PrincipiosRobotica/Prueba/TP_final_robotica/ros_ws/install/partea/lib/python3.10/site-packages:/home/lucas/Documents/UDESA/7cuatrimestre/Principios_de_la_Robotica_Autonoma/TPs/TP_final_robotica/ros_ws/build/algoritmos:/home/abril/turtlebot3_ws/build/turtlebot3_teleop:/home/abril/turtlebot3_ws/install/turtlebot3_teleop/lib/python3.10/site-packages:/home/abril/turtlebot3_ws/build/turtlebot3_example:/home/abril/turtlebot3_ws/install/turtlebot3_example/lib/python3.10/site-packages:/home/abril/turtlebot3_ws/install/turtlebot3_msgs/local/lib/python3.10/dist-packages:/home/abril/turtlebot3_ws/install/dynamixel_sdk_custom_interfaces/local/lib/python3.10/dist-packages:/home/abril/turtlebot3_ws/install/dynamixel_sdk/local/lib/python3.10/dist-packages:/opt/ros/humble/lib/python3.10/site-packages:/opt/ros/humble/local/lib/python3.10/dist-packages /usr/bin/python3 -W ignore:setup.py install is deprecated -W ignore:easy_install command is deprecated setup.py egg_info --egg-base ../../build/partec build --build-base /home/abril/Documents/PrincipiosRobotica/Prueba/TP_final_robotica/ros_ws/build/partec/build install --record /home/abril/Documents/PrincipiosRobotica/Prueba/TP_final_robotica/ros_ws/build/partec/install.log --single-version-externally-managed install_data
[0.658s] running egg_info
[0.658s] creating ../../build/partec/partec.egg-info
[0.658s] writing ../../build/partec/partec.egg-info/PKG-INFO
[0.658s] writing dependency_links to ../../build/partec/partec.egg-info/dependency_links.txt
[0.658s] writing entry points to ../../build/partec/partec.egg-info/entry_points.txt
[0.659s] writing requirements to ../../build/partec/partec.egg-info/requires.txt
[0.659s] writing top-level names to ../../build/partec/partec.egg-info/top_level.txt
[0.659s] writing manifest file '../../build/partec/partec.egg-info/SOURCES.txt'
[0.660s] reading manifest file '../../build/partec/partec.egg-info/SOURCES.txt'
[0.661s] writing manifest file '../../build/partec/partec.egg-info/SOURCES.txt'
[0.661s] running build
[0.661s] running build_py
[0.661s] creating /home/abril/Documents/PrincipiosRobotica/Prueba/TP_final_robotica/ros_ws/build/partec/build
[0.661s] creating /home/abril/Documents/PrincipiosRobotica/Prueba/TP_final_robotica/ros_ws/build/partec/build/lib
[0.661s] creating /home/abril/Documents/PrincipiosRobotica/Prueba/TP_final_robotica/ros_ws/build/partec/build/lib/partec
[0.661s] copying partec/vision_node.py -> /home/abril/Documents/PrincipiosRobotica/Prueba/TP_final_robotica/ros_ws/build/partec/build/lib/partec
[0.661s] copying partec/state_machine.py -> /home/abril/Documents/PrincipiosRobotica/Prueba/TP_final_robotica/ros_ws/build/partec/build/lib/partec
[0.661s] copying partec/__init__.py -> /home/abril/Documents/PrincipiosRobotica/Prueba/TP_final_robotica/ros_ws/build/partec/build/lib/partec
[0.662s] running install
[0.662s] running install_lib
[0.662s] creating /home/abril/Documents/PrincipiosRobotica/Prueba/TP_final_robotica/ros_ws/install/partec/lib/python3.10/site-packages/partec
[0.662s] copying /home/abril/Documents/PrincipiosRobotica/Prueba/TP_final_robotica/ros_ws/build/partec/build/lib/partec/vision_node.py -> /home/abril/Documents/PrincipiosRobotica/Prueba/TP_final_robotica/ros_ws/install/partec/lib/python3.10/site-packages/partec
[0.662s] copying /home/abril/Documents/PrincipiosRobotica/Prueba/TP_final_robotica/ros_ws/build/partec/build/lib/partec/state_machine.py -> /home/abril/Documents/PrincipiosRobotica/Prueba/TP_final_robotica/ros_ws/install/partec/lib/python3.10/site-packages/partec
[0.662s] copying /home/abril/Documents/PrincipiosRobotica/Prueba/TP_final_robotica/ros_ws/build/partec/build/lib/partec/__init__.py -> /home/abril/Documents/PrincipiosRobotica/Prueba/TP_final_robotica/ros_ws/install/partec/lib/python3.10/site-packages/partec
[0.663s] byte-compiling /home/abril/Documents/PrincipiosRobotica/Prueba/TP_final_robotica/ros_ws/install/partec/lib/python3.10/site-packages/partec/vision_node.py to vision_node.cpython-310.pyc
[0.664s] byte-compiling /home/abril/Documents/PrincipiosRobotica/Prueba/TP_final_robotica/ros_ws/install/partec/lib/python3.10/site-packages/partec/state_machine.py to state_machine.cpython-310.pyc
[0.666s] byte-compiling /home/abril/Documents/PrincipiosRobotica/Prueba/TP_final_robotica/ros_ws/install/partec/lib/python3.10/site-packages/partec/__init__.py to __init__.cpython-310.pyc
[0.666s] running install_data
[0.666s] creating /home/abril/Documents/PrincipiosRobotica/Prueba/TP_final_robotica/ros_ws/install/partec/share/ament_index
[0.666s] creating /home/abril/Documents/PrincipiosRobotica/Prueba/TP_final_robotica/ros_ws/install/partec/share/ament_index/resource_index
[0.666s] creating /home/abril/Documents/PrincipiosRobotica/Prueba/TP_final_robotica/ros_ws/install/partec/share/ament_index/resource_index/packages
[0.666s] copying resource/partec -> /home/abril/Documents/PrincipiosRobotica/Prueba/TP_final_robotica/ros_ws/install/partec/share/ament_index/resource_index/packages
[0.666s] copying package.xml -> /home/abril/Documents/PrincipiosRobotica/Prueba/TP_final_robotica/ros_ws/install/partec/share/partec
[0.666s] creating /home/abril/Documents/PrincipiosRobotica/Prueba/TP_final_robotica/ros_ws/install/partec/share/partec/launch
[0.666s] copying launch/partec.launch.py -> /home/abril/Documents/PrincipiosRobotica/Prueba/TP_final_robotica/ros_ws/install/partec/share/partec/launch
[0.666s] running install_egg_info
[0.667s] Copying ../../build/partec/partec.egg-info to /home/abril/Documents/PrincipiosRobotica/Prueba/TP_final_robotica/ros_ws/install/partec/lib/python3.10/site-packages/partec-0.0.0-py3.10.egg-info
[0.668s] running install_scripts
[0.684s] Installing cerebro script to /home/abril/Documents/PrincipiosRobotica/Prueba/TP_final_robotica/ros_ws/install/partec/lib/partec
[0.684s] Installing vision script to /home/abril/Documents/PrincipiosRobotica/Prueba/TP_final_robotica/ros_ws/install/partec/lib/partec
[0.685s] writing list of installed files to '/home/abril/Documents/PrincipiosRobotica/Prueba/TP_final_robotica/ros_ws/build/partec/install.log'
[0.711s] Invoked command in '/home/abril/Documents/PrincipiosRobotica/Prueba/TP_final_robotica/ros_ws/src/partec' returned '0': AMENT_PREFIX_PATH=/home/abril/Documents/PrincipiosRobotica/Prueba/TP_final_robotica/ros_ws/install/parteb:/home/abril/Documents/PrincipiosRobotica/Prueba/TP_final_robotica/ros_ws/install/algoritmos:/home/abril/Documents/PrincipiosRobotica/Prueba/TP_final_robotica/ros_ws/install/partea:/home/abril/turtlebot3_ws/install/turtlebot3:/home/abril/turtlebot3_ws/install/turtlebot3_teleop:/home/abril/turtlebot3_ws/install/turtlebot3_simulations:/home/abril/turtlebot3_ws/install/turtlebot3_bringup:/home/abril/turtlebot3_ws/install/turtlebot3_node:/home/abril/turtlebot3_ws/install/turtlebot3_navigation2:/home/abril/turtlebot3_ws/install/turtlebot3_fake_node:/home/abril/turtlebot3_ws/install/turtlebot3_example:/home/abril/turtlebot3_ws/install/turtlebot3_msgs:/home/abril/turtlebot3_ws/install/turtlebot3_manipulation_gazebo:/home/abril/turtlebot3_ws/install/turtlebot3_gazebo:/home/abril/turtlebot3_ws/install/turtlebot3_description:/home/abril/turtlebot3_ws/install/turtlebot3_cartographer:/home/abril/turtlebot3_ws/install/dynamixel_sdk_examples:/home/abril/turtlebot3_ws/install/dynamixel_sdk_custom_interfaces:/home/abril/turtlebot3_ws/install/dynamixel_sdk:/opt/ros/humble PYTHONPATH=/home/abril/Documents/PrincipiosRobotica/Prueba/TP_final_robotica/ros_ws/build/partec/prefix_override:/usr/lib/python3/dist-packages/colcon_core/task/python/colcon_distutils_commands:/home/abril/Documents/PrincipiosRobotica/Prueba/TP_final_robotica/ros_ws/install/partec/lib/python3.10/site-packages:/home/abril/Documents/PrincipiosRobotica/Prueba/TP_final_robotica/ros_ws/install/parteb/lib/python3.10/site-packages:/home/abril/Documents/PrincipiosRobotica/Prueba/TP_final_robotica/ros_ws/install/algoritmos/lib/python3.10/site-packages:/home/lucas/Documents/UDESA/7cuatrimestre/Principios_de_la_Robotica_Autonoma/TPs/TP_final_robotica/ros_ws/build/parteb:/home/lucas/Documents/UDESA/7cuatrimestre/Principios_de_la_Robotica_Autonoma/TPs/TP_final_robotica/ros_ws/build/partea:/home/abril/Documents/PrincipiosRobotica/Prueba/TP_final_robotica/ros_ws/install/partea/lib/python3.10/site-packages:/home/lucas/Documents/UDESA/7cuatrimestre/Principios_de_la_Robotica_Autonoma/TPs/TP_final_robotica/ros_ws/build/algoritmos:/home/abril/turtlebot3_ws/build/turtlebot3_teleop:/home/abril/turtlebot3_ws/install/turtlebot3_teleop/lib/python3.10/site-packages:/home/abril/turtlebot3_ws/build/turtlebot3_example:/home/abril/turtlebot3_ws/install/turtlebot3_example/lib/python3.10/site-packages:/home/abril/turtlebot3_ws/install/turtlebot3_msgs/local/lib/python3.10/dist-packages:/home/abril/turtlebot3_ws/install/dynamixel_sdk_custom_interfaces/local/lib/python3.10/dist-packages:/home/abril/turtlebot3_ws/install/dynamixel_sdk/local/lib/python3.10/dist-packages:/opt/ros/humble/lib/python3.10/site-packages:/opt/ros/humble/local/lib/python3.10/dist-packages /usr/bin/python3 -W ignore:setup.py install is deprecated -W ignore:easy_install command is deprecated setup.py egg_info --egg-base ../../build/partec build --build-base /home/abril/Documents/PrincipiosRobotica/Prueba/TP_final_robotica/ros_ws/build/partec/build install --record /home/abril/Documents/PrincipiosRobotica/Prueba/TP_final_robotica/ros_ws/build/partec/install.log --single-version-externally-managed install_data
