[0.295s] Invoking command in '/home/abril/Documents/PrincipiosRobotica/TP_final_robotica/ros_ws/build/custom_msgs': CMAKE_PREFIX_PATH=${CMAKE_PREFIX_PATH}:/home/abril/turtlebot3_ws/install/turtlebot3_teleop:/home/abril/turtlebot3_ws/install/turtlebot3_example:/opt/ros/humble /usr/bin/cmake --build /home/abril/Documents/PrincipiosRobotica/TP_final_robotica/ros_ws/build/custom_msgs -- -j8 -l8
[0.422s] [  2%] Built target custom_msgs__cpp
[0.436s] [ 12%] Built target custom_msgs__rosidl_generator_c
[0.440s] [ 12%] Built target ament_cmake_python_copy_custom_msgs
[0.486s] [ 23%] Built target custom_msgs__rosidl_typesupport_cpp
[0.488s] [ 33%] Built target custom_msgs__rosidl_typesupport_fastrtps_cpp
[0.493s] [ 51%] Built target custom_msgs__rosidl_typesupport_introspection_cpp
[0.493s] [ 53%] Built target custom_msgs__rosidl_typesupport_fastrtps_c
[0.497s] [ 64%] Built target custom_msgs__rosidl_typesupport_c
[0.499s] [ 74%] Built target custom_msgs__rosidl_typesupport_introspection_c
[0.537s] [ 74%] Built target custom_msgs
[0.574s] [ 76%] Built target custom_msgs__py
[0.616s] [ 84%] Built target custom_msgs__rosidl_generator_py
[0.667s] [100%] Built target custom_msgs__rosidl_typesupport_c__pyext
[0.667s] [100%] Built target custom_msgs__rosidl_typesupport_introspection_c__pyext
[0.668s] [100%] Built target custom_msgs__rosidl_typesupport_fastrtps_c__pyext
[0.865s] running egg_info
[0.866s] writing custom_msgs.egg-info/PKG-INFO
[0.866s] writing dependency_links to custom_msgs.egg-info/dependency_links.txt
[0.866s] writing top-level names to custom_msgs.egg-info/top_level.txt
[0.870s] reading manifest file 'custom_msgs.egg-info/SOURCES.txt'
[0.870s] writing manifest file 'custom_msgs.egg-info/SOURCES.txt'
[0.903s] [100%] Built target ament_cmake_python_build_custom_msgs_egg
[0.919s] Invoked command in '/home/abril/Documents/PrincipiosRobotica/TP_final_robotica/ros_ws/build/custom_msgs' returned '0': CMAKE_PREFIX_PATH=${CMAKE_PREFIX_PATH}:/home/abril/turtlebot3_ws/install/turtlebot3_teleop:/home/abril/turtlebot3_ws/install/turtlebot3_example:/opt/ros/humble /usr/bin/cmake --build /home/abril/Documents/PrincipiosRobotica/TP_final_robotica/ros_ws/build/custom_msgs -- -j8 -l8
[0.934s] Invoking command in '/home/abril/Documents/PrincipiosRobotica/TP_final_robotica/ros_ws/build/custom_msgs': CMAKE_PREFIX_PATH=${CMAKE_PREFIX_PATH}:/home/abril/turtlebot3_ws/install/turtlebot3_teleop:/home/abril/turtlebot3_ws/install/turtlebot3_example:/opt/ros/humble /usr/bin/cmake --install /home/abril/Documents/PrincipiosRobotica/TP_final_robotica/ros_ws/build/custom_msgs
[0.945s] -- Install configuration: ""
[0.946s] -- Up-to-date: /home/abril/Documents/PrincipiosRobotica/TP_final_robotica/ros_ws/install/custom_msgs/share/ament_index/resource_index/rosidl_interfaces/custom_msgs
[0.946s] -- Up-to-date: /home/abril/Documents/PrincipiosRobotica/TP_final_robotica/ros_ws/install/custom_msgs/include/custom_msgs/custom_msgs
[0.946s] -- Up-to-date: /home/abril/Documents/PrincipiosRobotica/TP_final_robotica/ros_ws/install/custom_msgs/include/custom_msgs/custom_msgs/msg
[0.946s] -- Up-to-date: /home/abril/Documents/PrincipiosRobotica/TP_final_robotica/ros_ws/install/custom_msgs/include/custom_msgs/custom_msgs/msg/rosidl_generator_c__visibility_control.h
[0.946s] -- Up-to-date: /home/abril/Documents/PrincipiosRobotica/TP_final_robotica/ros_ws/install/custom_msgs/include/custom_msgs/custom_msgs/msg/delta_odom.h
[0.946s] -- Up-to-date: /home/abril/Documents/PrincipiosRobotica/TP_final_robotica/ros_ws/install/custom_msgs/include/custom_msgs/custom_msgs/msg/detail
[0.946s] -- Up-to-date: /home/abril/Documents/PrincipiosRobotica/TP_final_robotica/ros_ws/install/custom_msgs/include/custom_msgs/custom_msgs/msg/detail/belief__functions.c
[0.946s] -- Up-to-date: /home/abril/Documents/PrincipiosRobotica/TP_final_robotica/ros_ws/install/custom_msgs/include/custom_msgs/custom_msgs/msg/detail/belief__struct.h
[0.947s] -- Up-to-date: /home/abril/Documents/PrincipiosRobotica/TP_final_robotica/ros_ws/install/custom_msgs/include/custom_msgs/custom_msgs/msg/detail/delta_odom__functions.c
[0.947s] -- Up-to-date: /home/abril/Documents/PrincipiosRobotica/TP_final_robotica/ros_ws/install/custom_msgs/include/custom_msgs/custom_msgs/msg/detail/delta_odom__type_support.h
[0.947s] -- Up-to-date: /home/abril/Documents/PrincipiosRobotica/TP_final_robotica/ros_ws/install/custom_msgs/include/custom_msgs/custom_msgs/msg/detail/delta_odom__functions.h
[0.947s] -- Up-to-date: /home/abril/Documents/PrincipiosRobotica/TP_final_robotica/ros_ws/install/custom_msgs/include/custom_msgs/custom_msgs/msg/detail/delta_odom__struct.h
[0.947s] -- Up-to-date: /home/abril/Documents/PrincipiosRobotica/TP_final_robotica/ros_ws/install/custom_msgs/include/custom_msgs/custom_msgs/msg/detail/belief__type_support.h
[0.947s] -- Up-to-date: /home/abril/Documents/PrincipiosRobotica/TP_final_robotica/ros_ws/install/custom_msgs/include/custom_msgs/custom_msgs/msg/detail/belief__functions.h
[0.947s] -- Up-to-date: /home/abril/Documents/PrincipiosRobotica/TP_final_robotica/ros_ws/install/custom_msgs/include/custom_msgs/custom_msgs/msg/belief.h
[0.947s] -- Up-to-date: /home/abril/Documents/PrincipiosRobotica/TP_final_robotica/ros_ws/install/custom_msgs/share/custom_msgs/environment/library_path.sh
[0.947s] -- Up-to-date: /home/abril/Documents/PrincipiosRobotica/TP_final_robotica/ros_ws/install/custom_msgs/share/custom_msgs/environment/library_path.dsv
[0.948s] -- Up-to-date: /home/abril/Documents/PrincipiosRobotica/TP_final_robotica/ros_ws/install/custom_msgs/lib/libcustom_msgs__rosidl_generator_c.so
[0.948s] -- Up-to-date: /home/abril/Documents/PrincipiosRobotica/TP_final_robotica/ros_ws/install/custom_msgs/include/custom_msgs/custom_msgs
[0.948s] -- Up-to-date: /home/abril/Documents/PrincipiosRobotica/TP_final_robotica/ros_ws/install/custom_msgs/include/custom_msgs/custom_msgs/msg
[0.948s] -- Up-to-date: /home/abril/Documents/PrincipiosRobotica/TP_final_robotica/ros_ws/install/custom_msgs/include/custom_msgs/custom_msgs/msg/rosidl_typesupport_fastrtps_c__visibility_control.h
[0.948s] -- Up-to-date: /home/abril/Documents/PrincipiosRobotica/TP_final_robotica/ros_ws/install/custom_msgs/include/custom_msgs/custom_msgs/msg/detail
[0.948s] -- Up-to-date: /home/abril/Documents/PrincipiosRobotica/TP_final_robotica/ros_ws/install/custom_msgs/include/custom_msgs/custom_msgs/msg/detail/delta_odom__rosidl_typesupport_fastrtps_c.h
[0.948s] -- Up-to-date: /home/abril/Documents/PrincipiosRobotica/TP_final_robotica/ros_ws/install/custom_msgs/include/custom_msgs/custom_msgs/msg/detail/belief__rosidl_typesupport_fastrtps_c.h
[0.948s] -- Up-to-date: /home/abril/Documents/PrincipiosRobotica/TP_final_robotica/ros_ws/install/custom_msgs/lib/libcustom_msgs__rosidl_typesupport_fastrtps_c.so
[0.949s] -- Up-to-date: /home/abril/Documents/PrincipiosRobotica/TP_final_robotica/ros_ws/install/custom_msgs/include/custom_msgs/custom_msgs
[0.949s] -- Up-to-date: /home/abril/Documents/PrincipiosRobotica/TP_final_robotica/ros_ws/install/custom_msgs/include/custom_msgs/custom_msgs/msg
[0.949s] -- Up-to-date: /home/abril/Documents/PrincipiosRobotica/TP_final_robotica/ros_ws/install/custom_msgs/include/custom_msgs/custom_msgs/msg/rosidl_generator_cpp__visibility_control.hpp
[0.949s] -- Up-to-date: /home/abril/Documents/PrincipiosRobotica/TP_final_robotica/ros_ws/install/custom_msgs/include/custom_msgs/custom_msgs/msg/belief.hpp
[0.949s] -- Up-to-date: /home/abril/Documents/PrincipiosRobotica/TP_final_robotica/ros_ws/install/custom_msgs/include/custom_msgs/custom_msgs/msg/detail
[0.949s] -- Up-to-date: /home/abril/Documents/PrincipiosRobotica/TP_final_robotica/ros_ws/install/custom_msgs/include/custom_msgs/custom_msgs/msg/detail/belief__struct.hpp
[0.949s] -- Up-to-date: /home/abril/Documents/PrincipiosRobotica/TP_final_robotica/ros_ws/install/custom_msgs/include/custom_msgs/custom_msgs/msg/detail/delta_odom__type_support.hpp
[0.949s] -- Up-to-date: /home/abril/Documents/PrincipiosRobotica/TP_final_robotica/ros_ws/install/custom_msgs/include/custom_msgs/custom_msgs/msg/detail/belief__builder.hpp
[0.949s] -- Up-to-date: /home/abril/Documents/PrincipiosRobotica/TP_final_robotica/ros_ws/install/custom_msgs/include/custom_msgs/custom_msgs/msg/detail/delta_odom__struct.hpp
[0.949s] -- Up-to-date: /home/abril/Documents/PrincipiosRobotica/TP_final_robotica/ros_ws/install/custom_msgs/include/custom_msgs/custom_msgs/msg/detail/belief__traits.hpp
[0.950s] -- Up-to-date: /home/abril/Documents/PrincipiosRobotica/TP_final_robotica/ros_ws/install/custom_msgs/include/custom_msgs/custom_msgs/msg/detail/delta_odom__builder.hpp
[0.950s] -- Up-to-date: /home/abril/Documents/PrincipiosRobotica/TP_final_robotica/ros_ws/install/custom_msgs/include/custom_msgs/custom_msgs/msg/detail/delta_odom__traits.hpp
[0.950s] -- Up-to-date: /home/abril/Documents/PrincipiosRobotica/TP_final_robotica/ros_ws/install/custom_msgs/include/custom_msgs/custom_msgs/msg/detail/belief__type_support.hpp
[0.950s] -- Up-to-date: /home/abril/Documents/PrincipiosRobotica/TP_final_robotica/ros_ws/install/custom_msgs/include/custom_msgs/custom_msgs/msg/delta_odom.hpp
[0.950s] -- Up-to-date: /home/abril/Documents/PrincipiosRobotica/TP_final_robotica/ros_ws/install/custom_msgs/include/custom_msgs/custom_msgs
[0.950s] -- Up-to-date: /home/abril/Documents/PrincipiosRobotica/TP_final_robotica/ros_ws/install/custom_msgs/include/custom_msgs/custom_msgs/msg
[0.950s] -- Up-to-date: /home/abril/Documents/PrincipiosRobotica/TP_final_robotica/ros_ws/install/custom_msgs/include/custom_msgs/custom_msgs/msg/rosidl_typesupport_fastrtps_cpp__visibility_control.h
[0.950s] -- Up-to-date: /home/abril/Documents/PrincipiosRobotica/TP_final_robotica/ros_ws/install/custom_msgs/include/custom_msgs/custom_msgs/msg/detail
[0.950s] -- Up-to-date: /home/abril/Documents/PrincipiosRobotica/TP_final_robotica/ros_ws/install/custom_msgs/include/custom_msgs/custom_msgs/msg/detail/belief__rosidl_typesupport_fastrtps_cpp.hpp
[0.950s] -- Up-to-date: /home/abril/Documents/PrincipiosRobotica/TP_final_robotica/ros_ws/install/custom_msgs/include/custom_msgs/custom_msgs/msg/detail/delta_odom__rosidl_typesupport_fastrtps_cpp.hpp
[0.951s] -- Up-to-date: /home/abril/Documents/PrincipiosRobotica/TP_final_robotica/ros_ws/install/custom_msgs/include/custom_msgs/custom_msgs/msg/detail/dds_fastrtps
[0.951s] -- Up-to-date: /home/abril/Documents/PrincipiosRobotica/TP_final_robotica/ros_ws/install/custom_msgs/lib/libcustom_msgs__rosidl_typesupport_fastrtps_cpp.so
[0.951s] -- Up-to-date: /home/abril/Documents/PrincipiosRobotica/TP_final_robotica/ros_ws/install/custom_msgs/include/custom_msgs/custom_msgs
[0.951s] -- Up-to-date: /home/abril/Documents/PrincipiosRobotica/TP_final_robotica/ros_ws/install/custom_msgs/include/custom_msgs/custom_msgs/msg
[0.951s] -- Up-to-date: /home/abril/Documents/PrincipiosRobotica/TP_final_robotica/ros_ws/install/custom_msgs/include/custom_msgs/custom_msgs/msg/rosidl_typesupport_introspection_c__visibility_control.h
[0.951s] -- Up-to-date: /home/abril/Documents/PrincipiosRobotica/TP_final_robotica/ros_ws/install/custom_msgs/include/custom_msgs/custom_msgs/msg/detail
[0.951s] -- Up-to-date: /home/abril/Documents/PrincipiosRobotica/TP_final_robotica/ros_ws/install/custom_msgs/include/custom_msgs/custom_msgs/msg/detail/belief__type_support.c
[0.951s] -- Up-to-date: /home/abril/Documents/PrincipiosRobotica/TP_final_robotica/ros_ws/install/custom_msgs/include/custom_msgs/custom_msgs/msg/detail/belief__rosidl_typesupport_introspection_c.h
[0.951s] -- Up-to-date: /home/abril/Documents/PrincipiosRobotica/TP_final_robotica/ros_ws/install/custom_msgs/include/custom_msgs/custom_msgs/msg/detail/delta_odom__rosidl_typesupport_introspection_c.h
[0.951s] -- Up-to-date: /home/abril/Documents/PrincipiosRobotica/TP_final_robotica/ros_ws/install/custom_msgs/include/custom_msgs/custom_msgs/msg/detail/delta_odom__type_support.c
[0.951s] -- Up-to-date: /home/abril/Documents/PrincipiosRobotica/TP_final_robotica/ros_ws/install/custom_msgs/lib/libcustom_msgs__rosidl_typesupport_introspection_c.so
[0.952s] -- Up-to-date: /home/abril/Documents/PrincipiosRobotica/TP_final_robotica/ros_ws/install/custom_msgs/lib/libcustom_msgs__rosidl_typesupport_c.so
[0.952s] -- Up-to-date: /home/abril/Documents/PrincipiosRobotica/TP_final_robotica/ros_ws/install/custom_msgs/include/custom_msgs/custom_msgs
[0.952s] -- Up-to-date: /home/abril/Documents/PrincipiosRobotica/TP_final_robotica/ros_ws/install/custom_msgs/include/custom_msgs/custom_msgs/msg
[0.952s] -- Up-to-date: /home/abril/Documents/PrincipiosRobotica/TP_final_robotica/ros_ws/install/custom_msgs/include/custom_msgs/custom_msgs/msg/detail
[0.952s] -- Up-to-date: /home/abril/Documents/PrincipiosRobotica/TP_final_robotica/ros_ws/install/custom_msgs/include/custom_msgs/custom_msgs/msg/detail/belief__rosidl_typesupport_introspection_cpp.hpp
[0.952s] -- Up-to-date: /home/abril/Documents/PrincipiosRobotica/TP_final_robotica/ros_ws/install/custom_msgs/include/custom_msgs/custom_msgs/msg/detail/belief__type_support.cpp
[0.952s] -- Up-to-date: /home/abril/Documents/PrincipiosRobotica/TP_final_robotica/ros_ws/install/custom_msgs/include/custom_msgs/custom_msgs/msg/detail/delta_odom__rosidl_typesupport_introspection_cpp.hpp
[0.952s] -- Up-to-date: /home/abril/Documents/PrincipiosRobotica/TP_final_robotica/ros_ws/install/custom_msgs/include/custom_msgs/custom_msgs/msg/detail/delta_odom__type_support.cpp
[0.953s] -- Up-to-date: /home/abril/Documents/PrincipiosRobotica/TP_final_robotica/ros_ws/install/custom_msgs/lib/libcustom_msgs__rosidl_typesupport_introspection_cpp.so
[0.953s] -- Up-to-date: /home/abril/Documents/PrincipiosRobotica/TP_final_robotica/ros_ws/install/custom_msgs/lib/libcustom_msgs__rosidl_typesupport_cpp.so
[0.953s] -- Up-to-date: /home/abril/Documents/PrincipiosRobotica/TP_final_robotica/ros_ws/install/custom_msgs/share/custom_msgs/environment/pythonpath.sh
[0.953s] -- Up-to-date: /home/abril/Documents/PrincipiosRobotica/TP_final_robotica/ros_ws/install/custom_msgs/share/custom_msgs/environment/pythonpath.dsv
[0.953s] -- Up-to-date: /home/abril/Documents/PrincipiosRobotica/TP_final_robotica/ros_ws/install/custom_msgs/local/lib/python3.10/dist-packages/custom_msgs-0.0.0-py3.10.egg-info
[0.955s] -- Installing: /home/abril/Documents/PrincipiosRobotica/TP_final_robotica/ros_ws/install/custom_msgs/local/lib/python3.10/dist-packages/custom_msgs-0.0.0-py3.10.egg-info/dependency_links.txt
[0.957s] -- Installing: /home/abril/Documents/PrincipiosRobotica/TP_final_robotica/ros_ws/install/custom_msgs/local/lib/python3.10/dist-packages/custom_msgs-0.0.0-py3.10.egg-info/top_level.txt
[0.957s] -- Installing: /home/abril/Documents/PrincipiosRobotica/TP_final_robotica/ros_ws/install/custom_msgs/local/lib/python3.10/dist-packages/custom_msgs-0.0.0-py3.10.egg-info/SOURCES.txt
[0.957s] -- Installing: /home/abril/Documents/PrincipiosRobotica/TP_final_robotica/ros_ws/install/custom_msgs/local/lib/python3.10/dist-packages/custom_msgs-0.0.0-py3.10.egg-info/PKG-INFO
[0.957s] -- Up-to-date: /home/abril/Documents/PrincipiosRobotica/TP_final_robotica/ros_ws/install/custom_msgs/local/lib/python3.10/dist-packages/custom_msgs
[0.957s] -- Up-to-date: /home/abril/Documents/PrincipiosRobotica/TP_final_robotica/ros_ws/install/custom_msgs/local/lib/python3.10/dist-packages/custom_msgs/custom_msgs_s__rosidl_typesupport_fastrtps_c.cpython-310-x86_64-linux-gnu.so
[0.958s] -- Up-to-date: /home/abril/Documents/PrincipiosRobotica/TP_final_robotica/ros_ws/install/custom_msgs/local/lib/python3.10/dist-packages/custom_msgs/libcustom_msgs__rosidl_generator_py.so
[0.958s] -- Up-to-date: /home/abril/Documents/PrincipiosRobotica/TP_final_robotica/ros_ws/install/custom_msgs/local/lib/python3.10/dist-packages/custom_msgs/_custom_msgs_s.ep.rosidl_typesupport_fastrtps_c.c
[0.958s] -- Up-to-date: /home/abril/Documents/PrincipiosRobotica/TP_final_robotica/ros_ws/install/custom_msgs/local/lib/python3.10/dist-packages/custom_msgs/custom_msgs_s__rosidl_typesupport_c.cpython-310-x86_64-linux-gnu.so
[0.958s] -- Up-to-date: /home/abril/Documents/PrincipiosRobotica/TP_final_robotica/ros_ws/install/custom_msgs/local/lib/python3.10/dist-packages/custom_msgs/_custom_msgs_s.ep.rosidl_typesupport_introspection_c.c
[0.958s] -- Up-to-date: /home/abril/Documents/PrincipiosRobotica/TP_final_robotica/ros_ws/install/custom_msgs/local/lib/python3.10/dist-packages/custom_msgs/msg
[0.958s] -- Up-to-date: /home/abril/Documents/PrincipiosRobotica/TP_final_robotica/ros_ws/install/custom_msgs/local/lib/python3.10/dist-packages/custom_msgs/msg/_belief.py
[0.958s] -- Up-to-date: /home/abril/Documents/PrincipiosRobotica/TP_final_robotica/ros_ws/install/custom_msgs/local/lib/python3.10/dist-packages/custom_msgs/msg/_delta_odom.py
[0.958s] -- Up-to-date: /home/abril/Documents/PrincipiosRobotica/TP_final_robotica/ros_ws/install/custom_msgs/local/lib/python3.10/dist-packages/custom_msgs/msg/_belief_s.c
[0.958s] -- Up-to-date: /home/abril/Documents/PrincipiosRobotica/TP_final_robotica/ros_ws/install/custom_msgs/local/lib/python3.10/dist-packages/custom_msgs/msg/__init__.py
[0.959s] -- Up-to-date: /home/abril/Documents/PrincipiosRobotica/TP_final_robotica/ros_ws/install/custom_msgs/local/lib/python3.10/dist-packages/custom_msgs/msg/_delta_odom_s.c
[0.959s] -- Up-to-date: /home/abril/Documents/PrincipiosRobotica/TP_final_robotica/ros_ws/install/custom_msgs/local/lib/python3.10/dist-packages/custom_msgs/_custom_msgs_s.ep.rosidl_typesupport_c.c
[0.959s] -- Up-to-date: /home/abril/Documents/PrincipiosRobotica/TP_final_robotica/ros_ws/install/custom_msgs/local/lib/python3.10/dist-packages/custom_msgs/custom_msgs_s__rosidl_typesupport_introspection_c.cpython-310-x86_64-linux-gnu.so
[0.959s] -- Up-to-date: /home/abril/Documents/PrincipiosRobotica/TP_final_robotica/ros_ws/install/custom_msgs/local/lib/python3.10/dist-packages/custom_msgs/__init__.py
[1.000s] Listing '/home/abril/Documents/PrincipiosRobotica/TP_final_robotica/ros_ws/install/custom_msgs/local/lib/python3.10/dist-packages/custom_msgs'...
[1.000s] Listing '/home/abril/Documents/PrincipiosRobotica/TP_final_robotica/ros_ws/install/custom_msgs/local/lib/python3.10/dist-packages/custom_msgs/msg'...
[1.006s] -- Up-to-date: /home/abril/Documents/PrincipiosRobotica/TP_final_robotica/ros_ws/install/custom_msgs/local/lib/python3.10/dist-packages/custom_msgs/custom_msgs_s__rosidl_typesupport_fastrtps_c.cpython-310-x86_64-linux-gnu.so
[1.007s] -- Up-to-date: /home/abril/Documents/PrincipiosRobotica/TP_final_robotica/ros_ws/install/custom_msgs/local/lib/python3.10/dist-packages/custom_msgs/custom_msgs_s__rosidl_typesupport_introspection_c.cpython-310-x86_64-linux-gnu.so
[1.007s] -- Up-to-date: /home/abril/Documents/PrincipiosRobotica/TP_final_robotica/ros_ws/install/custom_msgs/local/lib/python3.10/dist-packages/custom_msgs/custom_msgs_s__rosidl_typesupport_c.cpython-310-x86_64-linux-gnu.so
[1.007s] -- Up-to-date: /home/abril/Documents/PrincipiosRobotica/TP_final_robotica/ros_ws/install/custom_msgs/lib/libcustom_msgs__rosidl_generator_py.so
[1.008s] -- Up-to-date: /home/abril/Documents/PrincipiosRobotica/TP_final_robotica/ros_ws/install/custom_msgs/share/custom_msgs/msg/DeltaOdom.idl
[1.008s] -- Up-to-date: /home/abril/Documents/PrincipiosRobotica/TP_final_robotica/ros_ws/install/custom_msgs/share/custom_msgs/msg/Belief.idl
[1.008s] -- Up-to-date: /home/abril/Documents/PrincipiosRobotica/TP_final_robotica/ros_ws/install/custom_msgs/share/custom_msgs/msg/DeltaOdom.msg
[1.008s] -- Up-to-date: /home/abril/Documents/PrincipiosRobotica/TP_final_robotica/ros_ws/install/custom_msgs/share/custom_msgs/msg/Belief.msg
[1.008s] -- Up-to-date: /home/abril/Documents/PrincipiosRobotica/TP_final_robotica/ros_ws/install/custom_msgs/share/ament_index/resource_index/package_run_dependencies/custom_msgs
[1.008s] -- Up-to-date: /home/abril/Documents/PrincipiosRobotica/TP_final_robotica/ros_ws/install/custom_msgs/share/ament_index/resource_index/parent_prefix_path/custom_msgs
[1.009s] -- Up-to-date: /home/abril/Documents/PrincipiosRobotica/TP_final_robotica/ros_ws/install/custom_msgs/share/custom_msgs/environment/ament_prefix_path.sh
[1.009s] -- Up-to-date: /home/abril/Documents/PrincipiosRobotica/TP_final_robotica/ros_ws/install/custom_msgs/share/custom_msgs/environment/ament_prefix_path.dsv
[1.009s] -- Up-to-date: /home/abril/Documents/PrincipiosRobotica/TP_final_robotica/ros_ws/install/custom_msgs/share/custom_msgs/environment/path.sh
[1.009s] -- Up-to-date: /home/abril/Documents/PrincipiosRobotica/TP_final_robotica/ros_ws/install/custom_msgs/share/custom_msgs/environment/path.dsv
[1.009s] -- Up-to-date: /home/abril/Documents/PrincipiosRobotica/TP_final_robotica/ros_ws/install/custom_msgs/share/custom_msgs/local_setup.bash
[1.009s] -- Up-to-date: /home/abril/Documents/PrincipiosRobotica/TP_final_robotica/ros_ws/install/custom_msgs/share/custom_msgs/local_setup.sh
[1.009s] -- Up-to-date: /home/abril/Documents/PrincipiosRobotica/TP_final_robotica/ros_ws/install/custom_msgs/share/custom_msgs/local_setup.zsh
[1.009s] -- Up-to-date: /home/abril/Documents/PrincipiosRobotica/TP_final_robotica/ros_ws/install/custom_msgs/share/custom_msgs/local_setup.dsv
[1.009s] -- Installing: /home/abril/Documents/PrincipiosRobotica/TP_final_robotica/ros_ws/install/custom_msgs/share/custom_msgs/package.dsv
[1.009s] -- Up-to-date: /home/abril/Documents/PrincipiosRobotica/TP_final_robotica/ros_ws/install/custom_msgs/share/ament_index/resource_index/packages/custom_msgs
[1.010s] -- Up-to-date: /home/abril/Documents/PrincipiosRobotica/TP_final_robotica/ros_ws/install/custom_msgs/share/custom_msgs/cmake/export_custom_msgs__rosidl_generator_cExport.cmake
[1.010s] -- Up-to-date: /home/abril/Documents/PrincipiosRobotica/TP_final_robotica/ros_ws/install/custom_msgs/share/custom_msgs/cmake/export_custom_msgs__rosidl_generator_cExport-noconfig.cmake
[1.010s] -- Up-to-date: /home/abril/Documents/PrincipiosRobotica/TP_final_robotica/ros_ws/install/custom_msgs/share/custom_msgs/cmake/export_custom_msgs__rosidl_typesupport_fastrtps_cExport.cmake
[1.011s] -- Up-to-date: /home/abril/Documents/PrincipiosRobotica/TP_final_robotica/ros_ws/install/custom_msgs/share/custom_msgs/cmake/export_custom_msgs__rosidl_typesupport_fastrtps_cExport-noconfig.cmake
[1.011s] -- Up-to-date: /home/abril/Documents/PrincipiosRobotica/TP_final_robotica/ros_ws/install/custom_msgs/share/custom_msgs/cmake/export_custom_msgs__rosidl_generator_cppExport.cmake
[1.011s] -- Up-to-date: /home/abril/Documents/PrincipiosRobotica/TP_final_robotica/ros_ws/install/custom_msgs/share/custom_msgs/cmake/export_custom_msgs__rosidl_typesupport_fastrtps_cppExport.cmake
[1.011s] -- Up-to-date: /home/abril/Documents/PrincipiosRobotica/TP_final_robotica/ros_ws/install/custom_msgs/share/custom_msgs/cmake/export_custom_msgs__rosidl_typesupport_fastrtps_cppExport-noconfig.cmake
[1.012s] -- Up-to-date: /home/abril/Documents/PrincipiosRobotica/TP_final_robotica/ros_ws/install/custom_msgs/share/custom_msgs/cmake/custom_msgs__rosidl_typesupport_introspection_cExport.cmake
[1.012s] -- Up-to-date: /home/abril/Documents/PrincipiosRobotica/TP_final_robotica/ros_ws/install/custom_msgs/share/custom_msgs/cmake/custom_msgs__rosidl_typesupport_introspection_cExport-noconfig.cmake
[1.012s] -- Up-to-date: /home/abril/Documents/PrincipiosRobotica/TP_final_robotica/ros_ws/install/custom_msgs/share/custom_msgs/cmake/custom_msgs__rosidl_typesupport_cExport.cmake
[1.013s] -- Up-to-date: /home/abril/Documents/PrincipiosRobotica/TP_final_robotica/ros_ws/install/custom_msgs/share/custom_msgs/cmake/custom_msgs__rosidl_typesupport_cExport-noconfig.cmake
[1.013s] -- Up-to-date: /home/abril/Documents/PrincipiosRobotica/TP_final_robotica/ros_ws/install/custom_msgs/share/custom_msgs/cmake/custom_msgs__rosidl_typesupport_introspection_cppExport.cmake
[1.013s] -- Up-to-date: /home/abril/Documents/PrincipiosRobotica/TP_final_robotica/ros_ws/install/custom_msgs/share/custom_msgs/cmake/custom_msgs__rosidl_typesupport_introspection_cppExport-noconfig.cmake
[1.013s] -- Up-to-date: /home/abril/Documents/PrincipiosRobotica/TP_final_robotica/ros_ws/install/custom_msgs/share/custom_msgs/cmake/custom_msgs__rosidl_typesupport_cppExport.cmake
[1.013s] -- Up-to-date: /home/abril/Documents/PrincipiosRobotica/TP_final_robotica/ros_ws/install/custom_msgs/share/custom_msgs/cmake/custom_msgs__rosidl_typesupport_cppExport-noconfig.cmake
[1.014s] -- Up-to-date: /home/abril/Documents/PrincipiosRobotica/TP_final_robotica/ros_ws/install/custom_msgs/share/custom_msgs/cmake/export_custom_msgs__rosidl_generator_pyExport.cmake
[1.014s] -- Up-to-date: /home/abril/Documents/PrincipiosRobotica/TP_final_robotica/ros_ws/install/custom_msgs/share/custom_msgs/cmake/export_custom_msgs__rosidl_generator_pyExport-noconfig.cmake
[1.014s] -- Up-to-date: /home/abril/Documents/PrincipiosRobotica/TP_final_robotica/ros_ws/install/custom_msgs/share/custom_msgs/cmake/rosidl_cmake-extras.cmake
[1.014s] -- Up-to-date: /home/abril/Documents/PrincipiosRobotica/TP_final_robotica/ros_ws/install/custom_msgs/share/custom_msgs/cmake/ament_cmake_export_dependencies-extras.cmake
[1.014s] -- Up-to-date: /home/abril/Documents/PrincipiosRobotica/TP_final_robotica/ros_ws/install/custom_msgs/share/custom_msgs/cmake/ament_cmake_export_include_directories-extras.cmake
[1.015s] -- Up-to-date: /home/abril/Documents/PrincipiosRobotica/TP_final_robotica/ros_ws/install/custom_msgs/share/custom_msgs/cmake/ament_cmake_export_libraries-extras.cmake
[1.015s] -- Up-to-date: /home/abril/Documents/PrincipiosRobotica/TP_final_robotica/ros_ws/install/custom_msgs/share/custom_msgs/cmake/ament_cmake_export_targets-extras.cmake
[1.015s] -- Up-to-date: /home/abril/Documents/PrincipiosRobotica/TP_final_robotica/ros_ws/install/custom_msgs/share/custom_msgs/cmake/rosidl_cmake_export_typesupport_targets-extras.cmake
[1.015s] -- Up-to-date: /home/abril/Documents/PrincipiosRobotica/TP_final_robotica/ros_ws/install/custom_msgs/share/custom_msgs/cmake/rosidl_cmake_export_typesupport_libraries-extras.cmake
[1.015s] -- Up-to-date: /home/abril/Documents/PrincipiosRobotica/TP_final_robotica/ros_ws/install/custom_msgs/share/custom_msgs/cmake/custom_msgsConfig.cmake
[1.015s] -- Up-to-date: /home/abril/Documents/PrincipiosRobotica/TP_final_robotica/ros_ws/install/custom_msgs/share/custom_msgs/cmake/custom_msgsConfig-version.cmake
[1.015s] -- Up-to-date: /home/abril/Documents/PrincipiosRobotica/TP_final_robotica/ros_ws/install/custom_msgs/share/custom_msgs/package.xml
[1.019s] Invoked command in '/home/abril/Documents/PrincipiosRobotica/TP_final_robotica/ros_ws/build/custom_msgs' returned '0': CMAKE_PREFIX_PATH=${CMAKE_PREFIX_PATH}:/home/abril/turtlebot3_ws/install/turtlebot3_teleop:/home/abril/turtlebot3_ws/install/turtlebot3_example:/opt/ros/humble /usr/bin/cmake --install /home/abril/Documents/PrincipiosRobotica/TP_final_robotica/ros_ws/build/custom_msgs
