running egg_info
writing ../../build/partea/partea.egg-info/PKG-INFO
writing dependency_links to ../../build/partea/partea.egg-info/dependency_links.txt
writing entry points to ../../build/partea/partea.egg-info/entry_points.txt
writing requirements to ../../build/partea/partea.egg-info/requires.txt
writing top-level names to ../../build/partea/partea.egg-info/top_level.txt
reading manifest file '../../build/partea/partea.egg-info/SOURCES.txt'
adding license file 'LICENSE'
writing manifest file '../../build/partea/partea.egg-info/SOURCES.txt'
running build
running build_py
running install
running install_lib
running install_data
running install_egg_info
removing '/home/abril/Documents/PrincipiosRobotica/TP_final_robotica/ros_ws/install/partea/lib/python3.10/site-packages/partea-0.0.0-py3.10.egg-info' (and everything under it)
Copying ../../build/partea/partea.egg-info to /home/abril/Documents/PrincipiosRobotica/TP_final_robotica/ros_ws/install/partea/lib/python3.10/site-packages/partea-0.0.0-py3.10.egg-info
running install_scripts
Installing map_saver_node script to /home/abril/Documents/PrincipiosRobotica/TP_final_robotica/ros_ws/install/partea/lib/partea
Installing slam_node script to /home/abril/Documents/PrincipiosRobotica/TP_final_robotica/ros_ws/install/partea/lib/partea
writing list of installed files to '/home/abril/Documents/PrincipiosRobotica/TP_final_robotica/ros_ws/build/partea/install.log'
