[0.216s] DEBUG:colcon:Command line arguments: ['/usr/bin/colcon', 'build']
[0.216s] DEBUG:colcon:Parsed command line arguments: Namespace(log_base=None, log_level=None, verb_name='build', build_base='build', install_base='install', merge_install=False, symlink_install=False, test_result_base=None, continue_on_error=False, executor='parallel', parallel_workers=8, event_handlers=None, ignore_user_meta=False, metas=['./colcon.meta'], base_paths=['.'], packages_ignore=None, packages_ignore_regex=None, paths=None, packages_up_to=None, packages_up_to_regex=None, packages_above=None, packages_above_and_dependencies=None, packages_above_depth=None, packages_select_by_dep=None, packages_skip_by_dep=None, packages_skip_up_to=None, packages_select_build_failed=False, packages_skip_build_finished=False, packages_select_test_failures=False, packages_skip_test_passed=False, packages_select=None, packages_skip=None, packages_select_regex=None, packages_skip_regex=None, packages_start=None, packages_end=None, allow_overriding=[], cmake_args=None, cmake_target=None, cmake_target_skip_unavailable=False, cmake_clean_cache=False, cmake_clean_first=False, cmake_force_configure=False, ament_cmake_args=None, catkin_cmake_args=None, catkin_skip_building_tests=False, mixin_files=None, mixin=None, verb_parser=<colcon_mixin.mixin.mixin_argument.MixinArgumentDecorator object at 0x758dfc34f610>, verb_extension=<colcon_core.verb.build.BuildVerb object at 0x758dfc49c550>, main=<bound method BuildVerb.main of <colcon_core.verb.build.BuildVerb object at 0x758dfc49c550>>, mixin_verb=('build',))
[0.405s] Level 1:colcon.colcon_core.package_discovery:discover_packages(colcon_meta) check parameters
[0.405s] Level 1:colcon.colcon_core.package_discovery:discover_packages(recursive) check parameters
[0.405s] Level 1:colcon.colcon_core.package_discovery:discover_packages(ignore) check parameters
[0.405s] Level 1:colcon.colcon_core.package_discovery:discover_packages(path) check parameters
[0.405s] Level 1:colcon.colcon_core.package_discovery:discover_packages(colcon_meta) discover
[0.405s] Level 1:colcon.colcon_core.package_discovery:discover_packages(recursive) discover
[0.406s] INFO:colcon.colcon_core.package_discovery:Crawling recursively for packages in '/home/abril/Documents/PrincipiosRobotica/TP_final_robotica/ros_ws'
[0.406s] Level 1:colcon.colcon_core.package_identification:_identify(.) by extensions ['ignore', 'ignore_ament_install']
[0.406s] Level 1:colcon.colcon_core.package_identification:_identify(.) by extension 'ignore'
[0.406s] Level 1:colcon.colcon_core.package_identification:_identify(.) by extension 'ignore_ament_install'
[0.406s] Level 1:colcon.colcon_core.package_identification:_identify(.) by extensions ['colcon_pkg']
[0.406s] Level 1:colcon.colcon_core.package_identification:_identify(.) by extension 'colcon_pkg'
[0.406s] Level 1:colcon.colcon_core.package_identification:_identify(.) by extensions ['colcon_meta']
[0.406s] Level 1:colcon.colcon_core.package_identification:_identify(.) by extension 'colcon_meta'
[0.406s] Level 1:colcon.colcon_core.package_identification:_identify(.) by extensions ['ros']
[0.406s] Level 1:colcon.colcon_core.package_identification:_identify(.) by extension 'ros'
[0.415s] Level 1:colcon.colcon_core.package_identification:_identify(.) by extensions ['cmake', 'python']
[0.415s] Level 1:colcon.colcon_core.package_identification:_identify(.) by extension 'cmake'
[0.415s] Level 1:colcon.colcon_core.package_identification:_identify(.) by extension 'python'
[0.415s] Level 1:colcon.colcon_core.package_identification:_identify(.) by extensions ['python_setup_py']
[0.415s] Level 1:colcon.colcon_core.package_identification:_identify(.) by extension 'python_setup_py'
[0.415s] Level 1:colcon.colcon_core.package_identification:_identify(build) by extensions ['ignore', 'ignore_ament_install']
[0.415s] Level 1:colcon.colcon_core.package_identification:_identify(build) by extension 'ignore'
[0.415s] Level 1:colcon.colcon_core.package_identification:_identify(build) ignored
[0.415s] Level 1:colcon.colcon_core.package_identification:_identify(install) by extensions ['ignore', 'ignore_ament_install']
[0.415s] Level 1:colcon.colcon_core.package_identification:_identify(install) by extension 'ignore'
[0.415s] Level 1:colcon.colcon_core.package_identification:_identify(install) ignored
[0.415s] Level 1:colcon.colcon_core.package_identification:_identify(log) by extensions ['ignore', 'ignore_ament_install']
[0.415s] Level 1:colcon.colcon_core.package_identification:_identify(log) by extension 'ignore'
[0.415s] Level 1:colcon.colcon_core.package_identification:_identify(log) ignored
[0.415s] Level 1:colcon.colcon_core.package_identification:_identify(src) by extensions ['ignore', 'ignore_ament_install']
[0.415s] Level 1:colcon.colcon_core.package_identification:_identify(src) by extension 'ignore'
[0.415s] Level 1:colcon.colcon_core.package_identification:_identify(src) by extension 'ignore_ament_install'
[0.415s] Level 1:colcon.colcon_core.package_identification:_identify(src) by extensions ['colcon_pkg']
[0.415s] Level 1:colcon.colcon_core.package_identification:_identify(src) by extension 'colcon_pkg'
[0.415s] Level 1:colcon.colcon_core.package_identification:_identify(src) by extensions ['colcon_meta']
[0.415s] Level 1:colcon.colcon_core.package_identification:_identify(src) by extension 'colcon_meta'
[0.415s] Level 1:colcon.colcon_core.package_identification:_identify(src) by extensions ['ros']
[0.415s] Level 1:colcon.colcon_core.package_identification:_identify(src) by extension 'ros'
[0.415s] Level 1:colcon.colcon_core.package_identification:_identify(src) by extensions ['cmake', 'python']
[0.415s] Level 1:colcon.colcon_core.package_identification:_identify(src) by extension 'cmake'
[0.415s] Level 1:colcon.colcon_core.package_identification:_identify(src) by extension 'python'
[0.415s] Level 1:colcon.colcon_core.package_identification:_identify(src) by extensions ['python_setup_py']
[0.415s] Level 1:colcon.colcon_core.package_identification:_identify(src) by extension 'python_setup_py'
[0.415s] Level 1:colcon.colcon_core.package_identification:_identify(src/algoritmos) by extensions ['ignore', 'ignore_ament_install']
[0.416s] Level 1:colcon.colcon_core.package_identification:_identify(src/algoritmos) by extension 'ignore'
[0.416s] Level 1:colcon.colcon_core.package_identification:_identify(src/algoritmos) by extension 'ignore_ament_install'
[0.416s] Level 1:colcon.colcon_core.package_identification:_identify(src/algoritmos) by extensions ['colcon_pkg']
[0.416s] Level 1:colcon.colcon_core.package_identification:_identify(src/algoritmos) by extension 'colcon_pkg'
[0.416s] Level 1:colcon.colcon_core.package_identification:_identify(src/algoritmos) by extensions ['colcon_meta']
[0.416s] Level 1:colcon.colcon_core.package_identification:_identify(src/algoritmos) by extension 'colcon_meta'
[0.416s] Level 1:colcon.colcon_core.package_identification:_identify(src/algoritmos) by extensions ['ros']
[0.416s] Level 1:colcon.colcon_core.package_identification:_identify(src/algoritmos) by extension 'ros'
[0.418s] DEBUG:colcon.colcon_core.package_identification:Package 'src/algoritmos' with type 'ros.ament_python' and name 'algoritmos'
[0.418s] Level 1:colcon.colcon_core.package_identification:_identify(src/custom_msgs) by extensions ['ignore', 'ignore_ament_install']
[0.418s] Level 1:colcon.colcon_core.package_identification:_identify(src/custom_msgs) by extension 'ignore'
[0.418s] Level 1:colcon.colcon_core.package_identification:_identify(src/custom_msgs) by extension 'ignore_ament_install'
[0.418s] Level 1:colcon.colcon_core.package_identification:_identify(src/custom_msgs) by extensions ['colcon_pkg']
[0.418s] Level 1:colcon.colcon_core.package_identification:_identify(src/custom_msgs) by extension 'colcon_pkg'
[0.418s] Level 1:colcon.colcon_core.package_identification:_identify(src/custom_msgs) by extensions ['colcon_meta']
[0.418s] Level 1:colcon.colcon_core.package_identification:_identify(src/custom_msgs) by extension 'colcon_meta'
[0.418s] Level 1:colcon.colcon_core.package_identification:_identify(src/custom_msgs) by extensions ['ros']
[0.418s] Level 1:colcon.colcon_core.package_identification:_identify(src/custom_msgs) by extension 'ros'
[0.418s] DEBUG:colcon.colcon_core.package_identification:Package 'src/custom_msgs' with type 'ros.ament_cmake' and name 'custom_msgs'
[0.418s] Level 1:colcon.colcon_core.package_identification:_identify(src/partea) by extensions ['ignore', 'ignore_ament_install']
[0.418s] Level 1:colcon.colcon_core.package_identification:_identify(src/partea) by extension 'ignore'
[0.418s] Level 1:colcon.colcon_core.package_identification:_identify(src/partea) by extension 'ignore_ament_install'
[0.419s] Level 1:colcon.colcon_core.package_identification:_identify(src/partea) by extensions ['colcon_pkg']
[0.419s] Level 1:colcon.colcon_core.package_identification:_identify(src/partea) by extension 'colcon_pkg'
[0.419s] Level 1:colcon.colcon_core.package_identification:_identify(src/partea) by extensions ['colcon_meta']
[0.419s] Level 1:colcon.colcon_core.package_identification:_identify(src/partea) by extension 'colcon_meta'
[0.419s] Level 1:colcon.colcon_core.package_identification:_identify(src/partea) by extensions ['ros']
[0.419s] Level 1:colcon.colcon_core.package_identification:_identify(src/partea) by extension 'ros'
[0.419s] DEBUG:colcon.colcon_core.package_identification:Package 'src/partea' with type 'ros.ament_python' and name 'partea'
[0.419s] Level 1:colcon.colcon_core.package_identification:_identify(src/parteb) by extensions ['ignore', 'ignore_ament_install']
[0.419s] Level 1:colcon.colcon_core.package_identification:_identify(src/parteb) by extension 'ignore'
[0.419s] Level 1:colcon.colcon_core.package_identification:_identify(src/parteb) by extension 'ignore_ament_install'
[0.419s] Level 1:colcon.colcon_core.package_identification:_identify(src/parteb) by extensions ['colcon_pkg']
[0.419s] Level 1:colcon.colcon_core.package_identification:_identify(src/parteb) by extension 'colcon_pkg'
[0.419s] Level 1:colcon.colcon_core.package_identification:_identify(src/parteb) by extensions ['colcon_meta']
[0.419s] Level 1:colcon.colcon_core.package_identification:_identify(src/parteb) by extension 'colcon_meta'
[0.419s] Level 1:colcon.colcon_core.package_identification:_identify(src/parteb) by extensions ['ros']
[0.419s] Level 1:colcon.colcon_core.package_identification:_identify(src/parteb) by extension 'ros'
[0.420s] DEBUG:colcon.colcon_core.package_identification:Package 'src/parteb' with type 'ros.ament_python' and name 'parteb'
[0.420s] Level 1:colcon.colcon_core.package_identification:_identify(src/rviz) by extensions ['ignore', 'ignore_ament_install']
[0.420s] Level 1:colcon.colcon_core.package_identification:_identify(src/rviz) by extension 'ignore'
[0.420s] Level 1:colcon.colcon_core.package_identification:_identify(src/rviz) by extension 'ignore_ament_install'
[0.420s] Level 1:colcon.colcon_core.package_identification:_identify(src/rviz) by extensions ['colcon_pkg']
[0.420s] Level 1:colcon.colcon_core.package_identification:_identify(src/rviz) by extension 'colcon_pkg'
[0.420s] Level 1:colcon.colcon_core.package_identification:_identify(src/rviz) by extensions ['colcon_meta']
[0.420s] Level 1:colcon.colcon_core.package_identification:_identify(src/rviz) by extension 'colcon_meta'
[0.420s] Level 1:colcon.colcon_core.package_identification:_identify(src/rviz) by extensions ['ros']
[0.420s] Level 1:colcon.colcon_core.package_identification:_identify(src/rviz) by extension 'ros'
[0.420s] Level 1:colcon.colcon_core.package_identification:_identify(src/rviz) by extensions ['cmake', 'python']
[0.420s] Level 1:colcon.colcon_core.package_identification:_identify(src/rviz) by extension 'cmake'
[0.420s] Level 1:colcon.colcon_core.package_identification:_identify(src/rviz) by extension 'python'
[0.420s] Level 1:colcon.colcon_core.package_identification:_identify(src/rviz) by extensions ['python_setup_py']
[0.420s] Level 1:colcon.colcon_core.package_identification:_identify(src/rviz) by extension 'python_setup_py'
[0.420s] Level 1:colcon.colcon_core.package_discovery:discover_packages(recursive) using defaults
[0.420s] Level 1:colcon.colcon_core.package_discovery:discover_packages(ignore) discover
[0.420s] Level 1:colcon.colcon_core.package_discovery:discover_packages(ignore) using defaults
[0.420s] Level 1:colcon.colcon_core.package_discovery:discover_packages(path) discover
[0.420s] Level 1:colcon.colcon_core.package_discovery:discover_packages(path) using defaults
[0.448s] Level 1:colcon.colcon_core.package_discovery:discover_packages(prefix_path) check parameters
[0.448s] Level 1:colcon.colcon_core.package_discovery:discover_packages(prefix_path) discover
[0.451s] DEBUG:colcon.colcon_installed_package_information.package_discovery:Found 16 installed packages in /home/abril/turtlebot3_ws/install
[0.452s] DEBUG:colcon.colcon_installed_package_information.package_discovery:Found 365 installed packages in /opt/ros/humble
[0.453s] Level 1:colcon.colcon_core.package_discovery:discover_packages(prefix_path) using defaults
[0.496s] Level 5:colcon.colcon_core.verb:set package 'algoritmos' build argument 'cmake_args' from command line to 'None'
[0.496s] Level 5:colcon.colcon_core.verb:set package 'algoritmos' build argument 'cmake_target' from command line to 'None'
[0.496s] Level 5:colcon.colcon_core.verb:set package 'algoritmos' build argument 'cmake_target_skip_unavailable' from command line to 'False'
[0.496s] Level 5:colcon.colcon_core.verb:set package 'algoritmos' build argument 'cmake_clean_cache' from command line to 'False'
[0.496s] Level 5:colcon.colcon_core.verb:set package 'algoritmos' build argument 'cmake_clean_first' from command line to 'False'
[0.496s] Level 5:colcon.colcon_core.verb:set package 'algoritmos' build argument 'cmake_force_configure' from command line to 'False'
[0.496s] Level 5:colcon.colcon_core.verb:set package 'algoritmos' build argument 'ament_cmake_args' from command line to 'None'
[0.496s] Level 5:colcon.colcon_core.verb:set package 'algoritmos' build argument 'catkin_cmake_args' from command line to 'None'
[0.496s] Level 5:colcon.colcon_core.verb:set package 'algoritmos' build argument 'catkin_skip_building_tests' from command line to 'False'
[0.496s] DEBUG:colcon.colcon_core.verb:Building package 'algoritmos' with the following arguments: {'ament_cmake_args': None, 'build_base': '/home/abril/Documents/PrincipiosRobotica/TP_final_robotica/ros_ws/build/algoritmos', 'catkin_cmake_args': None, 'catkin_skip_building_tests': False, 'cmake_args': None, 'cmake_clean_cache': False, 'cmake_clean_first': False, 'cmake_force_configure': False, 'cmake_target': None, 'cmake_target_skip_unavailable': False, 'install_base': '/home/abril/Documents/PrincipiosRobotica/TP_final_robotica/ros_ws/install/algoritmos', 'merge_install': False, 'path': '/home/abril/Documents/PrincipiosRobotica/TP_final_robotica/ros_ws/src/algoritmos', 'symlink_install': False, 'test_result_base': None}
[0.496s] Level 5:colcon.colcon_core.verb:set package 'custom_msgs' build argument 'cmake_args' from command line to 'None'
[0.496s] Level 5:colcon.colcon_core.verb:set package 'custom_msgs' build argument 'cmake_target' from command line to 'None'
[0.496s] Level 5:colcon.colcon_core.verb:set package 'custom_msgs' build argument 'cmake_target_skip_unavailable' from command line to 'False'
[0.496s] Level 5:colcon.colcon_core.verb:set package 'custom_msgs' build argument 'cmake_clean_cache' from command line to 'False'
[0.496s] Level 5:colcon.colcon_core.verb:set package 'custom_msgs' build argument 'cmake_clean_first' from command line to 'False'
[0.496s] Level 5:colcon.colcon_core.verb:set package 'custom_msgs' build argument 'cmake_force_configure' from command line to 'False'
[0.496s] Level 5:colcon.colcon_core.verb:set package 'custom_msgs' build argument 'ament_cmake_args' from command line to 'None'
[0.496s] Level 5:colcon.colcon_core.verb:set package 'custom_msgs' build argument 'catkin_cmake_args' from command line to 'None'
[0.496s] Level 5:colcon.colcon_core.verb:set package 'custom_msgs' build argument 'catkin_skip_building_tests' from command line to 'False'
[0.496s] DEBUG:colcon.colcon_core.verb:Building package 'custom_msgs' with the following arguments: {'ament_cmake_args': None, 'build_base': '/home/abril/Documents/PrincipiosRobotica/TP_final_robotica/ros_ws/build/custom_msgs', 'catkin_cmake_args': None, 'catkin_skip_building_tests': False, 'cmake_args': None, 'cmake_clean_cache': False, 'cmake_clean_first': False, 'cmake_force_configure': False, 'cmake_target': None, 'cmake_target_skip_unavailable': False, 'install_base': '/home/abril/Documents/PrincipiosRobotica/TP_final_robotica/ros_ws/install/custom_msgs', 'merge_install': False, 'path': '/home/abril/Documents/PrincipiosRobotica/TP_final_robotica/ros_ws/src/custom_msgs', 'symlink_install': False, 'test_result_base': None}
[0.496s] Level 5:colcon.colcon_core.verb:set package 'partea' build argument 'cmake_args' from command line to 'None'
[0.497s] Level 5:colcon.colcon_core.verb:set package 'partea' build argument 'cmake_target' from command line to 'None'
[0.497s] Level 5:colcon.colcon_core.verb:set package 'partea' build argument 'cmake_target_skip_unavailable' from command line to 'False'
[0.497s] Level 5:colcon.colcon_core.verb:set package 'partea' build argument 'cmake_clean_cache' from command line to 'False'
[0.497s] Level 5:colcon.colcon_core.verb:set package 'partea' build argument 'cmake_clean_first' from command line to 'False'
[0.497s] Level 5:colcon.colcon_core.verb:set package 'partea' build argument 'cmake_force_configure' from command line to 'False'
[0.497s] Level 5:colcon.colcon_core.verb:set package 'partea' build argument 'ament_cmake_args' from command line to 'None'
[0.497s] Level 5:colcon.colcon_core.verb:set package 'partea' build argument 'catkin_cmake_args' from command line to 'None'
[0.497s] Level 5:colcon.colcon_core.verb:set package 'partea' build argument 'catkin_skip_building_tests' from command line to 'False'
[0.497s] DEBUG:colcon.colcon_core.verb:Building package 'partea' with the following arguments: {'ament_cmake_args': None, 'build_base': '/home/abril/Documents/PrincipiosRobotica/TP_final_robotica/ros_ws/build/partea', 'catkin_cmake_args': None, 'catkin_skip_building_tests': False, 'cmake_args': None, 'cmake_clean_cache': False, 'cmake_clean_first': False, 'cmake_force_configure': False, 'cmake_target': None, 'cmake_target_skip_unavailable': False, 'install_base': '/home/abril/Documents/PrincipiosRobotica/TP_final_robotica/ros_ws/install/partea', 'merge_install': False, 'path': '/home/abril/Documents/PrincipiosRobotica/TP_final_robotica/ros_ws/src/partea', 'symlink_install': False, 'test_result_base': None}
[0.497s] Level 5:colcon.colcon_core.verb:set package 'parteb' build argument 'cmake_args' from command line to 'None'
[0.497s] Level 5:colcon.colcon_core.verb:set package 'parteb' build argument 'cmake_target' from command line to 'None'
[0.497s] Level 5:colcon.colcon_core.verb:set package 'parteb' build argument 'cmake_target_skip_unavailable' from command line to 'False'
[0.497s] Level 5:colcon.colcon_core.verb:set package 'parteb' build argument 'cmake_clean_cache' from command line to 'False'
[0.497s] Level 5:colcon.colcon_core.verb:set package 'parteb' build argument 'cmake_clean_first' from command line to 'False'
[0.497s] Level 5:colcon.colcon_core.verb:set package 'parteb' build argument 'cmake_force_configure' from command line to 'False'
[0.497s] Level 5:colcon.colcon_core.verb:set package 'parteb' build argument 'ament_cmake_args' from command line to 'None'
[0.497s] Level 5:colcon.colcon_core.verb:set package 'parteb' build argument 'catkin_cmake_args' from command line to 'None'
[0.497s] Level 5:colcon.colcon_core.verb:set package 'parteb' build argument 'catkin_skip_building_tests' from command line to 'False'
[0.497s] DEBUG:colcon.colcon_core.verb:Building package 'parteb' with the following arguments: {'ament_cmake_args': None, 'build_base': '/home/abril/Documents/PrincipiosRobotica/TP_final_robotica/ros_ws/build/parteb', 'catkin_cmake_args': None, 'catkin_skip_building_tests': False, 'cmake_args': None, 'cmake_clean_cache': False, 'cmake_clean_first': False, 'cmake_force_configure': False, 'cmake_target': None, 'cmake_target_skip_unavailable': False, 'install_base': '/home/abril/Documents/PrincipiosRobotica/TP_final_robotica/ros_ws/install/parteb', 'merge_install': False, 'path': '/home/abril/Documents/PrincipiosRobotica/TP_final_robotica/ros_ws/src/parteb', 'symlink_install': False, 'test_result_base': None}
[0.497s] INFO:colcon.colcon_core.executor:Executing jobs using 'parallel' executor
[0.498s] DEBUG:colcon.colcon_parallel_executor.executor.parallel:run_until_complete
[0.498s] INFO:colcon.colcon_ros.task.ament_python.build:Building ROS package in '/home/abril/Documents/PrincipiosRobotica/TP_final_robotica/ros_ws/src/algoritmos' with build type 'ament_python'
[0.498s] Level 1:colcon.colcon_core.shell:create_environment_hook('algoritmos', 'ament_prefix_path')
[0.501s] INFO:colcon.colcon_core.plugin_system:Skipping extension 'colcon_core.shell.bat': Not used on non-Windows systems
[0.501s] INFO:colcon.colcon_core.shell:Creating environment hook '/home/abril/Documents/PrincipiosRobotica/TP_final_robotica/ros_ws/install/algoritmos/share/algoritmos/hook/ament_prefix_path.ps1'
[0.502s] INFO:colcon.colcon_core.shell:Creating environment descriptor '/home/abril/Documents/PrincipiosRobotica/TP_final_robotica/ros_ws/install/algoritmos/share/algoritmos/hook/ament_prefix_path.dsv'
[0.502s] INFO:colcon.colcon_core.shell:Creating environment hook '/home/abril/Documents/PrincipiosRobotica/TP_final_robotica/ros_ws/install/algoritmos/share/algoritmos/hook/ament_prefix_path.sh'
[0.503s] INFO:colcon.colcon_core.shell:Skip shell extension 'powershell' for command environment: Not usable outside of PowerShell
[0.503s] DEBUG:colcon.colcon_core.shell:Skip shell extension 'dsv' for command environment
[0.505s] INFO:colcon.colcon_ros.task.ament_cmake.build:Building ROS package in '/home/abril/Documents/PrincipiosRobotica/TP_final_robotica/ros_ws/src/custom_msgs' with build type 'ament_cmake'
[0.505s] INFO:colcon.colcon_cmake.task.cmake.build:Building CMake package in '/home/abril/Documents/PrincipiosRobotica/TP_final_robotica/ros_ws/src/custom_msgs'
[0.506s] INFO:colcon.colcon_core.shell:Skip shell extension 'powershell' for command environment: Not usable outside of PowerShell
[0.506s] DEBUG:colcon.colcon_core.shell:Skip shell extension 'dsv' for command environment
[0.671s] INFO:colcon.colcon_core.task.python.build:Building Python package in '/home/abril/Documents/PrincipiosRobotica/TP_final_robotica/ros_ws/src/algoritmos'
[0.672s] INFO:colcon.colcon_core.shell:Skip shell extension 'powershell' for command environment: Not usable outside of PowerShell
[0.672s] DEBUG:colcon.colcon_core.shell:Skip shell extension 'dsv' for command environment
[0.676s] DEBUG:colcon.colcon_core.event_handler.log_command:Invoking command in '/home/abril/Documents/PrincipiosRobotica/TP_final_robotica/ros_ws/build/custom_msgs': CMAKE_PREFIX_PATH=${CMAKE_PREFIX_PATH}:/home/abril/turtlebot3_ws/install/turtlebot3_teleop:/home/abril/turtlebot3_ws/install/turtlebot3_example:/opt/ros/humble /usr/bin/cmake /home/abril/Documents/PrincipiosRobotica/TP_final_robotica/ros_ws/src/custom_msgs -DCMAKE_INSTALL_PREFIX=/home/abril/Documents/PrincipiosRobotica/TP_final_robotica/ros_ws/install/custom_msgs
[1.021s] DEBUG:colcon.colcon_core.event_handler.log_command:Invoking command in '/home/abril/Documents/PrincipiosRobotica/TP_final_robotica/ros_ws/src/algoritmos': PYTHONPATH=/home/abril/Documents/PrincipiosRobotica/TP_final_robotica/ros_ws/build/algoritmos/prefix_override:/usr/lib/python3/dist-packages/colcon_core/task/python/colcon_distutils_commands:/home/abril/Documents/PrincipiosRobotica/TP_final_robotica/ros_ws/install/algoritmos/lib/python3.10/site-packages:${PYTHONPATH} /usr/bin/python3 -W ignore:setup.py install is deprecated -W ignore:easy_install command is deprecated setup.py egg_info --egg-base ../../build/algoritmos build --build-base /home/abril/Documents/PrincipiosRobotica/TP_final_robotica/ros_ws/build/algoritmos/build install --record /home/abril/Documents/PrincipiosRobotica/TP_final_robotica/ros_ws/build/algoritmos/install.log --single-version-externally-managed install_data
[1.232s] DEBUG:colcon.colcon_core.event_handler.log_command:Invoked command in '/home/abril/Documents/PrincipiosRobotica/TP_final_robotica/ros_ws/src/algoritmos' returned '0': PYTHONPATH=/home/abril/Documents/PrincipiosRobotica/TP_final_robotica/ros_ws/build/algoritmos/prefix_override:/usr/lib/python3/dist-packages/colcon_core/task/python/colcon_distutils_commands:/home/abril/Documents/PrincipiosRobotica/TP_final_robotica/ros_ws/install/algoritmos/lib/python3.10/site-packages:${PYTHONPATH} /usr/bin/python3 -W ignore:setup.py install is deprecated -W ignore:easy_install command is deprecated setup.py egg_info --egg-base ../../build/algoritmos build --build-base /home/abril/Documents/PrincipiosRobotica/TP_final_robotica/ros_ws/build/algoritmos/build install --record /home/abril/Documents/PrincipiosRobotica/TP_final_robotica/ros_ws/build/algoritmos/install.log --single-version-externally-managed install_data
[1.236s] Level 1:colcon.colcon_core.environment:checking '/home/abril/Documents/PrincipiosRobotica/TP_final_robotica/ros_ws/install/algoritmos' for CMake module files
[1.236s] Level 1:colcon.colcon_core.environment:checking '/home/abril/Documents/PrincipiosRobotica/TP_final_robotica/ros_ws/install/algoritmos' for CMake config files
[1.236s] Level 1:colcon.colcon_core.environment:checking '/home/abril/Documents/PrincipiosRobotica/TP_final_robotica/ros_ws/install/algoritmos/lib'
[1.237s] Level 1:colcon.colcon_core.environment:checking '/home/abril/Documents/PrincipiosRobotica/TP_final_robotica/ros_ws/install/algoritmos/bin'
[1.237s] Level 1:colcon.colcon_core.environment:checking '/home/abril/Documents/PrincipiosRobotica/TP_final_robotica/ros_ws/install/algoritmos/lib/pkgconfig/algoritmos.pc'
[1.237s] Level 1:colcon.colcon_core.environment:checking '/home/abril/Documents/PrincipiosRobotica/TP_final_robotica/ros_ws/install/algoritmos/lib/python3.10/site-packages'
[1.237s] Level 1:colcon.colcon_core.shell:create_environment_hook('algoritmos', 'pythonpath')
[1.237s] INFO:colcon.colcon_core.shell:Creating environment hook '/home/abril/Documents/PrincipiosRobotica/TP_final_robotica/ros_ws/install/algoritmos/share/algoritmos/hook/pythonpath.ps1'
[1.237s] INFO:colcon.colcon_core.shell:Creating environment descriptor '/home/abril/Documents/PrincipiosRobotica/TP_final_robotica/ros_ws/install/algoritmos/share/algoritmos/hook/pythonpath.dsv'
[1.238s] INFO:colcon.colcon_core.shell:Creating environment hook '/home/abril/Documents/PrincipiosRobotica/TP_final_robotica/ros_ws/install/algoritmos/share/algoritmos/hook/pythonpath.sh'
[1.238s] Level 1:colcon.colcon_core.environment:checking '/home/abril/Documents/PrincipiosRobotica/TP_final_robotica/ros_ws/install/algoritmos/bin'
[1.238s] Level 1:colcon.colcon_core.environment:create_environment_scripts_only(algoritmos)
[1.238s] INFO:colcon.colcon_core.shell:Creating package script '/home/abril/Documents/PrincipiosRobotica/TP_final_robotica/ros_ws/install/algoritmos/share/algoritmos/package.ps1'
[1.239s] INFO:colcon.colcon_core.shell:Creating package descriptor '/home/abril/Documents/PrincipiosRobotica/TP_final_robotica/ros_ws/install/algoritmos/share/algoritmos/package.dsv'
[1.239s] INFO:colcon.colcon_core.shell:Creating package script '/home/abril/Documents/PrincipiosRobotica/TP_final_robotica/ros_ws/install/algoritmos/share/algoritmos/package.sh'
[1.240s] INFO:colcon.colcon_core.shell:Creating package script '/home/abril/Documents/PrincipiosRobotica/TP_final_robotica/ros_ws/install/algoritmos/share/algoritmos/package.bash'
[1.240s] INFO:colcon.colcon_core.shell:Creating package script '/home/abril/Documents/PrincipiosRobotica/TP_final_robotica/ros_ws/install/algoritmos/share/algoritmos/package.zsh'
[1.241s] Level 1:colcon.colcon_core.environment:create_file_with_runtime_dependencies(/home/abril/Documents/PrincipiosRobotica/TP_final_robotica/ros_ws/install/algoritmos/share/colcon-core/packages/algoritmos)
[1.241s] INFO:colcon.colcon_ros.task.ament_python.build:Building ROS package in '/home/abril/Documents/PrincipiosRobotica/TP_final_robotica/ros_ws/src/parteb' with build type 'ament_python'
[1.242s] Level 1:colcon.colcon_core.shell:create_environment_hook('parteb', 'ament_prefix_path')
[1.242s] INFO:colcon.colcon_core.shell:Creating environment hook '/home/abril/Documents/PrincipiosRobotica/TP_final_robotica/ros_ws/install/parteb/share/parteb/hook/ament_prefix_path.ps1'
[1.242s] INFO:colcon.colcon_core.shell:Creating environment descriptor '/home/abril/Documents/PrincipiosRobotica/TP_final_robotica/ros_ws/install/parteb/share/parteb/hook/ament_prefix_path.dsv'
[1.243s] INFO:colcon.colcon_core.shell:Creating environment hook '/home/abril/Documents/PrincipiosRobotica/TP_final_robotica/ros_ws/install/parteb/share/parteb/hook/ament_prefix_path.sh'
[1.243s] INFO:colcon.colcon_core.shell:Skip shell extension 'powershell' for command environment: Not usable outside of PowerShell
[1.243s] DEBUG:colcon.colcon_core.shell:Skip shell extension 'dsv' for command environment
[1.422s] INFO:colcon.colcon_core.task.python.build:Building Python package in '/home/abril/Documents/PrincipiosRobotica/TP_final_robotica/ros_ws/src/parteb'
[1.422s] INFO:colcon.colcon_core.shell:Skip shell extension 'powershell' for command environment: Not usable outside of PowerShell
[1.422s] DEBUG:colcon.colcon_core.shell:Skip shell extension 'dsv' for command environment
[1.684s] DEBUG:colcon.colcon_core.event_handler.log_command:Invoking command in '/home/abril/Documents/PrincipiosRobotica/TP_final_robotica/ros_ws/src/parteb': AMENT_PREFIX_PATH=/home/abril/Documents/PrincipiosRobotica/TP_final_robotica/ros_ws/install/algoritmos:${AMENT_PREFIX_PATH} PYTHONPATH=/home/abril/Documents/PrincipiosRobotica/TP_final_robotica/ros_ws/build/parteb/prefix_override:/usr/lib/python3/dist-packages/colcon_core/task/python/colcon_distutils_commands:/home/abril/Documents/PrincipiosRobotica/TP_final_robotica/ros_ws/install/parteb/lib/python3.10/site-packages:/home/abril/Documents/PrincipiosRobotica/TP_final_robotica/ros_ws/install/algoritmos/lib/python3.10/site-packages:${PYTHONPATH} /usr/bin/python3 -W ignore:setup.py install is deprecated -W ignore:easy_install command is deprecated setup.py egg_info --egg-base ../../build/parteb build --build-base /home/abril/Documents/PrincipiosRobotica/TP_final_robotica/ros_ws/build/parteb/build install --record /home/abril/Documents/PrincipiosRobotica/TP_final_robotica/ros_ws/build/parteb/install.log --single-version-externally-managed install_data
[1.887s] Level 1:colcon.colcon_core.environment:checking '/home/abril/Documents/PrincipiosRobotica/TP_final_robotica/ros_ws/install/parteb' for CMake module files
[1.888s] DEBUG:colcon.colcon_core.event_handler.log_command:Invoked command in '/home/abril/Documents/PrincipiosRobotica/TP_final_robotica/ros_ws/src/parteb' returned '0': AMENT_PREFIX_PATH=/home/abril/Documents/PrincipiosRobotica/TP_final_robotica/ros_ws/install/algoritmos:${AMENT_PREFIX_PATH} PYTHONPATH=/home/abril/Documents/PrincipiosRobotica/TP_final_robotica/ros_ws/build/parteb/prefix_override:/usr/lib/python3/dist-packages/colcon_core/task/python/colcon_distutils_commands:/home/abril/Documents/PrincipiosRobotica/TP_final_robotica/ros_ws/install/parteb/lib/python3.10/site-packages:/home/abril/Documents/PrincipiosRobotica/TP_final_robotica/ros_ws/install/algoritmos/lib/python3.10/site-packages:${PYTHONPATH} /usr/bin/python3 -W ignore:setup.py install is deprecated -W ignore:easy_install command is deprecated setup.py egg_info --egg-base ../../build/parteb build --build-base /home/abril/Documents/PrincipiosRobotica/TP_final_robotica/ros_ws/build/parteb/build install --record /home/abril/Documents/PrincipiosRobotica/TP_final_robotica/ros_ws/build/parteb/install.log --single-version-externally-managed install_data
[1.888s] Level 1:colcon.colcon_core.environment:checking '/home/abril/Documents/PrincipiosRobotica/TP_final_robotica/ros_ws/install/parteb' for CMake config files
[1.888s] Level 1:colcon.colcon_core.environment:checking '/home/abril/Documents/PrincipiosRobotica/TP_final_robotica/ros_ws/install/parteb/lib'
[1.889s] Level 1:colcon.colcon_core.environment:checking '/home/abril/Documents/PrincipiosRobotica/TP_final_robotica/ros_ws/install/parteb/bin'
[1.889s] Level 1:colcon.colcon_core.environment:checking '/home/abril/Documents/PrincipiosRobotica/TP_final_robotica/ros_ws/install/parteb/lib/pkgconfig/parteb.pc'
[1.889s] Level 1:colcon.colcon_core.environment:checking '/home/abril/Documents/PrincipiosRobotica/TP_final_robotica/ros_ws/install/parteb/lib/python3.10/site-packages'
[1.889s] Level 1:colcon.colcon_core.shell:create_environment_hook('parteb', 'pythonpath')
[1.889s] INFO:colcon.colcon_core.shell:Creating environment hook '/home/abril/Documents/PrincipiosRobotica/TP_final_robotica/ros_ws/install/parteb/share/parteb/hook/pythonpath.ps1'
[1.890s] INFO:colcon.colcon_core.shell:Creating environment descriptor '/home/abril/Documents/PrincipiosRobotica/TP_final_robotica/ros_ws/install/parteb/share/parteb/hook/pythonpath.dsv'
[1.890s] INFO:colcon.colcon_core.shell:Creating environment hook '/home/abril/Documents/PrincipiosRobotica/TP_final_robotica/ros_ws/install/parteb/share/parteb/hook/pythonpath.sh'
[1.891s] Level 1:colcon.colcon_core.environment:checking '/home/abril/Documents/PrincipiosRobotica/TP_final_robotica/ros_ws/install/parteb/bin'
[1.891s] Level 1:colcon.colcon_core.environment:create_environment_scripts_only(parteb)
[1.891s] INFO:colcon.colcon_core.shell:Creating package script '/home/abril/Documents/PrincipiosRobotica/TP_final_robotica/ros_ws/install/parteb/share/parteb/package.ps1'
[1.892s] INFO:colcon.colcon_core.shell:Creating package descriptor '/home/abril/Documents/PrincipiosRobotica/TP_final_robotica/ros_ws/install/parteb/share/parteb/package.dsv'
[1.892s] INFO:colcon.colcon_core.shell:Creating package script '/home/abril/Documents/PrincipiosRobotica/TP_final_robotica/ros_ws/install/parteb/share/parteb/package.sh'
[1.892s] INFO:colcon.colcon_core.shell:Creating package script '/home/abril/Documents/PrincipiosRobotica/TP_final_robotica/ros_ws/install/parteb/share/parteb/package.bash'
[1.893s] INFO:colcon.colcon_core.shell:Creating package script '/home/abril/Documents/PrincipiosRobotica/TP_final_robotica/ros_ws/install/parteb/share/parteb/package.zsh'
[1.893s] Level 1:colcon.colcon_core.environment:create_file_with_runtime_dependencies(/home/abril/Documents/PrincipiosRobotica/TP_final_robotica/ros_ws/install/parteb/share/colcon-core/packages/parteb)
[2.177s] DEBUG:colcon.colcon_core.event_handler.log_command:Invoked command in '/home/abril/Documents/PrincipiosRobotica/TP_final_robotica/ros_ws/build/custom_msgs' returned '0': CMAKE_PREFIX_PATH=${CMAKE_PREFIX_PATH}:/home/abril/turtlebot3_ws/install/turtlebot3_teleop:/home/abril/turtlebot3_ws/install/turtlebot3_example:/opt/ros/humble /usr/bin/cmake /home/abril/Documents/PrincipiosRobotica/TP_final_robotica/ros_ws/src/custom_msgs -DCMAKE_INSTALL_PREFIX=/home/abril/Documents/PrincipiosRobotica/TP_final_robotica/ros_ws/install/custom_msgs
[2.178s] DEBUG:colcon.colcon_core.event_handler.log_command:Invoking command in '/home/abril/Documents/PrincipiosRobotica/TP_final_robotica/ros_ws/build/custom_msgs': CMAKE_PREFIX_PATH=${CMAKE_PREFIX_PATH}:/home/abril/turtlebot3_ws/install/turtlebot3_teleop:/home/abril/turtlebot3_ws/install/turtlebot3_example:/opt/ros/humble /usr/bin/cmake --build /home/abril/Documents/PrincipiosRobotica/TP_final_robotica/ros_ws/build/custom_msgs -- -j8 -l8
[4.007s] DEBUG:colcon.colcon_core.event_handler.log_command:Invoked command in '/home/abril/Documents/PrincipiosRobotica/TP_final_robotica/ros_ws/build/custom_msgs' returned '0': CMAKE_PREFIX_PATH=${CMAKE_PREFIX_PATH}:/home/abril/turtlebot3_ws/install/turtlebot3_teleop:/home/abril/turtlebot3_ws/install/turtlebot3_example:/opt/ros/humble /usr/bin/cmake --build /home/abril/Documents/PrincipiosRobotica/TP_final_robotica/ros_ws/build/custom_msgs -- -j8 -l8
[4.014s] DEBUG:colcon.colcon_core.event_handler.log_command:Invoking command in '/home/abril/Documents/PrincipiosRobotica/TP_final_robotica/ros_ws/build/custom_msgs': CMAKE_PREFIX_PATH=${CMAKE_PREFIX_PATH}:/home/abril/turtlebot3_ws/install/turtlebot3_teleop:/home/abril/turtlebot3_ws/install/turtlebot3_example:/opt/ros/humble /usr/bin/cmake --install /home/abril/Documents/PrincipiosRobotica/TP_final_robotica/ros_ws/build/custom_msgs
[4.060s] Level 1:colcon.colcon_core.environment:create_environment_scripts_only(custom_msgs)
[4.060s] Level 1:colcon.colcon_core.environment:checking '/home/abril/Documents/PrincipiosRobotica/TP_final_robotica/ros_ws/install/custom_msgs' for CMake module files
[4.061s] DEBUG:colcon.colcon_core.event_handler.log_command:Invoked command in '/home/abril/Documents/PrincipiosRobotica/TP_final_robotica/ros_ws/build/custom_msgs' returned '0': CMAKE_PREFIX_PATH=${CMAKE_PREFIX_PATH}:/home/abril/turtlebot3_ws/install/turtlebot3_teleop:/home/abril/turtlebot3_ws/install/turtlebot3_example:/opt/ros/humble /usr/bin/cmake --install /home/abril/Documents/PrincipiosRobotica/TP_final_robotica/ros_ws/build/custom_msgs
[4.061s] Level 1:colcon.colcon_core.environment:checking '/home/abril/Documents/PrincipiosRobotica/TP_final_robotica/ros_ws/install/custom_msgs' for CMake config files
[4.061s] Level 1:colcon.colcon_core.shell:create_environment_hook('custom_msgs', 'cmake_prefix_path')
[4.061s] INFO:colcon.colcon_core.shell:Creating environment hook '/home/abril/Documents/PrincipiosRobotica/TP_final_robotica/ros_ws/install/custom_msgs/share/custom_msgs/hook/cmake_prefix_path.ps1'
[4.062s] INFO:colcon.colcon_core.shell:Creating environment descriptor '/home/abril/Documents/PrincipiosRobotica/TP_final_robotica/ros_ws/install/custom_msgs/share/custom_msgs/hook/cmake_prefix_path.dsv'
[4.062s] INFO:colcon.colcon_core.shell:Creating environment hook '/home/abril/Documents/PrincipiosRobotica/TP_final_robotica/ros_ws/install/custom_msgs/share/custom_msgs/hook/cmake_prefix_path.sh'
[4.062s] Level 1:colcon.colcon_core.environment:checking '/home/abril/Documents/PrincipiosRobotica/TP_final_robotica/ros_ws/install/custom_msgs/lib'
[4.062s] Level 1:colcon.colcon_core.shell:create_environment_hook('custom_msgs', 'ld_library_path_lib')
[4.062s] INFO:colcon.colcon_core.shell:Creating environment hook '/home/abril/Documents/PrincipiosRobotica/TP_final_robotica/ros_ws/install/custom_msgs/share/custom_msgs/hook/ld_library_path_lib.ps1'
[4.062s] INFO:colcon.colcon_core.shell:Creating environment descriptor '/home/abril/Documents/PrincipiosRobotica/TP_final_robotica/ros_ws/install/custom_msgs/share/custom_msgs/hook/ld_library_path_lib.dsv'
[4.063s] INFO:colcon.colcon_core.shell:Creating environment hook '/home/abril/Documents/PrincipiosRobotica/TP_final_robotica/ros_ws/install/custom_msgs/share/custom_msgs/hook/ld_library_path_lib.sh'
[4.063s] Level 1:colcon.colcon_core.environment:checking '/home/abril/Documents/PrincipiosRobotica/TP_final_robotica/ros_ws/install/custom_msgs/bin'
[4.063s] Level 1:colcon.colcon_core.environment:checking '/home/abril/Documents/PrincipiosRobotica/TP_final_robotica/ros_ws/install/custom_msgs/lib/pkgconfig/custom_msgs.pc'
[4.063s] Level 1:colcon.colcon_core.environment:checking '/home/abril/Documents/PrincipiosRobotica/TP_final_robotica/ros_ws/install/custom_msgs/lib/python3.10/site-packages'
[4.063s] Level 1:colcon.colcon_core.environment:checking '/home/abril/Documents/PrincipiosRobotica/TP_final_robotica/ros_ws/install/custom_msgs/bin'
[4.063s] INFO:colcon.colcon_core.shell:Creating package script '/home/abril/Documents/PrincipiosRobotica/TP_final_robotica/ros_ws/install/custom_msgs/share/custom_msgs/package.ps1'
[4.064s] INFO:colcon.colcon_core.shell:Creating package descriptor '/home/abril/Documents/PrincipiosRobotica/TP_final_robotica/ros_ws/install/custom_msgs/share/custom_msgs/package.dsv'
[4.064s] INFO:colcon.colcon_core.shell:Creating package script '/home/abril/Documents/PrincipiosRobotica/TP_final_robotica/ros_ws/install/custom_msgs/share/custom_msgs/package.sh'
[4.064s] INFO:colcon.colcon_core.shell:Creating package script '/home/abril/Documents/PrincipiosRobotica/TP_final_robotica/ros_ws/install/custom_msgs/share/custom_msgs/package.bash'
[4.064s] INFO:colcon.colcon_core.shell:Creating package script '/home/abril/Documents/PrincipiosRobotica/TP_final_robotica/ros_ws/install/custom_msgs/share/custom_msgs/package.zsh'
[4.065s] Level 1:colcon.colcon_core.environment:create_file_with_runtime_dependencies(/home/abril/Documents/PrincipiosRobotica/TP_final_robotica/ros_ws/install/custom_msgs/share/colcon-core/packages/custom_msgs)
[4.065s] Level 1:colcon.colcon_core.environment:create_environment_scripts_only(custom_msgs)
[4.065s] Level 1:colcon.colcon_core.environment:checking '/home/abril/Documents/PrincipiosRobotica/TP_final_robotica/ros_ws/install/custom_msgs' for CMake module files
[4.065s] Level 1:colcon.colcon_core.environment:checking '/home/abril/Documents/PrincipiosRobotica/TP_final_robotica/ros_ws/install/custom_msgs' for CMake config files
[4.066s] Level 1:colcon.colcon_core.shell:create_environment_hook('custom_msgs', 'cmake_prefix_path')
[4.066s] INFO:colcon.colcon_core.shell:Creating environment hook '/home/abril/Documents/PrincipiosRobotica/TP_final_robotica/ros_ws/install/custom_msgs/share/custom_msgs/hook/cmake_prefix_path.ps1'
[4.066s] INFO:colcon.colcon_core.shell:Creating environment descriptor '/home/abril/Documents/PrincipiosRobotica/TP_final_robotica/ros_ws/install/custom_msgs/share/custom_msgs/hook/cmake_prefix_path.dsv'
[4.066s] INFO:colcon.colcon_core.shell:Creating environment hook '/home/abril/Documents/PrincipiosRobotica/TP_final_robotica/ros_ws/install/custom_msgs/share/custom_msgs/hook/cmake_prefix_path.sh'
[4.067s] Level 1:colcon.colcon_core.environment:checking '/home/abril/Documents/PrincipiosRobotica/TP_final_robotica/ros_ws/install/custom_msgs/lib'
[4.067s] Level 1:colcon.colcon_core.shell:create_environment_hook('custom_msgs', 'ld_library_path_lib')
[4.067s] INFO:colcon.colcon_core.shell:Creating environment hook '/home/abril/Documents/PrincipiosRobotica/TP_final_robotica/ros_ws/install/custom_msgs/share/custom_msgs/hook/ld_library_path_lib.ps1'
[4.067s] INFO:colcon.colcon_core.shell:Creating environment descriptor '/home/abril/Documents/PrincipiosRobotica/TP_final_robotica/ros_ws/install/custom_msgs/share/custom_msgs/hook/ld_library_path_lib.dsv'
[4.067s] INFO:colcon.colcon_core.shell:Creating environment hook '/home/abril/Documents/PrincipiosRobotica/TP_final_robotica/ros_ws/install/custom_msgs/share/custom_msgs/hook/ld_library_path_lib.sh'
[4.067s] Level 1:colcon.colcon_core.environment:checking '/home/abril/Documents/PrincipiosRobotica/TP_final_robotica/ros_ws/install/custom_msgs/bin'
[4.068s] Level 1:colcon.colcon_core.environment:checking '/home/abril/Documents/PrincipiosRobotica/TP_final_robotica/ros_ws/install/custom_msgs/lib/pkgconfig/custom_msgs.pc'
[4.068s] Level 1:colcon.colcon_core.environment:checking '/home/abril/Documents/PrincipiosRobotica/TP_final_robotica/ros_ws/install/custom_msgs/lib/python3.10/site-packages'
[4.068s] Level 1:colcon.colcon_core.environment:checking '/home/abril/Documents/PrincipiosRobotica/TP_final_robotica/ros_ws/install/custom_msgs/bin'
[4.068s] INFO:colcon.colcon_core.shell:Creating package script '/home/abril/Documents/PrincipiosRobotica/TP_final_robotica/ros_ws/install/custom_msgs/share/custom_msgs/package.ps1'
[4.068s] INFO:colcon.colcon_core.shell:Creating package descriptor '/home/abril/Documents/PrincipiosRobotica/TP_final_robotica/ros_ws/install/custom_msgs/share/custom_msgs/package.dsv'
[4.069s] INFO:colcon.colcon_core.shell:Creating package script '/home/abril/Documents/PrincipiosRobotica/TP_final_robotica/ros_ws/install/custom_msgs/share/custom_msgs/package.sh'
[4.069s] INFO:colcon.colcon_core.shell:Creating package script '/home/abril/Documents/PrincipiosRobotica/TP_final_robotica/ros_ws/install/custom_msgs/share/custom_msgs/package.bash'
[4.069s] INFO:colcon.colcon_core.shell:Creating package script '/home/abril/Documents/PrincipiosRobotica/TP_final_robotica/ros_ws/install/custom_msgs/share/custom_msgs/package.zsh'
[4.069s] Level 1:colcon.colcon_core.environment:create_file_with_runtime_dependencies(/home/abril/Documents/PrincipiosRobotica/TP_final_robotica/ros_ws/install/custom_msgs/share/colcon-core/packages/custom_msgs)
[4.070s] INFO:colcon.colcon_ros.task.ament_python.build:Building ROS package in '/home/abril/Documents/PrincipiosRobotica/TP_final_robotica/ros_ws/src/partea' with build type 'ament_python'
[4.070s] Level 1:colcon.colcon_core.shell:create_environment_hook('partea', 'ament_prefix_path')
[4.070s] INFO:colcon.colcon_core.shell:Creating environment hook '/home/abril/Documents/PrincipiosRobotica/TP_final_robotica/ros_ws/install/partea/share/partea/hook/ament_prefix_path.ps1'
[4.070s] INFO:colcon.colcon_core.shell:Creating environment descriptor '/home/abril/Documents/PrincipiosRobotica/TP_final_robotica/ros_ws/install/partea/share/partea/hook/ament_prefix_path.dsv'
[4.071s] INFO:colcon.colcon_core.shell:Creating environment hook '/home/abril/Documents/PrincipiosRobotica/TP_final_robotica/ros_ws/install/partea/share/partea/hook/ament_prefix_path.sh'
[4.071s] INFO:colcon.colcon_core.shell:Skip shell extension 'powershell' for command environment: Not usable outside of PowerShell
[4.071s] DEBUG:colcon.colcon_core.shell:Skip shell extension 'dsv' for command environment
[4.237s] INFO:colcon.colcon_core.task.python.build:Building Python package in '/home/abril/Documents/PrincipiosRobotica/TP_final_robotica/ros_ws/src/partea'
[4.237s] INFO:colcon.colcon_core.shell:Skip shell extension 'powershell' for command environment: Not usable outside of PowerShell
[4.237s] DEBUG:colcon.colcon_core.shell:Skip shell extension 'dsv' for command environment
[4.476s] DEBUG:colcon.colcon_core.event_handler.log_command:Invoking command in '/home/abril/Documents/PrincipiosRobotica/TP_final_robotica/ros_ws/src/partea': AMENT_PREFIX_PATH=/home/abril/Documents/PrincipiosRobotica/TP_final_robotica/ros_ws/install/custom_msgs:/home/abril/Documents/PrincipiosRobotica/TP_final_robotica/ros_ws/install/algoritmos:${AMENT_PREFIX_PATH} CMAKE_PREFIX_PATH=/home/abril/Documents/PrincipiosRobotica/TP_final_robotica/ros_ws/install/custom_msgs:${CMAKE_PREFIX_PATH} LD_LIBRARY_PATH=/home/abril/Documents/PrincipiosRobotica/TP_final_robotica/ros_ws/install/custom_msgs/lib:/home/abril/turtlebot3_ws/install/turtlebot3_msgs/lib:/home/abril/turtlebot3_ws/install/dynamixel_sdk_custom_interfaces/lib:/home/abril/turtlebot3_ws/install/dynamixel_sdk/lib:/usr/lib/x86_64-linux-gnu/gazebo-11/plugins:/opt/ros/humble/opt/rviz_ogre_vendor/lib:/opt/ros/humble/lib/x86_64-linux-gnu:/opt/ros/humble/lib:/usr/lib/x86_64-linux-gnu/gazebo-11/plugins PYTHONPATH=/home/abril/Documents/PrincipiosRobotica/TP_final_robotica/ros_ws/build/partea/prefix_override:/usr/lib/python3/dist-packages/colcon_core/task/python/colcon_distutils_commands:/home/abril/Documents/PrincipiosRobotica/TP_final_robotica/ros_ws/install/partea/lib/python3.10/site-packages:/home/abril/Documents/PrincipiosRobotica/TP_final_robotica/ros_ws/install/custom_msgs/local/lib/python3.10/dist-packages:/home/abril/Documents/PrincipiosRobotica/TP_final_robotica/ros_ws/install/algoritmos/lib/python3.10/site-packages:${PYTHONPATH} /usr/bin/python3 -W ignore:setup.py install is deprecated -W ignore:easy_install command is deprecated setup.py egg_info --egg-base ../../build/partea build --build-base /home/abril/Documents/PrincipiosRobotica/TP_final_robotica/ros_ws/build/partea/build install --record /home/abril/Documents/PrincipiosRobotica/TP_final_robotica/ros_ws/build/partea/install.log --single-version-externally-managed install_data
[4.677s] Level 1:colcon.colcon_core.environment:checking '/home/abril/Documents/PrincipiosRobotica/TP_final_robotica/ros_ws/install/partea' for CMake module files
[4.678s] DEBUG:colcon.colcon_core.event_handler.log_command:Invoked command in '/home/abril/Documents/PrincipiosRobotica/TP_final_robotica/ros_ws/src/partea' returned '0': AMENT_PREFIX_PATH=/home/abril/Documents/PrincipiosRobotica/TP_final_robotica/ros_ws/install/custom_msgs:/home/abril/Documents/PrincipiosRobotica/TP_final_robotica/ros_ws/install/algoritmos:${AMENT_PREFIX_PATH} CMAKE_PREFIX_PATH=/home/abril/Documents/PrincipiosRobotica/TP_final_robotica/ros_ws/install/custom_msgs:${CMAKE_PREFIX_PATH} LD_LIBRARY_PATH=/home/abril/Documents/PrincipiosRobotica/TP_final_robotica/ros_ws/install/custom_msgs/lib:/home/abril/turtlebot3_ws/install/turtlebot3_msgs/lib:/home/abril/turtlebot3_ws/install/dynamixel_sdk_custom_interfaces/lib:/home/abril/turtlebot3_ws/install/dynamixel_sdk/lib:/usr/lib/x86_64-linux-gnu/gazebo-11/plugins:/opt/ros/humble/opt/rviz_ogre_vendor/lib:/opt/ros/humble/lib/x86_64-linux-gnu:/opt/ros/humble/lib:/usr/lib/x86_64-linux-gnu/gazebo-11/plugins PYTHONPATH=/home/abril/Documents/PrincipiosRobotica/TP_final_robotica/ros_ws/build/partea/prefix_override:/usr/lib/python3/dist-packages/colcon_core/task/python/colcon_distutils_commands:/home/abril/Documents/PrincipiosRobotica/TP_final_robotica/ros_ws/install/partea/lib/python3.10/site-packages:/home/abril/Documents/PrincipiosRobotica/TP_final_robotica/ros_ws/install/custom_msgs/local/lib/python3.10/dist-packages:/home/abril/Documents/PrincipiosRobotica/TP_final_robotica/ros_ws/install/algoritmos/lib/python3.10/site-packages:${PYTHONPATH} /usr/bin/python3 -W ignore:setup.py install is deprecated -W ignore:easy_install command is deprecated setup.py egg_info --egg-base ../../build/partea build --build-base /home/abril/Documents/PrincipiosRobotica/TP_final_robotica/ros_ws/build/partea/build install --record /home/abril/Documents/PrincipiosRobotica/TP_final_robotica/ros_ws/build/partea/install.log --single-version-externally-managed install_data
[4.678s] Level 1:colcon.colcon_core.environment:checking '/home/abril/Documents/PrincipiosRobotica/TP_final_robotica/ros_ws/install/partea' for CMake config files
[4.678s] Level 1:colcon.colcon_core.environment:checking '/home/abril/Documents/PrincipiosRobotica/TP_final_robotica/ros_ws/install/partea/lib'
[4.679s] Level 1:colcon.colcon_core.environment:checking '/home/abril/Documents/PrincipiosRobotica/TP_final_robotica/ros_ws/install/partea/bin'
[4.679s] Level 1:colcon.colcon_core.environment:checking '/home/abril/Documents/PrincipiosRobotica/TP_final_robotica/ros_ws/install/partea/lib/pkgconfig/partea.pc'
[4.679s] Level 1:colcon.colcon_core.environment:checking '/home/abril/Documents/PrincipiosRobotica/TP_final_robotica/ros_ws/install/partea/lib/python3.10/site-packages'
[4.679s] Level 1:colcon.colcon_core.shell:create_environment_hook('partea', 'pythonpath')
[4.679s] INFO:colcon.colcon_core.shell:Creating environment hook '/home/abril/Documents/PrincipiosRobotica/TP_final_robotica/ros_ws/install/partea/share/partea/hook/pythonpath.ps1'
[4.679s] INFO:colcon.colcon_core.shell:Creating environment descriptor '/home/abril/Documents/PrincipiosRobotica/TP_final_robotica/ros_ws/install/partea/share/partea/hook/pythonpath.dsv'
[4.679s] INFO:colcon.colcon_core.shell:Creating environment hook '/home/abril/Documents/PrincipiosRobotica/TP_final_robotica/ros_ws/install/partea/share/partea/hook/pythonpath.sh'
[4.680s] Level 1:colcon.colcon_core.environment:checking '/home/abril/Documents/PrincipiosRobotica/TP_final_robotica/ros_ws/install/partea/bin'
[4.680s] Level 1:colcon.colcon_core.environment:create_environment_scripts_only(partea)
[4.680s] INFO:colcon.colcon_core.shell:Creating package script '/home/abril/Documents/PrincipiosRobotica/TP_final_robotica/ros_ws/install/partea/share/partea/package.ps1'
[4.680s] INFO:colcon.colcon_core.shell:Creating package descriptor '/home/abril/Documents/PrincipiosRobotica/TP_final_robotica/ros_ws/install/partea/share/partea/package.dsv'
[4.681s] INFO:colcon.colcon_core.shell:Creating package script '/home/abril/Documents/PrincipiosRobotica/TP_final_robotica/ros_ws/install/partea/share/partea/package.sh'
[4.681s] INFO:colcon.colcon_core.shell:Creating package script '/home/abril/Documents/PrincipiosRobotica/TP_final_robotica/ros_ws/install/partea/share/partea/package.bash'
[4.681s] INFO:colcon.colcon_core.shell:Creating package script '/home/abril/Documents/PrincipiosRobotica/TP_final_robotica/ros_ws/install/partea/share/partea/package.zsh'
[4.681s] Level 1:colcon.colcon_core.environment:create_file_with_runtime_dependencies(/home/abril/Documents/PrincipiosRobotica/TP_final_robotica/ros_ws/install/partea/share/colcon-core/packages/partea)
[4.681s] DEBUG:colcon.colcon_parallel_executor.executor.parallel:closing loop
[4.682s] DEBUG:colcon.colcon_parallel_executor.executor.parallel:loop closed
[4.682s] DEBUG:colcon.colcon_parallel_executor.executor.parallel:run_until_complete finished with '0'
[4.682s] DEBUG:colcon.colcon_core.event_reactor:joining thread
[4.689s] INFO:colcon.colcon_core.plugin_system:Skipping extension 'colcon_notification.desktop_notification.terminal_notifier': Not used on non-Darwin systems
[4.689s] INFO:colcon.colcon_core.plugin_system:Skipping extension 'colcon_notification.desktop_notification.win32': Not used on non-Windows systems
[4.689s] INFO:colcon.colcon_notification.desktop_notification:Sending desktop notification using 'notify2'
[4.716s] DEBUG:colcon.colcon_core.event_reactor:joined thread
[4.716s] INFO:colcon.colcon_core.shell:Creating prefix script '/home/abril/Documents/PrincipiosRobotica/TP_final_robotica/ros_ws/install/local_setup.ps1'
[4.717s] INFO:colcon.colcon_core.shell:Creating prefix util module '/home/abril/Documents/PrincipiosRobotica/TP_final_robotica/ros_ws/install/_local_setup_util_ps1.py'
[4.718s] INFO:colcon.colcon_core.shell:Creating prefix chain script '/home/abril/Documents/PrincipiosRobotica/TP_final_robotica/ros_ws/install/setup.ps1'
[4.719s] INFO:colcon.colcon_core.shell:Creating prefix script '/home/abril/Documents/PrincipiosRobotica/TP_final_robotica/ros_ws/install/local_setup.sh'
[4.720s] INFO:colcon.colcon_core.shell:Creating prefix util module '/home/abril/Documents/PrincipiosRobotica/TP_final_robotica/ros_ws/install/_local_setup_util_sh.py'
[4.720s] INFO:colcon.colcon_core.shell:Creating prefix chain script '/home/abril/Documents/PrincipiosRobotica/TP_final_robotica/ros_ws/install/setup.sh'
[4.722s] INFO:colcon.colcon_core.shell:Creating prefix script '/home/abril/Documents/PrincipiosRobotica/TP_final_robotica/ros_ws/install/local_setup.bash'
[4.722s] INFO:colcon.colcon_core.shell:Creating prefix chain script '/home/abril/Documents/PrincipiosRobotica/TP_final_robotica/ros_ws/install/setup.bash'
[4.723s] INFO:colcon.colcon_core.shell:Creating prefix script '/home/abril/Documents/PrincipiosRobotica/TP_final_robotica/ros_ws/install/local_setup.zsh'
[4.724s] INFO:colcon.colcon_core.shell:Creating prefix chain script '/home/abril/Documents/PrincipiosRobotica/TP_final_robotica/ros_ws/install/setup.zsh'
