[0.803s] Invoking command in '/home/abril/Documents/PrincipiosRobotica/TP_final_robotica/ros_ws/src/partec': PYTHONPATH=/home/abril/Documents/PrincipiosRobotica/TP_final_robotica/ros_ws/build/partec/prefix_override:/usr/lib/python3/dist-packages/colcon_core/task/python/colcon_distutils_commands:/home/abril/Documents/PrincipiosRobotica/TP_final_robotica/ros_ws/install/partec/lib/python3.10/site-packages:${PYTHONPATH} /usr/bin/python3 -W ignore:setup.py install is deprecated -W ignore:easy_install command is deprecated setup.py egg_info --egg-base ../../build/partec build --build-base /home/abril/Documents/PrincipiosRobotica/TP_final_robotica/ros_ws/build/partec/build install --record /home/abril/Documents/PrincipiosRobotica/TP_final_robotica/ros_ws/build/partec/install.log --single-version-externally-managed install_data
[1.055s] running egg_info
[1.055s] writing ../../build/partec/partec.egg-info/PKG-INFO
[1.061s] writing dependency_links to ../../build/partec/partec.egg-info/dependency_links.txt
[1.061s] writing entry points to ../../build/partec/partec.egg-info/entry_points.txt
[1.061s] writing requirements to ../../build/partec/partec.egg-info/requires.txt
[1.061s] writing top-level names to ../../build/partec/partec.egg-info/top_level.txt
[1.064s] reading manifest file '../../build/partec/partec.egg-info/SOURCES.txt'
[1.065s] writing manifest file '../../build/partec/partec.egg-info/SOURCES.txt'
[1.065s] running build
[1.065s] running build_py
[1.066s] copying partec/vision_node.py -> /home/abril/Documents/PrincipiosRobotica/TP_final_robotica/ros_ws/build/partec/build/lib/partec
[1.066s] copying partec/state_machine.py -> /home/abril/Documents/PrincipiosRobotica/TP_final_robotica/ros_ws/build/partec/build/lib/partec
[1.067s] running install
[1.067s] running install_lib
[1.068s] copying /home/abril/Documents/PrincipiosRobotica/TP_final_robotica/ros_ws/build/partec/build/lib/partec/vision_node.py -> /home/abril/Documents/PrincipiosRobotica/TP_final_robotica/ros_ws/install/partec/lib/python3.10/site-packages/partec
[1.068s] copying /home/abril/Documents/PrincipiosRobotica/TP_final_robotica/ros_ws/build/partec/build/lib/partec/state_machine.py -> /home/abril/Documents/PrincipiosRobotica/TP_final_robotica/ros_ws/install/partec/lib/python3.10/site-packages/partec
[1.069s] byte-compiling /home/abril/Documents/PrincipiosRobotica/TP_final_robotica/ros_ws/install/partec/lib/python3.10/site-packages/partec/vision_node.py to vision_node.cpython-310.pyc
[1.070s] byte-compiling /home/abril/Documents/PrincipiosRobotica/TP_final_robotica/ros_ws/install/partec/lib/python3.10/site-packages/partec/state_machine.py to state_machine.cpython-310.pyc
[1.071s] running install_data
[1.074s] running install_egg_info
[1.076s] removing '/home/abril/Documents/PrincipiosRobotica/TP_final_robotica/ros_ws/install/partec/lib/python3.10/site-packages/partec-0.0.0-py3.10.egg-info' (and everything under it)
[1.076s] Copying ../../build/partec/partec.egg-info to /home/abril/Documents/PrincipiosRobotica/TP_final_robotica/ros_ws/install/partec/lib/python3.10/site-packages/partec-0.0.0-py3.10.egg-info
[1.077s] running install_scripts
[1.100s] Installing cerebro script to /home/abril/Documents/PrincipiosRobotica/TP_final_robotica/ros_ws/install/partec/lib/partec
[1.100s] Installing vision script to /home/abril/Documents/PrincipiosRobotica/TP_final_robotica/ros_ws/install/partec/lib/partec
[1.100s] writing list of installed files to '/home/abril/Documents/PrincipiosRobotica/TP_final_robotica/ros_ws/build/partec/install.log'
[1.124s] Invoked command in '/home/abril/Documents/PrincipiosRobotica/TP_final_robotica/ros_ws/src/partec' returned '0': PYTHONPATH=/home/abril/Documents/PrincipiosRobotica/TP_final_robotica/ros_ws/build/partec/prefix_override:/usr/lib/python3/dist-packages/colcon_core/task/python/colcon_distutils_commands:/home/abril/Documents/PrincipiosRobotica/TP_final_robotica/ros_ws/install/partec/lib/python3.10/site-packages:${PYTHONPATH} /usr/bin/python3 -W ignore:setup.py install is deprecated -W ignore:easy_install command is deprecated setup.py egg_info --egg-base ../../build/partec build --build-base /home/abril/Documents/PrincipiosRobotica/TP_final_robotica/ros_ws/build/partec/build install --record /home/abril/Documents/PrincipiosRobotica/TP_final_robotica/ros_ws/build/partec/install.log --single-version-externally-managed install_data
