running egg_info
creating ../../build/partec/partec.egg-info
writing ../../build/partec/partec.egg-info/PKG-INFO
writing dependency_links to ../../build/partec/partec.egg-info/dependency_links.txt
writing entry points to ../../build/partec/partec.egg-info/entry_points.txt
writing requirements to ../../build/partec/partec.egg-info/requires.txt
writing top-level names to ../../build/partec/partec.egg-info/top_level.txt
writing manifest file '../../build/partec/partec.egg-info/SOURCES.txt'
reading manifest file '../../build/partec/partec.egg-info/SOURCES.txt'
writing manifest file '../../build/partec/partec.egg-info/SOURCES.txt'
running build
running build_py
creating /home/abril/Documents/PrincipiosRobotica/TP_final_robotica/ros_ws/build/partec/build
creating /home/abril/Documents/PrincipiosRobotica/TP_final_robotica/ros_ws/build/partec/build/lib
creating /home/abril/Documents/PrincipiosRobotica/TP_final_robotica/ros_ws/build/partec/build/lib/partec
copying partec/vision_node.py -> /home/abril/Documents/PrincipiosRobotica/TP_final_robotica/ros_ws/build/partec/build/lib/partec
copying partec/__init__.py -> /home/abril/Documents/PrincipiosRobotica/TP_final_robotica/ros_ws/build/partec/build/lib/partec
running install
running install_lib
creating /home/abril/Documents/PrincipiosRobotica/TP_final_robotica/ros_ws/install/partec/lib/python3.10/site-packages/partec
copying /home/abril/Documents/PrincipiosRobotica/TP_final_robotica/ros_ws/build/partec/build/lib/partec/vision_node.py -> /home/abril/Documents/PrincipiosRobotica/TP_final_robotica/ros_ws/install/partec/lib/python3.10/site-packages/partec
copying /home/abril/Documents/PrincipiosRobotica/TP_final_robotica/ros_ws/build/partec/build/lib/partec/__init__.py -> /home/abril/Documents/PrincipiosRobotica/TP_final_robotica/ros_ws/install/partec/lib/python3.10/site-packages/partec
byte-compiling /home/abril/Documents/PrincipiosRobotica/TP_final_robotica/ros_ws/install/partec/lib/python3.10/site-packages/partec/vision_node.py to vision_node.cpython-310.pyc
byte-compiling /home/abril/Documents/PrincipiosRobotica/TP_final_robotica/ros_ws/install/partec/lib/python3.10/site-packages/partec/__init__.py to __init__.cpython-310.pyc
running install_data
creating /home/abril/Documents/PrincipiosRobotica/TP_final_robotica/ros_ws/install/partec/share/ament_index
creating /home/abril/Documents/PrincipiosRobotica/TP_final_robotica/ros_ws/install/partec/share/ament_index/resource_index
creating /home/abril/Documents/PrincipiosRobotica/TP_final_robotica/ros_ws/install/partec/share/ament_index/resource_index/packages
copying resource/partec -> /home/abril/Documents/PrincipiosRobotica/TP_final_robotica/ros_ws/install/partec/share/ament_index/resource_index/packages
copying package.xml -> /home/abril/Documents/PrincipiosRobotica/TP_final_robotica/ros_ws/install/partec/share/partec
running install_egg_info
Copying ../../build/partec/partec.egg-info to /home/abril/Documents/PrincipiosRobotica/TP_final_robotica/ros_ws/install/partec/lib/python3.10/site-packages/partec-0.0.0-py3.10.egg-info
running install_scripts
Installing vision script to /home/abril/Documents/PrincipiosRobotica/TP_final_robotica/ros_ws/install/partec/lib/partec
writing list of installed files to '/home/abril/Documents/PrincipiosRobotica/TP_final_robotica/ros_ws/build/partec/install.log'
