[0.471s] Invoking command in '/home/abril/Documents/PrincipiosRobotica/Prueba/TP_final_robotica/ros_ws/src/parteb': AMENT_PREFIX_PATH=/home/abril/Documents/PrincipiosRobotica/Prueba/TP_final_robotica/ros_ws/install/algoritmos:/home/abril/Documents/PrincipiosRobotica/Prueba/TP_final_robotica/ros_ws/install/parteb:/home/abril/Documents/PrincipiosRobotica/Prueba/TP_final_robotica/ros_ws/install/partea:/home/abril/turtlebot3_ws/install/turtlebot3:/home/abril/turtlebot3_ws/install/turtlebot3_teleop:/home/abril/turtlebot3_ws/install/turtlebot3_simulations:/home/abril/turtlebot3_ws/install/turtlebot3_bringup:/home/abril/turtlebot3_ws/install/turtlebot3_node:/home/abril/turtlebot3_ws/install/turtlebot3_navigation2:/home/abril/turtlebot3_ws/install/turtlebot3_fake_node:/home/abril/turtlebot3_ws/install/turtlebot3_example:/home/abril/turtlebot3_ws/install/turtlebot3_msgs:/home/abril/turtlebot3_ws/install/turtlebot3_manipulation_gazebo:/home/abril/turtlebot3_ws/install/turtlebot3_gazebo:/home/abril/turtlebot3_ws/install/turtlebot3_description:/home/abril/turtlebot3_ws/install/turtlebot3_cartographer:/home/abril/turtlebot3_ws/install/dynamixel_sdk_examples:/home/abril/turtlebot3_ws/install/dynamixel_sdk_custom_interfaces:/home/abril/turtlebot3_ws/install/dynamixel_sdk:/opt/ros/humble PYTHONPATH=/home/abril/Documents/PrincipiosRobotica/Prueba/TP_final_robotica/ros_ws/build/parteb/prefix_override:/usr/lib/python3/dist-packages/colcon_core/task/python/colcon_distutils_commands:/home/abril/Documents/PrincipiosRobotica/Prueba/TP_final_robotica/ros_ws/install/parteb/lib/python3.10/site-packages:/home/abril/Documents/PrincipiosRobotica/Prueba/TP_final_robotica/ros_ws/install/algoritmos/lib/python3.10/site-packages:/home/lucas/Documents/UDESA/7cuatrimestre/Principios_de_la_Robotica_Autonoma/TPs/TP_final_robotica/ros_ws/build/parteb:/home/abril/Documents/PrincipiosRobotica/Prueba/TP_final_robotica/ros_ws/install/parteb/lib/python3.10/site-packages:/home/lucas/Documents/UDESA/7cuatrimestre/Principios_de_la_Robotica_Autonoma/TPs/TP_final_robotica/ros_ws/build/partea:/home/abril/Documents/PrincipiosRobotica/Prueba/TP_final_robotica/ros_ws/install/partea/lib/python3.10/site-packages:/home/lucas/Documents/UDESA/7cuatrimestre/Principios_de_la_Robotica_Autonoma/TPs/TP_final_robotica/ros_ws/build/algoritmos:/home/abril/turtlebot3_ws/build/turtlebot3_teleop:/home/abril/turtlebot3_ws/install/turtlebot3_teleop/lib/python3.10/site-packages:/home/abril/turtlebot3_ws/build/turtlebot3_example:/home/abril/turtlebot3_ws/install/turtlebot3_example/lib/python3.10/site-packages:/home/abril/turtlebot3_ws/install/turtlebot3_msgs/local/lib/python3.10/dist-packages:/home/abril/turtlebot3_ws/install/dynamixel_sdk_custom_interfaces/local/lib/python3.10/dist-packages:/home/abril/turtlebot3_ws/install/dynamixel_sdk/local/lib/python3.10/dist-packages:/opt/ros/humble/lib/python3.10/site-packages:/opt/ros/humble/local/lib/python3.10/dist-packages /usr/bin/python3 -W ignore:setup.py install is deprecated -W ignore:easy_install command is deprecated setup.py egg_info --egg-base ../../build/parteb build --build-base /home/abril/Documents/PrincipiosRobotica/Prueba/TP_final_robotica/ros_ws/build/parteb/build install --record /home/abril/Documents/PrincipiosRobotica/Prueba/TP_final_robotica/ros_ws/build/parteb/install.log --single-version-externally-managed install_data
[0.643s] running egg_info
[0.643s] creating ../../build/parteb/parteb.egg-info
[0.643s] writing ../../build/parteb/parteb.egg-info/PKG-INFO
[0.643s] writing dependency_links to ../../build/parteb/parteb.egg-info/dependency_links.txt
[0.643s] writing entry points to ../../build/parteb/parteb.egg-info/entry_points.txt
[0.643s] writing requirements to ../../build/parteb/parteb.egg-info/requires.txt
[0.643s] writing top-level names to ../../build/parteb/parteb.egg-info/top_level.txt
[0.644s] writing manifest file '../../build/parteb/parteb.egg-info/SOURCES.txt'
[0.645s] reading manifest file '../../build/parteb/parteb.egg-info/SOURCES.txt'
[0.645s] adding license file 'LICENSE'
[0.645s] writing manifest file '../../build/parteb/parteb.egg-info/SOURCES.txt'
[0.645s] running build
[0.646s] running build_py
[0.646s] creating /home/abril/Documents/PrincipiosRobotica/Prueba/TP_final_robotica/ros_ws/build/parteb/build
[0.646s] creating /home/abril/Documents/PrincipiosRobotica/Prueba/TP_final_robotica/ros_ws/build/parteb/build/lib
[0.646s] creating /home/abril/Documents/PrincipiosRobotica/Prueba/TP_final_robotica/ros_ws/build/parteb/build/lib/parteb
[0.646s] copying parteb/map_loader.py -> /home/abril/Documents/PrincipiosRobotica/Prueba/TP_final_robotica/ros_ws/build/parteb/build/lib/parteb
[0.646s] copying parteb/__init__.py -> /home/abril/Documents/PrincipiosRobotica/Prueba/TP_final_robotica/ros_ws/build/parteb/build/lib/parteb
[0.646s] copying parteb/nodo_principal.py -> /home/abril/Documents/PrincipiosRobotica/Prueba/TP_final_robotica/ros_ws/build/parteb/build/lib/parteb
[0.646s] running install
[0.646s] running install_lib
[0.646s] creating /home/abril/Documents/PrincipiosRobotica/Prueba/TP_final_robotica/ros_ws/install/parteb/lib/python3.10/site-packages/parteb
[0.646s] copying /home/abril/Documents/PrincipiosRobotica/Prueba/TP_final_robotica/ros_ws/build/parteb/build/lib/parteb/map_loader.py -> /home/abril/Documents/PrincipiosRobotica/Prueba/TP_final_robotica/ros_ws/install/parteb/lib/python3.10/site-packages/parteb
[0.647s] copying /home/abril/Documents/PrincipiosRobotica/Prueba/TP_final_robotica/ros_ws/build/parteb/build/lib/parteb/__init__.py -> /home/abril/Documents/PrincipiosRobotica/Prueba/TP_final_robotica/ros_ws/install/parteb/lib/python3.10/site-packages/parteb
[0.647s] copying /home/abril/Documents/PrincipiosRobotica/Prueba/TP_final_robotica/ros_ws/build/parteb/build/lib/parteb/nodo_principal.py -> /home/abril/Documents/PrincipiosRobotica/Prueba/TP_final_robotica/ros_ws/install/parteb/lib/python3.10/site-packages/parteb
[0.647s] byte-compiling /home/abril/Documents/PrincipiosRobotica/Prueba/TP_final_robotica/ros_ws/install/parteb/lib/python3.10/site-packages/parteb/map_loader.py to map_loader.cpython-310.pyc
[0.648s] byte-compiling /home/abril/Documents/PrincipiosRobotica/Prueba/TP_final_robotica/ros_ws/install/parteb/lib/python3.10/site-packages/parteb/__init__.py to __init__.cpython-310.pyc
[0.648s] byte-compiling /home/abril/Documents/PrincipiosRobotica/Prueba/TP_final_robotica/ros_ws/install/parteb/lib/python3.10/site-packages/parteb/nodo_principal.py to nodo_principal.cpython-310.pyc
[0.651s] running install_data
[0.651s] creating /home/abril/Documents/PrincipiosRobotica/Prueba/TP_final_robotica/ros_ws/install/parteb/share/ament_index
[0.651s] creating /home/abril/Documents/PrincipiosRobotica/Prueba/TP_final_robotica/ros_ws/install/parteb/share/ament_index/resource_index
[0.651s] creating /home/abril/Documents/PrincipiosRobotica/Prueba/TP_final_robotica/ros_ws/install/parteb/share/ament_index/resource_index/packages
[0.651s] copying resource/parteb -> /home/abril/Documents/PrincipiosRobotica/Prueba/TP_final_robotica/ros_ws/install/parteb/share/ament_index/resource_index/packages
[0.651s] copying package.xml -> /home/abril/Documents/PrincipiosRobotica/Prueba/TP_final_robotica/ros_ws/install/parteb/share/parteb
[0.651s] creating /home/abril/Documents/PrincipiosRobotica/Prueba/TP_final_robotica/ros_ws/install/parteb/share/parteb/launch
[0.651s] copying launch/parteb.launch.py -> /home/abril/Documents/PrincipiosRobotica/Prueba/TP_final_robotica/ros_ws/install/parteb/share/parteb/launch
[0.651s] running install_egg_info
[0.652s] Copying ../../build/parteb/parteb.egg-info to /home/abril/Documents/PrincipiosRobotica/Prueba/TP_final_robotica/ros_ws/install/parteb/lib/python3.10/site-packages/parteb-0.0.0-py3.10.egg-info
[0.653s] running install_scripts
[0.668s] Installing nodo_b script to /home/abril/Documents/PrincipiosRobotica/Prueba/TP_final_robotica/ros_ws/install/parteb/lib/parteb
[0.668s] writing list of installed files to '/home/abril/Documents/PrincipiosRobotica/Prueba/TP_final_robotica/ros_ws/build/parteb/install.log'
[0.686s] Invoked command in '/home/abril/Documents/PrincipiosRobotica/Prueba/TP_final_robotica/ros_ws/src/parteb' returned '0': AMENT_PREFIX_PATH=/home/abril/Documents/PrincipiosRobotica/Prueba/TP_final_robotica/ros_ws/install/algoritmos:/home/abril/Documents/PrincipiosRobotica/Prueba/TP_final_robotica/ros_ws/install/parteb:/home/abril/Documents/PrincipiosRobotica/Prueba/TP_final_robotica/ros_ws/install/partea:/home/abril/turtlebot3_ws/install/turtlebot3:/home/abril/turtlebot3_ws/install/turtlebot3_teleop:/home/abril/turtlebot3_ws/install/turtlebot3_simulations:/home/abril/turtlebot3_ws/install/turtlebot3_bringup:/home/abril/turtlebot3_ws/install/turtlebot3_node:/home/abril/turtlebot3_ws/install/turtlebot3_navigation2:/home/abril/turtlebot3_ws/install/turtlebot3_fake_node:/home/abril/turtlebot3_ws/install/turtlebot3_example:/home/abril/turtlebot3_ws/install/turtlebot3_msgs:/home/abril/turtlebot3_ws/install/turtlebot3_manipulation_gazebo:/home/abril/turtlebot3_ws/install/turtlebot3_gazebo:/home/abril/turtlebot3_ws/install/turtlebot3_description:/home/abril/turtlebot3_ws/install/turtlebot3_cartographer:/home/abril/turtlebot3_ws/install/dynamixel_sdk_examples:/home/abril/turtlebot3_ws/install/dynamixel_sdk_custom_interfaces:/home/abril/turtlebot3_ws/install/dynamixel_sdk:/opt/ros/humble PYTHONPATH=/home/abril/Documents/PrincipiosRobotica/Prueba/TP_final_robotica/ros_ws/build/parteb/prefix_override:/usr/lib/python3/dist-packages/colcon_core/task/python/colcon_distutils_commands:/home/abril/Documents/PrincipiosRobotica/Prueba/TP_final_robotica/ros_ws/install/parteb/lib/python3.10/site-packages:/home/abril/Documents/PrincipiosRobotica/Prueba/TP_final_robotica/ros_ws/install/algoritmos/lib/python3.10/site-packages:/home/lucas/Documents/UDESA/7cuatrimestre/Principios_de_la_Robotica_Autonoma/TPs/TP_final_robotica/ros_ws/build/parteb:/home/abril/Documents/PrincipiosRobotica/Prueba/TP_final_robotica/ros_ws/install/parteb/lib/python3.10/site-packages:/home/lucas/Documents/UDESA/7cuatrimestre/Principios_de_la_Robotica_Autonoma/TPs/TP_final_robotica/ros_ws/build/partea:/home/abril/Documents/PrincipiosRobotica/Prueba/TP_final_robotica/ros_ws/install/partea/lib/python3.10/site-packages:/home/lucas/Documents/UDESA/7cuatrimestre/Principios_de_la_Robotica_Autonoma/TPs/TP_final_robotica/ros_ws/build/algoritmos:/home/abril/turtlebot3_ws/build/turtlebot3_teleop:/home/abril/turtlebot3_ws/install/turtlebot3_teleop/lib/python3.10/site-packages:/home/abril/turtlebot3_ws/build/turtlebot3_example:/home/abril/turtlebot3_ws/install/turtlebot3_example/lib/python3.10/site-packages:/home/abril/turtlebot3_ws/install/turtlebot3_msgs/local/lib/python3.10/dist-packages:/home/abril/turtlebot3_ws/install/dynamixel_sdk_custom_interfaces/local/lib/python3.10/dist-packages:/home/abril/turtlebot3_ws/install/dynamixel_sdk/local/lib/python3.10/dist-packages:/opt/ros/humble/lib/python3.10/site-packages:/opt/ros/humble/local/lib/python3.10/dist-packages /usr/bin/python3 -W ignore:setup.py install is deprecated -W ignore:easy_install command is deprecated setup.py egg_info --egg-base ../../build/parteb build --build-base /home/abril/Documents/PrincipiosRobotica/Prueba/TP_final_robotica/ros_ws/build/parteb/build install --record /home/abril/Documents/PrincipiosRobotica/Prueba/TP_final_robotica/ros_ws/build/parteb/install.log --single-version-externally-managed install_data
