[0.171s] Invoking command in '/home/abril/Documents/PrincipiosRobotica/TP_final_robotica/ros_ws/build/custom_msgs': CMAKE_PREFIX_PATH=${CMAKE_PREFIX_PATH}:/home/abril/turtlebot3_ws/install/turtlebot3_teleop:/home/abril/turtlebot3_ws/install/turtlebot3_example:/opt/ros/humble /usr/bin/cmake /home/abril/Documents/PrincipiosRobotica/TP_final_robotica/ros_ws/src/custom_msgs -DCMAKE_INSTALL_PREFIX=/home/abril/Documents/PrincipiosRobotica/TP_final_robotica/ros_ws/install/custom_msgs
[0.300s] -- The C compiler identification is GNU 11.4.0
[0.389s] -- The CXX compiler identification is GNU 11.4.0
[0.397s] -- Detecting C compiler ABI info
[0.451s] -- Detecting C compiler ABI info - done
[0.458s] -- Check for working C compiler: /usr/bin/cc - skipped
[0.458s] -- Detecting C compile features
[0.459s] -- Detecting C compile features - done
[0.461s] -- Detecting CXX compiler ABI info
[0.524s] -- Detecting CXX compiler ABI info - done
[0.529s] -- Check for working CXX compiler: /usr/bin/c++ - skipped
[0.529s] -- Detecting CXX compile features
[0.530s] -- Detecting CXX compile features - done
[0.536s] -- Found ament_cmake: 1.3.13 (/opt/ros/humble/share/ament_cmake/cmake)
[0.653s] -- Found Python3: /usr/bin/python3 (found version "3.10.12") found components: Interpreter 
[0.744s] -- Found geometry_msgs: 4.9.1 (/opt/ros/humble/share/geometry_msgs/cmake)
[0.787s] -- Found rosidl_generator_c: 3.1.8 (/opt/ros/humble/share/rosidl_generator_c/cmake)
[0.794s] -- Found rosidl_adapter: 3.1.8 (/opt/ros/humble/share/rosidl_adapter/cmake)
[0.803s] -- Found rosidl_generator_cpp: 3.1.8 (/opt/ros/humble/share/rosidl_generator_cpp/cmake)
[0.816s] -- Using all available rosidl_typesupport_c: rosidl_typesupport_fastrtps_c;rosidl_typesupport_introspection_c
[0.833s] -- Using all available rosidl_typesupport_cpp: rosidl_typesupport_fastrtps_cpp;rosidl_typesupport_introspection_cpp
[0.868s] -- Found rosidl_default_generators: 1.2.0 (/opt/ros/humble/share/rosidl_default_generators/cmake)
[0.879s] -- Found ament_lint_auto: 0.12.15 (/opt/ros/humble/share/ament_lint_auto/cmake)
[1.116s] -- Found ament_cmake_ros: 0.10.0 (/opt/ros/humble/share/ament_cmake_ros/cmake)
[1.421s] -- Using all available rosidl_typesupport_c: rosidl_typesupport_fastrtps_c;rosidl_typesupport_introspection_c
[1.527s] -- Using all available rosidl_typesupport_cpp: rosidl_typesupport_fastrtps_cpp;rosidl_typesupport_introspection_cpp
[1.545s] -- Found PythonInterp: /usr/bin/python3 (found suitable version "3.10.12", minimum required is "3.6") 
[1.547s] -- Found python_cmake_module: 0.10.0 (/opt/ros/humble/share/python_cmake_module/cmake)
[1.568s] -- Found PythonLibs: /usr/lib/x86_64-linux-gnu/libpython3.10.so (found suitable version "3.10.12", minimum required is "3.5") 
[1.568s] -- Using PYTHON_EXECUTABLE: /usr/bin/python3
[1.568s] -- Using PYTHON_INCLUDE_DIRS: /usr/include/python3.10
[1.568s] -- Using PYTHON_LIBRARIES: /usr/lib/x86_64-linux-gnu/libpython3.10.so
[1.583s] -- Found PythonExtra: .so  
[1.630s] -- Added test 'lint_cmake' to check CMake code style
[1.631s] -- Added test 'xmllint' to check XML markup files
[1.637s] -- Configuring done
[1.657s] -- Generating done
[1.664s] -- Build files have been written to: /home/abril/Documents/PrincipiosRobotica/TP_final_robotica/ros_ws/build/custom_msgs
[1.671s] Invoked command in '/home/abril/Documents/PrincipiosRobotica/TP_final_robotica/ros_ws/build/custom_msgs' returned '0': CMAKE_PREFIX_PATH=${CMAKE_PREFIX_PATH}:/home/abril/turtlebot3_ws/install/turtlebot3_teleop:/home/abril/turtlebot3_ws/install/turtlebot3_example:/opt/ros/humble /usr/bin/cmake /home/abril/Documents/PrincipiosRobotica/TP_final_robotica/ros_ws/src/custom_msgs -DCMAKE_INSTALL_PREFIX=/home/abril/Documents/PrincipiosRobotica/TP_final_robotica/ros_ws/install/custom_msgs
[1.672s] Invoking command in '/home/abril/Documents/PrincipiosRobotica/TP_final_robotica/ros_ws/build/custom_msgs': CMAKE_PREFIX_PATH=${CMAKE_PREFIX_PATH}:/home/abril/turtlebot3_ws/install/turtlebot3_teleop:/home/abril/turtlebot3_ws/install/turtlebot3_example:/opt/ros/humble /usr/bin/cmake --build /home/abril/Documents/PrincipiosRobotica/TP_final_robotica/ros_ws/build/custom_msgs -- -j8 -l8
[1.704s] [  2%] [34m[1mGenerating C code for ROS interfaces[0m
[1.711s] [  5%] [34m[1mGenerating C++ code for ROS interfaces[0m
[1.718s] [  5%] Built target ament_cmake_python_copy_custom_msgs
[1.894s] running egg_info
[1.894s] creating custom_msgs.egg-info
[1.894s] writing custom_msgs.egg-info/PKG-INFO
[1.894s] writing dependency_links to custom_msgs.egg-info/dependency_links.txt
[1.895s] writing top-level names to custom_msgs.egg-info/top_level.txt
[1.895s] writing manifest file 'custom_msgs.egg-info/SOURCES.txt'
[1.896s] reading manifest file 'custom_msgs.egg-info/SOURCES.txt'
[1.896s] writing manifest file 'custom_msgs.egg-info/SOURCES.txt'
[1.919s] [  5%] Built target ament_cmake_python_build_custom_msgs_egg
[1.948s] [  5%] Built target custom_msgs__cpp
[1.956s] [  7%] [34m[1mGenerating C++ type support for eProsima Fast-RTPS[0m
[1.957s] [ 10%] [34m[1mGenerating C++ introspection for ROS interfaces[0m
[1.957s] [ 12%] [34m[1mGenerating C++ type support dispatch for ROS interfaces[0m
[1.973s] [ 15%] [32mBuilding C object CMakeFiles/custom_msgs__rosidl_generator_c.dir/rosidl_generator_c/custom_msgs/msg/detail/delta_odom__functions.c.o[0m
[1.974s] [ 17%] [32mBuilding C object CMakeFiles/custom_msgs__rosidl_generator_c.dir/rosidl_generator_c/custom_msgs/msg/detail/belief__functions.c.o[0m
[2.030s] [ 20%] [32m[1mLinking C shared library libcustom_msgs__rosidl_generator_c.so[0m
[2.061s] [ 20%] Built target custom_msgs__rosidl_generator_c
[2.072s] [ 23%] [34m[1mGenerating C type support for eProsima Fast-RTPS[0m
[2.072s] [ 28%] [34m[1mGenerating C introspection for ROS interfaces[0m
[2.072s] [ 28%] [34m[1mGenerating C type support dispatch for ROS interfaces[0m
[2.192s] [ 33%] [32mBuilding CXX object CMakeFiles/custom_msgs__rosidl_typesupport_introspection_cpp.dir/rosidl_typesupport_introspection_cpp/custom_msgs/msg/detail/belief__type_support.cpp.o[0m
[2.192s] [ 33%] [32mBuilding CXX object CMakeFiles/custom_msgs__rosidl_typesupport_introspection_cpp.dir/rosidl_typesupport_introspection_cpp/custom_msgs/msg/detail/delta_odom__type_support.cpp.o[0m
[2.215s] [ 35%] [32mBuilding CXX object CMakeFiles/custom_msgs__rosidl_typesupport_cpp.dir/rosidl_typesupport_cpp/custom_msgs/msg/belief__type_support.cpp.o[0m
[2.226s] [ 38%] [32mBuilding CXX object CMakeFiles/custom_msgs__rosidl_typesupport_cpp.dir/rosidl_typesupport_cpp/custom_msgs/msg/delta_odom__type_support.cpp.o[0m
[2.268s] [ 41%] [32mBuilding CXX object CMakeFiles/custom_msgs__rosidl_typesupport_fastrtps_cpp.dir/rosidl_typesupport_fastrtps_cpp/custom_msgs/msg/detail/dds_fastrtps/delta_odom__type_support.cpp.o[0m
[2.409s] [ 43%] [32mBuilding CXX object CMakeFiles/custom_msgs__rosidl_typesupport_c.dir/rosidl_typesupport_c/custom_msgs/msg/delta_odom__type_support.cpp.o[0m
[2.415s] [ 46%] [32mBuilding CXX object CMakeFiles/custom_msgs__rosidl_typesupport_fastrtps_c.dir/rosidl_typesupport_fastrtps_c/custom_msgs/msg/detail/delta_odom__type_support_c.cpp.o[0m
[2.453s] [ 48%] [32mBuilding CXX object CMakeFiles/custom_msgs__rosidl_typesupport_c.dir/rosidl_typesupport_c/custom_msgs/msg/belief__type_support.cpp.o[0m
[2.492s] [ 51%] [32m[1mLinking CXX shared library libcustom_msgs__rosidl_typesupport_c.so[0m
[2.504s] [ 53%] [32mBuilding C object CMakeFiles/custom_msgs__rosidl_typesupport_introspection_c.dir/rosidl_typesupport_introspection_c/custom_msgs/msg/detail/delta_odom__type_support.c.o[0m
[2.546s] [ 56%] [32mBuilding C object CMakeFiles/custom_msgs__rosidl_typesupport_introspection_c.dir/rosidl_typesupport_introspection_c/custom_msgs/msg/detail/belief__type_support.c.o[0m
[2.553s] [ 58%] [32mBuilding CXX object CMakeFiles/custom_msgs__rosidl_typesupport_fastrtps_cpp.dir/rosidl_typesupport_fastrtps_cpp/custom_msgs/msg/detail/dds_fastrtps/belief__type_support.cpp.o[0m
[2.553s] [ 58%] Built target custom_msgs__rosidl_typesupport_c
[2.562s] [ 61%] [32mBuilding CXX object CMakeFiles/custom_msgs__rosidl_typesupport_fastrtps_c.dir/rosidl_typesupport_fastrtps_c/custom_msgs/msg/detail/belief__type_support_c.cpp.o[0m
[2.570s] [ 64%] [32m[1mLinking CXX shared library libcustom_msgs__rosidl_typesupport_cpp.so[0m
[2.596s] [ 66%] [32m[1mLinking C shared library libcustom_msgs__rosidl_typesupport_introspection_c.so[0m
[2.628s] [ 66%] Built target custom_msgs__rosidl_typesupport_cpp
[2.647s] [ 66%] Built target custom_msgs__rosidl_typesupport_introspection_c
[2.704s] [ 69%] [32m[1mLinking CXX shared library libcustom_msgs__rosidl_typesupport_introspection_cpp.so[0m
[2.774s] [ 69%] Built target custom_msgs__rosidl_typesupport_introspection_cpp
[2.826s] [ 71%] [32m[1mLinking CXX shared library libcustom_msgs__rosidl_typesupport_fastrtps_c.so[0m
[2.865s] [ 74%] [32m[1mLinking CXX shared library libcustom_msgs__rosidl_typesupport_fastrtps_cpp.so[0m
[2.899s] [ 74%] Built target custom_msgs__rosidl_typesupport_fastrtps_c
[2.929s] [ 74%] Built target custom_msgs__rosidl_typesupport_fastrtps_cpp
[2.944s] [ 74%] Built target custom_msgs
[2.961s] [ 76%] [34m[1mGenerating Python code for ROS interfaces[0m
[3.225s] [ 76%] Built target custom_msgs__py
[3.240s] [ 82%] [32mBuilding C object CMakeFiles/custom_msgs__rosidl_generator_py.dir/rosidl_generator_py/custom_msgs/msg/_belief_s.c.o[0m
[3.241s] [ 82%] [32mBuilding C object CMakeFiles/custom_msgs__rosidl_generator_py.dir/rosidl_generator_py/custom_msgs/msg/_delta_odom_s.c.o[0m
[3.341s] [ 84%] [32m[1mLinking C shared library rosidl_generator_py/custom_msgs/libcustom_msgs__rosidl_generator_py.so[0m
[3.376s] [ 84%] Built target custom_msgs__rosidl_generator_py
[3.392s] [ 92%] [32mBuilding C object CMakeFiles/custom_msgs__rosidl_typesupport_c__pyext.dir/rosidl_generator_py/custom_msgs/_custom_msgs_s.ep.rosidl_typesupport_c.c.o[0m
[3.393s] [ 92%] [32mBuilding C object CMakeFiles/custom_msgs__rosidl_typesupport_introspection_c__pyext.dir/rosidl_generator_py/custom_msgs/_custom_msgs_s.ep.rosidl_typesupport_introspection_c.c.o[0m
[3.393s] [ 92%] [32mBuilding C object CMakeFiles/custom_msgs__rosidl_typesupport_fastrtps_c__pyext.dir/rosidl_generator_py/custom_msgs/_custom_msgs_s.ep.rosidl_typesupport_fastrtps_c.c.o[0m
[3.463s] [100%] [32m[1mLinking C shared library rosidl_generator_py/custom_msgs/custom_msgs_s__rosidl_typesupport_c.cpython-310-x86_64-linux-gnu.so[0m
[3.463s] [100%] [32m[1mLinking C shared library rosidl_generator_py/custom_msgs/custom_msgs_s__rosidl_typesupport_introspection_c.cpython-310-x86_64-linux-gnu.so[0m
[3.463s] [100%] [32m[1mLinking C shared library rosidl_generator_py/custom_msgs/custom_msgs_s__rosidl_typesupport_fastrtps_c.cpython-310-x86_64-linux-gnu.so[0m
[3.493s] [100%] Built target custom_msgs__rosidl_typesupport_introspection_c__pyext
[3.493s] [100%] Built target custom_msgs__rosidl_typesupport_c__pyext
[3.493s] [100%] Built target custom_msgs__rosidl_typesupport_fastrtps_c__pyext
[3.501s] Invoked command in '/home/abril/Documents/PrincipiosRobotica/TP_final_robotica/ros_ws/build/custom_msgs' returned '0': CMAKE_PREFIX_PATH=${CMAKE_PREFIX_PATH}:/home/abril/turtlebot3_ws/install/turtlebot3_teleop:/home/abril/turtlebot3_ws/install/turtlebot3_example:/opt/ros/humble /usr/bin/cmake --build /home/abril/Documents/PrincipiosRobotica/TP_final_robotica/ros_ws/build/custom_msgs -- -j8 -l8
[3.508s] Invoking command in '/home/abril/Documents/PrincipiosRobotica/TP_final_robotica/ros_ws/build/custom_msgs': CMAKE_PREFIX_PATH=${CMAKE_PREFIX_PATH}:/home/abril/turtlebot3_ws/install/turtlebot3_teleop:/home/abril/turtlebot3_ws/install/turtlebot3_example:/opt/ros/humble /usr/bin/cmake --install /home/abril/Documents/PrincipiosRobotica/TP_final_robotica/ros_ws/build/custom_msgs
[3.514s] -- Install configuration: ""
[3.514s] -- Installing: /home/abril/Documents/PrincipiosRobotica/TP_final_robotica/ros_ws/install/custom_msgs/share/ament_index/resource_index/rosidl_interfaces/custom_msgs
[3.514s] -- Installing: /home/abril/Documents/PrincipiosRobotica/TP_final_robotica/ros_ws/install/custom_msgs/include/custom_msgs/custom_msgs
[3.514s] -- Installing: /home/abril/Documents/PrincipiosRobotica/TP_final_robotica/ros_ws/install/custom_msgs/include/custom_msgs/custom_msgs/msg
[3.515s] -- Installing: /home/abril/Documents/PrincipiosRobotica/TP_final_robotica/ros_ws/install/custom_msgs/include/custom_msgs/custom_msgs/msg/rosidl_generator_c__visibility_control.h
[3.515s] -- Installing: /home/abril/Documents/PrincipiosRobotica/TP_final_robotica/ros_ws/install/custom_msgs/include/custom_msgs/custom_msgs/msg/delta_odom.h
[3.515s] -- Installing: /home/abril/Documents/PrincipiosRobotica/TP_final_robotica/ros_ws/install/custom_msgs/include/custom_msgs/custom_msgs/msg/detail
[3.515s] -- Installing: /home/abril/Documents/PrincipiosRobotica/TP_final_robotica/ros_ws/install/custom_msgs/include/custom_msgs/custom_msgs/msg/detail/belief__functions.c
[3.515s] -- Installing: /home/abril/Documents/PrincipiosRobotica/TP_final_robotica/ros_ws/install/custom_msgs/include/custom_msgs/custom_msgs/msg/detail/belief__struct.h
[3.515s] -- Installing: /home/abril/Documents/PrincipiosRobotica/TP_final_robotica/ros_ws/install/custom_msgs/include/custom_msgs/custom_msgs/msg/detail/delta_odom__functions.c
[3.515s] -- Installing: /home/abril/Documents/PrincipiosRobotica/TP_final_robotica/ros_ws/install/custom_msgs/include/custom_msgs/custom_msgs/msg/detail/delta_odom__type_support.h
[3.515s] -- Installing: /home/abril/Documents/PrincipiosRobotica/TP_final_robotica/ros_ws/install/custom_msgs/include/custom_msgs/custom_msgs/msg/detail/delta_odom__functions.h
[3.515s] -- Installing: /home/abril/Documents/PrincipiosRobotica/TP_final_robotica/ros_ws/install/custom_msgs/include/custom_msgs/custom_msgs/msg/detail/delta_odom__struct.h
[3.515s] -- Installing: /home/abril/Documents/PrincipiosRobotica/TP_final_robotica/ros_ws/install/custom_msgs/include/custom_msgs/custom_msgs/msg/detail/belief__type_support.h
[3.515s] -- Installing: /home/abril/Documents/PrincipiosRobotica/TP_final_robotica/ros_ws/install/custom_msgs/include/custom_msgs/custom_msgs/msg/detail/belief__functions.h
[3.515s] -- Installing: /home/abril/Documents/PrincipiosRobotica/TP_final_robotica/ros_ws/install/custom_msgs/include/custom_msgs/custom_msgs/msg/belief.h
[3.515s] -- Installing: /home/abril/Documents/PrincipiosRobotica/TP_final_robotica/ros_ws/install/custom_msgs/share/custom_msgs/environment/library_path.sh
[3.515s] -- Installing: /home/abril/Documents/PrincipiosRobotica/TP_final_robotica/ros_ws/install/custom_msgs/share/custom_msgs/environment/library_path.dsv
[3.515s] -- Installing: /home/abril/Documents/PrincipiosRobotica/TP_final_robotica/ros_ws/install/custom_msgs/lib/libcustom_msgs__rosidl_generator_c.so
[3.515s] -- Set runtime path of "/home/abril/Documents/PrincipiosRobotica/TP_final_robotica/ros_ws/install/custom_msgs/lib/libcustom_msgs__rosidl_generator_c.so" to ""
[3.516s] -- Up-to-date: /home/abril/Documents/PrincipiosRobotica/TP_final_robotica/ros_ws/install/custom_msgs/include/custom_msgs/custom_msgs
[3.516s] -- Up-to-date: /home/abril/Documents/PrincipiosRobotica/TP_final_robotica/ros_ws/install/custom_msgs/include/custom_msgs/custom_msgs/msg
[3.516s] -- Installing: /home/abril/Documents/PrincipiosRobotica/TP_final_robotica/ros_ws/install/custom_msgs/include/custom_msgs/custom_msgs/msg/rosidl_typesupport_fastrtps_c__visibility_control.h
[3.516s] -- Up-to-date: /home/abril/Documents/PrincipiosRobotica/TP_final_robotica/ros_ws/install/custom_msgs/include/custom_msgs/custom_msgs/msg/detail
[3.516s] -- Installing: /home/abril/Documents/PrincipiosRobotica/TP_final_robotica/ros_ws/install/custom_msgs/include/custom_msgs/custom_msgs/msg/detail/delta_odom__rosidl_typesupport_fastrtps_c.h
[3.516s] -- Installing: /home/abril/Documents/PrincipiosRobotica/TP_final_robotica/ros_ws/install/custom_msgs/include/custom_msgs/custom_msgs/msg/detail/belief__rosidl_typesupport_fastrtps_c.h
[3.516s] -- Installing: /home/abril/Documents/PrincipiosRobotica/TP_final_robotica/ros_ws/install/custom_msgs/lib/libcustom_msgs__rosidl_typesupport_fastrtps_c.so
[3.516s] -- Set runtime path of "/home/abril/Documents/PrincipiosRobotica/TP_final_robotica/ros_ws/install/custom_msgs/lib/libcustom_msgs__rosidl_typesupport_fastrtps_c.so" to ""
[3.516s] -- Up-to-date: /home/abril/Documents/PrincipiosRobotica/TP_final_robotica/ros_ws/install/custom_msgs/include/custom_msgs/custom_msgs
[3.516s] -- Up-to-date: /home/abril/Documents/PrincipiosRobotica/TP_final_robotica/ros_ws/install/custom_msgs/include/custom_msgs/custom_msgs/msg
[3.516s] -- Installing: /home/abril/Documents/PrincipiosRobotica/TP_final_robotica/ros_ws/install/custom_msgs/include/custom_msgs/custom_msgs/msg/rosidl_generator_cpp__visibility_control.hpp
[3.516s] -- Installing: /home/abril/Documents/PrincipiosRobotica/TP_final_robotica/ros_ws/install/custom_msgs/include/custom_msgs/custom_msgs/msg/belief.hpp
[3.516s] -- Up-to-date: /home/abril/Documents/PrincipiosRobotica/TP_final_robotica/ros_ws/install/custom_msgs/include/custom_msgs/custom_msgs/msg/detail
[3.516s] -- Installing: /home/abril/Documents/PrincipiosRobotica/TP_final_robotica/ros_ws/install/custom_msgs/include/custom_msgs/custom_msgs/msg/detail/belief__struct.hpp
[3.516s] -- Installing: /home/abril/Documents/PrincipiosRobotica/TP_final_robotica/ros_ws/install/custom_msgs/include/custom_msgs/custom_msgs/msg/detail/delta_odom__type_support.hpp
[3.516s] -- Installing: /home/abril/Documents/PrincipiosRobotica/TP_final_robotica/ros_ws/install/custom_msgs/include/custom_msgs/custom_msgs/msg/detail/belief__builder.hpp
[3.516s] -- Installing: /home/abril/Documents/PrincipiosRobotica/TP_final_robotica/ros_ws/install/custom_msgs/include/custom_msgs/custom_msgs/msg/detail/delta_odom__struct.hpp
[3.516s] -- Installing: /home/abril/Documents/PrincipiosRobotica/TP_final_robotica/ros_ws/install/custom_msgs/include/custom_msgs/custom_msgs/msg/detail/belief__traits.hpp
[3.516s] -- Installing: /home/abril/Documents/PrincipiosRobotica/TP_final_robotica/ros_ws/install/custom_msgs/include/custom_msgs/custom_msgs/msg/detail/delta_odom__builder.hpp
[3.517s] -- Installing: /home/abril/Documents/PrincipiosRobotica/TP_final_robotica/ros_ws/install/custom_msgs/include/custom_msgs/custom_msgs/msg/detail/delta_odom__traits.hpp
[3.517s] -- Installing: /home/abril/Documents/PrincipiosRobotica/TP_final_robotica/ros_ws/install/custom_msgs/include/custom_msgs/custom_msgs/msg/detail/belief__type_support.hpp
[3.517s] -- Installing: /home/abril/Documents/PrincipiosRobotica/TP_final_robotica/ros_ws/install/custom_msgs/include/custom_msgs/custom_msgs/msg/delta_odom.hpp
[3.517s] -- Up-to-date: /home/abril/Documents/PrincipiosRobotica/TP_final_robotica/ros_ws/install/custom_msgs/include/custom_msgs/custom_msgs
[3.517s] -- Up-to-date: /home/abril/Documents/PrincipiosRobotica/TP_final_robotica/ros_ws/install/custom_msgs/include/custom_msgs/custom_msgs/msg
[3.517s] -- Installing: /home/abril/Documents/PrincipiosRobotica/TP_final_robotica/ros_ws/install/custom_msgs/include/custom_msgs/custom_msgs/msg/rosidl_typesupport_fastrtps_cpp__visibility_control.h
[3.517s] -- Up-to-date: /home/abril/Documents/PrincipiosRobotica/TP_final_robotica/ros_ws/install/custom_msgs/include/custom_msgs/custom_msgs/msg/detail
[3.517s] -- Installing: /home/abril/Documents/PrincipiosRobotica/TP_final_robotica/ros_ws/install/custom_msgs/include/custom_msgs/custom_msgs/msg/detail/belief__rosidl_typesupport_fastrtps_cpp.hpp
[3.517s] -- Installing: /home/abril/Documents/PrincipiosRobotica/TP_final_robotica/ros_ws/install/custom_msgs/include/custom_msgs/custom_msgs/msg/detail/delta_odom__rosidl_typesupport_fastrtps_cpp.hpp
[3.517s] -- Installing: /home/abril/Documents/PrincipiosRobotica/TP_final_robotica/ros_ws/install/custom_msgs/include/custom_msgs/custom_msgs/msg/detail/dds_fastrtps
[3.517s] -- Installing: /home/abril/Documents/PrincipiosRobotica/TP_final_robotica/ros_ws/install/custom_msgs/lib/libcustom_msgs__rosidl_typesupport_fastrtps_cpp.so
[3.517s] -- Set runtime path of "/home/abril/Documents/PrincipiosRobotica/TP_final_robotica/ros_ws/install/custom_msgs/lib/libcustom_msgs__rosidl_typesupport_fastrtps_cpp.so" to ""
[3.517s] -- Up-to-date: /home/abril/Documents/PrincipiosRobotica/TP_final_robotica/ros_ws/install/custom_msgs/include/custom_msgs/custom_msgs
[3.517s] -- Up-to-date: /home/abril/Documents/PrincipiosRobotica/TP_final_robotica/ros_ws/install/custom_msgs/include/custom_msgs/custom_msgs/msg
[3.517s] -- Installing: /home/abril/Documents/PrincipiosRobotica/TP_final_robotica/ros_ws/install/custom_msgs/include/custom_msgs/custom_msgs/msg/rosidl_typesupport_introspection_c__visibility_control.h
[3.517s] -- Up-to-date: /home/abril/Documents/PrincipiosRobotica/TP_final_robotica/ros_ws/install/custom_msgs/include/custom_msgs/custom_msgs/msg/detail
[3.517s] -- Installing: /home/abril/Documents/PrincipiosRobotica/TP_final_robotica/ros_ws/install/custom_msgs/include/custom_msgs/custom_msgs/msg/detail/belief__type_support.c
[3.517s] -- Installing: /home/abril/Documents/PrincipiosRobotica/TP_final_robotica/ros_ws/install/custom_msgs/include/custom_msgs/custom_msgs/msg/detail/belief__rosidl_typesupport_introspection_c.h
[3.517s] -- Installing: /home/abril/Documents/PrincipiosRobotica/TP_final_robotica/ros_ws/install/custom_msgs/include/custom_msgs/custom_msgs/msg/detail/delta_odom__rosidl_typesupport_introspection_c.h
[3.518s] -- Installing: /home/abril/Documents/PrincipiosRobotica/TP_final_robotica/ros_ws/install/custom_msgs/include/custom_msgs/custom_msgs/msg/detail/delta_odom__type_support.c
[3.518s] -- Installing: /home/abril/Documents/PrincipiosRobotica/TP_final_robotica/ros_ws/install/custom_msgs/lib/libcustom_msgs__rosidl_typesupport_introspection_c.so
[3.518s] -- Set runtime path of "/home/abril/Documents/PrincipiosRobotica/TP_final_robotica/ros_ws/install/custom_msgs/lib/libcustom_msgs__rosidl_typesupport_introspection_c.so" to ""
[3.518s] -- Installing: /home/abril/Documents/PrincipiosRobotica/TP_final_robotica/ros_ws/install/custom_msgs/lib/libcustom_msgs__rosidl_typesupport_c.so
[3.518s] -- Set runtime path of "/home/abril/Documents/PrincipiosRobotica/TP_final_robotica/ros_ws/install/custom_msgs/lib/libcustom_msgs__rosidl_typesupport_c.so" to ""
[3.518s] -- Up-to-date: /home/abril/Documents/PrincipiosRobotica/TP_final_robotica/ros_ws/install/custom_msgs/include/custom_msgs/custom_msgs
[3.518s] -- Up-to-date: /home/abril/Documents/PrincipiosRobotica/TP_final_robotica/ros_ws/install/custom_msgs/include/custom_msgs/custom_msgs/msg
[3.518s] -- Up-to-date: /home/abril/Documents/PrincipiosRobotica/TP_final_robotica/ros_ws/install/custom_msgs/include/custom_msgs/custom_msgs/msg/detail
[3.518s] -- Installing: /home/abril/Documents/PrincipiosRobotica/TP_final_robotica/ros_ws/install/custom_msgs/include/custom_msgs/custom_msgs/msg/detail/belief__rosidl_typesupport_introspection_cpp.hpp
[3.518s] -- Installing: /home/abril/Documents/PrincipiosRobotica/TP_final_robotica/ros_ws/install/custom_msgs/include/custom_msgs/custom_msgs/msg/detail/belief__type_support.cpp
[3.518s] -- Installing: /home/abril/Documents/PrincipiosRobotica/TP_final_robotica/ros_ws/install/custom_msgs/include/custom_msgs/custom_msgs/msg/detail/delta_odom__rosidl_typesupport_introspection_cpp.hpp
[3.518s] -- Installing: /home/abril/Documents/PrincipiosRobotica/TP_final_robotica/ros_ws/install/custom_msgs/include/custom_msgs/custom_msgs/msg/detail/delta_odom__type_support.cpp
[3.518s] -- Installing: /home/abril/Documents/PrincipiosRobotica/TP_final_robotica/ros_ws/install/custom_msgs/lib/libcustom_msgs__rosidl_typesupport_introspection_cpp.so
[3.518s] -- Set runtime path of "/home/abril/Documents/PrincipiosRobotica/TP_final_robotica/ros_ws/install/custom_msgs/lib/libcustom_msgs__rosidl_typesupport_introspection_cpp.so" to ""
[3.518s] -- Installing: /home/abril/Documents/PrincipiosRobotica/TP_final_robotica/ros_ws/install/custom_msgs/lib/libcustom_msgs__rosidl_typesupport_cpp.so
[3.519s] -- Set runtime path of "/home/abril/Documents/PrincipiosRobotica/TP_final_robotica/ros_ws/install/custom_msgs/lib/libcustom_msgs__rosidl_typesupport_cpp.so" to ""
[3.519s] -- Installing: /home/abril/Documents/PrincipiosRobotica/TP_final_robotica/ros_ws/install/custom_msgs/share/custom_msgs/environment/pythonpath.sh
[3.519s] -- Installing: /home/abril/Documents/PrincipiosRobotica/TP_final_robotica/ros_ws/install/custom_msgs/share/custom_msgs/environment/pythonpath.dsv
[3.519s] -- Installing: /home/abril/Documents/PrincipiosRobotica/TP_final_robotica/ros_ws/install/custom_msgs/local/lib/python3.10/dist-packages/custom_msgs-0.0.0-py3.10.egg-info
[3.519s] -- Installing: /home/abril/Documents/PrincipiosRobotica/TP_final_robotica/ros_ws/install/custom_msgs/local/lib/python3.10/dist-packages/custom_msgs-0.0.0-py3.10.egg-info/dependency_links.txt
[3.519s] -- Installing: /home/abril/Documents/PrincipiosRobotica/TP_final_robotica/ros_ws/install/custom_msgs/local/lib/python3.10/dist-packages/custom_msgs-0.0.0-py3.10.egg-info/top_level.txt
[3.519s] -- Installing: /home/abril/Documents/PrincipiosRobotica/TP_final_robotica/ros_ws/install/custom_msgs/local/lib/python3.10/dist-packages/custom_msgs-0.0.0-py3.10.egg-info/SOURCES.txt
[3.519s] -- Installing: /home/abril/Documents/PrincipiosRobotica/TP_final_robotica/ros_ws/install/custom_msgs/local/lib/python3.10/dist-packages/custom_msgs-0.0.0-py3.10.egg-info/PKG-INFO
[3.519s] -- Installing: /home/abril/Documents/PrincipiosRobotica/TP_final_robotica/ros_ws/install/custom_msgs/local/lib/python3.10/dist-packages/custom_msgs
[3.519s] -- Installing: /home/abril/Documents/PrincipiosRobotica/TP_final_robotica/ros_ws/install/custom_msgs/local/lib/python3.10/dist-packages/custom_msgs/custom_msgs_s__rosidl_typesupport_fastrtps_c.cpython-310-x86_64-linux-gnu.so
[3.519s] -- Installing: /home/abril/Documents/PrincipiosRobotica/TP_final_robotica/ros_ws/install/custom_msgs/local/lib/python3.10/dist-packages/custom_msgs/libcustom_msgs__rosidl_generator_py.so
[3.519s] -- Installing: /home/abril/Documents/PrincipiosRobotica/TP_final_robotica/ros_ws/install/custom_msgs/local/lib/python3.10/dist-packages/custom_msgs/_custom_msgs_s.ep.rosidl_typesupport_fastrtps_c.c
[3.519s] -- Installing: /home/abril/Documents/PrincipiosRobotica/TP_final_robotica/ros_ws/install/custom_msgs/local/lib/python3.10/dist-packages/custom_msgs/custom_msgs_s__rosidl_typesupport_c.cpython-310-x86_64-linux-gnu.so
[3.519s] -- Installing: /home/abril/Documents/PrincipiosRobotica/TP_final_robotica/ros_ws/install/custom_msgs/local/lib/python3.10/dist-packages/custom_msgs/_custom_msgs_s.ep.rosidl_typesupport_introspection_c.c
[3.519s] -- Installing: /home/abril/Documents/PrincipiosRobotica/TP_final_robotica/ros_ws/install/custom_msgs/local/lib/python3.10/dist-packages/custom_msgs/msg
[3.519s] -- Installing: /home/abril/Documents/PrincipiosRobotica/TP_final_robotica/ros_ws/install/custom_msgs/local/lib/python3.10/dist-packages/custom_msgs/msg/_belief.py
[3.520s] -- Installing: /home/abril/Documents/PrincipiosRobotica/TP_final_robotica/ros_ws/install/custom_msgs/local/lib/python3.10/dist-packages/custom_msgs/msg/_delta_odom.py
[3.520s] -- Installing: /home/abril/Documents/PrincipiosRobotica/TP_final_robotica/ros_ws/install/custom_msgs/local/lib/python3.10/dist-packages/custom_msgs/msg/_belief_s.c
[3.520s] -- Installing: /home/abril/Documents/PrincipiosRobotica/TP_final_robotica/ros_ws/install/custom_msgs/local/lib/python3.10/dist-packages/custom_msgs/msg/__init__.py
[3.520s] -- Installing: /home/abril/Documents/PrincipiosRobotica/TP_final_robotica/ros_ws/install/custom_msgs/local/lib/python3.10/dist-packages/custom_msgs/msg/_delta_odom_s.c
[3.520s] -- Installing: /home/abril/Documents/PrincipiosRobotica/TP_final_robotica/ros_ws/install/custom_msgs/local/lib/python3.10/dist-packages/custom_msgs/_custom_msgs_s.ep.rosidl_typesupport_c.c
[3.520s] -- Installing: /home/abril/Documents/PrincipiosRobotica/TP_final_robotica/ros_ws/install/custom_msgs/local/lib/python3.10/dist-packages/custom_msgs/custom_msgs_s__rosidl_typesupport_introspection_c.cpython-310-x86_64-linux-gnu.so
[3.520s] -- Installing: /home/abril/Documents/PrincipiosRobotica/TP_final_robotica/ros_ws/install/custom_msgs/local/lib/python3.10/dist-packages/custom_msgs/__init__.py
[3.546s] Listing '/home/abril/Documents/PrincipiosRobotica/TP_final_robotica/ros_ws/install/custom_msgs/local/lib/python3.10/dist-packages/custom_msgs'...
[3.546s] Compiling '/home/abril/Documents/PrincipiosRobotica/TP_final_robotica/ros_ws/install/custom_msgs/local/lib/python3.10/dist-packages/custom_msgs/__init__.py'...
[3.546s] Listing '/home/abril/Documents/PrincipiosRobotica/TP_final_robotica/ros_ws/install/custom_msgs/local/lib/python3.10/dist-packages/custom_msgs/msg'...
[3.546s] Compiling '/home/abril/Documents/PrincipiosRobotica/TP_final_robotica/ros_ws/install/custom_msgs/local/lib/python3.10/dist-packages/custom_msgs/msg/__init__.py'...
[3.546s] Compiling '/home/abril/Documents/PrincipiosRobotica/TP_final_robotica/ros_ws/install/custom_msgs/local/lib/python3.10/dist-packages/custom_msgs/msg/_belief.py'...
[3.546s] Compiling '/home/abril/Documents/PrincipiosRobotica/TP_final_robotica/ros_ws/install/custom_msgs/local/lib/python3.10/dist-packages/custom_msgs/msg/_delta_odom.py'...
[3.549s] -- Installing: /home/abril/Documents/PrincipiosRobotica/TP_final_robotica/ros_ws/install/custom_msgs/local/lib/python3.10/dist-packages/custom_msgs/custom_msgs_s__rosidl_typesupport_fastrtps_c.cpython-310-x86_64-linux-gnu.so
[3.549s] -- Set runtime path of "/home/abril/Documents/PrincipiosRobotica/TP_final_robotica/ros_ws/install/custom_msgs/local/lib/python3.10/dist-packages/custom_msgs/custom_msgs_s__rosidl_typesupport_fastrtps_c.cpython-310-x86_64-linux-gnu.so" to ""
[3.549s] -- Installing: /home/abril/Documents/PrincipiosRobotica/TP_final_robotica/ros_ws/install/custom_msgs/local/lib/python3.10/dist-packages/custom_msgs/custom_msgs_s__rosidl_typesupport_introspection_c.cpython-310-x86_64-linux-gnu.so
[3.549s] -- Set runtime path of "/home/abril/Documents/PrincipiosRobotica/TP_final_robotica/ros_ws/install/custom_msgs/local/lib/python3.10/dist-packages/custom_msgs/custom_msgs_s__rosidl_typesupport_introspection_c.cpython-310-x86_64-linux-gnu.so" to ""
[3.549s] -- Installing: /home/abril/Documents/PrincipiosRobotica/TP_final_robotica/ros_ws/install/custom_msgs/local/lib/python3.10/dist-packages/custom_msgs/custom_msgs_s__rosidl_typesupport_c.cpython-310-x86_64-linux-gnu.so
[3.549s] -- Set runtime path of "/home/abril/Documents/PrincipiosRobotica/TP_final_robotica/ros_ws/install/custom_msgs/local/lib/python3.10/dist-packages/custom_msgs/custom_msgs_s__rosidl_typesupport_c.cpython-310-x86_64-linux-gnu.so" to ""
[3.549s] -- Installing: /home/abril/Documents/PrincipiosRobotica/TP_final_robotica/ros_ws/install/custom_msgs/lib/libcustom_msgs__rosidl_generator_py.so
[3.550s] -- Set runtime path of "/home/abril/Documents/PrincipiosRobotica/TP_final_robotica/ros_ws/install/custom_msgs/lib/libcustom_msgs__rosidl_generator_py.so" to ""
[3.550s] -- Installing: /home/abril/Documents/PrincipiosRobotica/TP_final_robotica/ros_ws/install/custom_msgs/share/custom_msgs/msg/DeltaOdom.idl
[3.550s] -- Installing: /home/abril/Documents/PrincipiosRobotica/TP_final_robotica/ros_ws/install/custom_msgs/share/custom_msgs/msg/Belief.idl
[3.550s] -- Installing: /home/abril/Documents/PrincipiosRobotica/TP_final_robotica/ros_ws/install/custom_msgs/share/custom_msgs/msg/DeltaOdom.msg
[3.550s] -- Installing: /home/abril/Documents/PrincipiosRobotica/TP_final_robotica/ros_ws/install/custom_msgs/share/custom_msgs/msg/Belief.msg
[3.550s] -- Installing: /home/abril/Documents/PrincipiosRobotica/TP_final_robotica/ros_ws/install/custom_msgs/share/ament_index/resource_index/package_run_dependencies/custom_msgs
[3.550s] -- Installing: /home/abril/Documents/PrincipiosRobotica/TP_final_robotica/ros_ws/install/custom_msgs/share/ament_index/resource_index/parent_prefix_path/custom_msgs
[3.550s] -- Installing: /home/abril/Documents/PrincipiosRobotica/TP_final_robotica/ros_ws/install/custom_msgs/share/custom_msgs/environment/ament_prefix_path.sh
[3.550s] -- Installing: /home/abril/Documents/PrincipiosRobotica/TP_final_robotica/ros_ws/install/custom_msgs/share/custom_msgs/environment/ament_prefix_path.dsv
[3.550s] -- Installing: /home/abril/Documents/PrincipiosRobotica/TP_final_robotica/ros_ws/install/custom_msgs/share/custom_msgs/environment/path.sh
[3.550s] -- Installing: /home/abril/Documents/PrincipiosRobotica/TP_final_robotica/ros_ws/install/custom_msgs/share/custom_msgs/environment/path.dsv
[3.550s] -- Installing: /home/abril/Documents/PrincipiosRobotica/TP_final_robotica/ros_ws/install/custom_msgs/share/custom_msgs/local_setup.bash
[3.550s] -- Installing: /home/abril/Documents/PrincipiosRobotica/TP_final_robotica/ros_ws/install/custom_msgs/share/custom_msgs/local_setup.sh
[3.551s] -- Installing: /home/abril/Documents/PrincipiosRobotica/TP_final_robotica/ros_ws/install/custom_msgs/share/custom_msgs/local_setup.zsh
[3.551s] -- Installing: /home/abril/Documents/PrincipiosRobotica/TP_final_robotica/ros_ws/install/custom_msgs/share/custom_msgs/local_setup.dsv
[3.551s] -- Installing: /home/abril/Documents/PrincipiosRobotica/TP_final_robotica/ros_ws/install/custom_msgs/share/custom_msgs/package.dsv
[3.551s] -- Installing: /home/abril/Documents/PrincipiosRobotica/TP_final_robotica/ros_ws/install/custom_msgs/share/ament_index/resource_index/packages/custom_msgs
[3.551s] -- Installing: /home/abril/Documents/PrincipiosRobotica/TP_final_robotica/ros_ws/install/custom_msgs/share/custom_msgs/cmake/export_custom_msgs__rosidl_generator_cExport.cmake
[3.551s] -- Installing: /home/abril/Documents/PrincipiosRobotica/TP_final_robotica/ros_ws/install/custom_msgs/share/custom_msgs/cmake/export_custom_msgs__rosidl_generator_cExport-noconfig.cmake
[3.551s] -- Installing: /home/abril/Documents/PrincipiosRobotica/TP_final_robotica/ros_ws/install/custom_msgs/share/custom_msgs/cmake/export_custom_msgs__rosidl_typesupport_fastrtps_cExport.cmake
[3.551s] -- Installing: /home/abril/Documents/PrincipiosRobotica/TP_final_robotica/ros_ws/install/custom_msgs/share/custom_msgs/cmake/export_custom_msgs__rosidl_typesupport_fastrtps_cExport-noconfig.cmake
[3.551s] -- Installing: /home/abril/Documents/PrincipiosRobotica/TP_final_robotica/ros_ws/install/custom_msgs/share/custom_msgs/cmake/export_custom_msgs__rosidl_generator_cppExport.cmake
[3.551s] -- Installing: /home/abril/Documents/PrincipiosRobotica/TP_final_robotica/ros_ws/install/custom_msgs/share/custom_msgs/cmake/export_custom_msgs__rosidl_typesupport_fastrtps_cppExport.cmake
[3.551s] -- Installing: /home/abril/Documents/PrincipiosRobotica/TP_final_robotica/ros_ws/install/custom_msgs/share/custom_msgs/cmake/export_custom_msgs__rosidl_typesupport_fastrtps_cppExport-noconfig.cmake
[3.551s] -- Installing: /home/abril/Documents/PrincipiosRobotica/TP_final_robotica/ros_ws/install/custom_msgs/share/custom_msgs/cmake/custom_msgs__rosidl_typesupport_introspection_cExport.cmake
[3.551s] -- Installing: /home/abril/Documents/PrincipiosRobotica/TP_final_robotica/ros_ws/install/custom_msgs/share/custom_msgs/cmake/custom_msgs__rosidl_typesupport_introspection_cExport-noconfig.cmake
[3.552s] -- Installing: /home/abril/Documents/PrincipiosRobotica/TP_final_robotica/ros_ws/install/custom_msgs/share/custom_msgs/cmake/custom_msgs__rosidl_typesupport_cExport.cmake
[3.552s] -- Installing: /home/abril/Documents/PrincipiosRobotica/TP_final_robotica/ros_ws/install/custom_msgs/share/custom_msgs/cmake/custom_msgs__rosidl_typesupport_cExport-noconfig.cmake
[3.552s] -- Installing: /home/abril/Documents/PrincipiosRobotica/TP_final_robotica/ros_ws/install/custom_msgs/share/custom_msgs/cmake/custom_msgs__rosidl_typesupport_introspection_cppExport.cmake
[3.552s] -- Installing: /home/abril/Documents/PrincipiosRobotica/TP_final_robotica/ros_ws/install/custom_msgs/share/custom_msgs/cmake/custom_msgs__rosidl_typesupport_introspection_cppExport-noconfig.cmake
[3.552s] -- Installing: /home/abril/Documents/PrincipiosRobotica/TP_final_robotica/ros_ws/install/custom_msgs/share/custom_msgs/cmake/custom_msgs__rosidl_typesupport_cppExport.cmake
[3.552s] -- Installing: /home/abril/Documents/PrincipiosRobotica/TP_final_robotica/ros_ws/install/custom_msgs/share/custom_msgs/cmake/custom_msgs__rosidl_typesupport_cppExport-noconfig.cmake
[3.552s] -- Installing: /home/abril/Documents/PrincipiosRobotica/TP_final_robotica/ros_ws/install/custom_msgs/share/custom_msgs/cmake/export_custom_msgs__rosidl_generator_pyExport.cmake
[3.552s] -- Installing: /home/abril/Documents/PrincipiosRobotica/TP_final_robotica/ros_ws/install/custom_msgs/share/custom_msgs/cmake/export_custom_msgs__rosidl_generator_pyExport-noconfig.cmake
[3.552s] -- Installing: /home/abril/Documents/PrincipiosRobotica/TP_final_robotica/ros_ws/install/custom_msgs/share/custom_msgs/cmake/rosidl_cmake-extras.cmake
[3.552s] -- Installing: /home/abril/Documents/PrincipiosRobotica/TP_final_robotica/ros_ws/install/custom_msgs/share/custom_msgs/cmake/ament_cmake_export_dependencies-extras.cmake
[3.552s] -- Installing: /home/abril/Documents/PrincipiosRobotica/TP_final_robotica/ros_ws/install/custom_msgs/share/custom_msgs/cmake/ament_cmake_export_include_directories-extras.cmake
[3.552s] -- Installing: /home/abril/Documents/PrincipiosRobotica/TP_final_robotica/ros_ws/install/custom_msgs/share/custom_msgs/cmake/ament_cmake_export_libraries-extras.cmake
[3.552s] -- Installing: /home/abril/Documents/PrincipiosRobotica/TP_final_robotica/ros_ws/install/custom_msgs/share/custom_msgs/cmake/ament_cmake_export_targets-extras.cmake
[3.552s] -- Installing: /home/abril/Documents/PrincipiosRobotica/TP_final_robotica/ros_ws/install/custom_msgs/share/custom_msgs/cmake/rosidl_cmake_export_typesupport_targets-extras.cmake
[3.553s] -- Installing: /home/abril/Documents/PrincipiosRobotica/TP_final_robotica/ros_ws/install/custom_msgs/share/custom_msgs/cmake/rosidl_cmake_export_typesupport_libraries-extras.cmake
[3.553s] -- Installing: /home/abril/Documents/PrincipiosRobotica/TP_final_robotica/ros_ws/install/custom_msgs/share/custom_msgs/cmake/custom_msgsConfig.cmake
[3.553s] -- Installing: /home/abril/Documents/PrincipiosRobotica/TP_final_robotica/ros_ws/install/custom_msgs/share/custom_msgs/cmake/custom_msgsConfig-version.cmake
[3.553s] -- Installing: /home/abril/Documents/PrincipiosRobotica/TP_final_robotica/ros_ws/install/custom_msgs/share/custom_msgs/package.xml
[3.555s] Invoked command in '/home/abril/Documents/PrincipiosRobotica/TP_final_robotica/ros_ws/build/custom_msgs' returned '0': CMAKE_PREFIX_PATH=${CMAKE_PREFIX_PATH}:/home/abril/turtlebot3_ws/install/turtlebot3_teleop:/home/abril/turtlebot3_ws/install/turtlebot3_example:/opt/ros/humble /usr/bin/cmake --install /home/abril/Documents/PrincipiosRobotica/TP_final_robotica/ros_ws/build/custom_msgs
