[0.076s] DEBUG:colcon:Command line arguments: ['/usr/bin/colcon', 'build', '--packages-select', 'parteb', 'partec']
[0.076s] DEBUG:colcon:Parsed command line arguments: Namespace(log_base=None, log_level=None, verb_name='build', build_base='build', install_base='install', merge_install=False, symlink_install=False, test_result_base=None, continue_on_error=False, executor='parallel', parallel_workers=8, event_handlers=None, ignore_user_meta=False, metas=['./colcon.meta'], base_paths=['.'], packages_ignore=None, packages_ignore_regex=None, paths=None, packages_up_to=None, packages_up_to_regex=None, packages_above=None, packages_above_and_dependencies=None, packages_above_depth=None, packages_select_by_dep=None, packages_skip_by_dep=None, packages_skip_up_to=None, packages_select_build_failed=False, packages_skip_build_finished=False, packages_select_test_failures=False, packages_skip_test_passed=False, packages_select=['parteb', 'partec'], packages_skip=None, packages_select_regex=None, packages_skip_regex=None, packages_start=None, packages_end=None, allow_overriding=[], cmake_args=None, cmake_target=None, cmake_target_skip_unavailable=False, cmake_clean_cache=False, cmake_clean_first=False, cmake_force_configure=False, ament_cmake_args=None, catkin_cmake_args=None, catkin_skip_building_tests=False, mixin_files=None, mixin=None, verb_parser=<colcon_mixin.mixin.mixin_argument.MixinArgumentDecorator object at 0x7593b6b844f0>, verb_extension=<colcon_core.verb.build.BuildVerb object at 0x7593b6c95480>, main=<bound method BuildVerb.main of <colcon_core.verb.build.BuildVerb object at 0x7593b6c95480>>, mixin_verb=('build',))
[0.188s] Level 1:colcon.colcon_core.package_discovery:discover_packages(colcon_meta) check parameters
[0.189s] Level 1:colcon.colcon_core.package_discovery:discover_packages(recursive) check parameters
[0.189s] Level 1:colcon.colcon_core.package_discovery:discover_packages(ignore) check parameters
[0.189s] Level 1:colcon.colcon_core.package_discovery:discover_packages(path) check parameters
[0.189s] Level 1:colcon.colcon_core.package_discovery:discover_packages(colcon_meta) discover
[0.189s] Level 1:colcon.colcon_core.package_discovery:discover_packages(recursive) discover
[0.189s] INFO:colcon.colcon_core.package_discovery:Crawling recursively for packages in '/home/abril/Documents/PrincipiosRobotica/TP_final_robotica/ros_ws'
[0.189s] Level 1:colcon.colcon_core.package_identification:_identify(.) by extensions ['ignore', 'ignore_ament_install']
[0.189s] Level 1:colcon.colcon_core.package_identification:_identify(.) by extension 'ignore'
[0.189s] Level 1:colcon.colcon_core.package_identification:_identify(.) by extension 'ignore_ament_install'
[0.189s] Level 1:colcon.colcon_core.package_identification:_identify(.) by extensions ['colcon_pkg']
[0.189s] Level 1:colcon.colcon_core.package_identification:_identify(.) by extension 'colcon_pkg'
[0.189s] Level 1:colcon.colcon_core.package_identification:_identify(.) by extensions ['colcon_meta']
[0.189s] Level 1:colcon.colcon_core.package_identification:_identify(.) by extension 'colcon_meta'
[0.189s] Level 1:colcon.colcon_core.package_identification:_identify(.) by extensions ['ros']
[0.189s] Level 1:colcon.colcon_core.package_identification:_identify(.) by extension 'ros'
[0.197s] Level 1:colcon.colcon_core.package_identification:_identify(.) by extensions ['cmake', 'python']
[0.197s] Level 1:colcon.colcon_core.package_identification:_identify(.) by extension 'cmake'
[0.197s] Level 1:colcon.colcon_core.package_identification:_identify(.) by extension 'python'
[0.197s] Level 1:colcon.colcon_core.package_identification:_identify(.) by extensions ['python_setup_py']
[0.197s] Level 1:colcon.colcon_core.package_identification:_identify(.) by extension 'python_setup_py'
[0.197s] Level 1:colcon.colcon_core.package_identification:_identify(build) by extensions ['ignore', 'ignore_ament_install']
[0.197s] Level 1:colcon.colcon_core.package_identification:_identify(build) by extension 'ignore'
[0.197s] Level 1:colcon.colcon_core.package_identification:_identify(build) ignored
[0.197s] Level 1:colcon.colcon_core.package_identification:_identify(install) by extensions ['ignore', 'ignore_ament_install']
[0.197s] Level 1:colcon.colcon_core.package_identification:_identify(install) by extension 'ignore'
[0.198s] Level 1:colcon.colcon_core.package_identification:_identify(install) ignored
[0.198s] Level 1:colcon.colcon_core.package_identification:_identify(log) by extensions ['ignore', 'ignore_ament_install']
[0.198s] Level 1:colcon.colcon_core.package_identification:_identify(log) by extension 'ignore'
[0.198s] Level 1:colcon.colcon_core.package_identification:_identify(log) ignored
[0.198s] Level 1:colcon.colcon_core.package_identification:_identify(src) by extensions ['ignore', 'ignore_ament_install']
[0.198s] Level 1:colcon.colcon_core.package_identification:_identify(src) by extension 'ignore'
[0.198s] Level 1:colcon.colcon_core.package_identification:_identify(src) by extension 'ignore_ament_install'
[0.198s] Level 1:colcon.colcon_core.package_identification:_identify(src) by extensions ['colcon_pkg']
[0.198s] Level 1:colcon.colcon_core.package_identification:_identify(src) by extension 'colcon_pkg'
[0.198s] Level 1:colcon.colcon_core.package_identification:_identify(src) by extensions ['colcon_meta']
[0.198s] Level 1:colcon.colcon_core.package_identification:_identify(src) by extension 'colcon_meta'
[0.198s] Level 1:colcon.colcon_core.package_identification:_identify(src) by extensions ['ros']
[0.198s] Level 1:colcon.colcon_core.package_identification:_identify(src) by extension 'ros'
[0.198s] Level 1:colcon.colcon_core.package_identification:_identify(src) by extensions ['cmake', 'python']
[0.198s] Level 1:colcon.colcon_core.package_identification:_identify(src) by extension 'cmake'
[0.198s] Level 1:colcon.colcon_core.package_identification:_identify(src) by extension 'python'
[0.198s] Level 1:colcon.colcon_core.package_identification:_identify(src) by extensions ['python_setup_py']
[0.198s] Level 1:colcon.colcon_core.package_identification:_identify(src) by extension 'python_setup_py'
[0.198s] Level 1:colcon.colcon_core.package_identification:_identify(src/algoritmos) by extensions ['ignore', 'ignore_ament_install']
[0.198s] Level 1:colcon.colcon_core.package_identification:_identify(src/algoritmos) by extension 'ignore'
[0.198s] Level 1:colcon.colcon_core.package_identification:_identify(src/algoritmos) by extension 'ignore_ament_install'
[0.198s] Level 1:colcon.colcon_core.package_identification:_identify(src/algoritmos) by extensions ['colcon_pkg']
[0.198s] Level 1:colcon.colcon_core.package_identification:_identify(src/algoritmos) by extension 'colcon_pkg'
[0.198s] Level 1:colcon.colcon_core.package_identification:_identify(src/algoritmos) by extensions ['colcon_meta']
[0.198s] Level 1:colcon.colcon_core.package_identification:_identify(src/algoritmos) by extension 'colcon_meta'
[0.198s] Level 1:colcon.colcon_core.package_identification:_identify(src/algoritmos) by extensions ['ros']
[0.198s] Level 1:colcon.colcon_core.package_identification:_identify(src/algoritmos) by extension 'ros'
[0.200s] DEBUG:colcon.colcon_core.package_identification:Package 'src/algoritmos' with type 'ros.ament_python' and name 'algoritmos'
[0.200s] Level 1:colcon.colcon_core.package_identification:_identify(src/custom_msgs) by extensions ['ignore', 'ignore_ament_install']
[0.200s] Level 1:colcon.colcon_core.package_identification:_identify(src/custom_msgs) by extension 'ignore'
[0.200s] Level 1:colcon.colcon_core.package_identification:_identify(src/custom_msgs) by extension 'ignore_ament_install'
[0.200s] Level 1:colcon.colcon_core.package_identification:_identify(src/custom_msgs) by extensions ['colcon_pkg']
[0.200s] Level 1:colcon.colcon_core.package_identification:_identify(src/custom_msgs) by extension 'colcon_pkg'
[0.200s] Level 1:colcon.colcon_core.package_identification:_identify(src/custom_msgs) by extensions ['colcon_meta']
[0.200s] Level 1:colcon.colcon_core.package_identification:_identify(src/custom_msgs) by extension 'colcon_meta'
[0.200s] Level 1:colcon.colcon_core.package_identification:_identify(src/custom_msgs) by extensions ['ros']
[0.200s] Level 1:colcon.colcon_core.package_identification:_identify(src/custom_msgs) by extension 'ros'
[0.201s] DEBUG:colcon.colcon_core.package_identification:Package 'src/custom_msgs' with type 'ros.ament_cmake' and name 'custom_msgs'
[0.201s] Level 1:colcon.colcon_core.package_identification:_identify(src/partea) by extensions ['ignore', 'ignore_ament_install']
[0.201s] Level 1:colcon.colcon_core.package_identification:_identify(src/partea) by extension 'ignore'
[0.201s] Level 1:colcon.colcon_core.package_identification:_identify(src/partea) by extension 'ignore_ament_install'
[0.201s] Level 1:colcon.colcon_core.package_identification:_identify(src/partea) by extensions ['colcon_pkg']
[0.201s] Level 1:colcon.colcon_core.package_identification:_identify(src/partea) by extension 'colcon_pkg'
[0.201s] Level 1:colcon.colcon_core.package_identification:_identify(src/partea) by extensions ['colcon_meta']
[0.201s] Level 1:colcon.colcon_core.package_identification:_identify(src/partea) by extension 'colcon_meta'
[0.201s] Level 1:colcon.colcon_core.package_identification:_identify(src/partea) by extensions ['ros']
[0.201s] Level 1:colcon.colcon_core.package_identification:_identify(src/partea) by extension 'ros'
[0.201s] DEBUG:colcon.colcon_core.package_identification:Package 'src/partea' with type 'ros.ament_python' and name 'partea'
[0.202s] Level 1:colcon.colcon_core.package_identification:_identify(src/parteb) by extensions ['ignore', 'ignore_ament_install']
[0.202s] Level 1:colcon.colcon_core.package_identification:_identify(src/parteb) by extension 'ignore'
[0.202s] Level 1:colcon.colcon_core.package_identification:_identify(src/parteb) by extension 'ignore_ament_install'
[0.202s] Level 1:colcon.colcon_core.package_identification:_identify(src/parteb) by extensions ['colcon_pkg']
[0.202s] Level 1:colcon.colcon_core.package_identification:_identify(src/parteb) by extension 'colcon_pkg'
[0.202s] Level 1:colcon.colcon_core.package_identification:_identify(src/parteb) by extensions ['colcon_meta']
[0.202s] Level 1:colcon.colcon_core.package_identification:_identify(src/parteb) by extension 'colcon_meta'
[0.202s] Level 1:colcon.colcon_core.package_identification:_identify(src/parteb) by extensions ['ros']
[0.202s] Level 1:colcon.colcon_core.package_identification:_identify(src/parteb) by extension 'ros'
[0.202s] DEBUG:colcon.colcon_core.package_identification:Package 'src/parteb' with type 'ros.ament_python' and name 'parteb'
[0.202s] Level 1:colcon.colcon_core.package_identification:_identify(src/partec) by extensions ['ignore', 'ignore_ament_install']
[0.202s] Level 1:colcon.colcon_core.package_identification:_identify(src/partec) by extension 'ignore'
[0.202s] Level 1:colcon.colcon_core.package_identification:_identify(src/partec) by extension 'ignore_ament_install'
[0.202s] Level 1:colcon.colcon_core.package_identification:_identify(src/partec) by extensions ['colcon_pkg']
[0.202s] Level 1:colcon.colcon_core.package_identification:_identify(src/partec) by extension 'colcon_pkg'
[0.202s] Level 1:colcon.colcon_core.package_identification:_identify(src/partec) by extensions ['colcon_meta']
[0.203s] Level 1:colcon.colcon_core.package_identification:_identify(src/partec) by extension 'colcon_meta'
[0.203s] Level 1:colcon.colcon_core.package_identification:_identify(src/partec) by extensions ['ros']
[0.203s] Level 1:colcon.colcon_core.package_identification:_identify(src/partec) by extension 'ros'
[0.203s] DEBUG:colcon.colcon_core.package_identification:Package 'src/partec' with type 'ros.ament_python' and name 'partec'
[0.203s] Level 1:colcon.colcon_core.package_identification:_identify(src/rviz) by extensions ['ignore', 'ignore_ament_install']
[0.203s] Level 1:colcon.colcon_core.package_identification:_identify(src/rviz) by extension 'ignore'
[0.203s] Level 1:colcon.colcon_core.package_identification:_identify(src/rviz) by extension 'ignore_ament_install'
[0.203s] Level 1:colcon.colcon_core.package_identification:_identify(src/rviz) by extensions ['colcon_pkg']
[0.203s] Level 1:colcon.colcon_core.package_identification:_identify(src/rviz) by extension 'colcon_pkg'
[0.204s] Level 1:colcon.colcon_core.package_identification:_identify(src/rviz) by extensions ['colcon_meta']
[0.204s] Level 1:colcon.colcon_core.package_identification:_identify(src/rviz) by extension 'colcon_meta'
[0.204s] Level 1:colcon.colcon_core.package_identification:_identify(src/rviz) by extensions ['ros']
[0.204s] Level 1:colcon.colcon_core.package_identification:_identify(src/rviz) by extension 'ros'
[0.204s] Level 1:colcon.colcon_core.package_identification:_identify(src/rviz) by extensions ['cmake', 'python']
[0.204s] Level 1:colcon.colcon_core.package_identification:_identify(src/rviz) by extension 'cmake'
[0.204s] Level 1:colcon.colcon_core.package_identification:_identify(src/rviz) by extension 'python'
[0.204s] Level 1:colcon.colcon_core.package_identification:_identify(src/rviz) by extensions ['python_setup_py']
[0.204s] Level 1:colcon.colcon_core.package_identification:_identify(src/rviz) by extension 'python_setup_py'
[0.204s] Level 1:colcon.colcon_core.package_discovery:discover_packages(recursive) using defaults
[0.204s] Level 1:colcon.colcon_core.package_discovery:discover_packages(ignore) discover
[0.204s] Level 1:colcon.colcon_core.package_discovery:discover_packages(ignore) using defaults
[0.204s] Level 1:colcon.colcon_core.package_discovery:discover_packages(path) discover
[0.204s] Level 1:colcon.colcon_core.package_discovery:discover_packages(path) using defaults
[0.228s] INFO:colcon.colcon_core.package_selection:Skipping not selected package 'algoritmos' in 'src/algoritmos'
[0.229s] INFO:colcon.colcon_core.package_selection:Skipping not selected package 'custom_msgs' in 'src/custom_msgs'
[0.229s] INFO:colcon.colcon_core.package_selection:Skipping not selected package 'partea' in 'src/partea'
[0.229s] Level 1:colcon.colcon_core.package_discovery:discover_packages(prefix_path) check parameters
[0.229s] Level 1:colcon.colcon_core.package_discovery:discover_packages(prefix_path) discover
[0.230s] DEBUG:colcon.colcon_installed_package_information.package_discovery:Found 5 installed packages in /home/abril/Documents/PrincipiosRobotica/TP_final_robotica/ros_ws/install
[0.231s] DEBUG:colcon.colcon_installed_package_information.package_discovery:Found 16 installed packages in /home/abril/turtlebot3_ws/install
[0.232s] DEBUG:colcon.colcon_installed_package_information.package_discovery:Found 365 installed packages in /opt/ros/humble
[0.233s] Level 1:colcon.colcon_core.package_discovery:discover_packages(prefix_path) using defaults
[0.262s] Level 5:colcon.colcon_core.verb:set package 'parteb' build argument 'cmake_args' from command line to 'None'
[0.262s] Level 5:colcon.colcon_core.verb:set package 'parteb' build argument 'cmake_target' from command line to 'None'
[0.262s] Level 5:colcon.colcon_core.verb:set package 'parteb' build argument 'cmake_target_skip_unavailable' from command line to 'False'
[0.262s] Level 5:colcon.colcon_core.verb:set package 'parteb' build argument 'cmake_clean_cache' from command line to 'False'
[0.262s] Level 5:colcon.colcon_core.verb:set package 'parteb' build argument 'cmake_clean_first' from command line to 'False'
[0.262s] Level 5:colcon.colcon_core.verb:set package 'parteb' build argument 'cmake_force_configure' from command line to 'False'
[0.262s] Level 5:colcon.colcon_core.verb:set package 'parteb' build argument 'ament_cmake_args' from command line to 'None'
[0.262s] Level 5:colcon.colcon_core.verb:set package 'parteb' build argument 'catkin_cmake_args' from command line to 'None'
[0.262s] Level 5:colcon.colcon_core.verb:set package 'parteb' build argument 'catkin_skip_building_tests' from command line to 'False'
[0.262s] DEBUG:colcon.colcon_core.verb:Building package 'parteb' with the following arguments: {'ament_cmake_args': None, 'build_base': '/home/abril/Documents/PrincipiosRobotica/TP_final_robotica/ros_ws/build/parteb', 'catkin_cmake_args': None, 'catkin_skip_building_tests': False, 'cmake_args': None, 'cmake_clean_cache': False, 'cmake_clean_first': False, 'cmake_force_configure': False, 'cmake_target': None, 'cmake_target_skip_unavailable': False, 'install_base': '/home/abril/Documents/PrincipiosRobotica/TP_final_robotica/ros_ws/install/parteb', 'merge_install': False, 'path': '/home/abril/Documents/PrincipiosRobotica/TP_final_robotica/ros_ws/src/parteb', 'symlink_install': False, 'test_result_base': None}
[0.262s] Level 5:colcon.colcon_core.verb:set package 'partec' build argument 'cmake_args' from command line to 'None'
[0.262s] Level 5:colcon.colcon_core.verb:set package 'partec' build argument 'cmake_target' from command line to 'None'
[0.262s] Level 5:colcon.colcon_core.verb:set package 'partec' build argument 'cmake_target_skip_unavailable' from command line to 'False'
[0.262s] Level 5:colcon.colcon_core.verb:set package 'partec' build argument 'cmake_clean_cache' from command line to 'False'
[0.262s] Level 5:colcon.colcon_core.verb:set package 'partec' build argument 'cmake_clean_first' from command line to 'False'
[0.263s] Level 5:colcon.colcon_core.verb:set package 'partec' build argument 'cmake_force_configure' from command line to 'False'
[0.263s] Level 5:colcon.colcon_core.verb:set package 'partec' build argument 'ament_cmake_args' from command line to 'None'
[0.263s] Level 5:colcon.colcon_core.verb:set package 'partec' build argument 'catkin_cmake_args' from command line to 'None'
[0.263s] Level 5:colcon.colcon_core.verb:set package 'partec' build argument 'catkin_skip_building_tests' from command line to 'False'
[0.263s] DEBUG:colcon.colcon_core.verb:Building package 'partec' with the following arguments: {'ament_cmake_args': None, 'build_base': '/home/abril/Documents/PrincipiosRobotica/TP_final_robotica/ros_ws/build/partec', 'catkin_cmake_args': None, 'catkin_skip_building_tests': False, 'cmake_args': None, 'cmake_clean_cache': False, 'cmake_clean_first': False, 'cmake_force_configure': False, 'cmake_target': None, 'cmake_target_skip_unavailable': False, 'install_base': '/home/abril/Documents/PrincipiosRobotica/TP_final_robotica/ros_ws/install/partec', 'merge_install': False, 'path': '/home/abril/Documents/PrincipiosRobotica/TP_final_robotica/ros_ws/src/partec', 'symlink_install': False, 'test_result_base': None}
[0.263s] INFO:colcon.colcon_core.executor:Executing jobs using 'parallel' executor
[0.263s] DEBUG:colcon.colcon_parallel_executor.executor.parallel:run_until_complete
[0.264s] INFO:colcon.colcon_ros.task.ament_python.build:Building ROS package in '/home/abril/Documents/PrincipiosRobotica/TP_final_robotica/ros_ws/src/parteb' with build type 'ament_python'
[0.264s] Level 1:colcon.colcon_core.shell:create_environment_hook('parteb', 'ament_prefix_path')
[0.265s] INFO:colcon.colcon_core.plugin_system:Skipping extension 'colcon_core.shell.bat': Not used on non-Windows systems
[0.265s] INFO:colcon.colcon_core.shell:Creating environment hook '/home/abril/Documents/PrincipiosRobotica/TP_final_robotica/ros_ws/install/parteb/share/parteb/hook/ament_prefix_path.ps1'
[0.266s] INFO:colcon.colcon_core.shell:Creating environment descriptor '/home/abril/Documents/PrincipiosRobotica/TP_final_robotica/ros_ws/install/parteb/share/parteb/hook/ament_prefix_path.dsv'
[0.266s] INFO:colcon.colcon_core.shell:Creating environment hook '/home/abril/Documents/PrincipiosRobotica/TP_final_robotica/ros_ws/install/parteb/share/parteb/hook/ament_prefix_path.sh'
[0.267s] INFO:colcon.colcon_core.shell:Skip shell extension 'powershell' for command environment: Not usable outside of PowerShell
[0.267s] DEBUG:colcon.colcon_core.shell:Skip shell extension 'dsv' for command environment
[0.448s] INFO:colcon.colcon_core.task.python.build:Building Python package in '/home/abril/Documents/PrincipiosRobotica/TP_final_robotica/ros_ws/src/parteb'
[0.448s] INFO:colcon.colcon_core.shell:Skip shell extension 'powershell' for command environment: Not usable outside of PowerShell
[0.448s] DEBUG:colcon.colcon_core.shell:Skip shell extension 'dsv' for command environment
[0.700s] DEBUG:colcon.colcon_core.event_handler.log_command:Invoking command in '/home/abril/Documents/PrincipiosRobotica/TP_final_robotica/ros_ws/src/parteb': AMENT_PREFIX_PATH=/home/abril/Documents/PrincipiosRobotica/TP_final_robotica/ros_ws/install/algoritmos:/home/abril/Documents/PrincipiosRobotica/TP_final_robotica/ros_ws/install/partec:/home/abril/Documents/PrincipiosRobotica/TP_final_robotica/ros_ws/install/parteb:/home/abril/Documents/PrincipiosRobotica/TP_final_robotica/ros_ws/install/partea:/home/abril/Documents/PrincipiosRobotica/TP_final_robotica/ros_ws/install/custom_msgs:/home/abril/turtlebot3_ws/install/turtlebot3:/home/abril/turtlebot3_ws/install/turtlebot3_teleop:/home/abril/turtlebot3_ws/install/turtlebot3_simulations:/home/abril/turtlebot3_ws/install/turtlebot3_bringup:/home/abril/turtlebot3_ws/install/turtlebot3_node:/home/abril/turtlebot3_ws/install/turtlebot3_navigation2:/home/abril/turtlebot3_ws/install/turtlebot3_fake_node:/home/abril/turtlebot3_ws/install/turtlebot3_example:/home/abril/turtlebot3_ws/install/turtlebot3_msgs:/home/abril/turtlebot3_ws/install/turtlebot3_manipulation_gazebo:/home/abril/turtlebot3_ws/install/turtlebot3_gazebo:/home/abril/turtlebot3_ws/install/turtlebot3_description:/home/abril/turtlebot3_ws/install/turtlebot3_cartographer:/home/abril/turtlebot3_ws/install/dynamixel_sdk_examples:/home/abril/turtlebot3_ws/install/dynamixel_sdk_custom_interfaces:/home/abril/turtlebot3_ws/install/dynamixel_sdk:/opt/ros/humble PYTHONPATH=/home/abril/Documents/PrincipiosRobotica/TP_final_robotica/ros_ws/build/parteb/prefix_override:/usr/lib/python3/dist-packages/colcon_core/task/python/colcon_distutils_commands:/home/abril/Documents/PrincipiosRobotica/TP_final_robotica/ros_ws/install/parteb/lib/python3.10/site-packages:/home/abril/Documents/PrincipiosRobotica/TP_final_robotica/ros_ws/install/algoritmos/lib/python3.10/site-packages:/home/abril/Documents/PrincipiosRobotica/TP_final_robotica/ros_ws/install/partec/lib/python3.10/site-packages:/home/abril/Documents/PrincipiosRobotica/TP_final_robotica/ros_ws/install/parteb/lib/python3.10/site-packages:/home/abril/Documents/PrincipiosRobotica/TP_final_robotica/ros_ws/install/partea/lib/python3.10/site-packages:/home/abril/Documents/PrincipiosRobotica/TP_final_robotica/ros_ws/install/custom_msgs/local/lib/python3.10/dist-packages:/home/abril/turtlebot3_ws/build/turtlebot3_teleop:/home/abril/turtlebot3_ws/install/turtlebot3_teleop/lib/python3.10/site-packages:/home/abril/turtlebot3_ws/build/turtlebot3_example:/home/abril/turtlebot3_ws/install/turtlebot3_example/lib/python3.10/site-packages:/home/abril/turtlebot3_ws/install/turtlebot3_msgs/local/lib/python3.10/dist-packages:/home/abril/turtlebot3_ws/install/dynamixel_sdk_custom_interfaces/local/lib/python3.10/dist-packages:/home/abril/turtlebot3_ws/install/dynamixel_sdk/local/lib/python3.10/dist-packages:/opt/ros/humble/lib/python3.10/site-packages:/opt/ros/humble/local/lib/python3.10/dist-packages /usr/bin/python3 -W ignore:setup.py install is deprecated -W ignore:easy_install command is deprecated setup.py egg_info --egg-base ../../build/parteb build --build-base /home/abril/Documents/PrincipiosRobotica/TP_final_robotica/ros_ws/build/parteb/build install --record /home/abril/Documents/PrincipiosRobotica/TP_final_robotica/ros_ws/build/parteb/install.log --single-version-externally-managed install_data
[0.911s] DEBUG:colcon.colcon_core.event_handler.log_command:Invoked command in '/home/abril/Documents/PrincipiosRobotica/TP_final_robotica/ros_ws/src/parteb' returned '0': AMENT_PREFIX_PATH=/home/abril/Documents/PrincipiosRobotica/TP_final_robotica/ros_ws/install/algoritmos:/home/abril/Documents/PrincipiosRobotica/TP_final_robotica/ros_ws/install/partec:/home/abril/Documents/PrincipiosRobotica/TP_final_robotica/ros_ws/install/parteb:/home/abril/Documents/PrincipiosRobotica/TP_final_robotica/ros_ws/install/partea:/home/abril/Documents/PrincipiosRobotica/TP_final_robotica/ros_ws/install/custom_msgs:/home/abril/turtlebot3_ws/install/turtlebot3:/home/abril/turtlebot3_ws/install/turtlebot3_teleop:/home/abril/turtlebot3_ws/install/turtlebot3_simulations:/home/abril/turtlebot3_ws/install/turtlebot3_bringup:/home/abril/turtlebot3_ws/install/turtlebot3_node:/home/abril/turtlebot3_ws/install/turtlebot3_navigation2:/home/abril/turtlebot3_ws/install/turtlebot3_fake_node:/home/abril/turtlebot3_ws/install/turtlebot3_example:/home/abril/turtlebot3_ws/install/turtlebot3_msgs:/home/abril/turtlebot3_ws/install/turtlebot3_manipulation_gazebo:/home/abril/turtlebot3_ws/install/turtlebot3_gazebo:/home/abril/turtlebot3_ws/install/turtlebot3_description:/home/abril/turtlebot3_ws/install/turtlebot3_cartographer:/home/abril/turtlebot3_ws/install/dynamixel_sdk_examples:/home/abril/turtlebot3_ws/install/dynamixel_sdk_custom_interfaces:/home/abril/turtlebot3_ws/install/dynamixel_sdk:/opt/ros/humble PYTHONPATH=/home/abril/Documents/PrincipiosRobotica/TP_final_robotica/ros_ws/build/parteb/prefix_override:/usr/lib/python3/dist-packages/colcon_core/task/python/colcon_distutils_commands:/home/abril/Documents/PrincipiosRobotica/TP_final_robotica/ros_ws/install/parteb/lib/python3.10/site-packages:/home/abril/Documents/PrincipiosRobotica/TP_final_robotica/ros_ws/install/algoritmos/lib/python3.10/site-packages:/home/abril/Documents/PrincipiosRobotica/TP_final_robotica/ros_ws/install/partec/lib/python3.10/site-packages:/home/abril/Documents/PrincipiosRobotica/TP_final_robotica/ros_ws/install/parteb/lib/python3.10/site-packages:/home/abril/Documents/PrincipiosRobotica/TP_final_robotica/ros_ws/install/partea/lib/python3.10/site-packages:/home/abril/Documents/PrincipiosRobotica/TP_final_robotica/ros_ws/install/custom_msgs/local/lib/python3.10/dist-packages:/home/abril/turtlebot3_ws/build/turtlebot3_teleop:/home/abril/turtlebot3_ws/install/turtlebot3_teleop/lib/python3.10/site-packages:/home/abril/turtlebot3_ws/build/turtlebot3_example:/home/abril/turtlebot3_ws/install/turtlebot3_example/lib/python3.10/site-packages:/home/abril/turtlebot3_ws/install/turtlebot3_msgs/local/lib/python3.10/dist-packages:/home/abril/turtlebot3_ws/install/dynamixel_sdk_custom_interfaces/local/lib/python3.10/dist-packages:/home/abril/turtlebot3_ws/install/dynamixel_sdk/local/lib/python3.10/dist-packages:/opt/ros/humble/lib/python3.10/site-packages:/opt/ros/humble/local/lib/python3.10/dist-packages /usr/bin/python3 -W ignore:setup.py install is deprecated -W ignore:easy_install command is deprecated setup.py egg_info --egg-base ../../build/parteb build --build-base /home/abril/Documents/PrincipiosRobotica/TP_final_robotica/ros_ws/build/parteb/build install --record /home/abril/Documents/PrincipiosRobotica/TP_final_robotica/ros_ws/build/parteb/install.log --single-version-externally-managed install_data
[0.913s] Level 1:colcon.colcon_core.environment:checking '/home/abril/Documents/PrincipiosRobotica/TP_final_robotica/ros_ws/install/parteb' for CMake module files
[0.913s] Level 1:colcon.colcon_core.environment:checking '/home/abril/Documents/PrincipiosRobotica/TP_final_robotica/ros_ws/install/parteb' for CMake config files
[0.913s] Level 1:colcon.colcon_core.environment:checking '/home/abril/Documents/PrincipiosRobotica/TP_final_robotica/ros_ws/install/parteb/lib'
[0.913s] Level 1:colcon.colcon_core.environment:checking '/home/abril/Documents/PrincipiosRobotica/TP_final_robotica/ros_ws/install/parteb/bin'
[0.913s] Level 1:colcon.colcon_core.environment:checking '/home/abril/Documents/PrincipiosRobotica/TP_final_robotica/ros_ws/install/parteb/lib/pkgconfig/parteb.pc'
[0.914s] Level 1:colcon.colcon_core.environment:checking '/home/abril/Documents/PrincipiosRobotica/TP_final_robotica/ros_ws/install/parteb/lib/python3.10/site-packages'
[0.914s] Level 1:colcon.colcon_core.shell:create_environment_hook('parteb', 'pythonpath')
[0.914s] INFO:colcon.colcon_core.shell:Creating environment hook '/home/abril/Documents/PrincipiosRobotica/TP_final_robotica/ros_ws/install/parteb/share/parteb/hook/pythonpath.ps1'
[0.914s] INFO:colcon.colcon_core.shell:Creating environment descriptor '/home/abril/Documents/PrincipiosRobotica/TP_final_robotica/ros_ws/install/parteb/share/parteb/hook/pythonpath.dsv'
[0.914s] INFO:colcon.colcon_core.shell:Creating environment hook '/home/abril/Documents/PrincipiosRobotica/TP_final_robotica/ros_ws/install/parteb/share/parteb/hook/pythonpath.sh'
[0.915s] Level 1:colcon.colcon_core.environment:checking '/home/abril/Documents/PrincipiosRobotica/TP_final_robotica/ros_ws/install/parteb/bin'
[0.915s] Level 1:colcon.colcon_core.environment:create_environment_scripts_only(parteb)
[0.915s] INFO:colcon.colcon_core.shell:Creating package script '/home/abril/Documents/PrincipiosRobotica/TP_final_robotica/ros_ws/install/parteb/share/parteb/package.ps1'
[0.916s] INFO:colcon.colcon_core.shell:Creating package descriptor '/home/abril/Documents/PrincipiosRobotica/TP_final_robotica/ros_ws/install/parteb/share/parteb/package.dsv'
[0.916s] INFO:colcon.colcon_core.shell:Creating package script '/home/abril/Documents/PrincipiosRobotica/TP_final_robotica/ros_ws/install/parteb/share/parteb/package.sh'
[0.917s] INFO:colcon.colcon_core.shell:Creating package script '/home/abril/Documents/PrincipiosRobotica/TP_final_robotica/ros_ws/install/parteb/share/parteb/package.bash'
[0.917s] INFO:colcon.colcon_core.shell:Creating package script '/home/abril/Documents/PrincipiosRobotica/TP_final_robotica/ros_ws/install/parteb/share/parteb/package.zsh'
[0.918s] Level 1:colcon.colcon_core.environment:create_file_with_runtime_dependencies(/home/abril/Documents/PrincipiosRobotica/TP_final_robotica/ros_ws/install/parteb/share/colcon-core/packages/parteb)
[0.918s] INFO:colcon.colcon_ros.task.ament_python.build:Building ROS package in '/home/abril/Documents/PrincipiosRobotica/TP_final_robotica/ros_ws/src/partec' with build type 'ament_python'
[0.919s] Level 1:colcon.colcon_core.shell:create_environment_hook('partec', 'ament_prefix_path')
[0.919s] INFO:colcon.colcon_core.shell:Creating environment hook '/home/abril/Documents/PrincipiosRobotica/TP_final_robotica/ros_ws/install/partec/share/partec/hook/ament_prefix_path.ps1'
[0.919s] INFO:colcon.colcon_core.shell:Creating environment descriptor '/home/abril/Documents/PrincipiosRobotica/TP_final_robotica/ros_ws/install/partec/share/partec/hook/ament_prefix_path.dsv'
[0.920s] INFO:colcon.colcon_core.shell:Creating environment hook '/home/abril/Documents/PrincipiosRobotica/TP_final_robotica/ros_ws/install/partec/share/partec/hook/ament_prefix_path.sh'
[0.920s] INFO:colcon.colcon_core.shell:Skip shell extension 'powershell' for command environment: Not usable outside of PowerShell
[0.920s] DEBUG:colcon.colcon_core.shell:Skip shell extension 'dsv' for command environment
[1.133s] INFO:colcon.colcon_core.task.python.build:Building Python package in '/home/abril/Documents/PrincipiosRobotica/TP_final_robotica/ros_ws/src/partec'
[1.133s] INFO:colcon.colcon_core.shell:Skip shell extension 'powershell' for command environment: Not usable outside of PowerShell
[1.133s] DEBUG:colcon.colcon_core.shell:Skip shell extension 'dsv' for command environment
[1.401s] DEBUG:colcon.colcon_core.event_handler.log_command:Invoking command in '/home/abril/Documents/PrincipiosRobotica/TP_final_robotica/ros_ws/src/partec': AMENT_PREFIX_PATH=/home/abril/Documents/PrincipiosRobotica/TP_final_robotica/ros_ws/install/parteb:/home/abril/Documents/PrincipiosRobotica/TP_final_robotica/ros_ws/install/algoritmos:/home/abril/Documents/PrincipiosRobotica/TP_final_robotica/ros_ws/install/partec:/home/abril/Documents/PrincipiosRobotica/TP_final_robotica/ros_ws/install/partea:/home/abril/Documents/PrincipiosRobotica/TP_final_robotica/ros_ws/install/custom_msgs:/home/abril/turtlebot3_ws/install/turtlebot3:/home/abril/turtlebot3_ws/install/turtlebot3_teleop:/home/abril/turtlebot3_ws/install/turtlebot3_simulations:/home/abril/turtlebot3_ws/install/turtlebot3_bringup:/home/abril/turtlebot3_ws/install/turtlebot3_node:/home/abril/turtlebot3_ws/install/turtlebot3_navigation2:/home/abril/turtlebot3_ws/install/turtlebot3_fake_node:/home/abril/turtlebot3_ws/install/turtlebot3_example:/home/abril/turtlebot3_ws/install/turtlebot3_msgs:/home/abril/turtlebot3_ws/install/turtlebot3_manipulation_gazebo:/home/abril/turtlebot3_ws/install/turtlebot3_gazebo:/home/abril/turtlebot3_ws/install/turtlebot3_description:/home/abril/turtlebot3_ws/install/turtlebot3_cartographer:/home/abril/turtlebot3_ws/install/dynamixel_sdk_examples:/home/abril/turtlebot3_ws/install/dynamixel_sdk_custom_interfaces:/home/abril/turtlebot3_ws/install/dynamixel_sdk:/opt/ros/humble PYTHONPATH=/home/abril/Documents/PrincipiosRobotica/TP_final_robotica/ros_ws/build/partec/prefix_override:/usr/lib/python3/dist-packages/colcon_core/task/python/colcon_distutils_commands:/home/abril/Documents/PrincipiosRobotica/TP_final_robotica/ros_ws/install/partec/lib/python3.10/site-packages:/home/abril/Documents/PrincipiosRobotica/TP_final_robotica/ros_ws/install/parteb/lib/python3.10/site-packages:/home/abril/Documents/PrincipiosRobotica/TP_final_robotica/ros_ws/install/algoritmos/lib/python3.10/site-packages:/home/abril/Documents/PrincipiosRobotica/TP_final_robotica/ros_ws/install/partec/lib/python3.10/site-packages:/home/abril/Documents/PrincipiosRobotica/TP_final_robotica/ros_ws/install/partea/lib/python3.10/site-packages:/home/abril/Documents/PrincipiosRobotica/TP_final_robotica/ros_ws/install/custom_msgs/local/lib/python3.10/dist-packages:/home/abril/turtlebot3_ws/build/turtlebot3_teleop:/home/abril/turtlebot3_ws/install/turtlebot3_teleop/lib/python3.10/site-packages:/home/abril/turtlebot3_ws/build/turtlebot3_example:/home/abril/turtlebot3_ws/install/turtlebot3_example/lib/python3.10/site-packages:/home/abril/turtlebot3_ws/install/turtlebot3_msgs/local/lib/python3.10/dist-packages:/home/abril/turtlebot3_ws/install/dynamixel_sdk_custom_interfaces/local/lib/python3.10/dist-packages:/home/abril/turtlebot3_ws/install/dynamixel_sdk/local/lib/python3.10/dist-packages:/opt/ros/humble/lib/python3.10/site-packages:/opt/ros/humble/local/lib/python3.10/dist-packages /usr/bin/python3 -W ignore:setup.py install is deprecated -W ignore:easy_install command is deprecated setup.py egg_info --egg-base ../../build/partec build --build-base /home/abril/Documents/PrincipiosRobotica/TP_final_robotica/ros_ws/build/partec/build install --record /home/abril/Documents/PrincipiosRobotica/TP_final_robotica/ros_ws/build/partec/install.log --single-version-externally-managed install_data
[1.592s] Level 1:colcon.colcon_core.environment:checking '/home/abril/Documents/PrincipiosRobotica/TP_final_robotica/ros_ws/install/partec' for CMake module files
[1.593s] DEBUG:colcon.colcon_core.event_handler.log_command:Invoked command in '/home/abril/Documents/PrincipiosRobotica/TP_final_robotica/ros_ws/src/partec' returned '0': AMENT_PREFIX_PATH=/home/abril/Documents/PrincipiosRobotica/TP_final_robotica/ros_ws/install/parteb:/home/abril/Documents/PrincipiosRobotica/TP_final_robotica/ros_ws/install/algoritmos:/home/abril/Documents/PrincipiosRobotica/TP_final_robotica/ros_ws/install/partec:/home/abril/Documents/PrincipiosRobotica/TP_final_robotica/ros_ws/install/partea:/home/abril/Documents/PrincipiosRobotica/TP_final_robotica/ros_ws/install/custom_msgs:/home/abril/turtlebot3_ws/install/turtlebot3:/home/abril/turtlebot3_ws/install/turtlebot3_teleop:/home/abril/turtlebot3_ws/install/turtlebot3_simulations:/home/abril/turtlebot3_ws/install/turtlebot3_bringup:/home/abril/turtlebot3_ws/install/turtlebot3_node:/home/abril/turtlebot3_ws/install/turtlebot3_navigation2:/home/abril/turtlebot3_ws/install/turtlebot3_fake_node:/home/abril/turtlebot3_ws/install/turtlebot3_example:/home/abril/turtlebot3_ws/install/turtlebot3_msgs:/home/abril/turtlebot3_ws/install/turtlebot3_manipulation_gazebo:/home/abril/turtlebot3_ws/install/turtlebot3_gazebo:/home/abril/turtlebot3_ws/install/turtlebot3_description:/home/abril/turtlebot3_ws/install/turtlebot3_cartographer:/home/abril/turtlebot3_ws/install/dynamixel_sdk_examples:/home/abril/turtlebot3_ws/install/dynamixel_sdk_custom_interfaces:/home/abril/turtlebot3_ws/install/dynamixel_sdk:/opt/ros/humble PYTHONPATH=/home/abril/Documents/PrincipiosRobotica/TP_final_robotica/ros_ws/build/partec/prefix_override:/usr/lib/python3/dist-packages/colcon_core/task/python/colcon_distutils_commands:/home/abril/Documents/PrincipiosRobotica/TP_final_robotica/ros_ws/install/partec/lib/python3.10/site-packages:/home/abril/Documents/PrincipiosRobotica/TP_final_robotica/ros_ws/install/parteb/lib/python3.10/site-packages:/home/abril/Documents/PrincipiosRobotica/TP_final_robotica/ros_ws/install/algoritmos/lib/python3.10/site-packages:/home/abril/Documents/PrincipiosRobotica/TP_final_robotica/ros_ws/install/partec/lib/python3.10/site-packages:/home/abril/Documents/PrincipiosRobotica/TP_final_robotica/ros_ws/install/partea/lib/python3.10/site-packages:/home/abril/Documents/PrincipiosRobotica/TP_final_robotica/ros_ws/install/custom_msgs/local/lib/python3.10/dist-packages:/home/abril/turtlebot3_ws/build/turtlebot3_teleop:/home/abril/turtlebot3_ws/install/turtlebot3_teleop/lib/python3.10/site-packages:/home/abril/turtlebot3_ws/build/turtlebot3_example:/home/abril/turtlebot3_ws/install/turtlebot3_example/lib/python3.10/site-packages:/home/abril/turtlebot3_ws/install/turtlebot3_msgs/local/lib/python3.10/dist-packages:/home/abril/turtlebot3_ws/install/dynamixel_sdk_custom_interfaces/local/lib/python3.10/dist-packages:/home/abril/turtlebot3_ws/install/dynamixel_sdk/local/lib/python3.10/dist-packages:/opt/ros/humble/lib/python3.10/site-packages:/opt/ros/humble/local/lib/python3.10/dist-packages /usr/bin/python3 -W ignore:setup.py install is deprecated -W ignore:easy_install command is deprecated setup.py egg_info --egg-base ../../build/partec build --build-base /home/abril/Documents/PrincipiosRobotica/TP_final_robotica/ros_ws/build/partec/build install --record /home/abril/Documents/PrincipiosRobotica/TP_final_robotica/ros_ws/build/partec/install.log --single-version-externally-managed install_data
[1.593s] Level 1:colcon.colcon_core.environment:checking '/home/abril/Documents/PrincipiosRobotica/TP_final_robotica/ros_ws/install/partec' for CMake config files
[1.593s] Level 1:colcon.colcon_core.environment:checking '/home/abril/Documents/PrincipiosRobotica/TP_final_robotica/ros_ws/install/partec/lib'
[1.593s] Level 1:colcon.colcon_core.environment:checking '/home/abril/Documents/PrincipiosRobotica/TP_final_robotica/ros_ws/install/partec/bin'
[1.593s] Level 1:colcon.colcon_core.environment:checking '/home/abril/Documents/PrincipiosRobotica/TP_final_robotica/ros_ws/install/partec/lib/pkgconfig/partec.pc'
[1.594s] Level 1:colcon.colcon_core.environment:checking '/home/abril/Documents/PrincipiosRobotica/TP_final_robotica/ros_ws/install/partec/lib/python3.10/site-packages'
[1.594s] Level 1:colcon.colcon_core.shell:create_environment_hook('partec', 'pythonpath')
[1.594s] INFO:colcon.colcon_core.shell:Creating environment hook '/home/abril/Documents/PrincipiosRobotica/TP_final_robotica/ros_ws/install/partec/share/partec/hook/pythonpath.ps1'
[1.594s] INFO:colcon.colcon_core.shell:Creating environment descriptor '/home/abril/Documents/PrincipiosRobotica/TP_final_robotica/ros_ws/install/partec/share/partec/hook/pythonpath.dsv'
[1.594s] INFO:colcon.colcon_core.shell:Creating environment hook '/home/abril/Documents/PrincipiosRobotica/TP_final_robotica/ros_ws/install/partec/share/partec/hook/pythonpath.sh'
[1.595s] Level 1:colcon.colcon_core.environment:checking '/home/abril/Documents/PrincipiosRobotica/TP_final_robotica/ros_ws/install/partec/bin'
[1.595s] Level 1:colcon.colcon_core.environment:create_environment_scripts_only(partec)
[1.595s] INFO:colcon.colcon_core.shell:Creating package script '/home/abril/Documents/PrincipiosRobotica/TP_final_robotica/ros_ws/install/partec/share/partec/package.ps1'
[1.596s] INFO:colcon.colcon_core.shell:Creating package descriptor '/home/abril/Documents/PrincipiosRobotica/TP_final_robotica/ros_ws/install/partec/share/partec/package.dsv'
[1.596s] INFO:colcon.colcon_core.shell:Creating package script '/home/abril/Documents/PrincipiosRobotica/TP_final_robotica/ros_ws/install/partec/share/partec/package.sh'
[1.596s] INFO:colcon.colcon_core.shell:Creating package script '/home/abril/Documents/PrincipiosRobotica/TP_final_robotica/ros_ws/install/partec/share/partec/package.bash'
[1.597s] INFO:colcon.colcon_core.shell:Creating package script '/home/abril/Documents/PrincipiosRobotica/TP_final_robotica/ros_ws/install/partec/share/partec/package.zsh'
[1.597s] Level 1:colcon.colcon_core.environment:create_file_with_runtime_dependencies(/home/abril/Documents/PrincipiosRobotica/TP_final_robotica/ros_ws/install/partec/share/colcon-core/packages/partec)
[1.597s] DEBUG:colcon.colcon_parallel_executor.executor.parallel:closing loop
[1.597s] DEBUG:colcon.colcon_parallel_executor.executor.parallel:loop closed
[1.597s] DEBUG:colcon.colcon_parallel_executor.executor.parallel:run_until_complete finished with '0'
[1.597s] DEBUG:colcon.colcon_core.event_reactor:joining thread
[1.601s] INFO:colcon.colcon_core.plugin_system:Skipping extension 'colcon_notification.desktop_notification.terminal_notifier': Not used on non-Darwin systems
[1.601s] INFO:colcon.colcon_core.plugin_system:Skipping extension 'colcon_notification.desktop_notification.win32': Not used on non-Windows systems
[1.601s] INFO:colcon.colcon_notification.desktop_notification:Sending desktop notification using 'notify2'
[1.609s] DEBUG:colcon.colcon_core.event_reactor:joined thread
[1.609s] INFO:colcon.colcon_core.shell:Creating prefix script '/home/abril/Documents/PrincipiosRobotica/TP_final_robotica/ros_ws/install/local_setup.ps1'
[1.610s] INFO:colcon.colcon_core.shell:Creating prefix util module '/home/abril/Documents/PrincipiosRobotica/TP_final_robotica/ros_ws/install/_local_setup_util_ps1.py'
[1.611s] INFO:colcon.colcon_core.shell:Creating prefix chain script '/home/abril/Documents/PrincipiosRobotica/TP_final_robotica/ros_ws/install/setup.ps1'
[1.613s] INFO:colcon.colcon_core.shell:Creating prefix script '/home/abril/Documents/PrincipiosRobotica/TP_final_robotica/ros_ws/install/local_setup.sh'
[1.613s] INFO:colcon.colcon_core.shell:Creating prefix util module '/home/abril/Documents/PrincipiosRobotica/TP_final_robotica/ros_ws/install/_local_setup_util_sh.py'
[1.613s] INFO:colcon.colcon_core.shell:Creating prefix chain script '/home/abril/Documents/PrincipiosRobotica/TP_final_robotica/ros_ws/install/setup.sh'
[1.614s] INFO:colcon.colcon_core.shell:Creating prefix script '/home/abril/Documents/PrincipiosRobotica/TP_final_robotica/ros_ws/install/local_setup.bash'
[1.615s] INFO:colcon.colcon_core.shell:Creating prefix chain script '/home/abril/Documents/PrincipiosRobotica/TP_final_robotica/ros_ws/install/setup.bash'
[1.616s] INFO:colcon.colcon_core.shell:Creating prefix script '/home/abril/Documents/PrincipiosRobotica/TP_final_robotica/ros_ws/install/local_setup.zsh'
[1.616s] INFO:colcon.colcon_core.shell:Creating prefix chain script '/home/abril/Documents/PrincipiosRobotica/TP_final_robotica/ros_ws/install/setup.zsh'
