[0.186s] Invoking command in '/home/abril/Documents/PrincipiosRobotica/Prueba/TP_final_robotica/ros_ws/build/custom_msgs': CMAKE_PREFIX_PATH=${CMAKE_PREFIX_PATH}:/home/abril/Documents/PrincipiosRobotica/Prueba/TP_final_robotica/ros_ws/install/parteb:/home/abril/Documents/PrincipiosRobotica/Prueba/TP_final_robotica/ros_ws/install/partea:/home/abril/Documents/PrincipiosRobotica/Prueba/TP_final_robotica/ros_ws/install/algoritmos:/home/abril/turtlebot3_ws/install/turtlebot3_teleop:/home/abril/turtlebot3_ws/install/turtlebot3_example:/opt/ros/humble /usr/bin/cmake /home/abril/Documents/PrincipiosRobotica/Prueba/TP_final_robotica/ros_ws/src/custom_msgs -DCMAKE_INSTALL_PREFIX=/home/abril/Documents/PrincipiosRobotica/Prueba/TP_final_robotica/ros_ws/install/custom_msgs
[0.294s] -- The C compiler identification is GNU 11.4.0
[0.394s] -- The CXX compiler identification is GNU 11.4.0
[0.403s] -- Detecting C compiler ABI info
[0.460s] -- Detecting C compiler ABI info - done
[0.465s] -- Check for working C compiler: /usr/bin/cc - skipped
[0.465s] -- Detecting C compile features
[0.466s] -- Detecting C compile features - done
[0.469s] -- Detecting CXX compiler ABI info
[0.532s] -- Detecting CXX compiler ABI info - done
[0.537s] -- Check for working CXX compiler: /usr/bin/c++ - skipped
[0.537s] -- Detecting CXX compile features
[0.537s] -- Detecting CXX compile features - done
[0.544s] -- Found ament_cmake: 1.3.13 (/opt/ros/humble/share/ament_cmake/cmake)
[0.679s] -- Found Python3: /usr/bin/python3 (found version "3.10.12") found components: Interpreter 
[0.780s] -- Found geometry_msgs: 4.9.1 (/opt/ros/humble/share/geometry_msgs/cmake)
[0.830s] -- Found rosidl_generator_c: 3.1.8 (/opt/ros/humble/share/rosidl_generator_c/cmake)
[0.837s] -- Found rosidl_adapter: 3.1.8 (/opt/ros/humble/share/rosidl_adapter/cmake)
[0.849s] -- Found rosidl_generator_cpp: 3.1.8 (/opt/ros/humble/share/rosidl_generator_cpp/cmake)
[0.865s] -- Using all available rosidl_typesupport_c: rosidl_typesupport_fastrtps_c;rosidl_typesupport_introspection_c
[0.883s] -- Using all available rosidl_typesupport_cpp: rosidl_typesupport_fastrtps_cpp;rosidl_typesupport_introspection_cpp
[0.923s] -- Found rosidl_default_generators: 1.2.0 (/opt/ros/humble/share/rosidl_default_generators/cmake)
[0.935s] -- Found ament_lint_auto: 0.12.15 (/opt/ros/humble/share/ament_lint_auto/cmake)
[1.185s] -- Found ament_cmake_ros: 0.10.0 (/opt/ros/humble/share/ament_cmake_ros/cmake)
[1.500s] -- Using all available rosidl_typesupport_c: rosidl_typesupport_fastrtps_c;rosidl_typesupport_introspection_c
[1.630s] -- Using all available rosidl_typesupport_cpp: rosidl_typesupport_fastrtps_cpp;rosidl_typesupport_introspection_cpp
[1.651s] -- Found PythonInterp: /usr/bin/python3 (found suitable version "3.10.12", minimum required is "3.6") 
[1.654s] -- Found python_cmake_module: 0.10.0 (/opt/ros/humble/share/python_cmake_module/cmake)
[1.679s] -- Found PythonLibs: /usr/lib/x86_64-linux-gnu/libpython3.10.so (found suitable version "3.10.12", minimum required is "3.5") 
[1.679s] -- Using PYTHON_EXECUTABLE: /usr/bin/python3
[1.679s] -- Using PYTHON_INCLUDE_DIRS: /usr/include/python3.10
[1.679s] -- Using PYTHON_LIBRARIES: /usr/lib/x86_64-linux-gnu/libpython3.10.so
[1.697s] -- Found PythonExtra: .so  
[1.755s] -- Added test 'lint_cmake' to check CMake code style
[1.756s] -- Added test 'xmllint' to check XML markup files
[1.763s] -- Configuring done
[1.787s] -- Generating done
[1.797s] -- Build files have been written to: /home/abril/Documents/PrincipiosRobotica/Prueba/TP_final_robotica/ros_ws/build/custom_msgs
[1.807s] Invoked command in '/home/abril/Documents/PrincipiosRobotica/Prueba/TP_final_robotica/ros_ws/build/custom_msgs' returned '0': CMAKE_PREFIX_PATH=${CMAKE_PREFIX_PATH}:/home/abril/Documents/PrincipiosRobotica/Prueba/TP_final_robotica/ros_ws/install/parteb:/home/abril/Documents/PrincipiosRobotica/Prueba/TP_final_robotica/ros_ws/install/partea:/home/abril/Documents/PrincipiosRobotica/Prueba/TP_final_robotica/ros_ws/install/algoritmos:/home/abril/turtlebot3_ws/install/turtlebot3_teleop:/home/abril/turtlebot3_ws/install/turtlebot3_example:/opt/ros/humble /usr/bin/cmake /home/abril/Documents/PrincipiosRobotica/Prueba/TP_final_robotica/ros_ws/src/custom_msgs -DCMAKE_INSTALL_PREFIX=/home/abril/Documents/PrincipiosRobotica/Prueba/TP_final_robotica/ros_ws/install/custom_msgs
[1.810s] Invoking command in '/home/abril/Documents/PrincipiosRobotica/Prueba/TP_final_robotica/ros_ws/build/custom_msgs': CMAKE_PREFIX_PATH=${CMAKE_PREFIX_PATH}:/home/abril/Documents/PrincipiosRobotica/Prueba/TP_final_robotica/ros_ws/install/parteb:/home/abril/Documents/PrincipiosRobotica/Prueba/TP_final_robotica/ros_ws/install/partea:/home/abril/Documents/PrincipiosRobotica/Prueba/TP_final_robotica/ros_ws/install/algoritmos:/home/abril/turtlebot3_ws/install/turtlebot3_teleop:/home/abril/turtlebot3_ws/install/turtlebot3_example:/opt/ros/humble /usr/bin/cmake --build /home/abril/Documents/PrincipiosRobotica/Prueba/TP_final_robotica/ros_ws/build/custom_msgs -- -j8 -l8
[1.846s] [  2%] [34m[1mGenerating C code for ROS interfaces[0m
[1.855s] [  5%] [34m[1mGenerating C++ code for ROS interfaces[0m
[1.864s] [  5%] Built target ament_cmake_python_copy_custom_msgs
[2.060s] running egg_info
[2.060s] creating custom_msgs.egg-info
[2.061s] writing custom_msgs.egg-info/PKG-INFO
[2.061s] writing dependency_links to custom_msgs.egg-info/dependency_links.txt
[2.061s] writing top-level names to custom_msgs.egg-info/top_level.txt
[2.061s] writing manifest file 'custom_msgs.egg-info/SOURCES.txt'
[2.064s] reading manifest file 'custom_msgs.egg-info/SOURCES.txt'
[2.064s] writing manifest file 'custom_msgs.egg-info/SOURCES.txt'
[2.102s] [  5%] Built target ament_cmake_python_build_custom_msgs_egg
[2.130s] [  5%] Built target custom_msgs__cpp
[2.132s] [  7%] [32mBuilding C object CMakeFiles/custom_msgs__rosidl_generator_c.dir/rosidl_generator_c/custom_msgs/msg/detail/delta_odom__functions.c.o[0m
[2.132s] [ 10%] [32mBuilding C object CMakeFiles/custom_msgs__rosidl_generator_c.dir/rosidl_generator_c/custom_msgs/msg/detail/belief__functions.c.o[0m
[2.138s] [ 15%] [34m[1mGenerating C++ introspection for ROS interfaces[0m
[2.139s] [ 15%] [34m[1mGenerating C++ type support for eProsima Fast-RTPS[0m
[2.140s] [ 17%] [34m[1mGenerating C++ type support dispatch for ROS interfaces[0m
[2.197s] [ 20%] [32m[1mLinking C shared library libcustom_msgs__rosidl_generator_c.so[0m
[2.230s] [ 20%] Built target custom_msgs__rosidl_generator_c
[2.242s] [ 23%] [34m[1mGenerating C type support for eProsima Fast-RTPS[0m
[2.243s] [ 25%] [34m[1mGenerating C type support dispatch for ROS interfaces[0m
[2.243s] [ 28%] [34m[1mGenerating C introspection for ROS interfaces[0m
[2.353s] [ 30%] [32mBuilding CXX object CMakeFiles/custom_msgs__rosidl_typesupport_cpp.dir/rosidl_typesupport_cpp/custom_msgs/msg/delta_odom__type_support.cpp.o[0m
[2.354s] [ 33%] [32mBuilding CXX object CMakeFiles/custom_msgs__rosidl_typesupport_cpp.dir/rosidl_typesupport_cpp/custom_msgs/msg/belief__type_support.cpp.o[0m
[2.455s] [ 35%] [32mBuilding CXX object CMakeFiles/custom_msgs__rosidl_typesupport_introspection_cpp.dir/rosidl_typesupport_introspection_cpp/custom_msgs/msg/detail/belief__type_support.cpp.o[0m
[2.455s] [ 38%] [32mBuilding CXX object CMakeFiles/custom_msgs__rosidl_typesupport_introspection_cpp.dir/rosidl_typesupport_introspection_cpp/custom_msgs/msg/detail/delta_odom__type_support.cpp.o[0m
[2.533s] [ 41%] [32mBuilding CXX object CMakeFiles/custom_msgs__rosidl_typesupport_fastrtps_cpp.dir/rosidl_typesupport_fastrtps_cpp/custom_msgs/msg/detail/dds_fastrtps/delta_odom__type_support.cpp.o[0m
[2.545s] [ 43%] [32mBuilding CXX object CMakeFiles/custom_msgs__rosidl_typesupport_fastrtps_c.dir/rosidl_typesupport_fastrtps_c/custom_msgs/msg/detail/delta_odom__type_support_c.cpp.o[0m
[2.599s] [ 46%] [32mBuilding CXX object CMakeFiles/custom_msgs__rosidl_typesupport_c.dir/rosidl_typesupport_c/custom_msgs/msg/delta_odom__type_support.cpp.o[0m
[2.646s] [ 48%] [32mBuilding CXX object CMakeFiles/custom_msgs__rosidl_typesupport_c.dir/rosidl_typesupport_c/custom_msgs/msg/belief__type_support.cpp.o[0m
[2.685s] [ 51%] [32mBuilding C object CMakeFiles/custom_msgs__rosidl_typesupport_introspection_c.dir/rosidl_typesupport_introspection_c/custom_msgs/msg/detail/delta_odom__type_support.c.o[0m
[2.700s] [ 53%] [32m[1mLinking CXX shared library libcustom_msgs__rosidl_typesupport_c.so[0m
[2.749s] [ 56%] [32mBuilding CXX object CMakeFiles/custom_msgs__rosidl_typesupport_fastrtps_c.dir/rosidl_typesupport_fastrtps_c/custom_msgs/msg/detail/belief__type_support_c.cpp.o[0m
[2.752s] [ 58%] [32m[1mLinking CXX shared library libcustom_msgs__rosidl_typesupport_cpp.so[0m
[2.757s] [ 61%] [32mBuilding C object CMakeFiles/custom_msgs__rosidl_typesupport_introspection_c.dir/rosidl_typesupport_introspection_c/custom_msgs/msg/detail/belief__type_support.c.o[0m
[2.785s] [ 61%] Built target custom_msgs__rosidl_typesupport_c
[2.811s] [ 64%] [32mBuilding CXX object CMakeFiles/custom_msgs__rosidl_typesupport_fastrtps_cpp.dir/rosidl_typesupport_fastrtps_cpp/custom_msgs/msg/detail/dds_fastrtps/belief__type_support.cpp.o[0m
[2.832s] [ 66%] [32m[1mLinking C shared library libcustom_msgs__rosidl_typesupport_introspection_c.so[0m
[2.860s] [ 66%] Built target custom_msgs__rosidl_typesupport_cpp
[2.890s] [ 66%] Built target custom_msgs__rosidl_typesupport_introspection_c
[2.917s] [ 69%] [32m[1mLinking CXX shared library libcustom_msgs__rosidl_typesupport_introspection_cpp.so[0m
[2.997s] [ 69%] Built target custom_msgs__rosidl_typesupport_introspection_cpp
[3.105s] [ 71%] [32m[1mLinking CXX shared library libcustom_msgs__rosidl_typesupport_fastrtps_c.so[0m
[3.172s] [ 71%] Built target custom_msgs__rosidl_typesupport_fastrtps_c
[3.195s] [ 74%] [32m[1mLinking CXX shared library libcustom_msgs__rosidl_typesupport_fastrtps_cpp.so[0m
[3.256s] [ 74%] Built target custom_msgs__rosidl_typesupport_fastrtps_cpp
[3.273s] [ 74%] Built target custom_msgs
[3.288s] [ 76%] [34m[1mGenerating Python code for ROS interfaces[0m
[3.550s] [ 76%] Built target custom_msgs__py
[3.569s] [ 82%] [32mBuilding C object CMakeFiles/custom_msgs__rosidl_generator_py.dir/rosidl_generator_py/custom_msgs/msg/_belief_s.c.o[0m
[3.569s] [ 82%] [32mBuilding C object CMakeFiles/custom_msgs__rosidl_generator_py.dir/rosidl_generator_py/custom_msgs/msg/_delta_odom_s.c.o[0m
[3.667s] [ 84%] [32m[1mLinking C shared library rosidl_generator_py/custom_msgs/libcustom_msgs__rosidl_generator_py.so[0m
[3.700s] [ 84%] Built target custom_msgs__rosidl_generator_py
[3.718s] [ 87%] [32mBuilding C object CMakeFiles/custom_msgs__rosidl_typesupport_fastrtps_c__pyext.dir/rosidl_generator_py/custom_msgs/_custom_msgs_s.ep.rosidl_typesupport_fastrtps_c.c.o[0m
[3.719s] [ 92%] [32mBuilding C object CMakeFiles/custom_msgs__rosidl_typesupport_c__pyext.dir/rosidl_generator_py/custom_msgs/_custom_msgs_s.ep.rosidl_typesupport_c.c.o[0m
[3.719s] [ 92%] [32mBuilding C object CMakeFiles/custom_msgs__rosidl_typesupport_introspection_c__pyext.dir/rosidl_generator_py/custom_msgs/_custom_msgs_s.ep.rosidl_typesupport_introspection_c.c.o[0m
[3.797s] [100%] [32m[1mLinking C shared library rosidl_generator_py/custom_msgs/custom_msgs_s__rosidl_typesupport_c.cpython-310-x86_64-linux-gnu.so[0m
[3.797s] [100%] [32m[1mLinking C shared library rosidl_generator_py/custom_msgs/custom_msgs_s__rosidl_typesupport_fastrtps_c.cpython-310-x86_64-linux-gnu.so[0m
[3.797s] [100%] [32m[1mLinking C shared library rosidl_generator_py/custom_msgs/custom_msgs_s__rosidl_typesupport_introspection_c.cpython-310-x86_64-linux-gnu.so[0m
[3.831s] [100%] Built target custom_msgs__rosidl_typesupport_fastrtps_c__pyext
[3.831s] [100%] Built target custom_msgs__rosidl_typesupport_introspection_c__pyext
[3.831s] [100%] Built target custom_msgs__rosidl_typesupport_c__pyext
[3.842s] Invoked command in '/home/abril/Documents/PrincipiosRobotica/Prueba/TP_final_robotica/ros_ws/build/custom_msgs' returned '0': CMAKE_PREFIX_PATH=${CMAKE_PREFIX_PATH}:/home/abril/Documents/PrincipiosRobotica/Prueba/TP_final_robotica/ros_ws/install/parteb:/home/abril/Documents/PrincipiosRobotica/Prueba/TP_final_robotica/ros_ws/install/partea:/home/abril/Documents/PrincipiosRobotica/Prueba/TP_final_robotica/ros_ws/install/algoritmos:/home/abril/turtlebot3_ws/install/turtlebot3_teleop:/home/abril/turtlebot3_ws/install/turtlebot3_example:/opt/ros/humble /usr/bin/cmake --build /home/abril/Documents/PrincipiosRobotica/Prueba/TP_final_robotica/ros_ws/build/custom_msgs -- -j8 -l8
[3.850s] Invoking command in '/home/abril/Documents/PrincipiosRobotica/Prueba/TP_final_robotica/ros_ws/build/custom_msgs': CMAKE_PREFIX_PATH=${CMAKE_PREFIX_PATH}:/home/abril/Documents/PrincipiosRobotica/Prueba/TP_final_robotica/ros_ws/install/parteb:/home/abril/Documents/PrincipiosRobotica/Prueba/TP_final_robotica/ros_ws/install/partea:/home/abril/Documents/PrincipiosRobotica/Prueba/TP_final_robotica/ros_ws/install/algoritmos:/home/abril/turtlebot3_ws/install/turtlebot3_teleop:/home/abril/turtlebot3_ws/install/turtlebot3_example:/opt/ros/humble /usr/bin/cmake --install /home/abril/Documents/PrincipiosRobotica/Prueba/TP_final_robotica/ros_ws/build/custom_msgs
[3.857s] -- Install configuration: ""
[3.857s] -- Installing: /home/abril/Documents/PrincipiosRobotica/Prueba/TP_final_robotica/ros_ws/install/custom_msgs/share/ament_index/resource_index/rosidl_interfaces/custom_msgs
[3.857s] -- Installing: /home/abril/Documents/PrincipiosRobotica/Prueba/TP_final_robotica/ros_ws/install/custom_msgs/include/custom_msgs/custom_msgs
[3.857s] -- Installing: /home/abril/Documents/PrincipiosRobotica/Prueba/TP_final_robotica/ros_ws/install/custom_msgs/include/custom_msgs/custom_msgs/msg
[3.857s] -- Installing: /home/abril/Documents/PrincipiosRobotica/Prueba/TP_final_robotica/ros_ws/install/custom_msgs/include/custom_msgs/custom_msgs/msg/rosidl_generator_c__visibility_control.h
[3.857s] -- Installing: /home/abril/Documents/PrincipiosRobotica/Prueba/TP_final_robotica/ros_ws/install/custom_msgs/include/custom_msgs/custom_msgs/msg/delta_odom.h
[3.857s] -- Installing: /home/abril/Documents/PrincipiosRobotica/Prueba/TP_final_robotica/ros_ws/install/custom_msgs/include/custom_msgs/custom_msgs/msg/detail
[3.857s] -- Installing: /home/abril/Documents/PrincipiosRobotica/Prueba/TP_final_robotica/ros_ws/install/custom_msgs/include/custom_msgs/custom_msgs/msg/detail/belief__functions.c
[3.857s] -- Installing: /home/abril/Documents/PrincipiosRobotica/Prueba/TP_final_robotica/ros_ws/install/custom_msgs/include/custom_msgs/custom_msgs/msg/detail/belief__struct.h
[3.857s] -- Installing: /home/abril/Documents/PrincipiosRobotica/Prueba/TP_final_robotica/ros_ws/install/custom_msgs/include/custom_msgs/custom_msgs/msg/detail/delta_odom__functions.c
[3.857s] -- Installing: /home/abril/Documents/PrincipiosRobotica/Prueba/TP_final_robotica/ros_ws/install/custom_msgs/include/custom_msgs/custom_msgs/msg/detail/delta_odom__type_support.h
[3.857s] -- Installing: /home/abril/Documents/PrincipiosRobotica/Prueba/TP_final_robotica/ros_ws/install/custom_msgs/include/custom_msgs/custom_msgs/msg/detail/delta_odom__functions.h
[3.857s] -- Installing: /home/abril/Documents/PrincipiosRobotica/Prueba/TP_final_robotica/ros_ws/install/custom_msgs/include/custom_msgs/custom_msgs/msg/detail/delta_odom__struct.h
[3.857s] -- Installing: /home/abril/Documents/PrincipiosRobotica/Prueba/TP_final_robotica/ros_ws/install/custom_msgs/include/custom_msgs/custom_msgs/msg/detail/belief__type_support.h
[3.857s] -- Installing: /home/abril/Documents/PrincipiosRobotica/Prueba/TP_final_robotica/ros_ws/install/custom_msgs/include/custom_msgs/custom_msgs/msg/detail/belief__functions.h
[3.858s] -- Installing: /home/abril/Documents/PrincipiosRobotica/Prueba/TP_final_robotica/ros_ws/install/custom_msgs/include/custom_msgs/custom_msgs/msg/belief.h
[3.858s] -- Installing: /home/abril/Documents/PrincipiosRobotica/Prueba/TP_final_robotica/ros_ws/install/custom_msgs/share/custom_msgs/environment/library_path.sh
[3.858s] -- Installing: /home/abril/Documents/PrincipiosRobotica/Prueba/TP_final_robotica/ros_ws/install/custom_msgs/share/custom_msgs/environment/library_path.dsv
[3.858s] -- Installing: /home/abril/Documents/PrincipiosRobotica/Prueba/TP_final_robotica/ros_ws/install/custom_msgs/lib/libcustom_msgs__rosidl_generator_c.so
[3.858s] -- Set runtime path of "/home/abril/Documents/PrincipiosRobotica/Prueba/TP_final_robotica/ros_ws/install/custom_msgs/lib/libcustom_msgs__rosidl_generator_c.so" to ""
[3.858s] -- Up-to-date: /home/abril/Documents/PrincipiosRobotica/Prueba/TP_final_robotica/ros_ws/install/custom_msgs/include/custom_msgs/custom_msgs
[3.858s] -- Up-to-date: /home/abril/Documents/PrincipiosRobotica/Prueba/TP_final_robotica/ros_ws/install/custom_msgs/include/custom_msgs/custom_msgs/msg
[3.858s] -- Installing: /home/abril/Documents/PrincipiosRobotica/Prueba/TP_final_robotica/ros_ws/install/custom_msgs/include/custom_msgs/custom_msgs/msg/rosidl_typesupport_fastrtps_c__visibility_control.h
[3.858s] -- Up-to-date: /home/abril/Documents/PrincipiosRobotica/Prueba/TP_final_robotica/ros_ws/install/custom_msgs/include/custom_msgs/custom_msgs/msg/detail
[3.858s] -- Installing: /home/abril/Documents/PrincipiosRobotica/Prueba/TP_final_robotica/ros_ws/install/custom_msgs/include/custom_msgs/custom_msgs/msg/detail/delta_odom__rosidl_typesupport_fastrtps_c.h
[3.858s] -- Installing: /home/abril/Documents/PrincipiosRobotica/Prueba/TP_final_robotica/ros_ws/install/custom_msgs/include/custom_msgs/custom_msgs/msg/detail/belief__rosidl_typesupport_fastrtps_c.h
[3.858s] -- Installing: /home/abril/Documents/PrincipiosRobotica/Prueba/TP_final_robotica/ros_ws/install/custom_msgs/lib/libcustom_msgs__rosidl_typesupport_fastrtps_c.so
[3.858s] -- Set runtime path of "/home/abril/Documents/PrincipiosRobotica/Prueba/TP_final_robotica/ros_ws/install/custom_msgs/lib/libcustom_msgs__rosidl_typesupport_fastrtps_c.so" to ""
[3.859s] -- Up-to-date: /home/abril/Documents/PrincipiosRobotica/Prueba/TP_final_robotica/ros_ws/install/custom_msgs/include/custom_msgs/custom_msgs
[3.859s] -- Up-to-date: /home/abril/Documents/PrincipiosRobotica/Prueba/TP_final_robotica/ros_ws/install/custom_msgs/include/custom_msgs/custom_msgs/msg
[3.859s] -- Installing: /home/abril/Documents/PrincipiosRobotica/Prueba/TP_final_robotica/ros_ws/install/custom_msgs/include/custom_msgs/custom_msgs/msg/rosidl_generator_cpp__visibility_control.hpp
[3.859s] -- Installing: /home/abril/Documents/PrincipiosRobotica/Prueba/TP_final_robotica/ros_ws/install/custom_msgs/include/custom_msgs/custom_msgs/msg/belief.hpp
[3.859s] -- Up-to-date: /home/abril/Documents/PrincipiosRobotica/Prueba/TP_final_robotica/ros_ws/install/custom_msgs/include/custom_msgs/custom_msgs/msg/detail
[3.859s] -- Installing: /home/abril/Documents/PrincipiosRobotica/Prueba/TP_final_robotica/ros_ws/install/custom_msgs/include/custom_msgs/custom_msgs/msg/detail/belief__struct.hpp
[3.859s] -- Installing: /home/abril/Documents/PrincipiosRobotica/Prueba/TP_final_robotica/ros_ws/install/custom_msgs/include/custom_msgs/custom_msgs/msg/detail/delta_odom__type_support.hpp
[3.859s] -- Installing: /home/abril/Documents/PrincipiosRobotica/Prueba/TP_final_robotica/ros_ws/install/custom_msgs/include/custom_msgs/custom_msgs/msg/detail/belief__builder.hpp
[3.859s] -- Installing: /home/abril/Documents/PrincipiosRobotica/Prueba/TP_final_robotica/ros_ws/install/custom_msgs/include/custom_msgs/custom_msgs/msg/detail/delta_odom__struct.hpp
[3.859s] -- Installing: /home/abril/Documents/PrincipiosRobotica/Prueba/TP_final_robotica/ros_ws/install/custom_msgs/include/custom_msgs/custom_msgs/msg/detail/belief__traits.hpp
[3.859s] -- Installing: /home/abril/Documents/PrincipiosRobotica/Prueba/TP_final_robotica/ros_ws/install/custom_msgs/include/custom_msgs/custom_msgs/msg/detail/delta_odom__builder.hpp
[3.859s] -- Installing: /home/abril/Documents/PrincipiosRobotica/Prueba/TP_final_robotica/ros_ws/install/custom_msgs/include/custom_msgs/custom_msgs/msg/detail/delta_odom__traits.hpp
[3.860s] -- Installing: /home/abril/Documents/PrincipiosRobotica/Prueba/TP_final_robotica/ros_ws/install/custom_msgs/include/custom_msgs/custom_msgs/msg/detail/belief__type_support.hpp
[3.860s] -- Installing: /home/abril/Documents/PrincipiosRobotica/Prueba/TP_final_robotica/ros_ws/install/custom_msgs/include/custom_msgs/custom_msgs/msg/delta_odom.hpp
[3.860s] -- Up-to-date: /home/abril/Documents/PrincipiosRobotica/Prueba/TP_final_robotica/ros_ws/install/custom_msgs/include/custom_msgs/custom_msgs
[3.860s] -- Up-to-date: /home/abril/Documents/PrincipiosRobotica/Prueba/TP_final_robotica/ros_ws/install/custom_msgs/include/custom_msgs/custom_msgs/msg
[3.860s] -- Installing: /home/abril/Documents/PrincipiosRobotica/Prueba/TP_final_robotica/ros_ws/install/custom_msgs/include/custom_msgs/custom_msgs/msg/rosidl_typesupport_fastrtps_cpp__visibility_control.h
[3.860s] -- Up-to-date: /home/abril/Documents/PrincipiosRobotica/Prueba/TP_final_robotica/ros_ws/install/custom_msgs/include/custom_msgs/custom_msgs/msg/detail
[3.860s] -- Installing: /home/abril/Documents/PrincipiosRobotica/Prueba/TP_final_robotica/ros_ws/install/custom_msgs/include/custom_msgs/custom_msgs/msg/detail/belief__rosidl_typesupport_fastrtps_cpp.hpp
[3.860s] -- Installing: /home/abril/Documents/PrincipiosRobotica/Prueba/TP_final_robotica/ros_ws/install/custom_msgs/include/custom_msgs/custom_msgs/msg/detail/delta_odom__rosidl_typesupport_fastrtps_cpp.hpp
[3.860s] -- Installing: /home/abril/Documents/PrincipiosRobotica/Prueba/TP_final_robotica/ros_ws/install/custom_msgs/include/custom_msgs/custom_msgs/msg/detail/dds_fastrtps
[3.860s] -- Installing: /home/abril/Documents/PrincipiosRobotica/Prueba/TP_final_robotica/ros_ws/install/custom_msgs/lib/libcustom_msgs__rosidl_typesupport_fastrtps_cpp.so
[3.860s] -- Set runtime path of "/home/abril/Documents/PrincipiosRobotica/Prueba/TP_final_robotica/ros_ws/install/custom_msgs/lib/libcustom_msgs__rosidl_typesupport_fastrtps_cpp.so" to ""
[3.860s] -- Up-to-date: /home/abril/Documents/PrincipiosRobotica/Prueba/TP_final_robotica/ros_ws/install/custom_msgs/include/custom_msgs/custom_msgs
[3.861s] -- Up-to-date: /home/abril/Documents/PrincipiosRobotica/Prueba/TP_final_robotica/ros_ws/install/custom_msgs/include/custom_msgs/custom_msgs/msg
[3.861s] -- Installing: /home/abril/Documents/PrincipiosRobotica/Prueba/TP_final_robotica/ros_ws/install/custom_msgs/include/custom_msgs/custom_msgs/msg/rosidl_typesupport_introspection_c__visibility_control.h
[3.861s] -- Up-to-date: /home/abril/Documents/PrincipiosRobotica/Prueba/TP_final_robotica/ros_ws/install/custom_msgs/include/custom_msgs/custom_msgs/msg/detail
[3.861s] -- Installing: /home/abril/Documents/PrincipiosRobotica/Prueba/TP_final_robotica/ros_ws/install/custom_msgs/include/custom_msgs/custom_msgs/msg/detail/belief__type_support.c
[3.861s] -- Installing: /home/abril/Documents/PrincipiosRobotica/Prueba/TP_final_robotica/ros_ws/install/custom_msgs/include/custom_msgs/custom_msgs/msg/detail/belief__rosidl_typesupport_introspection_c.h
[3.861s] -- Installing: /home/abril/Documents/PrincipiosRobotica/Prueba/TP_final_robotica/ros_ws/install/custom_msgs/include/custom_msgs/custom_msgs/msg/detail/delta_odom__rosidl_typesupport_introspection_c.h
[3.861s] -- Installing: /home/abril/Documents/PrincipiosRobotica/Prueba/TP_final_robotica/ros_ws/install/custom_msgs/include/custom_msgs/custom_msgs/msg/detail/delta_odom__type_support.c
[3.861s] -- Installing: /home/abril/Documents/PrincipiosRobotica/Prueba/TP_final_robotica/ros_ws/install/custom_msgs/lib/libcustom_msgs__rosidl_typesupport_introspection_c.so
[3.861s] -- Set runtime path of "/home/abril/Documents/PrincipiosRobotica/Prueba/TP_final_robotica/ros_ws/install/custom_msgs/lib/libcustom_msgs__rosidl_typesupport_introspection_c.so" to ""
[3.861s] -- Installing: /home/abril/Documents/PrincipiosRobotica/Prueba/TP_final_robotica/ros_ws/install/custom_msgs/lib/libcustom_msgs__rosidl_typesupport_c.so
[3.861s] -- Set runtime path of "/home/abril/Documents/PrincipiosRobotica/Prueba/TP_final_robotica/ros_ws/install/custom_msgs/lib/libcustom_msgs__rosidl_typesupport_c.so" to ""
[3.861s] -- Up-to-date: /home/abril/Documents/PrincipiosRobotica/Prueba/TP_final_robotica/ros_ws/install/custom_msgs/include/custom_msgs/custom_msgs
[3.861s] -- Up-to-date: /home/abril/Documents/PrincipiosRobotica/Prueba/TP_final_robotica/ros_ws/install/custom_msgs/include/custom_msgs/custom_msgs/msg
[3.861s] -- Up-to-date: /home/abril/Documents/PrincipiosRobotica/Prueba/TP_final_robotica/ros_ws/install/custom_msgs/include/custom_msgs/custom_msgs/msg/detail
[3.862s] -- Installing: /home/abril/Documents/PrincipiosRobotica/Prueba/TP_final_robotica/ros_ws/install/custom_msgs/include/custom_msgs/custom_msgs/msg/detail/belief__rosidl_typesupport_introspection_cpp.hpp
[3.862s] -- Installing: /home/abril/Documents/PrincipiosRobotica/Prueba/TP_final_robotica/ros_ws/install/custom_msgs/include/custom_msgs/custom_msgs/msg/detail/belief__type_support.cpp
[3.862s] -- Installing: /home/abril/Documents/PrincipiosRobotica/Prueba/TP_final_robotica/ros_ws/install/custom_msgs/include/custom_msgs/custom_msgs/msg/detail/delta_odom__rosidl_typesupport_introspection_cpp.hpp
[3.862s] -- Installing: /home/abril/Documents/PrincipiosRobotica/Prueba/TP_final_robotica/ros_ws/install/custom_msgs/include/custom_msgs/custom_msgs/msg/detail/delta_odom__type_support.cpp
[3.862s] -- Installing: /home/abril/Documents/PrincipiosRobotica/Prueba/TP_final_robotica/ros_ws/install/custom_msgs/lib/libcustom_msgs__rosidl_typesupport_introspection_cpp.so
[3.862s] -- Set runtime path of "/home/abril/Documents/PrincipiosRobotica/Prueba/TP_final_robotica/ros_ws/install/custom_msgs/lib/libcustom_msgs__rosidl_typesupport_introspection_cpp.so" to ""
[3.862s] -- Installing: /home/abril/Documents/PrincipiosRobotica/Prueba/TP_final_robotica/ros_ws/install/custom_msgs/lib/libcustom_msgs__rosidl_typesupport_cpp.so
[3.862s] -- Set runtime path of "/home/abril/Documents/PrincipiosRobotica/Prueba/TP_final_robotica/ros_ws/install/custom_msgs/lib/libcustom_msgs__rosidl_typesupport_cpp.so" to ""
[3.862s] -- Installing: /home/abril/Documents/PrincipiosRobotica/Prueba/TP_final_robotica/ros_ws/install/custom_msgs/share/custom_msgs/environment/pythonpath.sh
[3.862s] -- Installing: /home/abril/Documents/PrincipiosRobotica/Prueba/TP_final_robotica/ros_ws/install/custom_msgs/share/custom_msgs/environment/pythonpath.dsv
[3.862s] -- Installing: /home/abril/Documents/PrincipiosRobotica/Prueba/TP_final_robotica/ros_ws/install/custom_msgs/local/lib/python3.10/dist-packages/custom_msgs-0.0.0-py3.10.egg-info
[3.862s] -- Installing: /home/abril/Documents/PrincipiosRobotica/Prueba/TP_final_robotica/ros_ws/install/custom_msgs/local/lib/python3.10/dist-packages/custom_msgs-0.0.0-py3.10.egg-info/dependency_links.txt
[3.862s] -- Installing: /home/abril/Documents/PrincipiosRobotica/Prueba/TP_final_robotica/ros_ws/install/custom_msgs/local/lib/python3.10/dist-packages/custom_msgs-0.0.0-py3.10.egg-info/top_level.txt
[3.862s] -- Installing: /home/abril/Documents/PrincipiosRobotica/Prueba/TP_final_robotica/ros_ws/install/custom_msgs/local/lib/python3.10/dist-packages/custom_msgs-0.0.0-py3.10.egg-info/SOURCES.txt
[3.862s] -- Installing: /home/abril/Documents/PrincipiosRobotica/Prueba/TP_final_robotica/ros_ws/install/custom_msgs/local/lib/python3.10/dist-packages/custom_msgs-0.0.0-py3.10.egg-info/PKG-INFO
[3.863s] -- Installing: /home/abril/Documents/PrincipiosRobotica/Prueba/TP_final_robotica/ros_ws/install/custom_msgs/local/lib/python3.10/dist-packages/custom_msgs
[3.863s] -- Installing: /home/abril/Documents/PrincipiosRobotica/Prueba/TP_final_robotica/ros_ws/install/custom_msgs/local/lib/python3.10/dist-packages/custom_msgs/custom_msgs_s__rosidl_typesupport_fastrtps_c.cpython-310-x86_64-linux-gnu.so
[3.863s] -- Installing: /home/abril/Documents/PrincipiosRobotica/Prueba/TP_final_robotica/ros_ws/install/custom_msgs/local/lib/python3.10/dist-packages/custom_msgs/libcustom_msgs__rosidl_generator_py.so
[3.863s] -- Installing: /home/abril/Documents/PrincipiosRobotica/Prueba/TP_final_robotica/ros_ws/install/custom_msgs/local/lib/python3.10/dist-packages/custom_msgs/_custom_msgs_s.ep.rosidl_typesupport_fastrtps_c.c
[3.863s] -- Installing: /home/abril/Documents/PrincipiosRobotica/Prueba/TP_final_robotica/ros_ws/install/custom_msgs/local/lib/python3.10/dist-packages/custom_msgs/custom_msgs_s__rosidl_typesupport_c.cpython-310-x86_64-linux-gnu.so
[3.863s] -- Installing: /home/abril/Documents/PrincipiosRobotica/Prueba/TP_final_robotica/ros_ws/install/custom_msgs/local/lib/python3.10/dist-packages/custom_msgs/_custom_msgs_s.ep.rosidl_typesupport_introspection_c.c
[3.863s] -- Installing: /home/abril/Documents/PrincipiosRobotica/Prueba/TP_final_robotica/ros_ws/install/custom_msgs/local/lib/python3.10/dist-packages/custom_msgs/msg
[3.863s] -- Installing: /home/abril/Documents/PrincipiosRobotica/Prueba/TP_final_robotica/ros_ws/install/custom_msgs/local/lib/python3.10/dist-packages/custom_msgs/msg/_belief.py
[3.863s] -- Installing: /home/abril/Documents/PrincipiosRobotica/Prueba/TP_final_robotica/ros_ws/install/custom_msgs/local/lib/python3.10/dist-packages/custom_msgs/msg/_delta_odom.py
[3.863s] -- Installing: /home/abril/Documents/PrincipiosRobotica/Prueba/TP_final_robotica/ros_ws/install/custom_msgs/local/lib/python3.10/dist-packages/custom_msgs/msg/_belief_s.c
[3.863s] -- Installing: /home/abril/Documents/PrincipiosRobotica/Prueba/TP_final_robotica/ros_ws/install/custom_msgs/local/lib/python3.10/dist-packages/custom_msgs/msg/__init__.py
[3.863s] -- Installing: /home/abril/Documents/PrincipiosRobotica/Prueba/TP_final_robotica/ros_ws/install/custom_msgs/local/lib/python3.10/dist-packages/custom_msgs/msg/_delta_odom_s.c
[3.863s] -- Installing: /home/abril/Documents/PrincipiosRobotica/Prueba/TP_final_robotica/ros_ws/install/custom_msgs/local/lib/python3.10/dist-packages/custom_msgs/_custom_msgs_s.ep.rosidl_typesupport_c.c
[3.863s] -- Installing: /home/abril/Documents/PrincipiosRobotica/Prueba/TP_final_robotica/ros_ws/install/custom_msgs/local/lib/python3.10/dist-packages/custom_msgs/custom_msgs_s__rosidl_typesupport_introspection_c.cpython-310-x86_64-linux-gnu.so
[3.863s] -- Installing: /home/abril/Documents/PrincipiosRobotica/Prueba/TP_final_robotica/ros_ws/install/custom_msgs/local/lib/python3.10/dist-packages/custom_msgs/__init__.py
[3.893s] Listing '/home/abril/Documents/PrincipiosRobotica/Prueba/TP_final_robotica/ros_ws/install/custom_msgs/local/lib/python3.10/dist-packages/custom_msgs'...
[3.893s] Compiling '/home/abril/Documents/PrincipiosRobotica/Prueba/TP_final_robotica/ros_ws/install/custom_msgs/local/lib/python3.10/dist-packages/custom_msgs/__init__.py'...
[3.893s] Listing '/home/abril/Documents/PrincipiosRobotica/Prueba/TP_final_robotica/ros_ws/install/custom_msgs/local/lib/python3.10/dist-packages/custom_msgs/msg'...
[3.893s] Compiling '/home/abril/Documents/PrincipiosRobotica/Prueba/TP_final_robotica/ros_ws/install/custom_msgs/local/lib/python3.10/dist-packages/custom_msgs/msg/__init__.py'...
[3.893s] Compiling '/home/abril/Documents/PrincipiosRobotica/Prueba/TP_final_robotica/ros_ws/install/custom_msgs/local/lib/python3.10/dist-packages/custom_msgs/msg/_belief.py'...
[3.893s] Compiling '/home/abril/Documents/PrincipiosRobotica/Prueba/TP_final_robotica/ros_ws/install/custom_msgs/local/lib/python3.10/dist-packages/custom_msgs/msg/_delta_odom.py'...
[3.897s] -- Installing: /home/abril/Documents/PrincipiosRobotica/Prueba/TP_final_robotica/ros_ws/install/custom_msgs/local/lib/python3.10/dist-packages/custom_msgs/custom_msgs_s__rosidl_typesupport_fastrtps_c.cpython-310-x86_64-linux-gnu.so
[3.897s] -- Set runtime path of "/home/abril/Documents/PrincipiosRobotica/Prueba/TP_final_robotica/ros_ws/install/custom_msgs/local/lib/python3.10/dist-packages/custom_msgs/custom_msgs_s__rosidl_typesupport_fastrtps_c.cpython-310-x86_64-linux-gnu.so" to ""
[3.897s] -- Installing: /home/abril/Documents/PrincipiosRobotica/Prueba/TP_final_robotica/ros_ws/install/custom_msgs/local/lib/python3.10/dist-packages/custom_msgs/custom_msgs_s__rosidl_typesupport_introspection_c.cpython-310-x86_64-linux-gnu.so
[3.897s] -- Set runtime path of "/home/abril/Documents/PrincipiosRobotica/Prueba/TP_final_robotica/ros_ws/install/custom_msgs/local/lib/python3.10/dist-packages/custom_msgs/custom_msgs_s__rosidl_typesupport_introspection_c.cpython-310-x86_64-linux-gnu.so" to ""
[3.897s] -- Installing: /home/abril/Documents/PrincipiosRobotica/Prueba/TP_final_robotica/ros_ws/install/custom_msgs/local/lib/python3.10/dist-packages/custom_msgs/custom_msgs_s__rosidl_typesupport_c.cpython-310-x86_64-linux-gnu.so
[3.897s] -- Set runtime path of "/home/abril/Documents/PrincipiosRobotica/Prueba/TP_final_robotica/ros_ws/install/custom_msgs/local/lib/python3.10/dist-packages/custom_msgs/custom_msgs_s__rosidl_typesupport_c.cpython-310-x86_64-linux-gnu.so" to ""
[3.897s] -- Installing: /home/abril/Documents/PrincipiosRobotica/Prueba/TP_final_robotica/ros_ws/install/custom_msgs/lib/libcustom_msgs__rosidl_generator_py.so
[3.897s] -- Set runtime path of "/home/abril/Documents/PrincipiosRobotica/Prueba/TP_final_robotica/ros_ws/install/custom_msgs/lib/libcustom_msgs__rosidl_generator_py.so" to ""
[3.897s] -- Installing: /home/abril/Documents/PrincipiosRobotica/Prueba/TP_final_robotica/ros_ws/install/custom_msgs/share/custom_msgs/msg/DeltaOdom.idl
[3.898s] -- Installing: /home/abril/Documents/PrincipiosRobotica/Prueba/TP_final_robotica/ros_ws/install/custom_msgs/share/custom_msgs/msg/Belief.idl
[3.898s] -- Installing: /home/abril/Documents/PrincipiosRobotica/Prueba/TP_final_robotica/ros_ws/install/custom_msgs/share/custom_msgs/msg/DeltaOdom.msg
[3.898s] -- Installing: /home/abril/Documents/PrincipiosRobotica/Prueba/TP_final_robotica/ros_ws/install/custom_msgs/share/custom_msgs/msg/Belief.msg
[3.898s] -- Installing: /home/abril/Documents/PrincipiosRobotica/Prueba/TP_final_robotica/ros_ws/install/custom_msgs/share/ament_index/resource_index/package_run_dependencies/custom_msgs
[3.898s] -- Installing: /home/abril/Documents/PrincipiosRobotica/Prueba/TP_final_robotica/ros_ws/install/custom_msgs/share/ament_index/resource_index/parent_prefix_path/custom_msgs
[3.898s] -- Installing: /home/abril/Documents/PrincipiosRobotica/Prueba/TP_final_robotica/ros_ws/install/custom_msgs/share/custom_msgs/environment/ament_prefix_path.sh
[3.898s] -- Installing: /home/abril/Documents/PrincipiosRobotica/Prueba/TP_final_robotica/ros_ws/install/custom_msgs/share/custom_msgs/environment/ament_prefix_path.dsv
[3.898s] -- Installing: /home/abril/Documents/PrincipiosRobotica/Prueba/TP_final_robotica/ros_ws/install/custom_msgs/share/custom_msgs/environment/path.sh
[3.898s] -- Installing: /home/abril/Documents/PrincipiosRobotica/Prueba/TP_final_robotica/ros_ws/install/custom_msgs/share/custom_msgs/environment/path.dsv
[3.898s] -- Installing: /home/abril/Documents/PrincipiosRobotica/Prueba/TP_final_robotica/ros_ws/install/custom_msgs/share/custom_msgs/local_setup.bash
[3.898s] -- Installing: /home/abril/Documents/PrincipiosRobotica/Prueba/TP_final_robotica/ros_ws/install/custom_msgs/share/custom_msgs/local_setup.sh
[3.898s] -- Installing: /home/abril/Documents/PrincipiosRobotica/Prueba/TP_final_robotica/ros_ws/install/custom_msgs/share/custom_msgs/local_setup.zsh
[3.898s] -- Installing: /home/abril/Documents/PrincipiosRobotica/Prueba/TP_final_robotica/ros_ws/install/custom_msgs/share/custom_msgs/local_setup.dsv
[3.898s] -- Installing: /home/abril/Documents/PrincipiosRobotica/Prueba/TP_final_robotica/ros_ws/install/custom_msgs/share/custom_msgs/package.dsv
[3.899s] -- Installing: /home/abril/Documents/PrincipiosRobotica/Prueba/TP_final_robotica/ros_ws/install/custom_msgs/share/ament_index/resource_index/packages/custom_msgs
[3.899s] -- Installing: /home/abril/Documents/PrincipiosRobotica/Prueba/TP_final_robotica/ros_ws/install/custom_msgs/share/custom_msgs/cmake/export_custom_msgs__rosidl_generator_cExport.cmake
[3.899s] -- Installing: /home/abril/Documents/PrincipiosRobotica/Prueba/TP_final_robotica/ros_ws/install/custom_msgs/share/custom_msgs/cmake/export_custom_msgs__rosidl_generator_cExport-noconfig.cmake
[3.899s] -- Installing: /home/abril/Documents/PrincipiosRobotica/Prueba/TP_final_robotica/ros_ws/install/custom_msgs/share/custom_msgs/cmake/export_custom_msgs__rosidl_typesupport_fastrtps_cExport.cmake
[3.899s] -- Installing: /home/abril/Documents/PrincipiosRobotica/Prueba/TP_final_robotica/ros_ws/install/custom_msgs/share/custom_msgs/cmake/export_custom_msgs__rosidl_typesupport_fastrtps_cExport-noconfig.cmake
[3.899s] -- Installing: /home/abril/Documents/PrincipiosRobotica/Prueba/TP_final_robotica/ros_ws/install/custom_msgs/share/custom_msgs/cmake/export_custom_msgs__rosidl_generator_cppExport.cmake
[3.899s] -- Installing: /home/abril/Documents/PrincipiosRobotica/Prueba/TP_final_robotica/ros_ws/install/custom_msgs/share/custom_msgs/cmake/export_custom_msgs__rosidl_typesupport_fastrtps_cppExport.cmake
[3.899s] -- Installing: /home/abril/Documents/PrincipiosRobotica/Prueba/TP_final_robotica/ros_ws/install/custom_msgs/share/custom_msgs/cmake/export_custom_msgs__rosidl_typesupport_fastrtps_cppExport-noconfig.cmake
[3.899s] -- Installing: /home/abril/Documents/PrincipiosRobotica/Prueba/TP_final_robotica/ros_ws/install/custom_msgs/share/custom_msgs/cmake/custom_msgs__rosidl_typesupport_introspection_cExport.cmake
[3.899s] -- Installing: /home/abril/Documents/PrincipiosRobotica/Prueba/TP_final_robotica/ros_ws/install/custom_msgs/share/custom_msgs/cmake/custom_msgs__rosidl_typesupport_introspection_cExport-noconfig.cmake
[3.899s] -- Installing: /home/abril/Documents/PrincipiosRobotica/Prueba/TP_final_robotica/ros_ws/install/custom_msgs/share/custom_msgs/cmake/custom_msgs__rosidl_typesupport_cExport.cmake
[3.899s] -- Installing: /home/abril/Documents/PrincipiosRobotica/Prueba/TP_final_robotica/ros_ws/install/custom_msgs/share/custom_msgs/cmake/custom_msgs__rosidl_typesupport_cExport-noconfig.cmake
[3.899s] -- Installing: /home/abril/Documents/PrincipiosRobotica/Prueba/TP_final_robotica/ros_ws/install/custom_msgs/share/custom_msgs/cmake/custom_msgs__rosidl_typesupport_introspection_cppExport.cmake
[3.900s] -- Installing: /home/abril/Documents/PrincipiosRobotica/Prueba/TP_final_robotica/ros_ws/install/custom_msgs/share/custom_msgs/cmake/custom_msgs__rosidl_typesupport_introspection_cppExport-noconfig.cmake
[3.900s] -- Installing: /home/abril/Documents/PrincipiosRobotica/Prueba/TP_final_robotica/ros_ws/install/custom_msgs/share/custom_msgs/cmake/custom_msgs__rosidl_typesupport_cppExport.cmake
[3.900s] -- Installing: /home/abril/Documents/PrincipiosRobotica/Prueba/TP_final_robotica/ros_ws/install/custom_msgs/share/custom_msgs/cmake/custom_msgs__rosidl_typesupport_cppExport-noconfig.cmake
[3.900s] -- Installing: /home/abril/Documents/PrincipiosRobotica/Prueba/TP_final_robotica/ros_ws/install/custom_msgs/share/custom_msgs/cmake/export_custom_msgs__rosidl_generator_pyExport.cmake
[3.900s] -- Installing: /home/abril/Documents/PrincipiosRobotica/Prueba/TP_final_robotica/ros_ws/install/custom_msgs/share/custom_msgs/cmake/export_custom_msgs__rosidl_generator_pyExport-noconfig.cmake
[3.900s] -- Installing: /home/abril/Documents/PrincipiosRobotica/Prueba/TP_final_robotica/ros_ws/install/custom_msgs/share/custom_msgs/cmake/rosidl_cmake-extras.cmake
[3.900s] -- Installing: /home/abril/Documents/PrincipiosRobotica/Prueba/TP_final_robotica/ros_ws/install/custom_msgs/share/custom_msgs/cmake/ament_cmake_export_dependencies-extras.cmake
[3.900s] -- Installing: /home/abril/Documents/PrincipiosRobotica/Prueba/TP_final_robotica/ros_ws/install/custom_msgs/share/custom_msgs/cmake/ament_cmake_export_include_directories-extras.cmake
[3.900s] -- Installing: /home/abril/Documents/PrincipiosRobotica/Prueba/TP_final_robotica/ros_ws/install/custom_msgs/share/custom_msgs/cmake/ament_cmake_export_libraries-extras.cmake
[3.900s] -- Installing: /home/abril/Documents/PrincipiosRobotica/Prueba/TP_final_robotica/ros_ws/install/custom_msgs/share/custom_msgs/cmake/ament_cmake_export_targets-extras.cmake
[3.900s] -- Installing: /home/abril/Documents/PrincipiosRobotica/Prueba/TP_final_robotica/ros_ws/install/custom_msgs/share/custom_msgs/cmake/rosidl_cmake_export_typesupport_targets-extras.cmake
[3.900s] -- Installing: /home/abril/Documents/PrincipiosRobotica/Prueba/TP_final_robotica/ros_ws/install/custom_msgs/share/custom_msgs/cmake/rosidl_cmake_export_typesupport_libraries-extras.cmake
[3.901s] -- Installing: /home/abril/Documents/PrincipiosRobotica/Prueba/TP_final_robotica/ros_ws/install/custom_msgs/share/custom_msgs/cmake/custom_msgsConfig.cmake
[3.901s] -- Installing: /home/abril/Documents/PrincipiosRobotica/Prueba/TP_final_robotica/ros_ws/install/custom_msgs/share/custom_msgs/cmake/custom_msgsConfig-version.cmake
[3.901s] -- Installing: /home/abril/Documents/PrincipiosRobotica/Prueba/TP_final_robotica/ros_ws/install/custom_msgs/share/custom_msgs/package.xml
[3.903s] Invoked command in '/home/abril/Documents/PrincipiosRobotica/Prueba/TP_final_robotica/ros_ws/build/custom_msgs' returned '0': CMAKE_PREFIX_PATH=${CMAKE_PREFIX_PATH}:/home/abril/Documents/PrincipiosRobotica/Prueba/TP_final_robotica/ros_ws/install/parteb:/home/abril/Documents/PrincipiosRobotica/Prueba/TP_final_robotica/ros_ws/install/partea:/home/abril/Documents/PrincipiosRobotica/Prueba/TP_final_robotica/ros_ws/install/algoritmos:/home/abril/turtlebot3_ws/install/turtlebot3_teleop:/home/abril/turtlebot3_ws/install/turtlebot3_example:/opt/ros/humble /usr/bin/cmake --install /home/abril/Documents/PrincipiosRobotica/Prueba/TP_final_robotica/ros_ws/build/custom_msgs
