running egg_info
writing ../../build/partec/partec.egg-info/PKG-INFO
writing dependency_links to ../../build/partec/partec.egg-info/dependency_links.txt
writing entry points to ../../build/partec/partec.egg-info/entry_points.txt
writing requirements to ../../build/partec/partec.egg-info/requires.txt
writing top-level names to ../../build/partec/partec.egg-info/top_level.txt
reading manifest file '../../build/partec/partec.egg-info/SOURCES.txt'
writing manifest file '../../build/partec/partec.egg-info/SOURCES.txt'
running build
running build_py
copying partec/vision_node.py -> /home/abril/Documents/PrincipiosRobotica/TP_final_robotica/ros_ws/build/partec/build/lib/partec
copying partec/state_machine.py -> /home/abril/Documents/PrincipiosRobotica/TP_final_robotica/ros_ws/build/partec/build/lib/partec
running install
running install_lib
copying /home/abril/Documents/PrincipiosRobotica/TP_final_robotica/ros_ws/build/partec/build/lib/partec/vision_node.py -> /home/abril/Documents/PrincipiosRobotica/TP_final_robotica/ros_ws/install/partec/lib/python3.10/site-packages/partec
copying /home/abril/Documents/PrincipiosRobotica/TP_final_robotica/ros_ws/build/partec/build/lib/partec/state_machine.py -> /home/abril/Documents/PrincipiosRobotica/TP_final_robotica/ros_ws/install/partec/lib/python3.10/site-packages/partec
byte-compiling /home/abril/Documents/PrincipiosRobotica/TP_final_robotica/ros_ws/install/partec/lib/python3.10/site-packages/partec/vision_node.py to vision_node.cpython-310.pyc
byte-compiling /home/abril/Documents/PrincipiosRobotica/TP_final_robotica/ros_ws/install/partec/lib/python3.10/site-packages/partec/state_machine.py to state_machine.cpython-310.pyc
running install_data
copying package.xml -> /home/abril/Documents/PrincipiosRobotica/TP_final_robotica/ros_ws/install/partec/share/partec
creating /home/abril/Documents/PrincipiosRobotica/TP_final_robotica/ros_ws/install/partec/share/partec/launch
copying launch/partec.launch.py -> /home/abril/Documents/PrincipiosRobotica/TP_final_robotica/ros_ws/install/partec/share/partec/launch
running install_egg_info
removing '/home/abril/Documents/PrincipiosRobotica/TP_final_robotica/ros_ws/install/partec/lib/python3.10/site-packages/partec-0.0.0-py3.10.egg-info' (and everything under it)
Copying ../../build/partec/partec.egg-info to /home/abril/Documents/PrincipiosRobotica/TP_final_robotica/ros_ws/install/partec/lib/python3.10/site-packages/partec-0.0.0-py3.10.egg-info
running install_scripts
Installing cerebro script to /home/abril/Documents/PrincipiosRobotica/TP_final_robotica/ros_ws/install/partec/lib/partec
Installing vision script to /home/abril/Documents/PrincipiosRobotica/TP_final_robotica/ros_ws/install/partec/lib/partec
writing list of installed files to '/home/abril/Documents/PrincipiosRobotica/TP_final_robotica/ros_ws/build/partec/install.log'
